#
# There is insufficient memory for the Java Runtime Environment to continue.
# Native memory allocation (malloc) failed to allocate 1605136 bytes for Chunk::new
# Possible reasons:
#   The system is out of physical RAM or swap space
#   The process is running with CompressedOops enabled, and the Java Heap may be blocking the growth of the native heap
# Possible solutions:
#   Reduce memory load on the system
#   Increase physical memory or swap space
#   Check if swap backing store is full
#   Decrease Java heap size (-Xmx/-Xms)
#   Decrease number of Java threads
#   Decrease Java thread stack sizes (-Xss)
#   Set larger code cache with -XX:ReservedCodeCacheSize=
#   JVM is running with Unscaled Compressed Oops mode in which the Java heap is
#     placed in the first 4GB address space. The Java Heap base address is the
#     maximum limit for the native heap growth. Please use -XX:HeapBaseMinAddress
#     to set the Java Heap base and to place the Java Heap above 4GB virtual address.
# This output file may be truncated or incomplete.
#
#  Out of Memory Error (./src/hotspot/share/memory/arena.cpp:197), pid=18476, tid=15164
#
# JRE version: OpenJDK Runtime Environment (11.0.10) (build 11.0.10+0-b96-7249189)
# Java VM: OpenJDK 64-Bit Server VM (11.0.10+0-b96-7249189, mixed mode, tiered, compressed oops, g1 gc, windows-amd64)
# No core dump will be written. Minidumps are not enabled by default on client versions of Windows
#

---------------  S U M M A R Y ------------

Command Line: --add-opens=java.base/java.util=ALL-UNNAMED --add-opens=java.base/java.lang=ALL-UNNAMED --add-opens=java.base/java.lang.invoke=ALL-UNNAMED --add-opens=java.base/java.util=ALL-UNNAMED --add-opens=java.prefs/java.util.prefs=ALL-UNNAMED --add-opens=java.prefs/java.util.prefs=ALL-UNNAMED --add-opens=java.base/java.nio.charset=ALL-UNNAMED --add-opens=java.base/java.net=ALL-UNNAMED --add-opens=java.base/java.util.concurrent.atomic=ALL-UNNAMED -Xmx2048m -Dfile.encoding=UTF-8 -Duser.country=ID -Duser.language=in -Duser.variant org.gradle.launcher.daemon.bootstrap.GradleDaemon 7.0.2

Host: AMD A12-9720P RADEON R7, 12 COMPUTE CORES 4C+8G, 4 cores, 3G,  Windows 10 , 64 bit Build 19041 (10.0.19041.1023)
Time: Mon Oct  4 18:07:13 2021 SE Asia Standard Time elapsed time: 63.630494 seconds (0d 0h 1m 3s)

---------------  T H R E A D  ---------------

Current thread (0x0000026c3e138000):  JavaThread "C2 CompilerThread0" daemon [_thread_in_native, id=15164, stack(0x000000f1ecf00000,0x000000f1ed000000)]


Current CompileTask:
C2:  63630 10711 %     4       com.android.tools.r8.internal.T6::a @ 2560 (6044 bytes)

Stack: [0x000000f1ecf00000,0x000000f1ed000000]
Native frames: (J=compiled Java code, j=interpreted, Vv=VM code, C=native code)
V  [jvm.dll+0x5ecfaa]
V  [jvm.dll+0x722bd5]
V  [jvm.dll+0x72412d]
V  [jvm.dll+0x7247e3]
V  [jvm.dll+0x242928]
V  [jvm.dll+0xbc4fc]
V  [jvm.dll+0xbca0c]
V  [jvm.dll+0x352d3b]
V  [jvm.dll+0x320ad3]
V  [jvm.dll+0x31ffca]
V  [jvm.dll+0x1fb602]
V  [jvm.dll+0x1fa7f4]
V  [jvm.dll+0x18354c]
V  [jvm.dll+0x208ee7]
V  [jvm.dll+0x207731]
V  [jvm.dll+0x6eb1cf]
V  [jvm.dll+0x6e3d45]
V  [jvm.dll+0x5ebe96]
C  [ucrtbase.dll+0x21bb2]
C  [KERNEL32.DLL+0x17034]
C  [ntdll.dll+0x52651]


---------------  P R O C E S S  ---------------

Threads class SMR info:
_java_thread_list=0x0000026c455eeb10, length=49, elements={
0x0000026c2452a800, 0x0000026c3e0cc000, 0x0000026c3e0cd800, 0x0000026c3e127000,
0x0000026c3e128000, 0x0000026c3e124800, 0x0000026c3e138000, 0x0000026c3e139800,
0x0000026c3e129800, 0x0000026c3e129000, 0x0000026c3e12a800, 0x0000026c3e12b800,
0x0000026c3e125800, 0x0000026c3e126800, 0x0000026c410f5800, 0x0000026c410ef800,
0x0000026c410f4800, 0x0000026c410f0800, 0x0000026c410f2000, 0x0000026c410f6000,
0x0000026c410f1000, 0x0000026c410f7000, 0x0000026c410f7800, 0x0000026c410f8800,
0x0000026c410f3000, 0x0000026c410f9800, 0x0000026c410f3800, 0x0000026c410fc800,
0x0000026c410fa000, 0x0000026c410fb000, 0x0000026c410fd800, 0x0000026c410fe000,
0x0000026c40f60000, 0x0000026c40f60800, 0x0000026c40f66800, 0x0000026c40f67000,
0x0000026c40f62000, 0x0000026c40f61800, 0x0000026c40f65800, 0x0000026c40f64800,
0x0000026c40f68000, 0x0000026c40f68800, 0x0000026c40f64000, 0x0000026c40f6e800,
0x0000026c40f6a800, 0x0000026c40f6b000, 0x0000026c40f6d000, 0x0000026c40f6c000,
0x0000026c40f6d800
}

Java Threads: ( => current thread )
  0x0000026c2452a800 JavaThread "main" [_thread_blocked, id=6952, stack(0x000000f1ec300000,0x000000f1ec400000)]
  0x0000026c3e0cc000 JavaThread "Reference Handler" daemon [_thread_blocked, id=19572, stack(0x000000f1eca00000,0x000000f1ecb00000)]
  0x0000026c3e0cd800 JavaThread "Finalizer" daemon [_thread_blocked, id=18252, stack(0x000000f1ecb00000,0x000000f1ecc00000)]
  0x0000026c3e127000 JavaThread "Signal Dispatcher" daemon [_thread_blocked, id=22444, stack(0x000000f1ecc00000,0x000000f1ecd00000)]
  0x0000026c3e128000 JavaThread "Attach Listener" daemon [_thread_blocked, id=18884, stack(0x000000f1ecd00000,0x000000f1ece00000)]
  0x0000026c3e124800 JavaThread "Service Thread" daemon [_thread_blocked, id=18552, stack(0x000000f1ece00000,0x000000f1ecf00000)]
=>0x0000026c3e138000 JavaThread "C2 CompilerThread0" daemon [_thread_in_native, id=15164, stack(0x000000f1ecf00000,0x000000f1ed000000)]
  0x0000026c3e139800 JavaThread "C1 CompilerThread0" daemon [_thread_blocked, id=19720, stack(0x000000f1ed000000,0x000000f1ed100000)]
  0x0000026c3e129800 JavaThread "Sweeper thread" daemon [_thread_blocked, id=13060, stack(0x000000f1ed100000,0x000000f1ed200000)]
  0x0000026c3e129000 JavaThread "Common-Cleaner" daemon [_thread_blocked, id=15316, stack(0x000000f1ed200000,0x000000f1ed300000)]
  0x0000026c3e12a800 JavaThread "Daemon health stats" [_thread_blocked, id=10748, stack(0x000000f1ed500000,0x000000f1ed600000)]
  0x0000026c3e12b800 JavaThread "Incoming local TCP Connector on port 1028" [_thread_in_native, id=19100, stack(0x000000f1ed600000,0x000000f1ed700000)]
  0x0000026c3e125800 JavaThread "Daemon periodic checks" [_thread_blocked, id=20668, stack(0x000000f1ed700000,0x000000f1ed800000)]
  0x0000026c3e126800 JavaThread "Daemon" [_thread_blocked, id=5496, stack(0x000000f1ed800000,0x000000f1ed900000)]
  0x0000026c410f5800 JavaThread "Handler for socket connection from /127.0.0.1:1028 to /127.0.0.1:1029" [_thread_in_native, id=22112, stack(0x000000f1ed900000,0x000000f1eda00000)]
  0x0000026c410ef800 JavaThread "Cancel handler" [_thread_blocked, id=9960, stack(0x000000f1eda00000,0x000000f1edb00000)]
  0x0000026c410f4800 JavaThread "Daemon worker" [_thread_in_Java, id=21900, stack(0x000000f1edb00000,0x000000f1edc00000)]
  0x0000026c410f0800 JavaThread "Asynchronous log dispatcher for DefaultDaemonConnection: socket connection from /127.0.0.1:1028 to /127.0.0.1:1029" [_thread_blocked, id=20020, stack(0x000000f1edc00000,0x000000f1edd00000)]
  0x0000026c410f2000 JavaThread "Stdin handler" [_thread_blocked, id=17120, stack(0x000000f1edd00000,0x000000f1ede00000)]
  0x0000026c410f6000 JavaThread "Daemon client event forwarder" [_thread_blocked, id=20796, stack(0x000000f1ede00000,0x000000f1edf00000)]
  0x0000026c410f1000 JavaThread "Cache worker for file hash cache (C:\Users\WINDOWS 10\.gradle\caches\7.0.2\fileHashes)" [_thread_blocked, id=18256, stack(0x000000f1ee100000,0x000000f1ee200000)]
  0x0000026c410f7000 JavaThread "File lock request listener" [_thread_in_native, id=20972, stack(0x000000f1ee200000,0x000000f1ee300000)]
  0x0000026c410f7800 JavaThread "Cache worker for journal cache (C:\Users\WINDOWS 10\.gradle\caches\journal-1)" [_thread_blocked, id=14552, stack(0x000000f1ee300000,0x000000f1ee400000)]
  0x0000026c410f8800 JavaThread "Cache worker for file hash cache (D:\androidstudio_projects\.gradle\7.0.2\fileHashes)" [_thread_blocked, id=20184, stack(0x000000f1ee400000,0x000000f1ee500000)]
  0x0000026c410f3000 JavaThread "File watcher server" daemon [_thread_in_native, id=8256, stack(0x000000f1ee500000,0x000000f1ee600000)]
  0x0000026c410f9800 JavaThread "File watcher consumer" daemon [_thread_blocked, id=18296, stack(0x000000f1ee600000,0x000000f1ee700000)]
  0x0000026c410f3800 JavaThread "Cache worker for checksums cache (D:\androidstudio_projects\.gradle\checksums)" [_thread_blocked, id=15560, stack(0x000000f1ee700000,0x000000f1ee800000)]
  0x0000026c410fc800 JavaThread "Cache worker for cache directory md-supplier (C:\Users\WINDOWS 10\.gradle\caches\7.0.2\md-supplier)" [_thread_blocked, id=18676, stack(0x000000f1ee800000,0x000000f1ee900000)]
  0x0000026c410fa000 JavaThread "Cache worker for cache directory md-rule (C:\Users\WINDOWS 10\.gradle\caches\7.0.2\md-rule)" [_thread_blocked, id=19704, stack(0x000000f1ee900000,0x000000f1eea00000)]
  0x0000026c410fb000 JavaThread "Cache worker for execution history cache (C:\Users\WINDOWS 10\.gradle\caches\7.0.2\executionHistory)" [_thread_blocked, id=5100, stack(0x000000f1eea00000,0x000000f1eeb00000)]
  0x0000026c410fd800 JavaThread "jar transforms" [_thread_blocked, id=22464, stack(0x000000f1eeb00000,0x000000f1eec00000)]
  0x0000026c410fe000 JavaThread "jar transforms Thread 2" [_thread_blocked, id=21872, stack(0x000000f1eec00000,0x000000f1eed00000)]
  0x0000026c40f60000 JavaThread "Cache worker for file content cache (C:\Users\WINDOWS 10\.gradle\caches\7.0.2\fileContent)" [_thread_blocked, id=3660, stack(0x000000f1eed00000,0x000000f1eee00000)]
  0x0000026c40f60800 JavaThread "Cache worker for dependencies-accessors (D:\androidstudio_projects\.gradle\7.0.2\dependencies-accessors)" [_thread_blocked, id=17396, stack(0x000000f1eee00000,0x000000f1eef00000)]
  0x0000026c40f66800 JavaThread "jar transforms Thread 3" [_thread_blocked, id=16504, stack(0x000000f1eef00000,0x000000f1ef000000)]
  0x0000026c40f67000 JavaThread "Cache worker for Build Output Cleanup Cache (D:\androidstudio_projects\.gradle\buildOutputCleanup)" [_thread_blocked, id=18548, stack(0x000000f1ef000000,0x000000f1ef100000)]
  0x0000026c40f62000 JavaThread "Build operations" [_thread_blocked, id=21000, stack(0x000000f1ef100000,0x000000f1ef200000)]
  0x0000026c40f61800 JavaThread "Build operations Thread 2" [_thread_blocked, id=19884, stack(0x000000f1ef200000,0x000000f1ef300000)]
  0x0000026c40f65800 JavaThread "Build operations Thread 3" [_thread_blocked, id=14272, stack(0x000000f1ef300000,0x000000f1ef400000)]
  0x0000026c40f64800 JavaThread "Build operations Thread 4" [_thread_in_Java, id=15912, stack(0x000000f1ef400000,0x000000f1ef500000)]
  0x0000026c40f68000 JavaThread "jar transforms Thread 4" [_thread_blocked, id=13316, stack(0x000000f1ef500000,0x000000f1ef600000)]
  0x0000026c40f68800 JavaThread "Memory manager" [_thread_blocked, id=5532, stack(0x000000f1ef600000,0x000000f1ef700000)]
  0x0000026c40f64000 JavaThread "build event listener" [_thread_blocked, id=16004, stack(0x000000f1ef900000,0x000000f1efa00000)]
  0x0000026c40f6e800 JavaThread "Execution worker for ':'" [_thread_blocked, id=18688, stack(0x000000f1efa00000,0x000000f1efb00000)]
  0x0000026c40f6a800 JavaThread "Execution worker for ':' Thread 2" [_thread_blocked, id=1424, stack(0x000000f1efb00000,0x000000f1efc00000)]
  0x0000026c40f6b000 JavaThread "Execution worker for ':' Thread 3" [_thread_blocked, id=13172, stack(0x000000f1efc00000,0x000000f1efd00000)]
  0x0000026c40f6d000 JavaThread "Cache worker for execution history cache (D:\androidstudio_projects\.gradle\7.0.2\executionHistory)" [_thread_blocked, id=16020, stack(0x000000f1efd00000,0x000000f1efe00000)]
  0x0000026c40f6c000 JavaThread "WorkerExecutor Queue" [_thread_blocked, id=21472, stack(0x000000f1efe00000,0x000000f1eff00000)]
  0x0000026c40f6d800 JavaThread "WorkerExecutor Queue Thread 2" [_thread_blocked, id=11700, stack(0x000000f1eff00000,0x000000f1f0000000)]

Other Threads:
  0x0000026c3e0c5800 VMThread "VM Thread" [stack: 0x000000f1ec900000,0x000000f1eca00000] [id=3648]
  0x0000026c3eb9e000 WatcherThread [stack: 0x000000f1ed300000,0x000000f1ed400000] [id=22148]
  0x0000026c24545000 GCTaskThread "GC Thread#0" [stack: 0x000000f1ec400000,0x000000f1ec500000] [id=20164]
  0x0000026c3eddd800 GCTaskThread "GC Thread#1" [stack: 0x000000f1ed400000,0x000000f1ed500000] [id=16144]
  0x0000026c3fb7f000 GCTaskThread "GC Thread#2" [stack: 0x000000f1edf00000,0x000000f1ee000000] [id=9412]
  0x0000026c40618800 GCTaskThread "GC Thread#3" [stack: 0x000000f1ee000000,0x000000f1ee100000] [id=13988]
  0x0000026c24574000 ConcurrentGCThread "G1 Main Marker" [stack: 0x000000f1ec500000,0x000000f1ec600000] [id=15896]
  0x0000026c24575800 ConcurrentGCThread "G1 Conc#0" [stack: 0x000000f1ec600000,0x000000f1ec700000] [id=20496]
  0x0000026c245cd800 ConcurrentGCThread "G1 Refine#0" [stack: 0x000000f1ec700000,0x000000f1ec800000] [id=8804]
  0x0000026c245ce800 ConcurrentGCThread "G1 Young RemSet Sampling" [stack: 0x000000f1ec800000,0x000000f1ec900000] [id=14924]

Threads with active compile tasks:
C2 CompilerThread0  63821 10711 %     4       com.android.tools.r8.internal.T6::a @ 2560 (6044 bytes)

VM state:not at safepoint (normal execution)

VM Mutex/Monitor currently owned by a thread: None

Heap address: 0x0000000080000000, size: 2048 MB, Compressed Oops mode: 32-bit
Narrow klass base: 0x0000000000000000, Narrow klass shift: 3
Compressed class space size: 1073741824 Address: 0x0000000100000000

Heap:
 garbage-first heap   total 159744K, used 124023K [0x0000000080000000, 0x0000000100000000)
  region size 1024K, 31 young (31744K), 5 survivors (5120K)
 Metaspace       used 93918K, capacity 96212K, committed 96384K, reserved 1132544K
  class space    used 12206K, capacity 13111K, committed 13184K, reserved 1048576K
Heap Regions: E=young(eden), S=young(survivor), O=old, HS=humongous(starts), HC=humongous(continues), CS=collection set, F=free, A=archive, TAMS=top-at-mark-start (previous, next)
|   0|0x0000000080000000, 0x0000000080100000, 0x0000000080100000|100%| O|  |TAMS 0x0000000080100000, 0x0000000080000000| Updating 
|   1|0x0000000080100000, 0x0000000080200000, 0x0000000080200000|100%| O|  |TAMS 0x0000000080200000, 0x0000000080100000| Updating 
|   2|0x0000000080200000, 0x0000000080300000, 0x0000000080300000|100%| O|  |TAMS 0x0000000080300000, 0x0000000080200000| Updating 
|   3|0x0000000080300000, 0x0000000080400000, 0x0000000080400000|100%|HS|  |TAMS 0x0000000080400000, 0x0000000080300000| Complete 
|   4|0x0000000080400000, 0x0000000080500000, 0x0000000080500000|100%|HC|  |TAMS 0x0000000080500000, 0x0000000080400000| Complete 
|   5|0x0000000080500000, 0x0000000080600000, 0x0000000080600000|100%|HC|  |TAMS 0x0000000080600000, 0x0000000080500000| Complete 
|   6|0x0000000080600000, 0x0000000080700000, 0x0000000080700000|100%| O|  |TAMS 0x0000000080700000, 0x0000000080600000| Updating 
|   7|0x0000000080700000, 0x0000000080800000, 0x0000000080800000|100%| O|  |TAMS 0x0000000080800000, 0x0000000080700000| Updating 
|   8|0x0000000080800000, 0x0000000080900000, 0x0000000080900000|100%| O|  |TAMS 0x0000000080900000, 0x0000000080800000| Updating 
|   9|0x0000000080900000, 0x0000000080a00000, 0x0000000080a00000|100%| O|  |TAMS 0x0000000080a00000, 0x0000000080900000| Updating 
|  10|0x0000000080a00000, 0x0000000080b00000, 0x0000000080b00000|100%| O|  |TAMS 0x0000000080b00000, 0x0000000080a00000| Updating 
|  11|0x0000000080b00000, 0x0000000080c00000, 0x0000000080c00000|100%| O|  |TAMS 0x0000000080c00000, 0x0000000080b00000| Updating 
|  12|0x0000000080c00000, 0x0000000080d00000, 0x0000000080d00000|100%| O|  |TAMS 0x0000000080d00000, 0x0000000080c00000| Updating 
|  13|0x0000000080d00000, 0x0000000080e00000, 0x0000000080e00000|100%| O|  |TAMS 0x0000000080e00000, 0x0000000080d00000| Updating 
|  14|0x0000000080e00000, 0x0000000080f00000, 0x0000000080f00000|100%| O|  |TAMS 0x0000000080f00000, 0x0000000080e00000| Updating 
|  15|0x0000000080f00000, 0x0000000081000000, 0x0000000081000000|100%| O|  |TAMS 0x0000000081000000, 0x0000000080f00000| Updating 
|  16|0x0000000081000000, 0x0000000081100000, 0x0000000081100000|100%| O|  |TAMS 0x0000000081100000, 0x0000000081000000| Updating 
|  17|0x0000000081100000, 0x0000000081200000, 0x0000000081200000|100%| O|  |TAMS 0x0000000081200000, 0x0000000081100000| Updating 
|  18|0x0000000081200000, 0x0000000081300000, 0x0000000081300000|100%| O|  |TAMS 0x0000000081300000, 0x0000000081200000| Updating 
|  19|0x0000000081300000, 0x0000000081400000, 0x0000000081400000|100%| O|  |TAMS 0x0000000081400000, 0x0000000081300000| Updating 
|  20|0x0000000081400000, 0x0000000081500000, 0x0000000081500000|100%| O|  |TAMS 0x0000000081500000, 0x0000000081400000| Updating 
|  21|0x0000000081500000, 0x0000000081600000, 0x0000000081600000|100%| O|  |TAMS 0x0000000081600000, 0x0000000081500000| Updating 
|  22|0x0000000081600000, 0x0000000081700000, 0x0000000081700000|100%| O|  |TAMS 0x0000000081700000, 0x0000000081600000| Updating 
|  23|0x0000000081700000, 0x0000000081800000, 0x0000000081800000|100%|HS|  |TAMS 0x0000000081800000, 0x0000000081700000| Complete 
|  24|0x0000000081800000, 0x0000000081900000, 0x0000000081900000|100%| O|  |TAMS 0x0000000081900000, 0x0000000081800000| Updating 
|  25|0x0000000081900000, 0x0000000081a00000, 0x0000000081a00000|100%| O|  |TAMS 0x0000000081a00000, 0x0000000081900000| Updating 
|  26|0x0000000081a00000, 0x0000000081b00000, 0x0000000081b00000|100%| O|  |TAMS 0x0000000081b00000, 0x0000000081a00000| Updating 
|  27|0x0000000081b00000, 0x0000000081c00000, 0x0000000081c00000|100%| O|  |TAMS 0x0000000081c00000, 0x0000000081b00000| Updating 
|  28|0x0000000081c00000, 0x0000000081d00000, 0x0000000081d00000|100%|HS|  |TAMS 0x0000000081d00000, 0x0000000081c00000| Complete 
|  29|0x0000000081d00000, 0x0000000081e00000, 0x0000000081e00000|100%|HS|  |TAMS 0x0000000081e00000, 0x0000000081d00000| Complete 
|  30|0x0000000081e00000, 0x0000000081f00000, 0x0000000081f00000|100%|HC|  |TAMS 0x0000000081f00000, 0x0000000081e00000| Complete 
|  31|0x0000000081f00000, 0x0000000082000000, 0x0000000082000000|100%| O|  |TAMS 0x0000000082000000, 0x0000000081f00000| Updating 
|  32|0x0000000082000000, 0x0000000082100000, 0x0000000082100000|100%| O|  |TAMS 0x0000000082100000, 0x0000000082000000| Updating 
|  33|0x0000000082100000, 0x0000000082200000, 0x0000000082200000|100%| O|  |TAMS 0x0000000082200000, 0x0000000082100000| Updating 
|  34|0x0000000082200000, 0x0000000082300000, 0x0000000082300000|100%| O|  |TAMS 0x0000000082300000, 0x0000000082200000| Updating 
|  35|0x0000000082300000, 0x0000000082400000, 0x0000000082400000|100%| O|  |TAMS 0x0000000082400000, 0x0000000082300000| Updating 
|  36|0x0000000082400000, 0x0000000082500000, 0x0000000082500000|100%| O|  |TAMS 0x0000000082500000, 0x0000000082400000| Updating 
|  37|0x0000000082500000, 0x0000000082600000, 0x0000000082600000|100%| O|  |TAMS 0x0000000082600000, 0x0000000082500000| Updating 
|  38|0x0000000082600000, 0x0000000082700000, 0x0000000082700000|100%| O|  |TAMS 0x0000000082700000, 0x0000000082600000| Updating 
|  39|0x0000000082700000, 0x0000000082800000, 0x0000000082800000|100%| O|  |TAMS 0x0000000082800000, 0x0000000082700000| Updating 
|  40|0x0000000082800000, 0x0000000082900000, 0x0000000082900000|100%| O|  |TAMS 0x0000000082900000, 0x0000000082800000| Updating 
|  41|0x0000000082900000, 0x0000000082a00000, 0x0000000082a00000|100%| O|  |TAMS 0x0000000082a00000, 0x0000000082900000| Updating 
|  42|0x0000000082a00000, 0x0000000082b00000, 0x0000000082b00000|100%| O|  |TAMS 0x0000000082b00000, 0x0000000082a00000| Updating 
|  43|0x0000000082b00000, 0x0000000082c00000, 0x0000000082c00000|100%| O|  |TAMS 0x0000000082c00000, 0x0000000082b00000| Updating 
|  44|0x0000000082c00000, 0x0000000082d00000, 0x0000000082d00000|100%| O|  |TAMS 0x0000000082d00000, 0x0000000082c00000| Updating 
|  45|0x0000000082d00000, 0x0000000082e00000, 0x0000000082e00000|100%| O|  |TAMS 0x0000000082e00000, 0x0000000082d00000| Updating 
|  46|0x0000000082e00000, 0x0000000082f00000, 0x0000000082f00000|100%| O|  |TAMS 0x0000000082f00000, 0x0000000082e00000| Updating 
|  47|0x0000000082f00000, 0x0000000083000000, 0x0000000083000000|100%| O|  |TAMS 0x0000000083000000, 0x0000000082f00000| Updating 
|  48|0x0000000083000000, 0x0000000083100000, 0x0000000083100000|100%| O|  |TAMS 0x0000000083100000, 0x0000000083000000| Updating 
|  49|0x0000000083100000, 0x0000000083200000, 0x0000000083200000|100%| O|  |TAMS 0x0000000083200000, 0x0000000083100000| Updating 
|  50|0x0000000083200000, 0x0000000083300000, 0x0000000083300000|100%| O|  |TAMS 0x0000000083300000, 0x0000000083200000| Updating 
|  51|0x0000000083300000, 0x0000000083400000, 0x0000000083400000|100%| O|  |TAMS 0x0000000083400000, 0x0000000083300000| Updating 
|  52|0x0000000083400000, 0x0000000083500000, 0x0000000083500000|100%| O|  |TAMS 0x0000000083500000, 0x0000000083400000| Updating 
|  53|0x0000000083500000, 0x0000000083600000, 0x0000000083600000|100%| O|  |TAMS 0x0000000083600000, 0x0000000083500000| Updating 
|  54|0x0000000083600000, 0x0000000083700000, 0x0000000083700000|100%| O|  |TAMS 0x0000000083700000, 0x0000000083600000| Updating 
|  55|0x0000000083700000, 0x0000000083800000, 0x0000000083800000|100%| O|  |TAMS 0x0000000083800000, 0x0000000083700000| Updating 
|  56|0x0000000083800000, 0x0000000083900000, 0x0000000083900000|100%| O|  |TAMS 0x0000000083900000, 0x0000000083800000| Updating 
|  57|0x0000000083900000, 0x0000000083a00000, 0x0000000083a00000|100%| O|  |TAMS 0x0000000083a00000, 0x0000000083900000| Updating 
|  58|0x0000000083a00000, 0x0000000083b00000, 0x0000000083b00000|100%| O|  |TAMS 0x0000000083b00000, 0x0000000083a00000| Updating 
|  59|0x0000000083b00000, 0x0000000083c00000, 0x0000000083c00000|100%| O|  |TAMS 0x0000000083c00000, 0x0000000083b00000| Updating 
|  60|0x0000000083c00000, 0x0000000083d00000, 0x0000000083d00000|100%| O|  |TAMS 0x0000000083d00000, 0x0000000083c00000| Updating 
|  61|0x0000000083d00000, 0x0000000083e00000, 0x0000000083e00000|100%| O|  |TAMS 0x0000000083e00000, 0x0000000083d00000| Updating 
|  62|0x0000000083e00000, 0x0000000083f00000, 0x0000000083f00000|100%| O|  |TAMS 0x0000000083f00000, 0x0000000083e00000| Updating 
|  63|0x0000000083f00000, 0x0000000084000000, 0x0000000084000000|100%| O|  |TAMS 0x0000000084000000, 0x0000000083f00000| Updating 
|  64|0x0000000084000000, 0x0000000084100000, 0x0000000084100000|100%| O|  |TAMS 0x0000000084100000, 0x0000000084000000| Updating 
|  65|0x0000000084100000, 0x0000000084200000, 0x0000000084200000|100%| O|  |TAMS 0x0000000084200000, 0x0000000084100000| Updating 
|  66|0x0000000084200000, 0x0000000084300000, 0x0000000084300000|100%| O|  |TAMS 0x0000000084300000, 0x0000000084200000| Updating 
|  67|0x0000000084300000, 0x0000000084400000, 0x0000000084400000|100%| O|  |TAMS 0x0000000084400000, 0x0000000084300000| Updating 
|  68|0x0000000084400000, 0x0000000084500000, 0x0000000084500000|100%| O|  |TAMS 0x0000000084500000, 0x0000000084400000| Updating 
|  69|0x0000000084500000, 0x0000000084600000, 0x0000000084600000|100%| O|  |TAMS 0x0000000084600000, 0x0000000084500000| Updating 
|  70|0x0000000084600000, 0x0000000084700000, 0x0000000084700000|100%| O|  |TAMS 0x0000000084700000, 0x0000000084600000| Updating 
|  71|0x0000000084700000, 0x0000000084800000, 0x0000000084800000|100%| O|  |TAMS 0x0000000084800000, 0x0000000084700000| Updating 
|  72|0x0000000084800000, 0x0000000084900000, 0x0000000084900000|100%| O|  |TAMS 0x0000000084900000, 0x0000000084800000| Updating 
|  73|0x0000000084900000, 0x0000000084a00000, 0x0000000084a00000|100%| O|  |TAMS 0x0000000084a00000, 0x0000000084900000| Updating 
|  74|0x0000000084a00000, 0x0000000084b00000, 0x0000000084b00000|100%| O|  |TAMS 0x0000000084b00000, 0x0000000084a00000| Updating 
|  75|0x0000000084b00000, 0x0000000084c00000, 0x0000000084c00000|100%| O|  |TAMS 0x0000000084c00000, 0x0000000084b00000| Updating 
|  76|0x0000000084c00000, 0x0000000084d00000, 0x0000000084d00000|100%| O|  |TAMS 0x0000000084d00000, 0x0000000084c00000| Updating 
|  77|0x0000000084d00000, 0x0000000084e00000, 0x0000000084e00000|100%| O|  |TAMS 0x0000000084e00000, 0x0000000084d00000| Updating 
|  78|0x0000000084e00000, 0x0000000084f00000, 0x0000000084f00000|100%| O|  |TAMS 0x0000000084f00000, 0x0000000084e00000| Updating 
|  79|0x0000000084f00000, 0x0000000085000000, 0x0000000085000000|100%| O|  |TAMS 0x0000000085000000, 0x0000000084f00000| Updating 
|  80|0x0000000085000000, 0x0000000085100000, 0x0000000085100000|100%| O|  |TAMS 0x0000000085100000, 0x0000000085000000| Updating 
|  81|0x0000000085100000, 0x0000000085200000, 0x0000000085200000|100%| O|  |TAMS 0x0000000085200000, 0x0000000085100000| Updating 
|  82|0x0000000085200000, 0x0000000085300000, 0x0000000085300000|100%| O|  |TAMS 0x0000000085300000, 0x0000000085200000| Updating 
|  83|0x0000000085300000, 0x0000000085400000, 0x0000000085400000|100%| O|  |TAMS 0x0000000085400000, 0x0000000085300000| Updating 
|  84|0x0000000085400000, 0x0000000085500000, 0x0000000085500000|100%| O|  |TAMS 0x0000000085500000, 0x0000000085400000| Updating 
|  85|0x0000000085500000, 0x0000000085600000, 0x0000000085600000|100%| O|  |TAMS 0x0000000085600000, 0x0000000085500000| Updating 
|  86|0x0000000085600000, 0x0000000085700000, 0x0000000085700000|100%| O|  |TAMS 0x0000000085700000, 0x0000000085600000| Updating 
|  87|0x0000000085700000, 0x0000000085800000, 0x0000000085800000|100%| O|  |TAMS 0x0000000085800000, 0x0000000085700000| Updating 
|  88|0x0000000085800000, 0x0000000085900000, 0x0000000085900000|100%| O|  |TAMS 0x0000000085900000, 0x0000000085800000| Updating 
|  89|0x0000000085900000, 0x0000000085a00000, 0x0000000085a00000|100%| O|  |TAMS 0x0000000085a00000, 0x0000000085900000| Updating 
|  90|0x0000000085a00000, 0x0000000085b00000, 0x0000000085b00000|100%| O|  |TAMS 0x0000000085b00000, 0x0000000085a00000| Updating 
|  91|0x0000000085b00000, 0x0000000085b34a00, 0x0000000085c00000| 20%| O|  |TAMS 0x0000000085b34a00, 0x0000000085b00000| Updating 
|  92|0x0000000085c00000, 0x0000000085c00000, 0x0000000085d00000|  0%| F|  |TAMS 0x0000000085c00000, 0x0000000085c00000| Untracked 
|  93|0x0000000085d00000, 0x0000000085d00000, 0x0000000085e00000|  0%| F|  |TAMS 0x0000000085d00000, 0x0000000085d00000| Untracked 
|  94|0x0000000085e00000, 0x0000000085e00000, 0x0000000085f00000|  0%| F|  |TAMS 0x0000000085e00000, 0x0000000085e00000| Untracked 
|  95|0x0000000085f00000, 0x0000000085f00000, 0x0000000086000000|  0%| F|  |TAMS 0x0000000085f00000, 0x0000000085f00000| Untracked 
|  96|0x0000000086000000, 0x0000000086000000, 0x0000000086100000|  0%| F|  |TAMS 0x0000000086000000, 0x0000000086000000| Untracked 
|  97|0x0000000086100000, 0x0000000086100000, 0x0000000086200000|  0%| F|  |TAMS 0x0000000086100000, 0x0000000086100000| Untracked 
|  98|0x0000000086200000, 0x0000000086200000, 0x0000000086300000|  0%| F|  |TAMS 0x0000000086200000, 0x0000000086200000| Untracked 
|  99|0x0000000086300000, 0x0000000086300000, 0x0000000086400000|  0%| F|  |TAMS 0x0000000086300000, 0x0000000086300000| Untracked 
| 100|0x0000000086400000, 0x0000000086400000, 0x0000000086500000|  0%| F|  |TAMS 0x0000000086400000, 0x0000000086400000| Untracked 
| 101|0x0000000086500000, 0x0000000086500000, 0x0000000086600000|  0%| F|  |TAMS 0x0000000086500000, 0x0000000086500000| Untracked 
| 102|0x0000000086600000, 0x0000000086600000, 0x0000000086700000|  0%| F|  |TAMS 0x0000000086600000, 0x0000000086600000| Untracked 
| 103|0x0000000086700000, 0x0000000086700000, 0x0000000086800000|  0%| F|  |TAMS 0x0000000086700000, 0x0000000086700000| Untracked 
| 104|0x0000000086800000, 0x0000000086800000, 0x0000000086900000|  0%| F|  |TAMS 0x0000000086800000, 0x0000000086800000| Untracked 
| 105|0x0000000086900000, 0x0000000086900000, 0x0000000086a00000|  0%| F|  |TAMS 0x0000000086900000, 0x0000000086900000| Untracked 
| 106|0x0000000086a00000, 0x0000000086a00000, 0x0000000086b00000|  0%| F|  |TAMS 0x0000000086a00000, 0x0000000086a00000| Untracked 
| 107|0x0000000086b00000, 0x0000000086b00000, 0x0000000086c00000|  0%| F|  |TAMS 0x0000000086b00000, 0x0000000086b00000| Untracked 
| 108|0x0000000086c00000, 0x0000000086c00000, 0x0000000086d00000|  0%| F|  |TAMS 0x0000000086c00000, 0x0000000086c00000| Untracked 
| 109|0x0000000086d00000, 0x0000000086d00000, 0x0000000086e00000|  0%| F|  |TAMS 0x0000000086d00000, 0x0000000086d00000| Untracked 
| 110|0x0000000086e00000, 0x0000000086e00000, 0x0000000086f00000|  0%| F|  |TAMS 0x0000000086e00000, 0x0000000086e00000| Untracked 
| 111|0x0000000086f00000, 0x0000000086f00000, 0x0000000087000000|  0%| F|  |TAMS 0x0000000086f00000, 0x0000000086f00000| Untracked 
| 112|0x0000000087000000, 0x0000000087000000, 0x0000000087100000|  0%| F|  |TAMS 0x0000000087000000, 0x0000000087000000| Untracked 
| 113|0x0000000087100000, 0x0000000087100000, 0x0000000087200000|  0%| F|  |TAMS 0x0000000087100000, 0x0000000087100000| Untracked 
| 114|0x0000000087200000, 0x0000000087200000, 0x0000000087300000|  0%| F|  |TAMS 0x0000000087200000, 0x0000000087200000| Untracked 
| 115|0x0000000087300000, 0x0000000087300000, 0x0000000087400000|  0%| F|  |TAMS 0x0000000087300000, 0x0000000087300000| Untracked 
| 116|0x0000000087400000, 0x0000000087400000, 0x0000000087500000|  0%| F|  |TAMS 0x0000000087400000, 0x0000000087400000| Untracked 
| 117|0x0000000087500000, 0x0000000087500000, 0x0000000087600000|  0%| F|  |TAMS 0x0000000087500000, 0x0000000087500000| Untracked 
| 118|0x0000000087600000, 0x00000000876e94a0, 0x0000000087700000| 91%| S|CS|TAMS 0x0000000087600000, 0x0000000087600000| Complete 
| 119|0x0000000087700000, 0x0000000087800000, 0x0000000087800000|100%| S|CS|TAMS 0x0000000087700000, 0x0000000087700000| Complete 
| 120|0x0000000087800000, 0x0000000087900000, 0x0000000087900000|100%| S|CS|TAMS 0x0000000087800000, 0x0000000087800000| Complete 
| 121|0x0000000087900000, 0x0000000087900000, 0x0000000087a00000|  0%| F|  |TAMS 0x0000000087900000, 0x0000000087900000| Untracked 
| 122|0x0000000087a00000, 0x0000000087a00000, 0x0000000087b00000|  0%| F|  |TAMS 0x0000000087a00000, 0x0000000087a00000| Untracked 
| 123|0x0000000087b00000, 0x0000000087b00000, 0x0000000087c00000|  0%| F|  |TAMS 0x0000000087b00000, 0x0000000087b00000| Untracked 
| 124|0x0000000087c00000, 0x0000000087c00000, 0x0000000087d00000|  0%| F|  |TAMS 0x0000000087c00000, 0x0000000087c00000| Untracked 
| 125|0x0000000087d00000, 0x0000000087d00000, 0x0000000087e00000|  0%| F|  |TAMS 0x0000000087d00000, 0x0000000087d00000| Untracked 
| 126|0x0000000087e00000, 0x0000000087f00000, 0x0000000087f00000|100%| S|CS|TAMS 0x0000000087e00000, 0x0000000087e00000| Complete 
| 127|0x0000000087f00000, 0x0000000088000000, 0x0000000088000000|100%| S|CS|TAMS 0x0000000087f00000, 0x0000000087f00000| Complete 
| 128|0x0000000088000000, 0x0000000088000000, 0x0000000088100000|  0%| F|  |TAMS 0x0000000088000000, 0x0000000088000000| Untracked 
| 129|0x0000000088100000, 0x0000000088100000, 0x0000000088200000|  0%| F|  |TAMS 0x0000000088100000, 0x0000000088100000| Untracked 
| 130|0x0000000088200000, 0x0000000088292890, 0x0000000088300000| 57%| E|  |TAMS 0x0000000088200000, 0x0000000088200000| Complete 
| 131|0x0000000088300000, 0x0000000088400000, 0x0000000088400000|100%| E|CS|TAMS 0x0000000088300000, 0x0000000088300000| Complete 
| 132|0x0000000088400000, 0x0000000088500000, 0x0000000088500000|100%| E|CS|TAMS 0x0000000088400000, 0x0000000088400000| Complete 
| 133|0x0000000088500000, 0x0000000088600000, 0x0000000088600000|100%| E|CS|TAMS 0x0000000088500000, 0x0000000088500000| Complete 
| 134|0x0000000088600000, 0x0000000088700000, 0x0000000088700000|100%| E|CS|TAMS 0x0000000088600000, 0x0000000088600000| Complete 
| 135|0x0000000088700000, 0x0000000088800000, 0x0000000088800000|100%| E|CS|TAMS 0x0000000088700000, 0x0000000088700000| Complete 
| 136|0x0000000088800000, 0x0000000088900000, 0x0000000088900000|100%| E|CS|TAMS 0x0000000088800000, 0x0000000088800000| Complete 
| 137|0x0000000088900000, 0x0000000088a00000, 0x0000000088a00000|100%| E|CS|TAMS 0x0000000088900000, 0x0000000088900000| Complete 
| 138|0x0000000088a00000, 0x0000000088b00000, 0x0000000088b00000|100%| E|CS|TAMS 0x0000000088a00000, 0x0000000088a00000| Complete 
| 139|0x0000000088b00000, 0x0000000088c00000, 0x0000000088c00000|100%| E|CS|TAMS 0x0000000088b00000, 0x0000000088b00000| Complete 
| 140|0x0000000088c00000, 0x0000000088d00000, 0x0000000088d00000|100%| E|CS|TAMS 0x0000000088c00000, 0x0000000088c00000| Complete 
| 141|0x0000000088d00000, 0x0000000088e00000, 0x0000000088e00000|100%| E|CS|TAMS 0x0000000088d00000, 0x0000000088d00000| Complete 
| 142|0x0000000088e00000, 0x0000000088f00000, 0x0000000088f00000|100%| E|CS|TAMS 0x0000000088e00000, 0x0000000088e00000| Complete 
| 143|0x0000000088f00000, 0x0000000089000000, 0x0000000089000000|100%| E|CS|TAMS 0x0000000088f00000, 0x0000000088f00000| Complete 
| 144|0x0000000089000000, 0x0000000089100000, 0x0000000089100000|100%| E|CS|TAMS 0x0000000089000000, 0x0000000089000000| Complete 
| 145|0x0000000089100000, 0x0000000089200000, 0x0000000089200000|100%| E|CS|TAMS 0x0000000089100000, 0x0000000089100000| Complete 
| 146|0x0000000089200000, 0x0000000089300000, 0x0000000089300000|100%| E|CS|TAMS 0x0000000089200000, 0x0000000089200000| Complete 
| 147|0x0000000089300000, 0x0000000089400000, 0x0000000089400000|100%| E|CS|TAMS 0x0000000089300000, 0x0000000089300000| Complete 
| 148|0x0000000089400000, 0x0000000089500000, 0x0000000089500000|100%| E|CS|TAMS 0x0000000089400000, 0x0000000089400000| Complete 
| 149|0x0000000089500000, 0x0000000089600000, 0x0000000089600000|100%| E|CS|TAMS 0x0000000089500000, 0x0000000089500000| Complete 
| 150|0x0000000089600000, 0x0000000089700000, 0x0000000089700000|100%| E|CS|TAMS 0x0000000089600000, 0x0000000089600000| Complete 
| 151|0x0000000089700000, 0x0000000089800000, 0x0000000089800000|100%| E|CS|TAMS 0x0000000089700000, 0x0000000089700000| Complete 
| 152|0x0000000089800000, 0x0000000089900000, 0x0000000089900000|100%| E|CS|TAMS 0x0000000089800000, 0x0000000089800000| Complete 
| 153|0x0000000089900000, 0x0000000089a00000, 0x0000000089a00000|100%| E|CS|TAMS 0x0000000089900000, 0x0000000089900000| Complete 
| 154|0x0000000089a00000, 0x0000000089b00000, 0x0000000089b00000|100%| E|CS|TAMS 0x0000000089a00000, 0x0000000089a00000| Complete 
| 155|0x0000000089b00000, 0x0000000089c00000, 0x0000000089c00000|100%| E|CS|TAMS 0x0000000089b00000, 0x0000000089b00000| Complete 

Card table byte_map: [0x0000026c37420000,0x0000026c37820000] _byte_map_base: 0x0000026c37020000

Marking Bits (Prev, Next): (CMBitMap*) 0x0000026c2456b610, (CMBitMap*) 0x0000026c2456b5d8
 Prev Bits: [0x0000026c39c20000, 0x0000026c3bc20000)
 Next Bits: [0x0000026c37c20000, 0x0000026c39c20000)

Polling page: 0x0000026c224e0000

Metaspace:

Usage:
  Non-class:     81.22 MB capacity,    79.84 MB ( 98%) used,     1.12 MB (  1%) free+waste,   267.44 KB ( <1%) overhead. 
      Class:     12.80 MB capacity,    11.93 MB ( 93%) used,   767.32 KB (  6%) free+waste,   124.19 KB ( <1%) overhead. 
       Both:     94.02 MB capacity,    91.77 MB ( 98%) used,     1.87 MB (  2%) free+waste,   391.63 KB ( <1%) overhead. 

Virtual space:
  Non-class space:       82.00 MB reserved,      81.25 MB (>99%) committed 
      Class space:        1.00 GB reserved,      12.88 MB (  1%) committed 
             Both:        1.08 GB reserved,      94.13 MB (  9%) committed 

Chunk freelists:
   Non-Class:  33.00 KB
       Class:  8.00 KB
        Both:  41.00 KB

MaxMetaspaceSize: 17179869184.00 GB
CompressedClassSpaceSize: 1.00 GB

CodeHeap 'non-profiled nmethods': size=120064Kb used=5540Kb max_used=5540Kb free=114523Kb
 bounds [0x0000026c2fae0000, 0x0000026c30050000, 0x0000026c37020000]
CodeHeap 'profiled nmethods': size=120000Kb used=23436Kb max_used=23436Kb free=96563Kb
 bounds [0x0000026c285b0000, 0x0000026c29ca0000, 0x0000026c2fae0000]
CodeHeap 'non-nmethods': size=5696Kb used=2302Kb max_used=2324Kb free=3394Kb
 bounds [0x0000026c28020000, 0x0000026c28290000, 0x0000026c285b0000]
 total_blobs=11498 nmethods=10590 adapters=820
 compilation: enabled
              stopped_count=0, restarted_count=0
 full_count=0

Compilation events (20 events):
Event: 63.519 Thread 0x0000026c3e139800 10768       2       com.android.tools.r8.internal.x::<init> (5 bytes)
Event: 63.519 Thread 0x0000026c3e139800 nmethod 10768 0x0000026c29c86390 code [0x0000026c29c86540, 0x0000026c29c86638]
Event: 63.519 Thread 0x0000026c3e139800 10767       2       com.android.tools.r8.internal.y::<init> (5 bytes)
Event: 63.519 Thread 0x0000026c3e139800 nmethod 10767 0x0000026c29c86710 code [0x0000026c29c868c0, 0x0000026c29c869b8]
Event: 63.519 Thread 0x0000026c3e139800 10770       2       com.android.tools.r8.internal.nh::i (9 bytes)
Event: 63.519 Thread 0x0000026c3e139800 nmethod 10770 0x0000026c29c86a90 code [0x0000026c29c86c40, 0x0000026c29c86e18]
Event: 63.519 Thread 0x0000026c3e139800 10769       2       com.android.tools.r8.internal.nh::<init> (18 bytes)
Event: 63.520 Thread 0x0000026c3e139800 nmethod 10769 0x0000026c29c86f10 code [0x0000026c29c870c0, 0x0000026c29c872d8]
Event: 63.520 Thread 0x0000026c3e139800 10771       2       com.android.tools.r8.graph.G0::a (138 bytes)
Event: 63.521 Thread 0x0000026c3e139800 nmethod 10771 0x0000026c29c87390 code [0x0000026c29c875c0, 0x0000026c29c87d08]
Event: 63.525 Thread 0x0000026c3e139800 10772       2       com.android.tools.r8.internal.c6::a (873 bytes)
Event: 63.536 Thread 0x0000026c3e139800 nmethod 10772 0x0000026c29c88110 code [0x0000026c29c88800, 0x0000026c29c8c108]
Event: 63.551 Thread 0x0000026c3e139800 10773       2       com.android.tools.r8.graph.T::a (53 bytes)
Event: 63.553 Thread 0x0000026c3e139800 nmethod 10773 0x0000026c29c8d910 code [0x0000026c29c8dba0, 0x0000026c29c8e4a8]
Event: 63.567 Thread 0x0000026c3e139800 10775       2       com.android.tools.r8.internal.k4$c::<init> (6 bytes)
Event: 63.568 Thread 0x0000026c3e139800 nmethod 10775 0x0000026c29c8ea10 code [0x0000026c29c8ebc0, 0x0000026c29c8ecf8]
Event: 63.572 Thread 0x0000026c3e139800 10776  s!   2       jdk.internal.loader.URLClassPath::getLoader (194 bytes)
Event: 63.574 Thread 0x0000026c3e139800 nmethod 10776 0x0000026c29c8ed90 code [0x0000026c29c8f040, 0x0000026c29c8fd98]
Event: 63.583 Thread 0x0000026c3e139800 10777       1       com.android.tools.r8.internal.S4::y (2 bytes)
Event: 63.584 Thread 0x0000026c3e139800 nmethod 10777 0x0000026c30047c90 code [0x0000026c30047e40, 0x0000026c30047ef8]

GC Heap History (20 events):
Event: 57.388 GC heap before
{Heap before GC invocations=55 (full 0):
 garbage-first heap   total 133120K, used 101603K [0x0000000080000000, 0x0000000100000000)
  region size 1024K, 21 young (21504K), 2 survivors (2048K)
 Metaspace       used 85736K, capacity 87730K, committed 87936K, reserved 1126400K
  class space    used 11082K, capacity 11801K, committed 11904K, reserved 1048576K
}
Event: 57.394 GC heap after
{Heap after GC invocations=56 (full 0):
 garbage-first heap   total 133120K, used 82417K [0x0000000080000000, 0x0000000100000000)
  region size 1024K, 2 young (2048K), 2 survivors (2048K)
 Metaspace       used 85736K, capacity 87730K, committed 87936K, reserved 1126400K
  class space    used 11082K, capacity 11801K, committed 11904K, reserved 1048576K
}
Event: 57.583 GC heap before
{Heap before GC invocations=56 (full 0):
 garbage-first heap   total 133120K, used 86513K [0x0000000080000000, 0x0000000100000000)
  region size 1024K, 6 young (6144K), 2 survivors (2048K)
 Metaspace       used 85991K, capacity 87954K, committed 88192K, reserved 1126400K
  class space    used 11105K, capacity 11833K, committed 11904K, reserved 1048576K
}
Event: 57.592 GC heap after
{Heap after GC invocations=57 (full 0):
 garbage-first heap   total 133120K, used 74746K [0x0000000080000000, 0x0000000100000000)
  region size 1024K, 1 young (1024K), 1 survivors (1024K)
 Metaspace       used 85991K, capacity 87954K, committed 88192K, reserved 1126400K
  class space    used 11105K, capacity 11833K, committed 11904K, reserved 1048576K
}
Event: 59.307 GC heap before
{Heap before GC invocations=57 (full 0):
 garbage-first heap   total 133120K, used 98298K [0x0000000080000000, 0x0000000100000000)
  region size 1024K, 25 young (25600K), 1 survivors (1024K)
 Metaspace       used 86770K, capacity 88843K, committed 89088K, reserved 1126400K
  class space    used 11160K, capacity 11905K, committed 12032K, reserved 1048576K
}
Event: 59.317 GC heap after
{Heap after GC invocations=58 (full 0):
 garbage-first heap   total 133120K, used 76878K [0x0000000080000000, 0x0000000100000000)
  region size 1024K, 3 young (3072K), 3 survivors (3072K)
 Metaspace       used 86770K, capacity 88843K, committed 89088K, reserved 1126400K
  class space    used 11160K, capacity 11905K, committed 12032K, reserved 1048576K
}
Event: 60.322 GC heap before
{Heap before GC invocations=59 (full 0):
 garbage-first heap   total 133120K, used 96334K [0x0000000080000000, 0x0000000100000000)
  region size 1024K, 27 young (27648K), 3 survivors (3072K)
 Metaspace       used 87494K, capacity 89565K, committed 89728K, reserved 1126400K
  class space    used 11270K, capacity 12058K, committed 12160K, reserved 1048576K
}
Event: 60.339 GC heap after
{Heap after GC invocations=60 (full 0):
 garbage-first heap   total 133120K, used 76381K [0x0000000080000000, 0x0000000100000000)
  region size 1024K, 4 young (4096K), 4 survivors (4096K)
 Metaspace       used 87494K, capacity 89565K, committed 89728K, reserved 1126400K
  class space    used 11270K, capacity 12058K, committed 12160K, reserved 1048576K
}
Event: 60.358 GC heap before
{Heap before GC invocations=60 (full 0):
 garbage-first heap   total 133120K, used 77405K [0x0000000080000000, 0x0000000100000000)
  region size 1024K, 6 young (6144K), 4 survivors (4096K)
 Metaspace       used 87556K, capacity 89632K, committed 89984K, reserved 1126400K
  class space    used 11272K, capacity 12058K, committed 12160K, reserved 1048576K
}
Event: 60.368 GC heap after
{Heap after GC invocations=61 (full 0):
 garbage-first heap   total 133120K, used 74323K [0x0000000080000000, 0x0000000100000000)
  region size 1024K, 1 young (1024K), 1 survivors (1024K)
 Metaspace       used 87556K, capacity 89632K, committed 89984K, reserved 1126400K
  class space    used 11272K, capacity 12058K, committed 12160K, reserved 1048576K
}
Event: 60.783 GC heap before
{Heap before GC invocations=61 (full 0):
 garbage-first heap   total 133120K, used 98899K [0x0000000080000000, 0x0000000100000000)
  region size 1024K, 26 young (26624K), 1 survivors (1024K)
 Metaspace       used 88562K, capacity 90613K, committed 90880K, reserved 1128448K
  class space    used 11410K, capacity 12193K, committed 12288K, reserved 1048576K
}
Event: 60.791 GC heap after
{Heap after GC invocations=62 (full 0):
 garbage-first heap   total 133120K, used 80531K [0x0000000080000000, 0x0000000100000000)
  region size 1024K, 4 young (4096K), 4 survivors (4096K)
 Metaspace       used 88562K, capacity 90613K, committed 90880K, reserved 1128448K
  class space    used 11410K, capacity 12193K, committed 12288K, reserved 1048576K
}
Event: 61.559 GC heap before
{Heap before GC invocations=63 (full 0):
 garbage-first heap   total 133120K, used 103059K [0x0000000080000000, 0x0000000100000000)
  region size 1024K, 27 young (27648K), 4 survivors (4096K)
 Metaspace       used 90450K, capacity 92535K, committed 92672K, reserved 1130496K
  class space    used 11670K, capacity 12479K, committed 12544K, reserved 1048576K
}
Event: 61.574 GC heap after
{Heap after GC invocations=64 (full 0):
 garbage-first heap   total 133120K, used 83609K [0x0000000080000000, 0x0000000100000000)
  region size 1024K, 4 young (4096K), 4 survivors (4096K)
 Metaspace       used 90450K, capacity 92535K, committed 92672K, reserved 1130496K
  class space    used 11670K, capacity 12479K, committed 12544K, reserved 1048576K
}
Event: 62.165 GC heap before
{Heap before GC invocations=64 (full 0):
 garbage-first heap   total 133120K, used 106137K [0x0000000080000000, 0x0000000100000000)
  region size 1024K, 26 young (26624K), 4 survivors (4096K)
 Metaspace       used 91374K, capacity 93533K, committed 93568K, reserved 1130496K
  class space    used 11803K, capacity 12637K, committed 12672K, reserved 1048576K
}
Event: 62.210 GC heap after
{Heap after GC invocations=65 (full 0):
 garbage-first heap   total 159744K, used 87304K [0x0000000080000000, 0x0000000100000000)
  region size 1024K, 4 young (4096K), 4 survivors (4096K)
 Metaspace       used 91374K, capacity 93533K, committed 93568K, reserved 1130496K
  class space    used 11803K, capacity 12637K, committed 12672K, reserved 1048576K
}
Event: 63.044 GC heap before
{Heap before GC invocations=66 (full 0):
 garbage-first heap   total 159744K, used 117000K [0x0000000080000000, 0x0000000100000000)
  region size 1024K, 34 young (34816K), 4 survivors (4096K)
 Metaspace       used 92174K, capacity 94327K, committed 94464K, reserved 1130496K
  class space    used 11908K, capacity 12729K, committed 12800K, reserved 1048576K
}
Event: 63.072 GC heap after
{Heap after GC invocations=67 (full 0):
 garbage-first heap   total 159744K, used 93091K [0x0000000080000000, 0x0000000100000000)
  region size 1024K, 5 young (5120K), 5 survivors (5120K)
 Metaspace       used 92174K, capacity 94327K, committed 94464K, reserved 1130496K
  class space    used 11908K, capacity 12729K, committed 12800K, reserved 1048576K
}
Event: 63.397 GC heap before
{Heap before GC invocations=67 (full 0):
 garbage-first heap   total 159744K, used 121763K [0x0000000080000000, 0x0000000100000000)
  region size 1024K, 33 young (33792K), 5 survivors (5120K)
 Metaspace       used 93006K, capacity 95252K, committed 95360K, reserved 1132544K
  class space    used 12032K, capacity 12915K, committed 12928K, reserved 1048576K
}
Event: 63.428 GC heap after
{Heap after GC invocations=68 (full 0):
 garbage-first heap   total 159744K, used 98423K [0x0000000080000000, 0x0000000100000000)
  region size 1024K, 5 young (5120K), 5 survivors (5120K)
 Metaspace       used 93006K, capacity 95252K, committed 95360K, reserved 1132544K
  class space    used 12032K, capacity 12915K, committed 12928K, reserved 1048576K
}

Deoptimization events (20 events):
Event: 61.737 Thread 0x0000026c410f4800 DEOPT PACKING pc=0x0000026c3001d110 sp=0x000000f1edbf3b10
Event: 61.737 Thread 0x0000026c410f4800 DEOPT UNPACKING pc=0x0000026c280473af sp=0x000000f1edbf3ae0 mode 2
Event: 62.076 Thread 0x0000026c40f65800 Uncommon trap: trap_request=0xffffff4d fr.pc=0x0000026c30012798 relative=0x00000000000005b8
Event: 62.076 Thread 0x0000026c40f65800 Uncommon trap: reason=unstable_if action=reinterpret pc=0x0000026c30012798 method=com.android.tools.r8.internal.T6.a(II[C)Ljava/lang/String; @ 32 c2
Event: 62.076 Thread 0x0000026c40f65800 DEOPT PACKING pc=0x0000026c30012798 sp=0x000000f1ef3f9880
Event: 62.076 Thread 0x0000026c40f65800 DEOPT UNPACKING pc=0x0000026c280473af sp=0x000000f1ef3f9840 mode 2
Event: 62.076 Thread 0x0000026c40f65800 Uncommon trap: trap_request=0xffffff4d fr.pc=0x0000026c300066b4 relative=0x0000000000000874
Event: 62.076 Thread 0x0000026c40f65800 Uncommon trap: reason=unstable_if action=reinterpret pc=0x0000026c300066b4 method=com.android.tools.r8.graph.c0.a(C)I @ 7 c2
Event: 62.076 Thread 0x0000026c40f65800 DEOPT PACKING pc=0x0000026c300066b4 sp=0x000000f1ef3f9840
Event: 62.076 Thread 0x0000026c40f65800 DEOPT UNPACKING pc=0x0000026c280473af sp=0x000000f1ef3f9790 mode 2
Event: 62.076 Thread 0x0000026c40f65800 Uncommon trap: trap_request=0xffffff4d fr.pc=0x0000026c30006d24 relative=0x0000000000000084
Event: 62.076 Thread 0x0000026c40f65800 Uncommon trap: reason=unstable_if action=reinterpret pc=0x0000026c30006d24 method=com.android.tools.r8.graph.c0.a(C[BI)I @ 7 c2
Event: 62.076 Thread 0x0000026c40f65800 DEOPT PACKING pc=0x0000026c30006d24 sp=0x000000f1ef3f97e0
Event: 62.076 Thread 0x0000026c40f65800 DEOPT UNPACKING pc=0x0000026c280473af sp=0x000000f1ef3f9778 mode 2
Event: 62.305 Thread 0x0000026c40f65800 Uncommon trap: trap_request=0xffffff4d fr.pc=0x0000026c30007a24 relative=0x0000000000000084
Event: 62.305 Thread 0x0000026c40f65800 Uncommon trap: reason=unstable_if action=reinterpret pc=0x0000026c30007a24 method=com.android.tools.r8.internal.Xe.d(I)Z @ 45 c2
Event: 62.305 Thread 0x0000026c40f65800 DEOPT PACKING pc=0x0000026c30007a24 sp=0x000000f1ef3f9210
Event: 62.305 Thread 0x0000026c40f65800 DEOPT UNPACKING pc=0x0000026c280473af sp=0x000000f1ef3f91a0 mode 2
Event: 62.368 Thread 0x0000026c410f4800 DEOPT PACKING pc=0x0000026c29b3504b sp=0x000000f1edbf4430
Event: 62.368 Thread 0x0000026c410f4800 DEOPT UNPACKING pc=0x0000026c280471ce sp=0x000000f1edbf3960 mode 0

Classes redefined (0 events):
No events

Internal exceptions (20 events):
Event: 60.310 Thread 0x0000026c40f61800 Exception <a 'sun/nio/fs/WindowsException'{0x0000000086c41480}> (0x0000000086c41480) thrown at [./src/hotspot/share/prims/jni.cpp, line 615]
Event: 60.410 Thread 0x0000026c40f64800 Exception <a 'sun/nio/fs/WindowsException'{0x0000000087cc8f90}> (0x0000000087cc8f90) thrown at [./src/hotspot/share/prims/jni.cpp, line 615]
Event: 60.525 Thread 0x0000026c410f4800 Exception <a 'sun/nio/fs/WindowsException'{0x0000000087223c88}> (0x0000000087223c88) thrown at [./src/hotspot/share/prims/jni.cpp, line 615]
Event: 60.913 Thread 0x0000026c40f65800 Exception <a 'sun/nio/fs/WindowsException'{0x0000000087918570}> (0x0000000087918570) thrown at [./src/hotspot/share/prims/jni.cpp, line 615]
Event: 60.992 Thread 0x0000026c40f61800 Exception <a 'java/lang/NoSuchMethodError'{0x0000000087833e98}: 'java.lang.Object java.lang.invoke.DirectMethodHandle$Holder.invokeStatic(java.lang.Object, java.lang.Object, java.lang.Object, java.lang.Object, java.lang.Object, java.lang.Object, java.lang.Object, java.lang.Object, java.lang.Object, java.lang.Object, java.lang.Object, java.lang.Object, java.lang.Object, java.lang.Object, java.lang.Object, java.lang.Object, java.lang.Object, java.lang.Object, int, java.lang.Object)'> (0x0000000087833e98) thr
Event: 60.993 Thread 0x0000026c40f61800 Exception <a 'java/lang/NoSuchMethodError'{0x0000000087839f20}: 'java.lang.Object java.lang.invoke.DirectMethodHandle$Holder.invokeStaticInit(java.lang.Object, java.lang.Object, java.lang.Object, java.lang.Object, java.lang.Object, java.lang.Object, java.lang.Object, java.lang.Object, java.lang.Object, java.lang.Object, java.lang.Object, java.lang.Object, java.lang.Object, java.lang.Object, java.lang.Object, java.lang.Object, java.lang.Object, java.lang.Object, int, java.lang.Object)'> (0x0000000087839f20)
Event: 61.113 Thread 0x0000026c40f65800 Exception <a 'java/lang/IncompatibleClassChangeError'{0x0000000087963af8}: Found class java.lang.Object, but interface was expected> (0x0000000087963af8) thrown at [./src/hotspot/share/interpreter/linkResolver.cpp, line 839]
Event: 61.113 Thread 0x0000026c410f4800 Exception <a 'java/lang/IncompatibleClassChangeError'{0x00000000878f5418}: Found class java.lang.Object, but interface was expected> (0x00000000878f5418) thrown at [./src/hotspot/share/interpreter/linkResolver.cpp, line 839]
Event: 61.113 Thread 0x0000026c40f61800 Exception <a 'java/lang/IncompatibleClassChangeError'{0x000000008775d0d8}: Found class java.lang.Object, but interface was expected> (0x000000008775d0d8) thrown at [./src/hotspot/share/interpreter/linkResolver.cpp, line 839]
Event: 61.113 Thread 0x0000026c40f64800 Exception <a 'java/lang/IncompatibleClassChangeError'{0x0000000087739ef8}: Found class java.lang.Object, but interface was expected> (0x0000000087739ef8) thrown at [./src/hotspot/share/interpreter/linkResolver.cpp, line 839]
Event: 61.216 Thread 0x0000026c410f4800 Exception <a 'java/lang/NoSuchMethodError'{0x00000000874328e0}: 'java.lang.Object java.lang.invoke.DirectMethodHandle$Holder.invokeStatic(java.lang.Object, long)'> (0x00000000874328e0) thrown at [./src/hotspot/share/interpreter/linkResolver.cpp, line 773]
Event: 61.709 Thread 0x0000026c40f64800 Exception <a 'java/lang/NoSuchMethodError'{0x0000000087b26460}: 'int java.lang.invoke.DirectMethodHandle$Holder.invokeVirtual(java.lang.Object, java.lang.Object, java.lang.Object, java.lang.Object)'> (0x0000000087b26460) thrown at [./src/hotspot/share/interpreter/linkResolver.cpp, line 773]
Event: 61.901 Thread 0x0000026c40f61800 Exception <a 'java/lang/NoSuchMethodError'{0x000000008758cf08}: 'void java.lang.invoke.DirectMethodHandle$Holder.invokeStatic(java.lang.Object, java.lang.Object, java.lang.Object, int)'> (0x000000008758cf08) thrown at [./src/hotspot/share/interpreter/linkResolver.cpp, line 773]
Event: 61.905 Thread 0x0000026c40f61800 Exception <a 'java/lang/IncompatibleClassChangeError'{0x0000000087596cd0}: Found class java.lang.Object, but interface was expected> (0x0000000087596cd0) thrown at [./src/hotspot/share/interpreter/linkResolver.cpp, line 839]
Event: 61.956 Thread 0x0000026c40f64800 Exception <a 'java/lang/NoSuchMethodError'{0x00000000873a0640}: 'int java.lang.invoke.DirectMethodHandle$Holder.invokeVirtual(java.lang.Object, java.lang.Object, java.lang.Object)'> (0x00000000873a0640) thrown at [./src/hotspot/share/interpreter/linkResolver.cpp, line 773]
Event: 63.258 Thread 0x0000026c40f61800 Exception <a 'java/lang/NoSuchMethodError'{0x000000008870c5c8}: 'java.lang.Object java.lang.invoke.DirectMethodHandle$Holder.invokeStatic(java.lang.Object, int, java.lang.Object, java.lang.Object)'> (0x000000008870c5c8) thrown at [./src/hotspot/share/interpreter/linkResolver.cpp, line 773]
Event: 63.258 Thread 0x0000026c40f64800 Exception <a 'java/lang/NoSuchMethodError'{0x00000000887a55a8}: 'java.lang.Object java.lang.invoke.DirectMethodHandle$Holder.invokeStatic(java.lang.Object, int, java.lang.Object, java.lang.Object)'> (0x00000000887a55a8) thrown at [./src/hotspot/share/interpreter/linkResolver.cpp, line 773]
Event: 63.258 Thread 0x0000026c410f4800 Exception <a 'java/lang/NoSuchMethodError'{0x000000008896c748}: 'java.lang.Object java.lang.invoke.DirectMethodHandle$Holder.invokeStatic(java.lang.Object, int, java.lang.Object, java.lang.Object)'> (0x000000008896c748) thrown at [./src/hotspot/share/interpreter/linkResolver.cpp, line 773]
Event: 63.461 Thread 0x0000026c410f4800 Exception <a 'java/lang/NoSuchMethodError'{0x0000000089969e90}: 'java.lang.Object java.lang.invoke.Invokers$Holder.linkToTargetMethod(java.lang.Object, java.lang.Object, java.lang.Object, java.lang.Object, java.lang.Object, java.lang.Object, java.lang.Object)'> (0x0000000089969e90) thrown at [./src/hotspot/share/interpreter/linkResolver.cpp, line 773]
Event: 63.461 Thread 0x0000026c40f64800 Exception <a 'java/lang/NoSuchMethodError'{0x000000008993fce8}: 'java.lang.Object java.lang.invoke.Invokers$Holder.linkToTargetMethod(java.lang.Object, java.lang.Object, java.lang.Object, java.lang.Object, java.lang.Object, java.lang.Object, java.lang.Object)'> (0x000000008993fce8) thrown at [./src/hotspot/share/interpreter/linkResolver.cpp, line 773]

Events (20 events):
Event: 63.601 loading class com/android/tools/r8/internal/b5
Event: 63.601 loading class com/android/tools/r8/internal/b5 done
Event: 63.602 loading class com/android/tools/r8/internal/i5
Event: 63.602 loading class com/android/tools/r8/internal/i5 done
Event: 63.603 loading class com/android/tools/r8/internal/g5
Event: 63.603 loading class com/android/tools/r8/internal/g5 done
Event: 63.604 loading class com/android/tools/r8/internal/e5
Event: 63.604 loading class com/android/tools/r8/internal/e5 done
Event: 63.605 loading class com/android/tools/r8/internal/f5
Event: 63.605 loading class com/android/tools/r8/internal/f5 done
Event: 63.606 loading class com/android/tools/r8/internal/c5
Event: 63.606 loading class com/android/tools/r8/internal/c5 done
Event: 63.607 loading class com/android/tools/r8/internal/F3
Event: 63.607 loading class com/android/tools/r8/internal/F3 done
Event: 63.608 loading class com/android/tools/r8/internal/Ni
Event: 63.608 loading class com/android/tools/r8/internal/Ni done
Event: 63.609 loading class com/android/tools/r8/internal/Le
Event: 63.609 loading class com/android/tools/r8/internal/Le done
Event: 63.618 loading class com/android/tools/r8/internal/ev
Event: 63.618 loading class com/android/tools/r8/internal/ev done


Dynamic libraries:
0x00007ff7ce9f0000 - 0x00007ff7ce9fa000 	D:\androidstudio\jre\bin\java.exe
0x00007fff85e10000 - 0x00007fff86005000 	C:\WINDOWS\SYSTEM32\ntdll.dll
0x00007fff85c60000 - 0x00007fff85d1d000 	C:\WINDOWS\System32\KERNEL32.DLL
0x00007fff83900000 - 0x00007fff83bc9000 	C:\WINDOWS\System32\KERNELBASE.dll
0x00007fff83c50000 - 0x00007fff83d50000 	C:\WINDOWS\System32\ucrtbase.dll
0x00007fff555d0000 - 0x00007fff555e9000 	D:\androidstudio\jre\bin\jli.dll
0x00007fff49350000 - 0x00007fff49367000 	D:\androidstudio\jre\bin\VCRUNTIME140.dll
0x00007fff84750000 - 0x00007fff848f0000 	C:\WINDOWS\System32\USER32.dll
0x00007fff83c20000 - 0x00007fff83c42000 	C:\WINDOWS\System32\win32u.dll
0x00007fff85210000 - 0x00007fff8523a000 	C:\WINDOWS\System32\GDI32.dll
0x00007fff717a0000 - 0x00007fff71a3a000 	C:\WINDOWS\WinSxS\amd64_microsoft.windows.common-controls_6595b64144ccf1df_6.0.19041.1110_none_60b5254171f9507e\COMCTL32.dll
0x00007fff837f0000 - 0x00007fff838fb000 	C:\WINDOWS\System32\gdi32full.dll
0x00007fff84400000 - 0x00007fff8449e000 	C:\WINDOWS\System32\msvcrt.dll
0x00007fff83d50000 - 0x00007fff83ded000 	C:\WINDOWS\System32\msvcp_win.dll
0x00007fff84570000 - 0x00007fff845a0000 	C:\WINDOWS\System32\IMM32.DLL
0x00007fff3e800000 - 0x00007fff3e89d000 	D:\androidstudio\jre\bin\msvcp140.dll
0x00007fff2bbf0000 - 0x00007fff2c6bf000 	D:\androidstudio\jre\bin\server\jvm.dll
0x00007fff83f90000 - 0x00007fff8403c000 	C:\WINDOWS\System32\ADVAPI32.dll
0x00007fff85240000 - 0x00007fff852db000 	C:\WINDOWS\System32\sechost.dll
0x00007fff845c0000 - 0x00007fff846ea000 	C:\WINDOWS\System32\RPCRT4.dll
0x00007fff84040000 - 0x00007fff84048000 	C:\WINDOWS\System32\PSAPI.DLL
0x00007fff75330000 - 0x00007fff75339000 	C:\WINDOWS\SYSTEM32\WSOCK32.dll
0x00007fff794c0000 - 0x00007fff794e7000 	C:\WINDOWS\SYSTEM32\WINMM.dll
0x00007fff85a20000 - 0x00007fff85a8b000 	C:\WINDOWS\System32\WS2_32.dll
0x00007fff794f0000 - 0x00007fff794fa000 	C:\WINDOWS\SYSTEM32\VERSION.dll
0x00007fff81e10000 - 0x00007fff81e22000 	C:\WINDOWS\SYSTEM32\kernel.appcore.dll
0x00007fff5a370000 - 0x00007fff5a381000 	D:\androidstudio\jre\bin\verify.dll
0x00007fff80e00000 - 0x00007fff80fe4000 	C:\WINDOWS\SYSTEM32\DBGHELP.DLL
0x00007fff724d0000 - 0x00007fff724fc000 	C:\WINDOWS\SYSTEM32\dbgcore.DLL
0x00007fff83df0000 - 0x00007fff83e73000 	C:\WINDOWS\System32\bcryptPrimitives.dll
0x00007fff4e130000 - 0x00007fff4e159000 	D:\androidstudio\jre\bin\java.dll
0x00007fff74ba0000 - 0x00007fff74bab000 	D:\androidstudio\jre\bin\jimage.dll
0x00007fff53ab0000 - 0x00007fff53ac8000 	D:\androidstudio\jre\bin\zip.dll
0x00007fff852e0000 - 0x00007fff85a1f000 	C:\WINDOWS\System32\SHELL32.dll
0x00007fff81300000 - 0x00007fff81a91000 	C:\WINDOWS\SYSTEM32\windows.storage.dll
0x00007fff84eb0000 - 0x00007fff85205000 	C:\WINDOWS\System32\combase.dll
0x00007fff82f50000 - 0x00007fff82f7c000 	C:\WINDOWS\SYSTEM32\Wldp.dll
0x00007fff85d20000 - 0x00007fff85dce000 	C:\WINDOWS\System32\SHCORE.dll
0x00007fff84200000 - 0x00007fff84255000 	C:\WINDOWS\System32\shlwapi.dll
0x00007fff83490000 - 0x00007fff834af000 	C:\WINDOWS\SYSTEM32\profapi.dll
0x00007fff4e660000 - 0x00007fff4e67a000 	D:\androidstudio\jre\bin\net.dll
0x00007fff765d0000 - 0x00007fff766da000 	C:\WINDOWS\SYSTEM32\WINHTTP.dll
0x00007fff82c50000 - 0x00007fff82cba000 	C:\WINDOWS\system32\mswsock.dll
0x00007fff4e110000 - 0x00007fff4e124000 	D:\androidstudio\jre\bin\nio.dll
0x00007fff41920000 - 0x00007fff41947000 	C:\Users\WINDOWS 10\.gradle\native\8bec1ad78214c89d9ad589b4d07fe93259594b29d510b10fafb7a158f7737e5d\windows-amd64\native-platform.dll
0x00007fff2b750000 - 0x00007fff2b88d000 	C:\Users\WINDOWS 10\.gradle\native\53dbd7edfb1c66fb8903c78663c9afc45aea4f116125fa6feffd364cf09443e8\windows-amd64\native-platform-file-events.dll
0x00007fff73e10000 - 0x00007fff73e1a000 	D:\androidstudio\jre\bin\management.dll
0x00007fff73940000 - 0x00007fff7394c000 	D:\androidstudio\jre\bin\management_ext.dll
0x00007fff82e40000 - 0x00007fff82e58000 	C:\WINDOWS\SYSTEM32\CRYPTSP.dll
0x00007fff825f0000 - 0x00007fff82624000 	C:\WINDOWS\system32\rsaenh.dll
0x00007fff83710000 - 0x00007fff83737000 	C:\WINDOWS\System32\bcrypt.dll
0x00007fff83450000 - 0x00007fff8347e000 	C:\WINDOWS\SYSTEM32\USERENV.dll
0x00007fff82e30000 - 0x00007fff82e3c000 	C:\WINDOWS\SYSTEM32\CRYPTBASE.dll
0x00007fff82940000 - 0x00007fff8297b000 	C:\WINDOWS\SYSTEM32\IPHLPAPI.DLL
0x00007fff843f0000 - 0x00007fff843f8000 	C:\WINDOWS\System32\NSI.dll
0x00007fff75ce0000 - 0x00007fff75cf7000 	C:\WINDOWS\SYSTEM32\dhcpcsvc6.DLL
0x00007fff76770000 - 0x00007fff7678d000 	C:\WINDOWS\SYSTEM32\dhcpcsvc.DLL
0x00007fff82980000 - 0x00007fff82a4c000 	C:\WINDOWS\SYSTEM32\DNSAPI.dll

dbghelp: loaded successfully - version: 4.0.5 - missing functions: none
symbol engine: initialized successfully - sym options: 0x614 - pdb path: .;D:\androidstudio\jre\bin;C:\WINDOWS\SYSTEM32;C:\WINDOWS\WinSxS\amd64_microsoft.windows.common-controls_6595b64144ccf1df_6.0.19041.1110_none_60b5254171f9507e;D:\androidstudio\jre\bin\server;C:\Users\WINDOWS 10\.gradle\native\8bec1ad78214c89d9ad589b4d07fe93259594b29d510b10fafb7a158f7737e5d\windows-amd64;C:\Users\WINDOWS 10\.gradle\native\53dbd7edfb1c66fb8903c78663c9afc45aea4f116125fa6feffd364cf09443e8\windows-amd64

VM Arguments:
jvm_args: --add-opens=java.base/java.util=ALL-UNNAMED --add-opens=java.base/java.lang=ALL-UNNAMED --add-opens=java.base/java.lang.invoke=ALL-UNNAMED --add-opens=java.base/java.util=ALL-UNNAMED --add-opens=java.prefs/java.util.prefs=ALL-UNNAMED --add-opens=java.prefs/java.util.prefs=ALL-UNNAMED --add-opens=java.base/java.nio.charset=ALL-UNNAMED --add-opens=java.base/java.net=ALL-UNNAMED --add-opens=java.base/java.util.concurrent.atomic=ALL-UNNAMED -Xmx2048m -Dfile.encoding=UTF-8 -Duser.country=ID -Duser.language=in -Duser.variant 
java_command: org.gradle.launcher.daemon.bootstrap.GradleDaemon 7.0.2
java_class_path (initial): C:\Users\WINDOWS 10\.gradle\wrapper\dists\gradle-7.0.2-bin\857tjihv64xamwrf0h14cai3r\gradle-7.0.2\lib\gradle-launcher-7.0.2.jar
Launcher Type: SUN_STANDARD

[Global flags]
     intx CICompilerCount                          = 3                                         {product} {ergonomic}
     uint ConcGCThreads                            = 1                                         {product} {ergonomic}
     uint G1ConcRefinementThreads                  = 4                                         {product} {ergonomic}
   size_t G1HeapRegionSize                         = 1048576                                   {product} {ergonomic}
    uintx GCDrainStackTargetSize                   = 64                                        {product} {ergonomic}
   size_t InitialHeapSize                          = 65011712                                  {product} {ergonomic}
   size_t MarkStackSize                            = 4194304                                   {product} {ergonomic}
   size_t MaxHeapSize                              = 2147483648                                {product} {command line}
   size_t MaxNewSize                               = 1287651328                                {product} {ergonomic}
   size_t MinHeapDeltaBytes                        = 1048576                                   {product} {ergonomic}
    uintx NonNMethodCodeHeapSize                   = 5830732                                {pd product} {ergonomic}
    uintx NonProfiledCodeHeapSize                  = 122913754                              {pd product} {ergonomic}
    uintx ProfiledCodeHeapSize                     = 122913754                              {pd product} {ergonomic}
    uintx ReservedCodeCacheSize                    = 251658240                              {pd product} {ergonomic}
     bool SegmentedCodeCache                       = true                                      {product} {ergonomic}
     bool UseCompressedClassPointers               = true                                 {lp64_product} {ergonomic}
     bool UseCompressedOops                        = true                                 {lp64_product} {ergonomic}
     bool UseG1GC                                  = true                                      {product} {ergonomic}
     bool UseLargePagesIndividualAllocation        = false                                  {pd product} {ergonomic}

Logging:
Log output configuration:
 #0: stdout all=warning uptime,level,tags
 #1: stderr all=off uptime,level,tags

Environment Variables:
PATH=C:\Program Files (x86)\Borland\Delphi7\Bin;C:\Program Files (x86)\Borland\Delphi7\Projects\Bpl\;C:\Program Files (x86)\Common Files\Oracle\Java\javapath;C:\Program Files (x86)\Common Files\Intel\Shared Files\cpp\bin\Intel64;C:\WINDOWS\system32;C:\WINDOWS;C:\WINDOWS\System32\Wbem;C:\WINDOWS\System32\WindowsPowerShell\v1.0\;C:\WINDOWS\System32\OpenSSH\;C:\Program Files\Intel\WiFi\bin\;C:\Program Files\Common Files\Intel\WirelessCommon\;C:\Program Files (x86)\Java\jdk1.7.0_67\bin;C:\Program Files\MATLAB\MATLAB Production Server\R2015a\runtime\win64;C:\Program Files\MATLAB\MATLAB Production Server\R2015a\bin;C:\Program Files\MATLAB\MATLAB Production Server\R2015a\polyspace\bin;C:\xampp\php;C:\ProgramData\ComposerSetup\bin;C:\Program Files\Microsoft SQL Server\110\Tools\Binn\;C:\Program Files\nodejs\;C:\Program Files\Git\cmd;C:\Program Files (x86)\Windows Kits\8.1\Windows Performance Toolkit\;C:\Program Files\Microsoft SQL Server\Client SDK\ODBC\110\Tools\Binn\;C:\Program Files (x86)\Microsoft SQL Server\120\Tools\Binn\;C:\Program Files\Microsoft SQL Server\120\Tools\Binn\;C:\Program Files\Microsoft SQL Server\120\DTS\Binn\;C:\Program Files (x86)\Microsoft SQL Server\120\Tools\Binn\ManagementStudio\;C:\Program Files (x86)\Microsoft SQL Server\120\DTS\Binn\;C:\Users\WINDOWS 10\AppData\Local\Microsoft\WindowsApps;C:\Program Files (x86)\Java\jdk1.7.0_67\bin;C:\Users\WINDOWS 10\AppData\Roaming\Composer\vendor\bin;;C:\Users\WINDOWS 10\AppData\Local\Programs\Microsoft VS Code\bin;C:\Users\WINDOWS 10\AppData\Roaming\npm
USERNAME=WINDOWS 10
OS=Windows_NT
PROCESSOR_IDENTIFIER=AMD64 Family 21 Model 101 Stepping 1, AuthenticAMD



---------------  S Y S T E M  ---------------

OS: Windows 10 , 64 bit Build 19041 (10.0.19041.1023)
OS uptime: 2 days 22:54 hours

CPU:total 4 (initial active 4) (4 cores per cpu, 1 threads per core) family 21 model 101 stepping 1 microcode 0x0, cmov, cx8, fxsr, mmx, sse, sse2, sse3, ssse3, sse4.1, sse4.2, popcnt, avx, avx2, aes, clmul, mmxext, 3dnowpref, lzcnt, sse4a, tsc, tscinvbit, tscinv, bmi1, bmi2, fma

Memory: 4k page, system-wide physical 3967M (261M free)
TotalPageFile size 8580M (AvailPageFile size 3M)
current process WorkingSet (physical memory assigned to process): 400M, peak: 400M
current process commit charge ("private bytes"): 460M, peak: 461M

vm_info: OpenJDK 64-Bit Server VM (11.0.10+0-b96-7249189) for windows-amd64 JRE (11.0.10+0-b96-7249189), built on Mar 31 2021 21:44:00 by "builder" with MS VC++ 14.0 (VS2015)

END.
