#
# There is insufficient memory for the Java Runtime Environment to continue.
# Native memory allocation (malloc) failed to allocate 32744 bytes for ChunkPool::allocate
# Possible reasons:
#   The system is out of physical RAM or swap space
#   The process is running with CompressedOops enabled, and the Java Heap may be blocking the growth of the native heap
# Possible solutions:
#   Reduce memory load on the system
#   Increase physical memory or swap space
#   Check if swap backing store is full
#   Decrease Java heap size (-Xmx/-Xms)
#   Decrease number of Java threads
#   Decrease Java thread stack sizes (-Xss)
#   Set larger code cache with -XX:ReservedCodeCacheSize=
#   JVM is running with Unscaled Compressed Oops mode in which the Java heap is
#     placed in the first 4GB address space. The Java Heap base address is the
#     maximum limit for the native heap growth. Please use -XX:HeapBaseMinAddress
#     to set the Java Heap base and to place the Java Heap above 4GB virtual address.
# This output file may be truncated or incomplete.
#
#  Out of Memory Error (./src/hotspot/share/memory/arena.cpp:81), pid=15296, tid=18188
#
# JRE version: OpenJDK Runtime Environment (11.0.10) (build 11.0.10+0-b96-7249189)
# Java VM: OpenJDK 64-Bit Server VM (11.0.10+0-b96-7249189, mixed mode, tiered, compressed oops, g1 gc, windows-amd64)
# No core dump will be written. Minidumps are not enabled by default on client versions of Windows
#

---------------  S U M M A R Y ------------

Command Line: --add-opens=java.base/java.util=ALL-UNNAMED --add-opens=java.base/java.lang=ALL-UNNAMED --add-opens=java.base/java.lang.invoke=ALL-UNNAMED --add-opens=java.base/java.util=ALL-UNNAMED --add-opens=java.prefs/java.util.prefs=ALL-UNNAMED --add-opens=java.prefs/java.util.prefs=ALL-UNNAMED --add-opens=java.base/java.nio.charset=ALL-UNNAMED --add-opens=java.base/java.net=ALL-UNNAMED --add-opens=java.base/java.util.concurrent.atomic=ALL-UNNAMED -Xmx2048m -Dfile.encoding=UTF-8 -Duser.country=ID -Duser.language=in -Duser.variant org.gradle.launcher.daemon.bootstrap.GradleDaemon 7.0.2

Host: AMD A12-9720P RADEON R7, 12 COMPUTE CORES 4C+8G, 4 cores, 3G,  Windows 10 , 64 bit Build 19041 (10.0.19041.1023)
Time: Mon Oct  4 17:44:58 2021 SE Asia Standard Time elapsed time: 94.303577 seconds (0d 0h 1m 34s)

---------------  T H R E A D  ---------------

Current thread (0x0000028f6ee6d800):  JavaThread "C2 CompilerThread0" daemon [_thread_in_native, id=18188, stack(0x0000009d8a600000,0x0000009d8a700000)]


Current CompileTask:
C2:  94303 13729 %     4       com.android.tools.r8.ir.regalloc.a::a @ 2121 (3985 bytes)

Stack: [0x0000009d8a600000,0x0000009d8a700000]
Native frames: (J=compiled Java code, j=interpreted, Vv=VM code, C=native code)
V  [jvm.dll+0x5ecfaa]
V  [jvm.dll+0x722bd5]
V  [jvm.dll+0x72412d]
V  [jvm.dll+0x7247e3]
V  [jvm.dll+0x242928]
V  [jvm.dll+0xbc75b]
V  [jvm.dll+0xbca0c]
V  [jvm.dll+0x358676]
V  [jvm.dll+0x357ef1]
V  [jvm.dll+0x357f34]
V  [jvm.dll+0x4e9fbe]
V  [jvm.dll+0x4ea89b]
V  [jvm.dll+0x320b02]
V  [jvm.dll+0x31ffca]
V  [jvm.dll+0x1fb602]
V  [jvm.dll+0x1fa7f4]
V  [jvm.dll+0x18354c]
V  [jvm.dll+0x208ee7]
V  [jvm.dll+0x207731]
V  [jvm.dll+0x6eb1cf]
V  [jvm.dll+0x6e3d45]
V  [jvm.dll+0x5ebe96]
C  [ucrtbase.dll+0x21bb2]
C  [KERNEL32.DLL+0x17034]
C  [ntdll.dll+0x52651]


---------------  P R O C E S S  ---------------

Threads class SMR info:
_java_thread_list=0x0000028f78717930, length=47, elements={
0x0000028f54a8c000, 0x0000028f6ee0b800, 0x0000028f6ee15800, 0x0000028f6ee63800,
0x0000028f6ee68000, 0x0000028f6ee69000, 0x0000028f6ee6d800, 0x0000028f6ee72800,
0x0000028f6ee7c000, 0x0000028f6f8f4000, 0x0000028f7083e000, 0x0000028f70f3b000,
0x0000028f71135000, 0x0000028f70cbb800, 0x0000028f7110b800, 0x0000028f70c5b000,
0x0000028f7123a800, 0x0000028f6fa7c800, 0x0000028f6fd38000, 0x0000028f6fd33000,
0x0000028f6fd38800, 0x0000028f6fd39800, 0x0000028f6fd33800, 0x0000028f6fd34800,
0x0000028f6fd37000, 0x0000028f6fd35800, 0x0000028f6fd36000, 0x0000028f72d2b800,
0x0000028f72d27800, 0x0000028f72d2a800, 0x0000028f72d2c800, 0x0000028f72d26800,
0x0000028f72d2e000, 0x0000028f72d28000, 0x0000028f72d2e800, 0x0000028f72d29000,
0x0000028f72d35000, 0x0000028f72d30800, 0x0000028f72d34800, 0x0000028f72d2f800,
0x0000028f72d32000, 0x0000028f72d31000, 0x0000028f72d33800, 0x0000028f72d33000,
0x0000028f76980000, 0x0000028f76983800, 0x0000028f76982800
}

Java Threads: ( => current thread )
  0x0000028f54a8c000 JavaThread "main" [_thread_blocked, id=18336, stack(0x0000009d89a00000,0x0000009d89b00000)]
  0x0000028f6ee0b800 JavaThread "Reference Handler" daemon [_thread_blocked, id=10724, stack(0x0000009d8a100000,0x0000009d8a200000)]
  0x0000028f6ee15800 JavaThread "Finalizer" daemon [_thread_blocked, id=13180, stack(0x0000009d8a200000,0x0000009d8a300000)]
  0x0000028f6ee63800 JavaThread "Signal Dispatcher" daemon [_thread_blocked, id=21040, stack(0x0000009d8a300000,0x0000009d8a400000)]
  0x0000028f6ee68000 JavaThread "Attach Listener" daemon [_thread_blocked, id=22284, stack(0x0000009d8a400000,0x0000009d8a500000)]
  0x0000028f6ee69000 JavaThread "Service Thread" daemon [_thread_blocked, id=18256, stack(0x0000009d8a500000,0x0000009d8a600000)]
=>0x0000028f6ee6d800 JavaThread "C2 CompilerThread0" daemon [_thread_in_native, id=18188, stack(0x0000009d8a600000,0x0000009d8a700000)]
  0x0000028f6ee72800 JavaThread "C1 CompilerThread0" daemon [_thread_blocked, id=20060, stack(0x0000009d8a700000,0x0000009d8a800000)]
  0x0000028f6ee7c000 JavaThread "Sweeper thread" daemon [_thread_blocked, id=12556, stack(0x0000009d8a800000,0x0000009d8a900000)]
  0x0000028f6f8f4000 JavaThread "Common-Cleaner" daemon [_thread_blocked, id=16128, stack(0x0000009d8a900000,0x0000009d8aa00000)]
  0x0000028f7083e000 JavaThread "Daemon health stats" [_thread_blocked, id=18944, stack(0x0000009d8ab00000,0x0000009d8ac00000)]
  0x0000028f70f3b000 JavaThread "Incoming local TCP Connector on port 29230" [_thread_in_native, id=20384, stack(0x0000009d8ad00000,0x0000009d8ae00000)]
  0x0000028f71135000 JavaThread "Daemon periodic checks" [_thread_blocked, id=16036, stack(0x0000009d8ae00000,0x0000009d8af00000)]
  0x0000028f70cbb800 JavaThread "Daemon" [_thread_blocked, id=19284, stack(0x0000009d8af00000,0x0000009d8b000000)]
  0x0000028f7110b800 JavaThread "Handler for socket connection from /127.0.0.1:29230 to /127.0.0.1:29231" [_thread_in_native, id=6988, stack(0x0000009d8b000000,0x0000009d8b100000)]
  0x0000028f70c5b000 JavaThread "Cancel handler" [_thread_blocked, id=7844, stack(0x0000009d8b100000,0x0000009d8b200000)]
  0x0000028f7123a800 JavaThread "Daemon worker" [_thread_blocked, id=19940, stack(0x0000009d8b200000,0x0000009d8b300000)]
  0x0000028f6fa7c800 JavaThread "Asynchronous log dispatcher for DefaultDaemonConnection: socket connection from /127.0.0.1:29230 to /127.0.0.1:29231" [_thread_blocked, id=19208, stack(0x0000009d8b300000,0x0000009d8b400000)]
  0x0000028f6fd38000 JavaThread "Daemon client event forwarder" [_thread_blocked, id=14760, stack(0x0000009d8b500000,0x0000009d8b600000)]
  0x0000028f6fd33000 JavaThread "Cache worker for file hash cache (C:\Users\WINDOWS 10\.gradle\caches\7.0.2\fileHashes)" [_thread_blocked, id=14924, stack(0x0000009d8b800000,0x0000009d8b900000)]
  0x0000028f6fd38800 JavaThread "File lock request listener" [_thread_in_native, id=6764, stack(0x0000009d8b900000,0x0000009d8ba00000)]
  0x0000028f6fd39800 JavaThread "Cache worker for journal cache (C:\Users\WINDOWS 10\.gradle\caches\journal-1)" [_thread_blocked, id=17848, stack(0x0000009d8ba00000,0x0000009d8bb00000)]
  0x0000028f6fd33800 JavaThread "Cache worker for file hash cache (D:\androidstudio_projects\.gradle\7.0.2\fileHashes)" [_thread_blocked, id=10552, stack(0x0000009d8bb00000,0x0000009d8bc00000)]
  0x0000028f6fd34800 JavaThread "File watcher server" daemon [_thread_in_native, id=7300, stack(0x0000009d8bc00000,0x0000009d8bd00000)]
  0x0000028f6fd37000 JavaThread "File watcher consumer" daemon [_thread_blocked, id=19364, stack(0x0000009d8bd00000,0x0000009d8be00000)]
  0x0000028f6fd35800 JavaThread "Cache worker for checksums cache (D:\androidstudio_projects\.gradle\checksums)" [_thread_blocked, id=17884, stack(0x0000009d8be00000,0x0000009d8bf00000)]
  0x0000028f6fd36000 JavaThread "Cache worker for cache directory md-supplier (C:\Users\WINDOWS 10\.gradle\caches\7.0.2\md-supplier)" [_thread_blocked, id=8468, stack(0x0000009d8bf00000,0x0000009d8c000000)]
  0x0000028f72d2b800 JavaThread "Cache worker for cache directory md-rule (C:\Users\WINDOWS 10\.gradle\caches\7.0.2\md-rule)" [_thread_blocked, id=3440, stack(0x0000009d8c000000,0x0000009d8c100000)]
  0x0000028f72d27800 JavaThread "Cache worker for execution history cache (C:\Users\WINDOWS 10\.gradle\caches\7.0.2\executionHistory)" [_thread_blocked, id=18088, stack(0x0000009d8c100000,0x0000009d8c200000)]
  0x0000028f72d2a800 JavaThread "jar transforms" [_thread_blocked, id=12596, stack(0x0000009d8c200000,0x0000009d8c300000)]
  0x0000028f72d2c800 JavaThread "jar transforms Thread 2" [_thread_blocked, id=12752, stack(0x0000009d8c300000,0x0000009d8c400000)]
  0x0000028f72d26800 JavaThread "Cache worker for file content cache (C:\Users\WINDOWS 10\.gradle\caches\7.0.2\fileContent)" [_thread_blocked, id=15804, stack(0x0000009d8c400000,0x0000009d8c500000)]
  0x0000028f72d2e000 JavaThread "Cache worker for dependencies-accessors (D:\androidstudio_projects\.gradle\7.0.2\dependencies-accessors)" [_thread_blocked, id=22276, stack(0x0000009d8c500000,0x0000009d8c600000)]
  0x0000028f72d28000 JavaThread "jar transforms Thread 3" [_thread_blocked, id=22020, stack(0x0000009d8c600000,0x0000009d8c700000)]
  0x0000028f72d2e800 JavaThread "Cache worker for Build Output Cleanup Cache (D:\androidstudio_projects\.gradle\buildOutputCleanup)" [_thread_blocked, id=17264, stack(0x0000009d8c700000,0x0000009d8c800000)]
  0x0000028f72d29000 JavaThread "Build operations" [_thread_in_native, id=6188, stack(0x0000009d8c800000,0x0000009d8c900000)]
  0x0000028f72d35000 JavaThread "Build operations Thread 2" [_thread_in_Java, id=3500, stack(0x0000009d8c900000,0x0000009d8ca00000)]
  0x0000028f72d30800 JavaThread "Build operations Thread 3" [_thread_in_Java, id=19140, stack(0x0000009d8ca00000,0x0000009d8cb00000)]
  0x0000028f72d34800 JavaThread "Build operations Thread 4" [_thread_in_vm, id=12784, stack(0x0000009d8cb00000,0x0000009d8cc00000)]
  0x0000028f72d2f800 JavaThread "jar transforms Thread 4" [_thread_blocked, id=14768, stack(0x0000009d8cc00000,0x0000009d8cd00000)]
  0x0000028f72d32000 JavaThread "Memory manager" [_thread_blocked, id=780, stack(0x0000009d8cd00000,0x0000009d8ce00000)]
  0x0000028f72d31000 JavaThread "build event listener" [_thread_blocked, id=22112, stack(0x0000009d8d000000,0x0000009d8d100000)]
  0x0000028f72d33800 JavaThread "Execution worker for ':'" [_thread_blocked, id=8964, stack(0x0000009d8d100000,0x0000009d8d200000)]
  0x0000028f72d33000 JavaThread "Execution worker for ':' Thread 2" [_thread_blocked, id=4988, stack(0x0000009d8d200000,0x0000009d8d300000)]
  0x0000028f76980000 JavaThread "Execution worker for ':' Thread 3" [_thread_blocked, id=8256, stack(0x0000009d8d300000,0x0000009d8d400000)]
  0x0000028f76983800 JavaThread "Cache worker for execution history cache (D:\androidstudio_projects\.gradle\7.0.2\executionHistory)" [_thread_blocked, id=15164, stack(0x0000009d8d400000,0x0000009d8d500000)]
  0x0000028f76982800 JavaThread "WorkerExecutor Queue" [_thread_blocked, id=22408, stack(0x0000009d89700000,0x0000009d89800000)]

Other Threads:
  0x0000028f6ee04800 VMThread "VM Thread" [stack: 0x0000009d8a000000,0x0000009d8a100000] [id=12720]
  0x0000028f6f8f9000 WatcherThread [stack: 0x0000009d8aa00000,0x0000009d8ab00000] [id=20520]
  0x0000028f54aa3800 GCTaskThread "GC Thread#0" [stack: 0x0000009d89b00000,0x0000009d89c00000] [id=19684]
  0x0000028f70286000 GCTaskThread "GC Thread#1" [stack: 0x0000009d8ac00000,0x0000009d8ad00000] [id=22452]
  0x0000028f70861800 GCTaskThread "GC Thread#2" [stack: 0x0000009d8b600000,0x0000009d8b700000] [id=14372]
  0x0000028f71081800 GCTaskThread "GC Thread#3" [stack: 0x0000009d8b700000,0x0000009d8b800000] [id=18508]
  0x0000028f54ad6800 ConcurrentGCThread "G1 Main Marker" [stack: 0x0000009d89c00000,0x0000009d89d00000] [id=19332]
  0x0000028f54ad8000 ConcurrentGCThread "G1 Conc#0" [stack: 0x0000009d89d00000,0x0000009d89e00000] [id=15856]
  0x0000028f54b20800 ConcurrentGCThread "G1 Refine#0" [stack: 0x0000009d89e00000,0x0000009d89f00000] [id=20596]
  0x0000028f54b21800 ConcurrentGCThread "G1 Young RemSet Sampling" [stack: 0x0000009d89f00000,0x0000009d8a000000] [id=14272]

Threads with active compile tasks:
C2 CompilerThread0  94539 13729 %     4       com.android.tools.r8.ir.regalloc.a::a @ 2121 (3985 bytes)

VM state:not at safepoint (normal execution)

VM Mutex/Monitor currently owned by a thread: None

Heap address: 0x0000000080000000, size: 2048 MB, Compressed Oops mode: 32-bit
Narrow klass base: 0x0000000000000000, Narrow klass shift: 3
Compressed class space size: 1073741824 Address: 0x0000000100000000

Heap:
 garbage-first heap   total 334848K, used 232343K [0x0000000080000000, 0x0000000100000000)
  region size 1024K, 127 young (130048K), 10 survivors (10240K)
 Metaspace       used 97235K, capacity 99731K, committed 99916K, reserved 1136640K
  class space    used 12620K, capacity 13544K, committed 13644K, reserved 1048576K
Heap Regions: E=young(eden), S=young(survivor), O=old, HS=humongous(starts), HC=humongous(continues), CS=collection set, F=free, A=archive, TAMS=top-at-mark-start (previous, next)
|   0|0x0000000080000000, 0x0000000080100000, 0x0000000080100000|100%| O|  |TAMS 0x0000000080100000, 0x0000000080000000| Untracked 
|   1|0x0000000080100000, 0x0000000080200000, 0x0000000080200000|100%| O|  |TAMS 0x0000000080200000, 0x0000000080100000| Untracked 
|   2|0x0000000080200000, 0x0000000080300000, 0x0000000080300000|100%| O|  |TAMS 0x0000000080300000, 0x0000000080200000| Untracked 
|   3|0x0000000080300000, 0x0000000080400000, 0x0000000080400000|100%|HS|  |TAMS 0x0000000080400000, 0x0000000080300000| Complete 
|   4|0x0000000080400000, 0x0000000080500000, 0x0000000080500000|100%|HC|  |TAMS 0x0000000080500000, 0x0000000080400000| Complete 
|   5|0x0000000080500000, 0x0000000080600000, 0x0000000080600000|100%|HC|  |TAMS 0x0000000080600000, 0x0000000080500000| Complete 
|   6|0x0000000080600000, 0x0000000080700000, 0x0000000080700000|100%| O|  |TAMS 0x0000000080700000, 0x0000000080600000| Untracked 
|   7|0x0000000080700000, 0x0000000080800000, 0x0000000080800000|100%| O|  |TAMS 0x0000000080800000, 0x0000000080700000| Untracked 
|   8|0x0000000080800000, 0x0000000080900000, 0x0000000080900000|100%| O|  |TAMS 0x0000000080900000, 0x0000000080800000| Untracked 
|   9|0x0000000080900000, 0x0000000080a00000, 0x0000000080a00000|100%| O|  |TAMS 0x0000000080a00000, 0x0000000080900000| Untracked 
|  10|0x0000000080a00000, 0x0000000080b00000, 0x0000000080b00000|100%| O|  |TAMS 0x0000000080b00000, 0x0000000080a00000| Untracked 
|  11|0x0000000080b00000, 0x0000000080c00000, 0x0000000080c00000|100%| O|  |TAMS 0x0000000080c00000, 0x0000000080b00000| Untracked 
|  12|0x0000000080c00000, 0x0000000080d00000, 0x0000000080d00000|100%| O|  |TAMS 0x0000000080d00000, 0x0000000080c00000| Untracked 
|  13|0x0000000080d00000, 0x0000000080e00000, 0x0000000080e00000|100%| O|  |TAMS 0x0000000080e00000, 0x0000000080d00000| Untracked 
|  14|0x0000000080e00000, 0x0000000080f00000, 0x0000000080f00000|100%| O|  |TAMS 0x0000000080f00000, 0x0000000080e00000| Untracked 
|  15|0x0000000080f00000, 0x0000000081000000, 0x0000000081000000|100%| O|  |TAMS 0x0000000081000000, 0x0000000080f00000| Untracked 
|  16|0x0000000081000000, 0x0000000081100000, 0x0000000081100000|100%| O|  |TAMS 0x0000000081100000, 0x0000000081000000| Untracked 
|  17|0x0000000081100000, 0x0000000081200000, 0x0000000081200000|100%| O|  |TAMS 0x0000000081200000, 0x0000000081100000| Untracked 
|  18|0x0000000081200000, 0x0000000081300000, 0x0000000081300000|100%| O|  |TAMS 0x0000000081300000, 0x0000000081200000| Untracked 
|  19|0x0000000081300000, 0x0000000081400000, 0x0000000081400000|100%| O|  |TAMS 0x0000000081400000, 0x0000000081300000| Untracked 
|  20|0x0000000081400000, 0x0000000081500000, 0x0000000081500000|100%| O|  |TAMS 0x0000000081500000, 0x0000000081400000| Untracked 
|  21|0x0000000081500000, 0x0000000081600000, 0x0000000081600000|100%| O|  |TAMS 0x0000000081600000, 0x0000000081500000| Untracked 
|  22|0x0000000081600000, 0x0000000081700000, 0x0000000081700000|100%| O|  |TAMS 0x0000000081700000, 0x0000000081600000| Untracked 
|  23|0x0000000081700000, 0x0000000081800000, 0x0000000081800000|100%| O|  |TAMS 0x0000000081800000, 0x0000000081700000| Untracked 
|  24|0x0000000081800000, 0x0000000081900000, 0x0000000081900000|100%| O|  |TAMS 0x0000000081900000, 0x0000000081800000| Untracked 
|  25|0x0000000081900000, 0x0000000081a00000, 0x0000000081a00000|100%| O|  |TAMS 0x0000000081a00000, 0x0000000081900000| Untracked 
|  26|0x0000000081a00000, 0x0000000081b00000, 0x0000000081b00000|100%| O|  |TAMS 0x0000000081b00000, 0x0000000081a00000| Untracked 
|  27|0x0000000081b00000, 0x0000000081c00000, 0x0000000081c00000|100%| O|  |TAMS 0x0000000081c00000, 0x0000000081b00000| Untracked 
|  28|0x0000000081c00000, 0x0000000081d00000, 0x0000000081d00000|100%| O|  |TAMS 0x0000000081d00000, 0x0000000081c00000| Untracked 
|  29|0x0000000081d00000, 0x0000000081e00000, 0x0000000081e00000|100%| O|  |TAMS 0x0000000081e00000, 0x0000000081d00000| Untracked 
|  30|0x0000000081e00000, 0x0000000081f00000, 0x0000000081f00000|100%|HS|  |TAMS 0x0000000081f00000, 0x0000000081e00000| Complete 
|  31|0x0000000081f00000, 0x0000000082000000, 0x0000000082000000|100%|HS|  |TAMS 0x0000000082000000, 0x0000000081f00000| Complete 
|  32|0x0000000082000000, 0x0000000082100000, 0x0000000082100000|100%| O|  |TAMS 0x0000000082100000, 0x0000000082000000| Untracked 
|  33|0x0000000082100000, 0x0000000082200000, 0x0000000082200000|100%| O|  |TAMS 0x0000000082200000, 0x0000000082100000| Untracked 
|  34|0x0000000082200000, 0x0000000082300000, 0x0000000082300000|100%|HS|  |TAMS 0x0000000082300000, 0x0000000082200000| Complete 
|  35|0x0000000082300000, 0x0000000082400000, 0x0000000082400000|100%|HC|  |TAMS 0x0000000082400000, 0x0000000082300000| Complete 
|  36|0x0000000082400000, 0x0000000082500000, 0x0000000082500000|100%| O|  |TAMS 0x0000000082500000, 0x0000000082400000| Untracked 
|  37|0x0000000082500000, 0x0000000082600000, 0x0000000082600000|100%| O|  |TAMS 0x0000000082600000, 0x0000000082500000| Untracked 
|  38|0x0000000082600000, 0x0000000082700000, 0x0000000082700000|100%| O|  |TAMS 0x0000000082700000, 0x0000000082600000| Untracked 
|  39|0x0000000082700000, 0x0000000082800000, 0x0000000082800000|100%| O|  |TAMS 0x0000000082800000, 0x0000000082700000| Untracked 
|  40|0x0000000082800000, 0x0000000082900000, 0x0000000082900000|100%| O|  |TAMS 0x0000000082900000, 0x0000000082800000| Untracked 
|  41|0x0000000082900000, 0x0000000082a00000, 0x0000000082a00000|100%| O|  |TAMS 0x0000000082a00000, 0x0000000082900000| Untracked 
|  42|0x0000000082a00000, 0x0000000082b00000, 0x0000000082b00000|100%| O|  |TAMS 0x0000000082b00000, 0x0000000082a00000| Untracked 
|  43|0x0000000082b00000, 0x0000000082c00000, 0x0000000082c00000|100%| O|  |TAMS 0x0000000082c00000, 0x0000000082b00000| Untracked 
|  44|0x0000000082c00000, 0x0000000082d00000, 0x0000000082d00000|100%| O|  |TAMS 0x0000000082d00000, 0x0000000082c00000| Untracked 
|  45|0x0000000082d00000, 0x0000000082e00000, 0x0000000082e00000|100%| O|  |TAMS 0x0000000082e00000, 0x0000000082d00000| Untracked 
|  46|0x0000000082e00000, 0x0000000082f00000, 0x0000000082f00000|100%| O|  |TAMS 0x0000000082f00000, 0x0000000082e00000| Untracked 
|  47|0x0000000082f00000, 0x0000000083000000, 0x0000000083000000|100%| O|  |TAMS 0x0000000083000000, 0x0000000082f00000| Untracked 
|  48|0x0000000083000000, 0x0000000083100000, 0x0000000083100000|100%| O|  |TAMS 0x0000000083100000, 0x0000000083000000| Untracked 
|  49|0x0000000083100000, 0x0000000083200000, 0x0000000083200000|100%| O|  |TAMS 0x0000000083200000, 0x0000000083100000| Untracked 
|  50|0x0000000083200000, 0x0000000083300000, 0x0000000083300000|100%| O|  |TAMS 0x0000000083300000, 0x0000000083200000| Untracked 
|  51|0x0000000083300000, 0x0000000083400000, 0x0000000083400000|100%| O|  |TAMS 0x0000000083400000, 0x0000000083300000| Untracked 
|  52|0x0000000083400000, 0x0000000083500000, 0x0000000083500000|100%| O|  |TAMS 0x0000000083500000, 0x0000000083400000| Untracked 
|  53|0x0000000083500000, 0x0000000083600000, 0x0000000083600000|100%| O|  |TAMS 0x0000000083600000, 0x0000000083500000| Untracked 
|  54|0x0000000083600000, 0x0000000083700000, 0x0000000083700000|100%| O|  |TAMS 0x0000000083700000, 0x0000000083600000| Untracked 
|  55|0x0000000083700000, 0x0000000083800000, 0x0000000083800000|100%| O|  |TAMS 0x0000000083800000, 0x0000000083700000| Untracked 
|  56|0x0000000083800000, 0x0000000083900000, 0x0000000083900000|100%| O|  |TAMS 0x0000000083900000, 0x0000000083800000| Untracked 
|  57|0x0000000083900000, 0x0000000083a00000, 0x0000000083a00000|100%| O|  |TAMS 0x0000000083a00000, 0x0000000083900000| Untracked 
|  58|0x0000000083a00000, 0x0000000083b00000, 0x0000000083b00000|100%| O|  |TAMS 0x0000000083b00000, 0x0000000083a00000| Untracked 
|  59|0x0000000083b00000, 0x0000000083c00000, 0x0000000083c00000|100%| O|  |TAMS 0x0000000083c00000, 0x0000000083b00000| Untracked 
|  60|0x0000000083c00000, 0x0000000083d00000, 0x0000000083d00000|100%| O|  |TAMS 0x0000000083d00000, 0x0000000083c00000| Untracked 
|  61|0x0000000083d00000, 0x0000000083e00000, 0x0000000083e00000|100%| O|  |TAMS 0x0000000083e00000, 0x0000000083d00000| Untracked 
|  62|0x0000000083e00000, 0x0000000083f00000, 0x0000000083f00000|100%| O|  |TAMS 0x0000000083f00000, 0x0000000083e00000| Untracked 
|  63|0x0000000083f00000, 0x0000000084000000, 0x0000000084000000|100%| O|  |TAMS 0x0000000084000000, 0x0000000083f00000| Untracked 
|  64|0x0000000084000000, 0x0000000084100000, 0x0000000084100000|100%| O|  |TAMS 0x0000000084100000, 0x0000000084000000| Untracked 
|  65|0x0000000084100000, 0x0000000084200000, 0x0000000084200000|100%| O|  |TAMS 0x0000000084200000, 0x0000000084100000| Untracked 
|  66|0x0000000084200000, 0x0000000084300000, 0x0000000084300000|100%| O|  |TAMS 0x0000000084300000, 0x0000000084200000| Untracked 
|  67|0x0000000084300000, 0x0000000084400000, 0x0000000084400000|100%| O|  |TAMS 0x0000000084400000, 0x0000000084300000| Untracked 
|  68|0x0000000084400000, 0x0000000084500000, 0x0000000084500000|100%| O|  |TAMS 0x0000000084500000, 0x0000000084400000| Untracked 
|  69|0x0000000084500000, 0x0000000084600000, 0x0000000084600000|100%| O|  |TAMS 0x0000000084600000, 0x0000000084500000| Untracked 
|  70|0x0000000084600000, 0x0000000084700000, 0x0000000084700000|100%| O|  |TAMS 0x0000000084700000, 0x0000000084600000| Untracked 
|  71|0x0000000084700000, 0x0000000084800000, 0x0000000084800000|100%| O|  |TAMS 0x0000000084800000, 0x0000000084700000| Untracked 
|  72|0x0000000084800000, 0x0000000084900000, 0x0000000084900000|100%| O|  |TAMS 0x0000000084900000, 0x0000000084800000| Untracked 
|  73|0x0000000084900000, 0x0000000084a00000, 0x0000000084a00000|100%| O|  |TAMS 0x0000000084a00000, 0x0000000084900000| Untracked 
|  74|0x0000000084a00000, 0x0000000084b00000, 0x0000000084b00000|100%| O|  |TAMS 0x0000000084b00000, 0x0000000084a00000| Untracked 
|  75|0x0000000084b00000, 0x0000000084c00000, 0x0000000084c00000|100%| O|  |TAMS 0x0000000084c00000, 0x0000000084b00000| Untracked 
|  76|0x0000000084c00000, 0x0000000084d00000, 0x0000000084d00000|100%| O|  |TAMS 0x0000000084d00000, 0x0000000084c00000| Untracked 
|  77|0x0000000084d00000, 0x0000000084e00000, 0x0000000084e00000|100%| O|  |TAMS 0x0000000084e00000, 0x0000000084d00000| Untracked 
|  78|0x0000000084e00000, 0x0000000084f00000, 0x0000000084f00000|100%| O|  |TAMS 0x0000000084f00000, 0x0000000084e00000| Untracked 
|  79|0x0000000084f00000, 0x0000000085000000, 0x0000000085000000|100%| O|  |TAMS 0x0000000085000000, 0x0000000084f00000| Untracked 
|  80|0x0000000085000000, 0x0000000085100000, 0x0000000085100000|100%| O|  |TAMS 0x0000000085100000, 0x0000000085000000| Untracked 
|  81|0x0000000085100000, 0x0000000085200000, 0x0000000085200000|100%| O|  |TAMS 0x0000000085200000, 0x0000000085100000| Untracked 
|  82|0x0000000085200000, 0x0000000085300000, 0x0000000085300000|100%| O|  |TAMS 0x0000000085300000, 0x0000000085200000| Untracked 
|  83|0x0000000085300000, 0x0000000085400000, 0x0000000085400000|100%| O|  |TAMS 0x0000000085400000, 0x0000000085300000| Untracked 
|  84|0x0000000085400000, 0x0000000085500000, 0x0000000085500000|100%| O|  |TAMS 0x0000000085500000, 0x0000000085400000| Untracked 
|  85|0x0000000085500000, 0x0000000085600000, 0x0000000085600000|100%| O|  |TAMS 0x0000000085600000, 0x0000000085500000| Untracked 
|  86|0x0000000085600000, 0x0000000085700000, 0x0000000085700000|100%| O|  |TAMS 0x0000000085700000, 0x0000000085600000| Untracked 
|  87|0x0000000085700000, 0x0000000085800000, 0x0000000085800000|100%| O|  |TAMS 0x0000000085800000, 0x0000000085700000| Untracked 
|  88|0x0000000085800000, 0x0000000085900000, 0x0000000085900000|100%| O|  |TAMS 0x0000000085900000, 0x0000000085800000| Untracked 
|  89|0x0000000085900000, 0x0000000085a00000, 0x0000000085a00000|100%| O|  |TAMS 0x0000000085a00000, 0x0000000085900000| Untracked 
|  90|0x0000000085a00000, 0x0000000085b00000, 0x0000000085b00000|100%| O|  |TAMS 0x0000000085b00000, 0x0000000085a00000| Untracked 
|  91|0x0000000085b00000, 0x0000000085c00000, 0x0000000085c00000|100%| O|  |TAMS 0x0000000085c00000, 0x0000000085b00000| Untracked 
|  92|0x0000000085c00000, 0x0000000085d00000, 0x0000000085d00000|100%| O|  |TAMS 0x0000000085d00000, 0x0000000085c00000| Untracked 
|  93|0x0000000085d00000, 0x0000000085e00000, 0x0000000085e00000|100%| O|  |TAMS 0x0000000085e00000, 0x0000000085d00000| Untracked 
|  94|0x0000000085e00000, 0x0000000085f00000, 0x0000000085f00000|100%| O|  |TAMS 0x0000000085f00000, 0x0000000085e00000| Untracked 
|  95|0x0000000085f00000, 0x0000000086000000, 0x0000000086000000|100%| O|  |TAMS 0x0000000086000000, 0x0000000085f00000| Untracked 
|  96|0x0000000086000000, 0x0000000086100000, 0x0000000086100000|100%| O|  |TAMS 0x0000000086100000, 0x0000000086000000| Untracked 
|  97|0x0000000086100000, 0x0000000086200000, 0x0000000086200000|100%| O|  |TAMS 0x0000000086200000, 0x0000000086100000| Untracked 
|  98|0x0000000086200000, 0x0000000086300000, 0x0000000086300000|100%| O|  |TAMS 0x0000000086300000, 0x0000000086200000| Untracked 
|  99|0x0000000086300000, 0x0000000086400000, 0x0000000086400000|100%| O|  |TAMS 0x00000000863c7600, 0x0000000086300000| Untracked 
| 100|0x0000000086400000, 0x0000000086500000, 0x0000000086500000|100%| O|  |TAMS 0x0000000086400000, 0x0000000086400000| Untracked 
| 101|0x0000000086500000, 0x0000000086500000, 0x0000000086600000|  0%| F|  |TAMS 0x0000000086500000, 0x0000000086500000| Untracked 
| 102|0x0000000086600000, 0x0000000086600000, 0x0000000086700000|  0%| F|  |TAMS 0x0000000086600000, 0x0000000086600000| Untracked 
| 103|0x0000000086700000, 0x0000000086700000, 0x0000000086800000|  0%| F|  |TAMS 0x0000000086700000, 0x0000000086700000| Untracked 
| 104|0x0000000086800000, 0x0000000086800000, 0x0000000086900000|  0%| F|  |TAMS 0x0000000086800000, 0x0000000086800000| Untracked 
| 105|0x0000000086900000, 0x0000000086900000, 0x0000000086a00000|  0%| F|  |TAMS 0x0000000086900000, 0x0000000086900000| Untracked 
| 106|0x0000000086a00000, 0x0000000086a00000, 0x0000000086b00000|  0%| F|  |TAMS 0x0000000086a00000, 0x0000000086a00000| Untracked 
| 107|0x0000000086b00000, 0x0000000086b00000, 0x0000000086c00000|  0%| F|  |TAMS 0x0000000086b00000, 0x0000000086b00000| Untracked 
| 108|0x0000000086c00000, 0x0000000086c00000, 0x0000000086d00000|  0%| F|  |TAMS 0x0000000086c00000, 0x0000000086c00000| Untracked 
| 109|0x0000000086d00000, 0x0000000086d00000, 0x0000000086e00000|  0%| F|  |TAMS 0x0000000086d00000, 0x0000000086d00000| Untracked 
| 110|0x0000000086e00000, 0x0000000086e00000, 0x0000000086f00000|  0%| F|  |TAMS 0x0000000086e00000, 0x0000000086e00000| Untracked 
| 111|0x0000000086f00000, 0x0000000086f00000, 0x0000000087000000|  0%| F|  |TAMS 0x0000000086f00000, 0x0000000086f00000| Untracked 
| 112|0x0000000087000000, 0x0000000087000000, 0x0000000087100000|  0%| F|  |TAMS 0x0000000087000000, 0x0000000087000000| Untracked 
| 113|0x0000000087100000, 0x0000000087100000, 0x0000000087200000|  0%| F|  |TAMS 0x0000000087100000, 0x0000000087100000| Untracked 
| 114|0x0000000087200000, 0x0000000087200000, 0x0000000087300000|  0%| F|  |TAMS 0x0000000087200000, 0x0000000087200000| Untracked 
| 115|0x0000000087300000, 0x0000000087300000, 0x0000000087400000|  0%| F|  |TAMS 0x0000000087300000, 0x0000000087300000| Untracked 
| 116|0x0000000087400000, 0x0000000087400000, 0x0000000087500000|  0%| F|  |TAMS 0x0000000087400000, 0x0000000087400000| Untracked 
| 117|0x0000000087500000, 0x0000000087500000, 0x0000000087600000|  0%| F|  |TAMS 0x0000000087500000, 0x0000000087500000| Untracked 
| 118|0x0000000087600000, 0x0000000087600000, 0x0000000087700000|  0%| F|  |TAMS 0x0000000087600000, 0x0000000087600000| Untracked 
| 119|0x0000000087700000, 0x0000000087700000, 0x0000000087800000|  0%| F|  |TAMS 0x0000000087700000, 0x0000000087700000| Untracked 
| 120|0x0000000087800000, 0x0000000087800000, 0x0000000087900000|  0%| F|  |TAMS 0x0000000087800000, 0x0000000087800000| Untracked 
| 121|0x0000000087900000, 0x0000000087900000, 0x0000000087a00000|  0%| F|  |TAMS 0x0000000087900000, 0x0000000087900000| Untracked 
| 122|0x0000000087a00000, 0x0000000087a00000, 0x0000000087b00000|  0%| F|  |TAMS 0x0000000087a00000, 0x0000000087a00000| Untracked 
| 123|0x0000000087b00000, 0x0000000087b00000, 0x0000000087c00000|  0%| F|  |TAMS 0x0000000087b00000, 0x0000000087b00000| Untracked 
| 124|0x0000000087c00000, 0x0000000087c00000, 0x0000000087d00000|  0%| F|  |TAMS 0x0000000087c00000, 0x0000000087c00000| Untracked 
| 125|0x0000000087d00000, 0x0000000087d00000, 0x0000000087e00000|  0%| F|  |TAMS 0x0000000087d00000, 0x0000000087d00000| Untracked 
| 126|0x0000000087e00000, 0x0000000087e00000, 0x0000000087f00000|  0%| F|  |TAMS 0x0000000087e00000, 0x0000000087e00000| Untracked 
| 127|0x0000000087f00000, 0x0000000087f00000, 0x0000000088000000|  0%| F|  |TAMS 0x0000000087f00000, 0x0000000087f00000| Untracked 
| 128|0x0000000088000000, 0x0000000088000000, 0x0000000088100000|  0%| F|  |TAMS 0x0000000088000000, 0x0000000088000000| Untracked 
| 129|0x0000000088100000, 0x00000000881e5e20, 0x0000000088200000| 89%| S|CS|TAMS 0x0000000088100000, 0x0000000088100000| Complete 
| 130|0x0000000088200000, 0x0000000088300000, 0x0000000088300000|100%| S|CS|TAMS 0x0000000088200000, 0x0000000088200000| Complete 
| 131|0x0000000088300000, 0x0000000088400000, 0x0000000088400000|100%| S|CS|TAMS 0x0000000088300000, 0x0000000088300000| Complete 
| 132|0x0000000088400000, 0x0000000088500000, 0x0000000088500000|100%| S|CS|TAMS 0x0000000088400000, 0x0000000088400000| Complete 
| 133|0x0000000088500000, 0x0000000088600000, 0x0000000088600000|100%| S|CS|TAMS 0x0000000088500000, 0x0000000088500000| Complete 
| 134|0x0000000088600000, 0x0000000088700000, 0x0000000088700000|100%| S|CS|TAMS 0x0000000088600000, 0x0000000088600000| Complete 
| 135|0x0000000088700000, 0x0000000088800000, 0x0000000088800000|100%| S|CS|TAMS 0x0000000088700000, 0x0000000088700000| Complete 
| 136|0x0000000088800000, 0x0000000088900000, 0x0000000088900000|100%| S|CS|TAMS 0x0000000088800000, 0x0000000088800000| Complete 
| 137|0x0000000088900000, 0x0000000088a00000, 0x0000000088a00000|100%| S|CS|TAMS 0x0000000088900000, 0x0000000088900000| Complete 
| 138|0x0000000088a00000, 0x0000000088a00000, 0x0000000088b00000|  0%| F|  |TAMS 0x0000000088a00000, 0x0000000088a00000| Untracked 
| 139|0x0000000088b00000, 0x0000000088b00000, 0x0000000088c00000|  0%| F|  |TAMS 0x0000000088b00000, 0x0000000088b00000| Untracked 
| 140|0x0000000088c00000, 0x0000000088c00000, 0x0000000088d00000|  0%| F|  |TAMS 0x0000000088c00000, 0x0000000088c00000| Untracked 
| 141|0x0000000088d00000, 0x0000000088d00000, 0x0000000088e00000|  0%| F|  |TAMS 0x0000000088d00000, 0x0000000088d00000| Untracked 
| 142|0x0000000088e00000, 0x0000000088e00000, 0x0000000088f00000|  0%| F|  |TAMS 0x0000000088e00000, 0x0000000088e00000| Untracked 
| 143|0x0000000088f00000, 0x0000000088f00000, 0x0000000089000000|  0%| F|  |TAMS 0x0000000088f00000, 0x0000000088f00000| Untracked 
| 144|0x0000000089000000, 0x0000000089000000, 0x0000000089100000|  0%| F|  |TAMS 0x0000000089000000, 0x0000000089000000| Untracked 
| 145|0x0000000089100000, 0x0000000089100000, 0x0000000089200000|  0%| F|  |TAMS 0x0000000089100000, 0x0000000089100000| Untracked 
| 146|0x0000000089200000, 0x0000000089200000, 0x0000000089300000|  0%| F|  |TAMS 0x0000000089200000, 0x0000000089200000| Untracked 
| 147|0x0000000089300000, 0x0000000089300000, 0x0000000089400000|  0%| F|  |TAMS 0x0000000089300000, 0x0000000089300000| Untracked 
| 148|0x0000000089400000, 0x0000000089500000, 0x0000000089500000|100%| S|CS|TAMS 0x0000000089400000, 0x0000000089400000| Complete 
| 149|0x0000000089500000, 0x0000000089500000, 0x0000000089600000|  0%| F|  |TAMS 0x0000000089500000, 0x0000000089500000| Untracked 
| 150|0x0000000089600000, 0x0000000089600000, 0x0000000089700000|  0%| F|  |TAMS 0x0000000089600000, 0x0000000089600000| Untracked 
| 151|0x0000000089700000, 0x0000000089700000, 0x0000000089800000|  0%| F|  |TAMS 0x0000000089700000, 0x0000000089700000| Untracked 
| 152|0x0000000089800000, 0x0000000089800000, 0x0000000089900000|  0%| F|  |TAMS 0x0000000089800000, 0x0000000089800000| Untracked 
| 153|0x0000000089900000, 0x0000000089900000, 0x0000000089a00000|  0%| F|  |TAMS 0x0000000089900000, 0x0000000089900000| Untracked 
| 154|0x0000000089a00000, 0x0000000089a00000, 0x0000000089b00000|  0%| F|  |TAMS 0x0000000089a00000, 0x0000000089a00000| Untracked 
| 155|0x0000000089b00000, 0x0000000089b00000, 0x0000000089c00000|  0%| F|  |TAMS 0x0000000089b00000, 0x0000000089b00000| Untracked 
| 156|0x0000000089c00000, 0x0000000089c00000, 0x0000000089d00000|  0%| F|  |TAMS 0x0000000089c00000, 0x0000000089c00000| Untracked 
| 157|0x0000000089d00000, 0x0000000089d00000, 0x0000000089e00000|  0%| F|  |TAMS 0x0000000089d00000, 0x0000000089d00000| Untracked 
| 158|0x0000000089e00000, 0x0000000089e00000, 0x0000000089f00000|  0%| F|  |TAMS 0x0000000089e00000, 0x0000000089e00000| Untracked 
| 159|0x0000000089f00000, 0x0000000089f00000, 0x000000008a000000|  0%| F|  |TAMS 0x0000000089f00000, 0x0000000089f00000| Untracked 
| 160|0x000000008a000000, 0x000000008a000000, 0x000000008a100000|  0%| F|  |TAMS 0x000000008a000000, 0x000000008a000000| Untracked 
| 161|0x000000008a100000, 0x000000008a100000, 0x000000008a200000|  0%| F|  |TAMS 0x000000008a100000, 0x000000008a100000| Untracked 
| 162|0x000000008a200000, 0x000000008a200000, 0x000000008a300000|  0%| F|  |TAMS 0x000000008a200000, 0x000000008a200000| Untracked 
| 163|0x000000008a300000, 0x000000008a300000, 0x000000008a400000|  0%| F|  |TAMS 0x000000008a300000, 0x000000008a300000| Untracked 
| 164|0x000000008a400000, 0x000000008a400000, 0x000000008a500000|  0%| F|  |TAMS 0x000000008a400000, 0x000000008a400000| Untracked 
| 165|0x000000008a500000, 0x000000008a500000, 0x000000008a600000|  0%| F|  |TAMS 0x000000008a500000, 0x000000008a500000| Untracked 
| 166|0x000000008a600000, 0x000000008a600000, 0x000000008a700000|  0%| F|  |TAMS 0x000000008a600000, 0x000000008a600000| Untracked 
| 167|0x000000008a700000, 0x000000008a700000, 0x000000008a800000|  0%| F|  |TAMS 0x000000008a700000, 0x000000008a700000| Untracked 
| 168|0x000000008a800000, 0x000000008a800000, 0x000000008a900000|  0%| F|  |TAMS 0x000000008a800000, 0x000000008a800000| Untracked 
| 169|0x000000008a900000, 0x000000008a900000, 0x000000008aa00000|  0%| F|  |TAMS 0x000000008a900000, 0x000000008a900000| Untracked 
| 170|0x000000008aa00000, 0x000000008aa00000, 0x000000008ab00000|  0%| F|  |TAMS 0x000000008aa00000, 0x000000008aa00000| Untracked 
| 171|0x000000008ab00000, 0x000000008ab00000, 0x000000008ac00000|  0%| F|  |TAMS 0x000000008ab00000, 0x000000008ab00000| Untracked 
| 172|0x000000008ac00000, 0x000000008ac00000, 0x000000008ad00000|  0%| F|  |TAMS 0x000000008ac00000, 0x000000008ac00000| Untracked 
| 173|0x000000008ad00000, 0x000000008ad00000, 0x000000008ae00000|  0%| F|  |TAMS 0x000000008ad00000, 0x000000008ad00000| Untracked 
| 174|0x000000008ae00000, 0x000000008ae00000, 0x000000008af00000|  0%| F|  |TAMS 0x000000008ae00000, 0x000000008ae00000| Untracked 
| 175|0x000000008af00000, 0x000000008af00000, 0x000000008b000000|  0%| F|  |TAMS 0x000000008af00000, 0x000000008af00000| Untracked 
| 176|0x000000008b000000, 0x000000008b000000, 0x000000008b100000|  0%| F|  |TAMS 0x000000008b000000, 0x000000008b000000| Untracked 
| 177|0x000000008b100000, 0x000000008b100000, 0x000000008b200000|  0%| F|  |TAMS 0x000000008b100000, 0x000000008b100000| Untracked 
| 178|0x000000008b200000, 0x000000008b200000, 0x000000008b300000|  0%| F|  |TAMS 0x000000008b200000, 0x000000008b200000| Untracked 
| 179|0x000000008b300000, 0x000000008b300000, 0x000000008b400000|  0%| F|  |TAMS 0x000000008b300000, 0x000000008b300000| Untracked 
| 180|0x000000008b400000, 0x000000008b400000, 0x000000008b500000|  0%| F|  |TAMS 0x000000008b400000, 0x000000008b400000| Untracked 
| 181|0x000000008b500000, 0x000000008b500000, 0x000000008b600000|  0%| F|  |TAMS 0x000000008b500000, 0x000000008b500000| Untracked 
| 182|0x000000008b600000, 0x000000008b600000, 0x000000008b700000|  0%| F|  |TAMS 0x000000008b600000, 0x000000008b600000| Untracked 
| 183|0x000000008b700000, 0x000000008b700000, 0x000000008b800000|  0%| F|  |TAMS 0x000000008b700000, 0x000000008b700000| Untracked 
| 184|0x000000008b800000, 0x000000008b800000, 0x000000008b900000|  0%| F|  |TAMS 0x000000008b800000, 0x000000008b800000| Untracked 
| 185|0x000000008b900000, 0x000000008b900000, 0x000000008ba00000|  0%| F|  |TAMS 0x000000008b900000, 0x000000008b900000| Untracked 
| 186|0x000000008ba00000, 0x000000008ba00000, 0x000000008bb00000|  0%| F|  |TAMS 0x000000008ba00000, 0x000000008ba00000| Untracked 
| 187|0x000000008bb00000, 0x000000008bb00000, 0x000000008bc00000|  0%| F|  |TAMS 0x000000008bb00000, 0x000000008bb00000| Untracked 
| 188|0x000000008bc00000, 0x000000008bc00000, 0x000000008bd00000|  0%| F|  |TAMS 0x000000008bc00000, 0x000000008bc00000| Untracked 
| 189|0x000000008bd00000, 0x000000008bd00000, 0x000000008be00000|  0%| F|  |TAMS 0x000000008bd00000, 0x000000008bd00000| Untracked 
| 190|0x000000008be00000, 0x000000008be00000, 0x000000008bf00000|  0%| F|  |TAMS 0x000000008be00000, 0x000000008be00000| Untracked 
| 191|0x000000008bf00000, 0x000000008bf00000, 0x000000008c000000|  0%| F|  |TAMS 0x000000008bf00000, 0x000000008bf00000| Untracked 
| 192|0x000000008c000000, 0x000000008c000000, 0x000000008c100000|  0%| F|  |TAMS 0x000000008c000000, 0x000000008c000000| Untracked 
| 193|0x000000008c100000, 0x000000008c100000, 0x000000008c200000|  0%| F|  |TAMS 0x000000008c100000, 0x000000008c100000| Untracked 
| 194|0x000000008c200000, 0x000000008c200000, 0x000000008c300000|  0%| F|  |TAMS 0x000000008c200000, 0x000000008c200000| Untracked 
| 195|0x000000008c300000, 0x000000008c300000, 0x000000008c400000|  0%| F|  |TAMS 0x000000008c300000, 0x000000008c300000| Untracked 
| 196|0x000000008c400000, 0x000000008c400000, 0x000000008c500000|  0%| F|  |TAMS 0x000000008c400000, 0x000000008c400000| Untracked 
| 197|0x000000008c500000, 0x000000008c500000, 0x000000008c600000|  0%| F|  |TAMS 0x000000008c500000, 0x000000008c500000| Untracked 
| 198|0x000000008c600000, 0x000000008c600000, 0x000000008c700000|  0%| F|  |TAMS 0x000000008c600000, 0x000000008c600000| Untracked 
| 199|0x000000008c700000, 0x000000008c700000, 0x000000008c800000|  0%| F|  |TAMS 0x000000008c700000, 0x000000008c700000| Untracked 
| 200|0x000000008c800000, 0x000000008c800000, 0x000000008c900000|  0%| F|  |TAMS 0x000000008c800000, 0x000000008c800000| Untracked 
| 201|0x000000008c900000, 0x000000008c900000, 0x000000008ca00000|  0%| F|  |TAMS 0x000000008c900000, 0x000000008c900000| Untracked 
| 202|0x000000008ca00000, 0x000000008ca00000, 0x000000008cb00000|  0%| F|  |TAMS 0x000000008ca00000, 0x000000008ca00000| Untracked 
| 203|0x000000008cb00000, 0x000000008cb00000, 0x000000008cc00000|  0%| F|  |TAMS 0x000000008cb00000, 0x000000008cb00000| Untracked 
| 204|0x000000008cc00000, 0x000000008cc00000, 0x000000008cd00000|  0%| F|  |TAMS 0x000000008cc00000, 0x000000008cc00000| Untracked 
| 205|0x000000008cd00000, 0x000000008cd00000, 0x000000008ce00000|  0%| F|  |TAMS 0x000000008cd00000, 0x000000008cd00000| Untracked 
| 206|0x000000008ce00000, 0x000000008ce00000, 0x000000008cf00000|  0%| F|  |TAMS 0x000000008ce00000, 0x000000008ce00000| Untracked 
| 207|0x000000008cf00000, 0x000000008d000000, 0x000000008d000000|100%| E|  |TAMS 0x000000008cf00000, 0x000000008cf00000| Complete 
| 208|0x000000008d000000, 0x000000008d100000, 0x000000008d100000|100%| E|CS|TAMS 0x000000008d000000, 0x000000008d000000| Complete 
| 209|0x000000008d100000, 0x000000008d200000, 0x000000008d200000|100%| E|CS|TAMS 0x000000008d100000, 0x000000008d100000| Complete 
| 210|0x000000008d200000, 0x000000008d300000, 0x000000008d300000|100%| E|CS|TAMS 0x000000008d200000, 0x000000008d200000| Complete 
| 211|0x000000008d300000, 0x000000008d400000, 0x000000008d400000|100%| E|CS|TAMS 0x000000008d300000, 0x000000008d300000| Complete 
| 212|0x000000008d400000, 0x000000008d500000, 0x000000008d500000|100%| E|CS|TAMS 0x000000008d400000, 0x000000008d400000| Complete 
| 213|0x000000008d500000, 0x000000008d600000, 0x000000008d600000|100%| E|CS|TAMS 0x000000008d500000, 0x000000008d500000| Complete 
| 214|0x000000008d600000, 0x000000008d700000, 0x000000008d700000|100%| E|CS|TAMS 0x000000008d600000, 0x000000008d600000| Complete 
| 215|0x000000008d700000, 0x000000008d800000, 0x000000008d800000|100%| E|CS|TAMS 0x000000008d700000, 0x000000008d700000| Complete 
| 216|0x000000008d800000, 0x000000008d900000, 0x000000008d900000|100%| E|CS|TAMS 0x000000008d800000, 0x000000008d800000| Complete 
| 217|0x000000008d900000, 0x000000008da00000, 0x000000008da00000|100%| E|CS|TAMS 0x000000008d900000, 0x000000008d900000| Complete 
| 218|0x000000008da00000, 0x000000008db00000, 0x000000008db00000|100%| E|CS|TAMS 0x000000008da00000, 0x000000008da00000| Complete 
| 219|0x000000008db00000, 0x000000008dc00000, 0x000000008dc00000|100%| E|CS|TAMS 0x000000008db00000, 0x000000008db00000| Complete 
| 220|0x000000008dc00000, 0x000000008dd00000, 0x000000008dd00000|100%| E|CS|TAMS 0x000000008dc00000, 0x000000008dc00000| Complete 
| 221|0x000000008dd00000, 0x000000008de00000, 0x000000008de00000|100%| E|CS|TAMS 0x000000008dd00000, 0x000000008dd00000| Complete 
| 222|0x000000008de00000, 0x000000008df00000, 0x000000008df00000|100%| E|CS|TAMS 0x000000008de00000, 0x000000008de00000| Complete 
| 223|0x000000008df00000, 0x000000008e000000, 0x000000008e000000|100%| E|CS|TAMS 0x000000008df00000, 0x000000008df00000| Complete 
| 224|0x000000008e000000, 0x000000008e100000, 0x000000008e100000|100%| E|CS|TAMS 0x000000008e000000, 0x000000008e000000| Complete 
| 225|0x000000008e100000, 0x000000008e200000, 0x000000008e200000|100%| E|CS|TAMS 0x000000008e100000, 0x000000008e100000| Complete 
| 226|0x000000008e200000, 0x000000008e300000, 0x000000008e300000|100%| E|CS|TAMS 0x000000008e200000, 0x000000008e200000| Complete 
| 227|0x000000008e300000, 0x000000008e400000, 0x000000008e400000|100%| E|CS|TAMS 0x000000008e300000, 0x000000008e300000| Complete 
| 228|0x000000008e400000, 0x000000008e500000, 0x000000008e500000|100%| E|CS|TAMS 0x000000008e400000, 0x000000008e400000| Complete 
| 229|0x000000008e500000, 0x000000008e600000, 0x000000008e600000|100%| E|CS|TAMS 0x000000008e500000, 0x000000008e500000| Complete 
| 230|0x000000008e600000, 0x000000008e700000, 0x000000008e700000|100%| E|CS|TAMS 0x000000008e600000, 0x000000008e600000| Complete 
| 231|0x000000008e700000, 0x000000008e800000, 0x000000008e800000|100%| E|CS|TAMS 0x000000008e700000, 0x000000008e700000| Complete 
| 232|0x000000008e800000, 0x000000008e900000, 0x000000008e900000|100%| E|CS|TAMS 0x000000008e800000, 0x000000008e800000| Complete 
| 233|0x000000008e900000, 0x000000008ea00000, 0x000000008ea00000|100%| E|CS|TAMS 0x000000008e900000, 0x000000008e900000| Complete 
| 234|0x000000008ea00000, 0x000000008eb00000, 0x000000008eb00000|100%| E|CS|TAMS 0x000000008ea00000, 0x000000008ea00000| Complete 
| 235|0x000000008eb00000, 0x000000008ec00000, 0x000000008ec00000|100%| E|CS|TAMS 0x000000008eb00000, 0x000000008eb00000| Complete 
| 236|0x000000008ec00000, 0x000000008ed00000, 0x000000008ed00000|100%| E|CS|TAMS 0x000000008ec00000, 0x000000008ec00000| Complete 
| 237|0x000000008ed00000, 0x000000008ee00000, 0x000000008ee00000|100%| E|CS|TAMS 0x000000008ed00000, 0x000000008ed00000| Complete 
| 238|0x000000008ee00000, 0x000000008ef00000, 0x000000008ef00000|100%| E|CS|TAMS 0x000000008ee00000, 0x000000008ee00000| Complete 
| 239|0x000000008ef00000, 0x000000008f000000, 0x000000008f000000|100%| E|CS|TAMS 0x000000008ef00000, 0x000000008ef00000| Complete 
| 240|0x000000008f000000, 0x000000008f100000, 0x000000008f100000|100%| E|CS|TAMS 0x000000008f000000, 0x000000008f000000| Complete 
| 241|0x000000008f100000, 0x000000008f200000, 0x000000008f200000|100%| E|CS|TAMS 0x000000008f100000, 0x000000008f100000| Complete 
| 242|0x000000008f200000, 0x000000008f300000, 0x000000008f300000|100%| E|CS|TAMS 0x000000008f200000, 0x000000008f200000| Complete 
| 243|0x000000008f300000, 0x000000008f400000, 0x000000008f400000|100%| E|CS|TAMS 0x000000008f300000, 0x000000008f300000| Complete 
| 244|0x000000008f400000, 0x000000008f500000, 0x000000008f500000|100%| E|CS|TAMS 0x000000008f400000, 0x000000008f400000| Complete 
| 245|0x000000008f500000, 0x000000008f600000, 0x000000008f600000|100%| E|CS|TAMS 0x000000008f500000, 0x000000008f500000| Complete 
| 246|0x000000008f600000, 0x000000008f700000, 0x000000008f700000|100%| E|CS|TAMS 0x000000008f600000, 0x000000008f600000| Complete 
| 247|0x000000008f700000, 0x000000008f800000, 0x000000008f800000|100%| E|CS|TAMS 0x000000008f700000, 0x000000008f700000| Complete 
| 248|0x000000008f800000, 0x000000008f900000, 0x000000008f900000|100%| E|CS|TAMS 0x000000008f800000, 0x000000008f800000| Complete 
| 249|0x000000008f900000, 0x000000008fa00000, 0x000000008fa00000|100%| E|CS|TAMS 0x000000008f900000, 0x000000008f900000| Complete 
| 250|0x000000008fa00000, 0x000000008fb00000, 0x000000008fb00000|100%| E|CS|TAMS 0x000000008fa00000, 0x000000008fa00000| Complete 
| 251|0x000000008fb00000, 0x000000008fc00000, 0x000000008fc00000|100%| E|CS|TAMS 0x000000008fb00000, 0x000000008fb00000| Complete 
| 252|0x000000008fc00000, 0x000000008fd00000, 0x000000008fd00000|100%| E|CS|TAMS 0x000000008fc00000, 0x000000008fc00000| Complete 
| 253|0x000000008fd00000, 0x000000008fe00000, 0x000000008fe00000|100%| E|CS|TAMS 0x000000008fd00000, 0x000000008fd00000| Complete 
| 254|0x000000008fe00000, 0x000000008ff00000, 0x000000008ff00000|100%| E|CS|TAMS 0x000000008fe00000, 0x000000008fe00000| Complete 
| 255|0x000000008ff00000, 0x0000000090000000, 0x0000000090000000|100%| E|CS|TAMS 0x000000008ff00000, 0x000000008ff00000| Complete 
| 256|0x0000000090000000, 0x0000000090100000, 0x0000000090100000|100%| E|CS|TAMS 0x0000000090000000, 0x0000000090000000| Complete 
| 257|0x0000000090100000, 0x0000000090200000, 0x0000000090200000|100%| E|CS|TAMS 0x0000000090100000, 0x0000000090100000| Complete 
| 258|0x0000000090200000, 0x0000000090300000, 0x0000000090300000|100%| E|CS|TAMS 0x0000000090200000, 0x0000000090200000| Complete 
| 259|0x0000000090300000, 0x0000000090400000, 0x0000000090400000|100%| E|CS|TAMS 0x0000000090300000, 0x0000000090300000| Complete 
| 260|0x0000000090400000, 0x0000000090500000, 0x0000000090500000|100%| E|CS|TAMS 0x0000000090400000, 0x0000000090400000| Complete 
| 261|0x0000000090500000, 0x0000000090600000, 0x0000000090600000|100%| E|CS|TAMS 0x0000000090500000, 0x0000000090500000| Complete 
| 262|0x0000000090600000, 0x0000000090700000, 0x0000000090700000|100%| E|CS|TAMS 0x0000000090600000, 0x0000000090600000| Complete 
| 263|0x0000000090700000, 0x0000000090800000, 0x0000000090800000|100%| E|CS|TAMS 0x0000000090700000, 0x0000000090700000| Complete 
| 264|0x0000000090800000, 0x0000000090900000, 0x0000000090900000|100%| E|CS|TAMS 0x0000000090800000, 0x0000000090800000| Complete 
| 265|0x0000000090900000, 0x0000000090a00000, 0x0000000090a00000|100%| E|CS|TAMS 0x0000000090900000, 0x0000000090900000| Complete 
| 266|0x0000000090a00000, 0x0000000090b00000, 0x0000000090b00000|100%| E|CS|TAMS 0x0000000090a00000, 0x0000000090a00000| Complete 
| 267|0x0000000090b00000, 0x0000000090c00000, 0x0000000090c00000|100%| E|CS|TAMS 0x0000000090b00000, 0x0000000090b00000| Complete 
| 268|0x0000000090c00000, 0x0000000090d00000, 0x0000000090d00000|100%| E|CS|TAMS 0x0000000090c00000, 0x0000000090c00000| Complete 
| 269|0x0000000090d00000, 0x0000000090e00000, 0x0000000090e00000|100%| E|CS|TAMS 0x0000000090d00000, 0x0000000090d00000| Complete 
| 270|0x0000000090e00000, 0x0000000090f00000, 0x0000000090f00000|100%| E|CS|TAMS 0x0000000090e00000, 0x0000000090e00000| Complete 
| 271|0x0000000090f00000, 0x0000000091000000, 0x0000000091000000|100%| E|CS|TAMS 0x0000000090f00000, 0x0000000090f00000| Complete 
| 272|0x0000000091000000, 0x0000000091100000, 0x0000000091100000|100%| E|CS|TAMS 0x0000000091000000, 0x0000000091000000| Complete 
| 273|0x0000000091100000, 0x0000000091200000, 0x0000000091200000|100%| E|CS|TAMS 0x0000000091100000, 0x0000000091100000| Complete 
| 274|0x0000000091200000, 0x0000000091300000, 0x0000000091300000|100%| E|CS|TAMS 0x0000000091200000, 0x0000000091200000| Complete 
| 275|0x0000000091300000, 0x0000000091400000, 0x0000000091400000|100%| E|CS|TAMS 0x0000000091300000, 0x0000000091300000| Complete 
| 276|0x0000000091400000, 0x0000000091500000, 0x0000000091500000|100%| E|CS|TAMS 0x0000000091400000, 0x0000000091400000| Complete 
| 277|0x0000000091500000, 0x0000000091600000, 0x0000000091600000|100%| E|CS|TAMS 0x0000000091500000, 0x0000000091500000| Complete 
| 278|0x0000000091600000, 0x0000000091700000, 0x0000000091700000|100%| E|CS|TAMS 0x0000000091600000, 0x0000000091600000| Complete 
| 279|0x0000000091700000, 0x0000000091800000, 0x0000000091800000|100%| E|CS|TAMS 0x0000000091700000, 0x0000000091700000| Complete 
| 280|0x0000000091800000, 0x0000000091900000, 0x0000000091900000|100%| E|CS|TAMS 0x0000000091800000, 0x0000000091800000| Complete 
| 281|0x0000000091900000, 0x0000000091a00000, 0x0000000091a00000|100%| E|CS|TAMS 0x0000000091900000, 0x0000000091900000| Complete 
| 282|0x0000000091a00000, 0x0000000091b00000, 0x0000000091b00000|100%| E|CS|TAMS 0x0000000091a00000, 0x0000000091a00000| Complete 
| 283|0x0000000091b00000, 0x0000000091c00000, 0x0000000091c00000|100%| E|CS|TAMS 0x0000000091b00000, 0x0000000091b00000| Complete 
| 284|0x0000000091c00000, 0x0000000091d00000, 0x0000000091d00000|100%| E|CS|TAMS 0x0000000091c00000, 0x0000000091c00000| Complete 
| 285|0x0000000091d00000, 0x0000000091e00000, 0x0000000091e00000|100%| E|CS|TAMS 0x0000000091d00000, 0x0000000091d00000| Complete 
| 286|0x0000000091e00000, 0x0000000091f00000, 0x0000000091f00000|100%| E|CS|TAMS 0x0000000091e00000, 0x0000000091e00000| Complete 
| 287|0x0000000091f00000, 0x0000000092000000, 0x0000000092000000|100%| E|CS|TAMS 0x0000000091f00000, 0x0000000091f00000| Complete 
| 288|0x0000000092000000, 0x0000000092100000, 0x0000000092100000|100%| E|CS|TAMS 0x0000000092000000, 0x0000000092000000| Complete 
| 289|0x0000000092100000, 0x0000000092200000, 0x0000000092200000|100%| E|CS|TAMS 0x0000000092100000, 0x0000000092100000| Complete 
| 290|0x0000000092200000, 0x0000000092300000, 0x0000000092300000|100%| E|CS|TAMS 0x0000000092200000, 0x0000000092200000| Complete 
| 291|0x0000000092300000, 0x0000000092400000, 0x0000000092400000|100%| E|CS|TAMS 0x0000000092300000, 0x0000000092300000| Complete 
| 292|0x0000000092400000, 0x0000000092500000, 0x0000000092500000|100%| E|CS|TAMS 0x0000000092400000, 0x0000000092400000| Complete 
| 293|0x0000000092500000, 0x0000000092600000, 0x0000000092600000|100%| E|CS|TAMS 0x0000000092500000, 0x0000000092500000| Complete 
| 294|0x0000000092600000, 0x0000000092700000, 0x0000000092700000|100%| E|CS|TAMS 0x0000000092600000, 0x0000000092600000| Complete 
| 295|0x0000000092700000, 0x0000000092800000, 0x0000000092800000|100%| E|CS|TAMS 0x0000000092700000, 0x0000000092700000| Complete 
| 296|0x0000000092800000, 0x0000000092900000, 0x0000000092900000|100%| E|CS|TAMS 0x0000000092800000, 0x0000000092800000| Complete 
| 297|0x0000000092900000, 0x0000000092a00000, 0x0000000092a00000|100%| E|CS|TAMS 0x0000000092900000, 0x0000000092900000| Complete 
| 298|0x0000000092a00000, 0x0000000092b00000, 0x0000000092b00000|100%| E|CS|TAMS 0x0000000092a00000, 0x0000000092a00000| Complete 
| 299|0x0000000092b00000, 0x0000000092c00000, 0x0000000092c00000|100%| E|CS|TAMS 0x0000000092b00000, 0x0000000092b00000| Complete 
| 300|0x0000000092c00000, 0x0000000092d00000, 0x0000000092d00000|100%| E|CS|TAMS 0x0000000092c00000, 0x0000000092c00000| Complete 
| 301|0x0000000092d00000, 0x0000000092e00000, 0x0000000092e00000|100%| E|CS|TAMS 0x0000000092d00000, 0x0000000092d00000| Complete 
| 302|0x0000000092e00000, 0x0000000092f00000, 0x0000000092f00000|100%| E|CS|TAMS 0x0000000092e00000, 0x0000000092e00000| Complete 
| 303|0x0000000092f00000, 0x0000000093000000, 0x0000000093000000|100%| E|CS|TAMS 0x0000000092f00000, 0x0000000092f00000| Complete 
| 304|0x0000000093000000, 0x0000000093100000, 0x0000000093100000|100%| E|CS|TAMS 0x0000000093000000, 0x0000000093000000| Complete 
| 305|0x0000000093100000, 0x0000000093200000, 0x0000000093200000|100%| E|CS|TAMS 0x0000000093100000, 0x0000000093100000| Complete 
| 306|0x0000000093200000, 0x0000000093300000, 0x0000000093300000|100%| E|CS|TAMS 0x0000000093200000, 0x0000000093200000| Complete 
| 307|0x0000000093300000, 0x0000000093400000, 0x0000000093400000|100%| E|CS|TAMS 0x0000000093300000, 0x0000000093300000| Complete 
| 308|0x0000000093400000, 0x0000000093500000, 0x0000000093500000|100%| E|CS|TAMS 0x0000000093400000, 0x0000000093400000| Complete 
| 309|0x0000000093500000, 0x0000000093600000, 0x0000000093600000|100%| E|CS|TAMS 0x0000000093500000, 0x0000000093500000| Complete 
| 310|0x0000000093600000, 0x0000000093700000, 0x0000000093700000|100%| E|CS|TAMS 0x0000000093600000, 0x0000000093600000| Complete 
| 311|0x0000000093700000, 0x0000000093800000, 0x0000000093800000|100%| E|CS|TAMS 0x0000000093700000, 0x0000000093700000| Complete 
| 312|0x0000000093800000, 0x0000000093900000, 0x0000000093900000|100%| E|CS|TAMS 0x0000000093800000, 0x0000000093800000| Complete 
| 313|0x0000000093900000, 0x0000000093a00000, 0x0000000093a00000|100%| E|CS|TAMS 0x0000000093900000, 0x0000000093900000| Complete 
| 314|0x0000000093a00000, 0x0000000093b00000, 0x0000000093b00000|100%| E|CS|TAMS 0x0000000093a00000, 0x0000000093a00000| Complete 
| 315|0x0000000093b00000, 0x0000000093c00000, 0x0000000093c00000|100%| E|CS|TAMS 0x0000000093b00000, 0x0000000093b00000| Complete 
| 316|0x0000000093c00000, 0x0000000093d00000, 0x0000000093d00000|100%| E|CS|TAMS 0x0000000093c00000, 0x0000000093c00000| Complete 
| 317|0x0000000093d00000, 0x0000000093e00000, 0x0000000093e00000|100%| E|CS|TAMS 0x0000000093d00000, 0x0000000093d00000| Complete 
| 318|0x0000000093e00000, 0x0000000093f00000, 0x0000000093f00000|100%| E|CS|TAMS 0x0000000093e00000, 0x0000000093e00000| Complete 
| 319|0x0000000093f00000, 0x0000000094000000, 0x0000000094000000|100%| E|CS|TAMS 0x0000000093f00000, 0x0000000093f00000| Complete 
| 320|0x0000000094000000, 0x0000000094100000, 0x0000000094100000|100%| E|CS|TAMS 0x0000000094000000, 0x0000000094000000| Complete 
| 321|0x0000000094100000, 0x0000000094200000, 0x0000000094200000|100%| E|CS|TAMS 0x0000000094100000, 0x0000000094100000| Complete 
| 322|0x0000000094200000, 0x0000000094300000, 0x0000000094300000|100%| E|CS|TAMS 0x0000000094200000, 0x0000000094200000| Complete 
| 323|0x0000000094300000, 0x0000000094400000, 0x0000000094400000|100%| E|CS|TAMS 0x0000000094300000, 0x0000000094300000| Complete 
| 324|0x0000000094400000, 0x0000000094500000, 0x0000000094500000|100%| E|CS|TAMS 0x0000000094400000, 0x0000000094400000| Complete 
| 325|0x0000000094500000, 0x0000000094600000, 0x0000000094600000|100%| E|CS|TAMS 0x0000000094500000, 0x0000000094500000| Complete 
| 326|0x0000000094600000, 0x0000000094700000, 0x0000000094700000|100%| E|CS|TAMS 0x0000000094600000, 0x0000000094600000| Complete 

Card table byte_map: [0x0000028f67ff0000,0x0000028f683f0000] _byte_map_base: 0x0000028f67bf0000

Marking Bits (Prev, Next): (CMBitMap*) 0x0000028f54acdcb8, (CMBitMap*) 0x0000028f54acdcf0
 Prev Bits: [0x0000028f687f0000, 0x0000028f6a7f0000)
 Next Bits: [0x0000028f6a7f0000, 0x0000028f6c7f0000)

Polling page: 0x0000028f58580000

Metaspace:

Usage:
  Non-class:     84.17 MB capacity,    82.64 MB ( 98%) used,     1.23 MB (  1%) free+waste,   304.50 KB ( <1%) overhead. 
      Class:     13.23 MB capacity,    12.32 MB ( 93%) used,   787.84 KB (  6%) free+waste,   135.69 KB (  1%) overhead. 
       Both:     97.39 MB capacity,    94.96 MB ( 98%) used,     2.00 MB (  2%) free+waste,   440.19 KB ( <1%) overhead. 

Virtual space:
  Non-class space:       86.00 MB reserved,      84.25 MB ( 98%) committed 
      Class space:        1.00 GB reserved,      13.32 MB (  1%) committed 
             Both:        1.08 GB reserved,      97.57 MB (  9%) committed 

Chunk freelists:
   Non-Class:  21.00 KB
       Class:  0 bytes
        Both:  21.00 KB

MaxMetaspaceSize: 17179869184.00 GB
CompressedClassSpaceSize: 1.00 GB

CodeHeap 'non-profiled nmethods': size=120064Kb used=7029Kb max_used=7029Kb free=113035Kb
 bounds [0x0000028f60060000, 0x0000028f60740000, 0x0000028f675a0000]
CodeHeap 'profiled nmethods': size=120000Kb used=32655Kb max_used=32655Kb free=87344Kb
 bounds [0x0000028f58b30000, 0x0000028f5ab20000, 0x0000028f60060000]
CodeHeap 'non-nmethods': size=5696Kb used=2299Kb max_used=2344Kb free=3396Kb
 bounds [0x0000028f585a0000, 0x0000028f58810000, 0x0000028f58b30000]
 total_blobs=14649 nmethods=13742 adapters=818
 compilation: enabled
              stopped_count=0, restarted_count=0
 full_count=0

Compilation events (20 events):
Event: 93.442 Thread 0x0000028f6ee72800 14104       3       com.android.tools.r8.internal.h2::d (52 bytes)
Event: 93.443 Thread 0x0000028f6ee72800 nmethod 14104 0x0000028f5aafce90 code [0x0000028f5aafd080, 0x0000028f5aafd518]
Event: 93.460 Thread 0x0000028f6ee72800 14105       3       com.android.tools.r8.internal.h2$d::a (49 bytes)
Event: 93.460 Thread 0x0000028f6ee72800 nmethod 14105 0x0000028f5aafd710 code [0x0000028f5aafd920, 0x0000028f5aafe028]
Event: 93.512 Thread 0x0000028f6ee72800 14107       2       com.android.tools.r8.internal.ja::b (66 bytes)
Event: 93.513 Thread 0x0000028f6ee72800 nmethod 14107 0x0000028f5aafe210 code [0x0000028f5aafe440, 0x0000028f5aafe7f8]
Event: 93.587 Thread 0x0000028f6ee72800 14109       2       com.android.tools.r8.internal.k4$e::k (4 bytes)
Event: 93.588 Thread 0x0000028f6ee72800 nmethod 14109 0x0000028f5aafea90 code [0x0000028f5aafec40, 0x0000028f5aafed18]
Event: 93.592 Thread 0x0000028f6ee72800 14110       2       com.android.tools.r8.internal.k2::a (205 bytes)
Event: 93.595 Thread 0x0000028f6ee72800 nmethod 14110 0x0000028f5aafed90 code [0x0000028f5aaff060, 0x0000028f5aaffa38]
Event: 93.595 Thread 0x0000028f6ee72800 14111       2       com.android.tools.r8.internal.Fg::P0 (13 bytes)
Event: 93.596 Thread 0x0000028f6ee72800 nmethod 14111 0x0000028f5ab00190 code [0x0000028f5ab00340, 0x0000028f5ab00458]
Event: 93.889 Thread 0x0000028f6ee72800 14114       2       com.android.tools.r8.internal.ga::a (30 bytes)
Event: 93.890 Thread 0x0000028f6ee72800 nmethod 14114 0x0000028f5ab00510 code [0x0000028f5ab006c0, 0x0000028f5ab00868]
Event: 93.939 Thread 0x0000028f6ee72800 14116       2       com.android.tools.r8.internal.W4::a (268 bytes)
Event: 93.943 Thread 0x0000028f6ee72800 nmethod 14116 0x0000028f5ab00990 code [0x0000028f5ab00ca0, 0x0000028f5ab017f8]
Event: 93.943 Thread 0x0000028f6ee72800 14117       3       com.android.tools.r8.graph.G0::a (138 bytes)
Event: 93.945 Thread 0x0000028f6ee72800 nmethod 14117 0x0000028f5ab01e90 code [0x0000028f5ab02140, 0x0000028f5ab03048]
Event: 93.967 Thread 0x0000028f6ee72800 14118       3       java.util.TimSort::countRunAndMakeAscending (128 bytes)
Event: 93.968 Thread 0x0000028f6ee72800 nmethod 14118 0x0000028f5ab03690 code [0x0000028f5ab038e0, 0x0000028f5ab043e8]

GC Heap History (20 events):
Event: 84.823 GC heap before
{Heap before GC invocations=106 (full 0):
 garbage-first heap   total 192512K, used 164240K [0x0000000080000000, 0x0000000100000000)
  region size 1024K, 62 young (63488K), 3 survivors (3072K)
 Metaspace       used 96801K, capacity 99262K, committed 99404K, reserved 1134592K
  class space    used 12600K, capacity 13531K, committed 13644K, reserved 1048576K
}
Event: 84.839 GC heap after
{Heap after GC invocations=107 (full 0):
 garbage-first heap   total 231424K, used 104923K [0x0000000080000000, 0x0000000100000000)
  region size 1024K, 3 young (3072K), 3 survivors (3072K)
 Metaspace       used 96801K, capacity 99262K, committed 99404K, reserved 1134592K
  class space    used 12600K, capacity 13531K, committed 13644K, reserved 1048576K
}
Event: 85.551 GC heap before
{Heap before GC invocations=107 (full 0):
 garbage-first heap   total 231424K, used 177627K [0x0000000080000000, 0x0000000100000000)
  region size 1024K, 74 young (75776K), 3 survivors (3072K)
 Metaspace       used 96825K, capacity 99262K, committed 99404K, reserved 1134592K
  class space    used 12606K, capacity 13531K, committed 13644K, reserved 1048576K
}
Event: 85.564 GC heap after
{Heap after GC invocations=108 (full 0):
 garbage-first heap   total 231424K, used 105984K [0x0000000080000000, 0x0000000100000000)
  region size 1024K, 4 young (4096K), 4 survivors (4096K)
 Metaspace       used 96825K, capacity 99262K, committed 99404K, reserved 1134592K
  class space    used 12606K, capacity 13531K, committed 13644K, reserved 1048576K
}
Event: 86.254 GC heap before
{Heap before GC invocations=108 (full 0):
 garbage-first heap   total 231424K, used 185856K [0x0000000080000000, 0x0000000100000000)
  region size 1024K, 82 young (83968K), 4 survivors (4096K)
 Metaspace       used 96843K, capacity 99262K, committed 99404K, reserved 1134592K
  class space    used 12607K, capacity 13531K, committed 13644K, reserved 1048576K
}
Event: 86.263 GC heap after
{Heap after GC invocations=109 (full 0):
 garbage-first heap   total 231424K, used 106596K [0x0000000080000000, 0x0000000100000000)
  region size 1024K, 5 young (5120K), 5 survivors (5120K)
 Metaspace       used 96843K, capacity 99262K, committed 99404K, reserved 1134592K
  class space    used 12607K, capacity 13531K, committed 13644K, reserved 1048576K
}
Event: 86.823 GC heap before
{Heap before GC invocations=109 (full 0):
 garbage-first heap   total 231424K, used 192612K [0x0000000080000000, 0x0000000100000000)
  region size 1024K, 89 young (91136K), 5 survivors (5120K)
 Metaspace       used 96852K, capacity 99262K, committed 99404K, reserved 1134592K
  class space    used 12607K, capacity 13531K, committed 13644K, reserved 1048576K
}
Event: 86.836 GC heap after
{Heap after GC invocations=110 (full 0):
 garbage-first heap   total 231424K, used 107293K [0x0000000080000000, 0x0000000100000000)
  region size 1024K, 5 young (5120K), 5 survivors (5120K)
 Metaspace       used 96852K, capacity 99262K, committed 99404K, reserved 1134592K
  class space    used 12607K, capacity 13531K, committed 13644K, reserved 1048576K
}
Event: 87.405 GC heap before
{Heap before GC invocations=110 (full 0):
 garbage-first heap   total 231424K, used 200477K [0x0000000080000000, 0x0000000100000000)
  region size 1024K, 96 young (98304K), 5 survivors (5120K)
 Metaspace       used 96879K, capacity 99278K, committed 99404K, reserved 1134592K
  class space    used 12609K, capacity 13535K, committed 13644K, reserved 1048576K
}
Event: 87.423 GC heap after
{Heap after GC invocations=111 (full 0):
 garbage-first heap   total 231424K, used 108208K [0x0000000080000000, 0x0000000100000000)
  region size 1024K, 6 young (6144K), 6 survivors (6144K)
 Metaspace       used 96879K, capacity 99278K, committed 99404K, reserved 1134592K
  class space    used 12609K, capacity 13535K, committed 13644K, reserved 1048576K
}
Event: 88.618 GC heap before
{Heap before GC invocations=111 (full 0):
 garbage-first heap   total 231424K, used 200368K [0x0000000080000000, 0x0000000100000000)
  region size 1024K, 96 young (98304K), 6 survivors (6144K)
 Metaspace       used 97120K, capacity 99529K, committed 99660K, reserved 1134592K
  class space    used 12619K, capacity 13543K, committed 13644K, reserved 1048576K
}
Event: 88.641 GC heap after
{Heap after GC invocations=112 (full 0):
 garbage-first heap   total 278528K, used 108593K [0x0000000080000000, 0x0000000100000000)
  region size 1024K, 7 young (7168K), 7 survivors (7168K)
 Metaspace       used 97120K, capacity 99529K, committed 99660K, reserved 1134592K
  class space    used 12619K, capacity 13543K, committed 13644K, reserved 1048576K
}
Event: 90.127 GC heap before
{Heap before GC invocations=112 (full 0):
 garbage-first heap   total 278528K, used 222257K [0x0000000080000000, 0x0000000100000000)
  region size 1024K, 118 young (120832K), 7 survivors (7168K)
 Metaspace       used 97154K, capacity 99593K, committed 99916K, reserved 1136640K
  class space    used 12619K, capacity 13543K, committed 13644K, reserved 1048576K
}
Event: 90.149 GC heap after
{Heap after GC invocations=113 (full 0):
 garbage-first heap   total 278528K, used 110365K [0x0000000080000000, 0x0000000100000000)
  region size 1024K, 8 young (8192K), 8 survivors (8192K)
 Metaspace       used 97154K, capacity 99593K, committed 99916K, reserved 1136640K
  class space    used 12619K, capacity 13543K, committed 13644K, reserved 1048576K
}
Event: 91.324 GC heap before
{Heap before GC invocations=113 (full 0):
 garbage-first heap   total 278528K, used 241437K [0x0000000080000000, 0x0000000100000000)
  region size 1024K, 136 young (139264K), 8 survivors (8192K)
 Metaspace       used 97167K, capacity 99593K, committed 99916K, reserved 1136640K
  class space    used 12619K, capacity 13543K, committed 13644K, reserved 1048576K
}
Event: 91.348 GC heap after
{Heap after GC invocations=114 (full 0):
 garbage-first heap   total 278528K, used 112133K [0x0000000080000000, 0x0000000100000000)
  region size 1024K, 10 young (10240K), 10 survivors (10240K)
 Metaspace       used 97167K, capacity 99593K, committed 99916K, reserved 1136640K
  class space    used 12619K, capacity 13543K, committed 13644K, reserved 1048576K
}
Event: 92.492 GC heap before
{Heap before GC invocations=114 (full 0):
 garbage-first heap   total 278528K, used 239109K [0x0000000080000000, 0x0000000100000000)
  region size 1024K, 134 young (137216K), 10 survivors (10240K)
 Metaspace       used 97205K, capacity 99596K, committed 99916K, reserved 1136640K
  class space    used 12619K, capacity 13543K, committed 13644K, reserved 1048576K
}
Event: 92.519 GC heap after
{Heap after GC invocations=115 (full 0):
 garbage-first heap   total 278528K, used 112757K [0x0000000080000000, 0x0000000100000000)
  region size 1024K, 10 young (10240K), 10 survivors (10240K)
 Metaspace       used 97205K, capacity 99596K, committed 99916K, reserved 1136640K
  class space    used 12619K, capacity 13543K, committed 13644K, reserved 1048576K
}
Event: 93.548 GC heap before
{Heap before GC invocations=115 (full 0):
 garbage-first heap   total 278528K, used 238709K [0x0000000080000000, 0x0000000100000000)
  region size 1024K, 133 young (136192K), 10 survivors (10240K)
 Metaspace       used 97218K, capacity 99724K, committed 99916K, reserved 1136640K
  class space    used 12619K, capacity 13543K, committed 13644K, reserved 1048576K
}
Event: 93.572 GC heap after
{Heap after GC invocations=116 (full 0):
 garbage-first heap   total 334848K, used 113559K [0x0000000080000000, 0x0000000100000000)
  region size 1024K, 10 young (10240K), 10 survivors (10240K)
 Metaspace       used 97218K, capacity 99724K, committed 99916K, reserved 1136640K
  class space    used 12619K, capacity 13543K, committed 13644K, reserved 1048576K
}

Deoptimization events (20 events):
Event: 92.433 Thread 0x0000028f72d29000 DEOPT PACKING pc=0x0000028f5aa7dc0b sp=0x0000009d8c8fa140
Event: 92.433 Thread 0x0000028f72d29000 DEOPT UNPACKING pc=0x0000028f585c71ce sp=0x0000009d8c8f9618 mode 0
Event: 92.489 Thread 0x0000028f72d29000 Uncommon trap: trap_request=0xffffff6e fr.pc=0x0000028f6046ab1c relative=0x000000000000073c
Event: 92.489 Thread 0x0000028f72d29000 Uncommon trap: reason=speculate_class_check action=maybe_recompile pc=0x0000028f6046ab1c method=sun.security.provider.DigestBase.implCompressMultiBlock([BII)I @ 11 c2
Event: 92.489 Thread 0x0000028f72d29000 DEOPT PACKING pc=0x0000028f6046ab1c sp=0x0000009d8c8fa400
Event: 92.489 Thread 0x0000028f72d29000 DEOPT UNPACKING pc=0x0000028f585c73af sp=0x0000009d8c8fa348 mode 2
Event: 93.293 Thread 0x0000028f72d34800 DEOPT PACKING pc=0x0000028f5a0aba8e sp=0x0000009d8cbf8c00
Event: 93.293 Thread 0x0000028f72d34800 DEOPT UNPACKING pc=0x0000028f585c71ce sp=0x0000009d8cbf8388 mode 0
Event: 93.443 Thread 0x0000028f72d30800 DEOPT PACKING pc=0x0000028f5a590a8c sp=0x0000009d8caf91e0
Event: 93.443 Thread 0x0000028f72d30800 DEOPT UNPACKING pc=0x0000028f585c71ce sp=0x0000009d8caf8680 mode 0
Event: 93.781 Thread 0x0000028f72d30800 DEOPT PACKING pc=0x0000028f5a5f1764 sp=0x0000009d8caf8cf0
Event: 93.781 Thread 0x0000028f72d30800 DEOPT UNPACKING pc=0x0000028f585c71ce sp=0x0000009d8caf84b8 mode 0
Event: 93.789 Thread 0x0000028f72d30800 Uncommon trap: trap_request=0xffffffbe fr.pc=0x0000028f606fd50c relative=0x0000000000006ccc
Event: 93.789 Thread 0x0000028f72d30800 Uncommon trap: reason=profile_predicate action=maybe_recompile pc=0x0000028f606fd50c method=com.android.tools.r8.ir.regalloc.a.a(Lcom/android/tools/r8/ir/regalloc/a$a;Z)Lcom/android/tools/r8/ir/regalloc/a$a; @ 987 c2
Event: 93.789 Thread 0x0000028f72d30800 DEOPT PACKING pc=0x0000028f606fd50c sp=0x0000009d8caf8fa0
Event: 93.789 Thread 0x0000028f72d30800 DEOPT UNPACKING pc=0x0000028f585c73af sp=0x0000009d8caf8fc8 mode 2
Event: 93.937 Thread 0x0000028f72d34800 Uncommon trap: trap_request=0xffffff4d fr.pc=0x0000028f6071da90 relative=0x0000000000004050
Event: 93.937 Thread 0x0000028f72d34800 Uncommon trap: reason=unstable_if action=reinterpret pc=0x0000028f6071da90 method=com.android.tools.r8.internal.W4.a(ILcom/android/tools/r8/internal/Le;)I @ 146 c2
Event: 93.937 Thread 0x0000028f72d34800 DEOPT PACKING pc=0x0000028f6071da90 sp=0x0000009d8cbf9110
Event: 93.937 Thread 0x0000028f72d34800 DEOPT UNPACKING pc=0x0000028f585c73af sp=0x0000009d8cbf9118 mode 2

Classes redefined (0 events):
No events

Internal exceptions (20 events):
Event: 70.219 Thread 0x0000028f72d29000 Exception <a 'java/lang/IncompatibleClassChangeError'{0x0000000087488bf8}: Found class java.lang.Object, but interface was expected> (0x0000000087488bf8) thrown at [./src/hotspot/share/interpreter/linkResolver.cpp, line 839]
Event: 70.293 Thread 0x0000028f72d30800 Exception <a 'java/lang/NoSuchMethodError'{0x0000000089a4c018}: 'void java.lang.invoke.DirectMethodHandle$Holder.invokeVirtual(java.lang.Object, java.lang.Object, int, java.lang.Object)'> (0x0000000089a4c018) thrown at [./src/hotspot/share/interpreter/linkResolver.cpp, line 773]
Event: 70.732 Thread 0x0000028f72d35000 Exception <a 'java/lang/NoSuchMethodError'{0x0000000088ffdce8}: 'java.lang.Object java.lang.invoke.DirectMethodHandle$Holder.newInvokeSpecial(java.lang.Object, int)'> (0x0000000088ffdce8) thrown at [./src/hotspot/share/interpreter/linkResolver.cpp, line 773]
Event: 70.740 Thread 0x0000028f72d34800 Exception <a 'java/lang/NoSuchMethodError'{0x0000000088f661a0}: 'java.lang.Object java.lang.invoke.DirectMethodHandle$Holder.newInvokeSpecial(java.lang.Object, int)'> (0x0000000088f661a0) thrown at [./src/hotspot/share/interpreter/linkResolver.cpp, line 773]
Event: 71.661 Thread 0x0000028f72d30800 Exception <a 'java/lang/NoSuchMethodError'{0x00000000886c57c8}: 'java.lang.Object java.lang.invoke.DirectMethodHandle$Holder.invokeInterface(java.lang.Object, java.lang.Object, int)'> (0x00000000886c57c8) thrown at [./src/hotspot/share/interpreter/linkResolver.cpp, line 773]
Event: 74.626 Thread 0x0000028f72d30800 Exception <a 'java/lang/NoSuchMethodError'{0x000000008905f500}: 'int java.lang.invoke.DirectMethodHandle$Holder.invokeInterface(java.lang.Object, java.lang.Object, int)'> (0x000000008905f500) thrown at [./src/hotspot/share/interpreter/linkResolver.cpp, line 773]
Event: 75.186 Thread 0x0000028f72d29000 Exception <a 'java/lang/NoSuchMethodError'{0x00000000897642c8}: 'void java.lang.invoke.DirectMethodHandle$Holder.invokeSpecial(java.lang.Object, java.lang.Object, int, java.lang.Object, java.lang.Object, java.lang.Object, java.lang.Object)'> (0x00000000897642c8) thrown at [./src/hotspot/share/interpreter/linkResolver.cpp, line 773]
Event: 75.190 Thread 0x0000028f72d29000 Exception <a 'java/lang/NoSuchMethodError'{0x00000000897a4930}: 'java.lang.Object java.lang.invoke.Invokers$Holder.linkToTargetMethod(java.lang.Object, int, java.lang.Object, java.lang.Object, java.lang.Object, java.lang.Object)'> (0x00000000897a4930) thrown at [./src/hotspot/share/interpreter/linkResolver.cpp, line 773]
Event: 75.191 Thread 0x0000028f72d29000 Exception <a 'java/lang/NoSuchMethodError'{0x00000000897a9050}: 'void java.lang.invoke.DirectMethodHandle$Holder.invokeSpecial(java.lang.Object, java.lang.Object, java.lang.Object, java.lang.Object, java.lang.Object, java.lang.Object, java.lang.Object, java.lang.Object, java.lang.Object)'> (0x00000000897a9050) thrown at [./src/hotspot/share/interpreter/linkResolver.cpp, line 773]
Event: 75.199 Thread 0x0000028f72d29000 Exception <a 'java/lang/NoSuchMethodError'{0x00000000897f88f0}: 'void java.lang.invoke.DirectMethodHandle$Holder.invokeStatic(java.lang.Object, java.lang.Object, java.lang.Object, java.lang.Object, java.lang.Object, java.lang.Object, java.lang.Object, java.lang.Object)'> (0x00000000897f88f0) thrown at [./src/hotspot/share/interpreter/linkResolver.cpp, line 773]
Event: 75.697 Thread 0x0000028f72d29000 Exception <a 'java/lang/IncompatibleClassChangeError'{0x00000000881e8738}: Found class java.lang.Object, but interface was expected> (0x00000000881e8738) thrown at [./src/hotspot/share/interpreter/linkResolver.cpp, line 839]
Event: 76.328 Thread 0x0000028f72d29000 Exception <a 'java/lang/NoSuchMethodError'{0x00000000888d8f98}: 'void java.lang.invoke.DirectMethodHandle$Holder.invokeVirtual(java.lang.Object, java.lang.Object, int)'> (0x00000000888d8f98) thrown at [./src/hotspot/share/interpreter/linkResolver.cpp, line 773]
Event: 76.742 Thread 0x0000028f72d29000 Exception <a 'sun/nio/fs/WindowsException'{0x0000000087db4da0}> (0x0000000087db4da0) thrown at [./src/hotspot/share/prims/jni.cpp, line 615]
Event: 77.361 Thread 0x0000028f72d29000 Exception <a 'java/lang/NoSuchMethodError'{0x000000008885d9a8}: 'void java.lang.invoke.DirectMethodHandle$Holder.invokeStatic(java.lang.Object, java.lang.Object, java.lang.Object, java.lang.Object, java.lang.Object, java.lang.Object, java.lang.Object)'> (0x000000008885d9a8) thrown at [./src/hotspot/share/interpreter/linkResolver.cpp, line 773]
Event: 79.131 Thread 0x0000028f72d29000 Exception <a 'sun/nio/fs/WindowsException'{0x000000008a70bd38}> (0x000000008a70bd38) thrown at [./src/hotspot/share/prims/jni.cpp, line 615]
Event: 87.165 Thread 0x0000028f72d30800 Implicit null exception at 0x0000028f60683eb0 to 0x0000028f60688ca4
Event: 88.472 Thread 0x0000028f72d29000 Exception <a 'sun/nio/fs/WindowsException'{0x0000000089201b48}> (0x0000000089201b48) thrown at [./src/hotspot/share/prims/jni.cpp, line 615]
Event: 89.642 Thread 0x0000028f72d29000 Exception <a 'sun/nio/fs/WindowsException'{0x000000008c6c4130}> (0x000000008c6c4130) thrown at [./src/hotspot/share/prims/jni.cpp, line 615]
Event: 92.562 Thread 0x0000028f72d29000 Exception <a 'sun/nio/fs/WindowsException'{0x0000000090981208}> (0x0000000090981208) thrown at [./src/hotspot/share/prims/jni.cpp, line 615]
Event: 93.011 Thread 0x0000028f72d29000 Exception <a 'sun/nio/fs/WindowsException'{0x000000008e39a0b8}> (0x000000008e39a0b8) thrown at [./src/hotspot/share/prims/jni.cpp, line 615]

Events (20 events):
Event: 88.386 loading class com/android/tools/r8/internal/pr done
Event: 88.388 loading class com/android/tools/r8/internal/pr
Event: 88.388 loading class com/android/tools/r8/internal/pr done
Event: 88.388 Executing VM operation: ICBufferFull
Event: 88.390 Executing VM operation: ICBufferFull done
Event: 88.605 Loaded shared library D:\androidstudio\jre\bin\zip.dll
Event: 88.617 Executing VM operation: G1CollectForAllocation
Event: 88.641 Executing VM operation: G1CollectForAllocation done
Event: 90.127 Executing VM operation: G1CollectForAllocation
Event: 90.149 Executing VM operation: G1CollectForAllocation done
Event: 91.323 Executing VM operation: G1CollectForAllocation
Event: 91.348 Executing VM operation: G1CollectForAllocation done
Event: 92.491 Executing VM operation: G1CollectForAllocation
Event: 92.520 Executing VM operation: G1CollectForAllocation done
Event: 93.548 Executing VM operation: G1CollectForAllocation
Event: 93.572 Executing VM operation: G1CollectForAllocation done
Event: 93.839 loading class com/android/tools/r8/code/G0
Event: 93.839 loading class com/android/tools/r8/code/G0 done
Event: 93.839 loading class com/android/tools/r8/code/G0
Event: 93.839 loading class com/android/tools/r8/code/G0 done


Dynamic libraries:
0x00007ff641cb0000 - 0x00007ff641cba000 	D:\androidstudio\jre\bin\java.exe
0x00007fff85e10000 - 0x00007fff86005000 	C:\WINDOWS\SYSTEM32\ntdll.dll
0x00007fff85c60000 - 0x00007fff85d1d000 	C:\WINDOWS\System32\KERNEL32.DLL
0x00007fff83900000 - 0x00007fff83bc9000 	C:\WINDOWS\System32\KERNELBASE.dll
0x00007fff83c50000 - 0x00007fff83d50000 	C:\WINDOWS\System32\ucrtbase.dll
0x00007fff55640000 - 0x00007fff55657000 	D:\androidstudio\jre\bin\VCRUNTIME140.dll
0x00007fff555d0000 - 0x00007fff555e9000 	D:\androidstudio\jre\bin\jli.dll
0x00007fff84750000 - 0x00007fff848f0000 	C:\WINDOWS\System32\USER32.dll
0x00007fff83c20000 - 0x00007fff83c42000 	C:\WINDOWS\System32\win32u.dll
0x00007fff85210000 - 0x00007fff8523a000 	C:\WINDOWS\System32\GDI32.dll
0x00007fff837f0000 - 0x00007fff838fb000 	C:\WINDOWS\System32\gdi32full.dll
0x00007fff83d50000 - 0x00007fff83ded000 	C:\WINDOWS\System32\msvcp_win.dll
0x00007fff717a0000 - 0x00007fff71a3a000 	C:\WINDOWS\WinSxS\amd64_microsoft.windows.common-controls_6595b64144ccf1df_6.0.19041.1110_none_60b5254171f9507e\COMCTL32.dll
0x00007fff84400000 - 0x00007fff8449e000 	C:\WINDOWS\System32\msvcrt.dll
0x00007fff84570000 - 0x00007fff845a0000 	C:\WINDOWS\System32\IMM32.DLL
0x00007fff409b0000 - 0x00007fff40a4d000 	D:\androidstudio\jre\bin\msvcp140.dll
0x00007fff2bbf0000 - 0x00007fff2c6bf000 	D:\androidstudio\jre\bin\server\jvm.dll
0x00007fff83f90000 - 0x00007fff8403c000 	C:\WINDOWS\System32\ADVAPI32.dll
0x00007fff85240000 - 0x00007fff852db000 	C:\WINDOWS\System32\sechost.dll
0x00007fff845c0000 - 0x00007fff846ea000 	C:\WINDOWS\System32\RPCRT4.dll
0x00007fff84040000 - 0x00007fff84048000 	C:\WINDOWS\System32\PSAPI.DLL
0x00007fff75330000 - 0x00007fff75339000 	C:\WINDOWS\SYSTEM32\WSOCK32.dll
0x00007fff85a20000 - 0x00007fff85a8b000 	C:\WINDOWS\System32\WS2_32.dll
0x00007fff794c0000 - 0x00007fff794e7000 	C:\WINDOWS\SYSTEM32\WINMM.dll
0x00007fff794f0000 - 0x00007fff794fa000 	C:\WINDOWS\SYSTEM32\VERSION.dll
0x00007fff81e10000 - 0x00007fff81e22000 	C:\WINDOWS\SYSTEM32\kernel.appcore.dll
0x00007fff5a370000 - 0x00007fff5a381000 	D:\androidstudio\jre\bin\verify.dll
0x00007fff80e00000 - 0x00007fff80fe4000 	C:\WINDOWS\SYSTEM32\DBGHELP.DLL
0x00007fff724d0000 - 0x00007fff724fc000 	C:\WINDOWS\SYSTEM32\dbgcore.DLL
0x00007fff83df0000 - 0x00007fff83e73000 	C:\WINDOWS\System32\bcryptPrimitives.dll
0x00007fff4e130000 - 0x00007fff4e159000 	D:\androidstudio\jre\bin\java.dll
0x00007fff74ba0000 - 0x00007fff74bab000 	D:\androidstudio\jre\bin\jimage.dll
0x00007fff53ab0000 - 0x00007fff53ac8000 	D:\androidstudio\jre\bin\zip.dll
0x00007fff852e0000 - 0x00007fff85a1f000 	C:\WINDOWS\System32\SHELL32.dll
0x00007fff81300000 - 0x00007fff81a91000 	C:\WINDOWS\SYSTEM32\windows.storage.dll
0x00007fff84eb0000 - 0x00007fff85205000 	C:\WINDOWS\System32\combase.dll
0x00007fff82f50000 - 0x00007fff82f7c000 	C:\WINDOWS\SYSTEM32\Wldp.dll
0x00007fff85d20000 - 0x00007fff85dce000 	C:\WINDOWS\System32\SHCORE.dll
0x00007fff84200000 - 0x00007fff84255000 	C:\WINDOWS\System32\shlwapi.dll
0x00007fff83490000 - 0x00007fff834af000 	C:\WINDOWS\SYSTEM32\profapi.dll
0x00007fff4e660000 - 0x00007fff4e67a000 	D:\androidstudio\jre\bin\net.dll
0x00007fff765d0000 - 0x00007fff766da000 	C:\WINDOWS\SYSTEM32\WINHTTP.dll
0x00007fff82c50000 - 0x00007fff82cba000 	C:\WINDOWS\system32\mswsock.dll
0x00007fff4e110000 - 0x00007fff4e124000 	D:\androidstudio\jre\bin\nio.dll
0x00007fff41920000 - 0x00007fff41947000 	C:\Users\WINDOWS 10\.gradle\native\8bec1ad78214c89d9ad589b4d07fe93259594b29d510b10fafb7a158f7737e5d\windows-amd64\native-platform.dll
0x00007fff2b750000 - 0x00007fff2b88d000 	C:\Users\WINDOWS 10\.gradle\native\53dbd7edfb1c66fb8903c78663c9afc45aea4f116125fa6feffd364cf09443e8\windows-amd64\native-platform-file-events.dll
0x00007fff73e10000 - 0x00007fff73e1a000 	D:\androidstudio\jre\bin\management.dll
0x00007fff73940000 - 0x00007fff7394c000 	D:\androidstudio\jre\bin\management_ext.dll
0x00007fff82e40000 - 0x00007fff82e58000 	C:\WINDOWS\SYSTEM32\CRYPTSP.dll
0x00007fff825f0000 - 0x00007fff82624000 	C:\WINDOWS\system32\rsaenh.dll
0x00007fff83710000 - 0x00007fff83737000 	C:\WINDOWS\System32\bcrypt.dll
0x00007fff83450000 - 0x00007fff8347e000 	C:\WINDOWS\SYSTEM32\USERENV.dll
0x00007fff82e30000 - 0x00007fff82e3c000 	C:\WINDOWS\SYSTEM32\CRYPTBASE.dll
0x00007fff82940000 - 0x00007fff8297b000 	C:\WINDOWS\SYSTEM32\IPHLPAPI.DLL
0x00007fff843f0000 - 0x00007fff843f8000 	C:\WINDOWS\System32\NSI.dll
0x00007fff75ce0000 - 0x00007fff75cf7000 	C:\WINDOWS\SYSTEM32\dhcpcsvc6.DLL
0x00007fff76770000 - 0x00007fff7678d000 	C:\WINDOWS\SYSTEM32\dhcpcsvc.DLL
0x00007fff82980000 - 0x00007fff82a4c000 	C:\WINDOWS\SYSTEM32\DNSAPI.dll

dbghelp: loaded successfully - version: 4.0.5 - missing functions: none
symbol engine: initialized successfully - sym options: 0x614 - pdb path: .;D:\androidstudio\jre\bin;C:\WINDOWS\SYSTEM32;C:\WINDOWS\WinSxS\amd64_microsoft.windows.common-controls_6595b64144ccf1df_6.0.19041.1110_none_60b5254171f9507e;D:\androidstudio\jre\bin\server;C:\Users\WINDOWS 10\.gradle\native\8bec1ad78214c89d9ad589b4d07fe93259594b29d510b10fafb7a158f7737e5d\windows-amd64;C:\Users\WINDOWS 10\.gradle\native\53dbd7edfb1c66fb8903c78663c9afc45aea4f116125fa6feffd364cf09443e8\windows-amd64

VM Arguments:
jvm_args: --add-opens=java.base/java.util=ALL-UNNAMED --add-opens=java.base/java.lang=ALL-UNNAMED --add-opens=java.base/java.lang.invoke=ALL-UNNAMED --add-opens=java.base/java.util=ALL-UNNAMED --add-opens=java.prefs/java.util.prefs=ALL-UNNAMED --add-opens=java.prefs/java.util.prefs=ALL-UNNAMED --add-opens=java.base/java.nio.charset=ALL-UNNAMED --add-opens=java.base/java.net=ALL-UNNAMED --add-opens=java.base/java.util.concurrent.atomic=ALL-UNNAMED -Xmx2048m -Dfile.encoding=UTF-8 -Duser.country=ID -Duser.language=in -Duser.variant 
java_command: org.gradle.launcher.daemon.bootstrap.GradleDaemon 7.0.2
java_class_path (initial): C:\Users\WINDOWS 10\.gradle\wrapper\dists\gradle-7.0.2-bin\857tjihv64xamwrf0h14cai3r\gradle-7.0.2\lib\gradle-launcher-7.0.2.jar
Launcher Type: SUN_STANDARD

[Global flags]
     intx CICompilerCount                          = 3                                         {product} {ergonomic}
     uint ConcGCThreads                            = 1                                         {product} {ergonomic}
     uint G1ConcRefinementThreads                  = 4                                         {product} {ergonomic}
   size_t G1HeapRegionSize                         = 1048576                                   {product} {ergonomic}
    uintx GCDrainStackTargetSize                   = 64                                        {product} {ergonomic}
   size_t InitialHeapSize                          = 65011712                                  {product} {ergonomic}
   size_t MarkStackSize                            = 4194304                                   {product} {ergonomic}
   size_t MaxHeapSize                              = 2147483648                                {product} {command line}
   size_t MaxNewSize                               = 1287651328                                {product} {ergonomic}
   size_t MinHeapDeltaBytes                        = 1048576                                   {product} {ergonomic}
    uintx NonNMethodCodeHeapSize                   = 5830732                                {pd product} {ergonomic}
    uintx NonProfiledCodeHeapSize                  = 122913754                              {pd product} {ergonomic}
    uintx ProfiledCodeHeapSize                     = 122913754                              {pd product} {ergonomic}
    uintx ReservedCodeCacheSize                    = 251658240                              {pd product} {ergonomic}
     bool SegmentedCodeCache                       = true                                      {product} {ergonomic}
     bool UseCompressedClassPointers               = true                                 {lp64_product} {ergonomic}
     bool UseCompressedOops                        = true                                 {lp64_product} {ergonomic}
     bool UseG1GC                                  = true                                      {product} {ergonomic}
     bool UseLargePagesIndividualAllocation        = false                                  {pd product} {ergonomic}

Logging:
Log output configuration:
 #0: stdout all=warning uptime,level,tags
 #1: stderr all=off uptime,level,tags

Environment Variables:
PATH=C:\Program Files (x86)\Borland\Delphi7\Bin;C:\Program Files (x86)\Borland\Delphi7\Projects\Bpl\;C:\Program Files (x86)\Common Files\Oracle\Java\javapath;C:\Program Files (x86)\Common Files\Intel\Shared Files\cpp\bin\Intel64;C:\WINDOWS\system32;C:\WINDOWS;C:\WINDOWS\System32\Wbem;C:\WINDOWS\System32\WindowsPowerShell\v1.0\;C:\WINDOWS\System32\OpenSSH\;C:\Program Files\Intel\WiFi\bin\;C:\Program Files\Common Files\Intel\WirelessCommon\;C:\Program Files (x86)\Java\jdk1.7.0_67\bin;C:\Program Files\MATLAB\MATLAB Production Server\R2015a\runtime\win64;C:\Program Files\MATLAB\MATLAB Production Server\R2015a\bin;C:\Program Files\MATLAB\MATLAB Production Server\R2015a\polyspace\bin;C:\xampp\php;C:\ProgramData\ComposerSetup\bin;C:\Program Files\Microsoft SQL Server\110\Tools\Binn\;C:\Program Files\nodejs\;C:\Program Files\Git\cmd;C:\Program Files (x86)\Windows Kits\8.1\Windows Performance Toolkit\;C:\Program Files\Microsoft SQL Server\Client SDK\ODBC\110\Tools\Binn\;C:\Program Files (x86)\Microsoft SQL Server\120\Tools\Binn\;C:\Program Files\Microsoft SQL Server\120\Tools\Binn\;C:\Program Files\Microsoft SQL Server\120\DTS\Binn\;C:\Program Files (x86)\Microsoft SQL Server\120\Tools\Binn\ManagementStudio\;C:\Program Files (x86)\Microsoft SQL Server\120\DTS\Binn\;C:\Users\WINDOWS 10\AppData\Local\Microsoft\WindowsApps;C:\Program Files (x86)\Java\jdk1.7.0_67\bin;C:\Users\WINDOWS 10\AppData\Roaming\Composer\vendor\bin;;C:\Users\WINDOWS 10\AppData\Local\Programs\Microsoft VS Code\bin;C:\Users\WINDOWS 10\AppData\Roaming\npm
USERNAME=WINDOWS 10
OS=Windows_NT
PROCESSOR_IDENTIFIER=AMD64 Family 21 Model 101 Stepping 1, AuthenticAMD



---------------  S Y S T E M  ---------------

OS: Windows 10 , 64 bit Build 19041 (10.0.19041.1023)
OS uptime: 2 days 22:32 hours

CPU:total 4 (initial active 4) (4 cores per cpu, 1 threads per core) family 21 model 101 stepping 1 microcode 0x0, cmov, cx8, fxsr, mmx, sse, sse2, sse3, ssse3, sse4.1, sse4.2, popcnt, avx, avx2, aes, clmul, mmxext, 3dnowpref, lzcnt, sse4a, tsc, tscinvbit, tscinv, bmi1, bmi2, fma

Memory: 4k page, system-wide physical 3967M (256M free)
TotalPageFile size 8580M (AvailPageFile size 12M)
current process WorkingSet (physical memory assigned to process): 572M, peak: 572M
current process commit charge ("private bytes"): 670M, peak: 670M

vm_info: OpenJDK 64-Bit Server VM (11.0.10+0-b96-7249189) for windows-amd64 JRE (11.0.10+0-b96-7249189), built on Mar 31 2021 21:44:00 by "builder" with MS VC++ 14.0 (VS2015)

END.
