#
# There is insufficient memory for the Java Runtime Environment to continue.
# Native memory allocation (mmap) failed to map 35651584 bytes for Failed to commit area from 0x000000008a800000 to 0x000000008ca00000 of length 35651584.
# Possible reasons:
#   The system is out of physical RAM or swap space
#   The process is running with CompressedOops enabled, and the Java Heap may be blocking the growth of the native heap
# Possible solutions:
#   Reduce memory load on the system
#   Increase physical memory or swap space
#   Check if swap backing store is full
#   Decrease Java heap size (-Xmx/-Xms)
#   Decrease number of Java threads
#   Decrease Java thread stack sizes (-Xss)
#   Set larger code cache with -XX:ReservedCodeCacheSize=
#   JVM is running with Unscaled Compressed Oops mode in which the Java heap is
#     placed in the first 4GB address space. The Java Heap base address is the
#     maximum limit for the native heap growth. Please use -XX:HeapBaseMinAddress
#     to set the Java Heap base and to place the Java Heap above 4GB virtual address.
# This output file may be truncated or incomplete.
#
#  Out of Memory Error (./src/hotspot/os/windows/os_windows.cpp:3301), pid=11496, tid=3324
#
# JRE version: OpenJDK Runtime Environment (11.0.10) (build 11.0.10+0-b96-7249189)
# Java VM: OpenJDK 64-Bit Server VM (11.0.10+0-b96-7249189, mixed mode, tiered, compressed oops, g1 gc, windows-amd64)
# No core dump will be written. Minidumps are not enabled by default on client versions of Windows
#

---------------  S U M M A R Y ------------

Command Line: --add-opens=java.base/java.util=ALL-UNNAMED --add-opens=java.base/java.lang=ALL-UNNAMED --add-opens=java.base/java.lang.invoke=ALL-UNNAMED --add-opens=java.base/java.util=ALL-UNNAMED --add-opens=java.prefs/java.util.prefs=ALL-UNNAMED --add-opens=java.prefs/java.util.prefs=ALL-UNNAMED --add-opens=java.base/java.nio.charset=ALL-UNNAMED --add-opens=java.base/java.net=ALL-UNNAMED --add-opens=java.base/java.util.concurrent.atomic=ALL-UNNAMED -Xmx2048m -Dfile.encoding=UTF-8 -Duser.country=ID -Duser.language=in -Duser.variant org.gradle.launcher.daemon.bootstrap.GradleDaemon 7.0.2

Host: AMD A12-9720P RADEON R7, 12 COMPUTE CORES 4C+8G, 4 cores, 3G,  Windows 10 , 64 bit Build 19041 (10.0.19041.1023)
Time: Mon Oct  4 17:51:46 2021 SE Asia Standard Time elapsed time: 59.721607 seconds (0d 0h 0m 59s)

---------------  T H R E A D  ---------------

Current thread (0x0000024536f89800):  VMThread "VM Thread" [stack: 0x000000e744e00000,0x000000e744f00000] [id=3324]

Stack: [0x000000e744e00000,0x000000e744f00000]
[error occurred during error reporting (printing stack bounds), id 0xc0000005, EXCEPTION_ACCESS_VIOLATION (0xc0000005) at pc=0x00000245207b0f2d]

Native frames: (J=compiled Java code, j=interpreted, Vv=VM code, C=native code)
V  [jvm.dll+0x5ecfaa]
V  [jvm.dll+0x722bd5]
V  [jvm.dll+0x72412d]
V  [jvm.dll+0x724745]
V  [jvm.dll+0x7246fb]
V  [jvm.dll+0x5ec348]
V  [jvm.dll+0x5ecad8]
C  [ntdll.dll+0xa217f]
C  [ntdll.dll+0x51454]
C  [ntdll.dll+0xa0cae]
C  0x00000245207b0f2d

VM_Operation (0x000000e7479fa440): G1CollectForAllocation, mode: safepoint, requested by thread 0x0000024537c36800


---------------  P R O C E S S  ---------------

Threads class SMR info:
_java_thread_list=0x000002453dc2d5b0, length=48, elements={
0x000002451ccba000, 0x0000024536f8f800, 0x0000024536f91000, 0x0000024536fe9800,
0x0000024536feb000, 0x0000024536fec800, 0x0000024536ff2000, 0x0000024536ffc800,
0x0000024537005800, 0x0000024537a52800, 0x0000024538f90000, 0x0000024539fd0800,
0x000002453910d000, 0x0000024537f0d800, 0x0000024537f10000, 0x0000024537f0c000,
0x0000024537f0f000, 0x0000024537f0e800, 0x0000024537f0c800, 0x0000024537f11000,
0x0000024537f11800, 0x0000024537f12800, 0x000002453886f000, 0x0000024538870000,
0x000002453886b800, 0x000002453886c800, 0x0000024538873000, 0x000002453886e000,
0x0000024538870800, 0x0000024538872000, 0x0000024538875800, 0x0000024538876800,
0x0000024538874000, 0x0000024538879000, 0x000002453887a800, 0x0000024538878000,
0x0000024538879800, 0x0000024537c36000, 0x0000024537c30000, 0x0000024537c36800,
0x0000024537c34000, 0x0000024537c35000, 0x0000024537c32000, 0x0000024537c31000,
0x0000024537c37800, 0x0000024537c33800, 0x0000024537c38800, 0x0000024537c32800
}

Java Threads: ( => current thread )
  0x000002451ccba000 JavaThread "main" [_thread_blocked, id=16180, stack(0x000000e744800000,0x000000e744900000)]
  0x0000024536f8f800 JavaThread "Reference Handler" daemon [_thread_blocked, id=21932, stack(0x000000e744f00000,0x000000e745000000)]
  0x0000024536f91000 JavaThread "Finalizer" daemon [_thread_blocked, id=16388, stack(0x000000e745000000,0x000000e745100000)]
  0x0000024536fe9800 JavaThread "Signal Dispatcher" daemon [_thread_blocked, id=20796, stack(0x000000e745100000,0x000000e745200000)]
  0x0000024536feb000 JavaThread "Attach Listener" daemon [_thread_blocked, id=10640, stack(0x000000e745200000,0x000000e745300000)]
  0x0000024536fec800 JavaThread "Service Thread" daemon [_thread_blocked, id=19504, stack(0x000000e745300000,0x000000e745400000)]
  0x0000024536ff2000 JavaThread "C2 CompilerThread0" daemon [_thread_in_native, id=19272, stack(0x000000e745400000,0x000000e745500000)]
  0x0000024536ffc800 JavaThread "C1 CompilerThread0" daemon [_thread_blocked, id=14236, stack(0x000000e745500000,0x000000e745600000)]
  0x0000024537005800 JavaThread "Sweeper thread" daemon [_thread_blocked, id=16816, stack(0x000000e745600000,0x000000e745700000)]
  0x0000024537a52800 JavaThread "Common-Cleaner" daemon [_thread_blocked, id=848, stack(0x000000e745700000,0x000000e745800000)]
  0x0000024538f90000 JavaThread "Daemon health stats" [_thread_blocked, id=16864, stack(0x000000e745900000,0x000000e745a00000)]
  0x0000024539fd0800 JavaThread "Incoming local TCP Connector on port 3904" [_thread_in_native, id=20496, stack(0x000000e745b00000,0x000000e745c00000)]
  0x000002453910d000 JavaThread "Daemon periodic checks" [_thread_blocked, id=12316, stack(0x000000e745c00000,0x000000e745d00000)]
  0x0000024537f0d800 JavaThread "Daemon" [_thread_blocked, id=4444, stack(0x000000e745d00000,0x000000e745e00000)]
  0x0000024537f10000 JavaThread "Handler for socket connection from /127.0.0.1:3904 to /127.0.0.1:3905" [_thread_in_native, id=6524, stack(0x000000e745e00000,0x000000e745f00000)]
  0x0000024537f0c000 JavaThread "Cancel handler" [_thread_blocked, id=19232, stack(0x000000e745f00000,0x000000e746000000)]
  0x0000024537f0f000 JavaThread "Daemon worker" [_thread_blocked, id=14728, stack(0x000000e746000000,0x000000e746100000)]
  0x0000024537f0e800 JavaThread "Asynchronous log dispatcher for DefaultDaemonConnection: socket connection from /127.0.0.1:3904 to /127.0.0.1:3905" [_thread_blocked, id=18348, stack(0x000000e746100000,0x000000e746200000)]
  0x0000024537f0c800 JavaThread "Stdin handler" [_thread_blocked, id=21892, stack(0x000000e746200000,0x000000e746300000)]
  0x0000024537f11000 JavaThread "Daemon client event forwarder" [_thread_blocked, id=17692, stack(0x000000e746300000,0x000000e746400000)]
  0x0000024537f11800 JavaThread "Cache worker for file hash cache (C:\Users\WINDOWS 10\.gradle\caches\7.0.2\fileHashes)" [_thread_blocked, id=1152, stack(0x000000e746600000,0x000000e746700000)]
  0x0000024537f12800 JavaThread "File lock request listener" [_thread_in_native, id=18740, stack(0x000000e746700000,0x000000e746800000)]
  0x000002453886f000 JavaThread "Cache worker for journal cache (C:\Users\WINDOWS 10\.gradle\caches\journal-1)" [_thread_blocked, id=11032, stack(0x000000e746800000,0x000000e746900000)]
  0x0000024538870000 JavaThread "Cache worker for file hash cache (D:\androidstudio_projects\.gradle\7.0.2\fileHashes)" [_thread_blocked, id=20296, stack(0x000000e746900000,0x000000e746a00000)]
  0x000002453886b800 JavaThread "File watcher server" daemon [_thread_blocked, id=20384, stack(0x000000e746a00000,0x000000e746b00000)]
  0x000002453886c800 JavaThread "File watcher consumer" daemon [_thread_blocked, id=15716, stack(0x000000e746b00000,0x000000e746c00000)]
  0x0000024538873000 JavaThread "Cache worker for checksums cache (D:\androidstudio_projects\.gradle\checksums)" [_thread_blocked, id=21472, stack(0x000000e746c00000,0x000000e746d00000)]
  0x000002453886e000 JavaThread "Cache worker for cache directory md-supplier (C:\Users\WINDOWS 10\.gradle\caches\7.0.2\md-supplier)" [_thread_blocked, id=18628, stack(0x000000e746d00000,0x000000e746e00000)]
  0x0000024538870800 JavaThread "Cache worker for cache directory md-rule (C:\Users\WINDOWS 10\.gradle\caches\7.0.2\md-rule)" [_thread_blocked, id=21980, stack(0x000000e746e00000,0x000000e746f00000)]
  0x0000024538872000 JavaThread "Cache worker for execution history cache (C:\Users\WINDOWS 10\.gradle\caches\7.0.2\executionHistory)" [_thread_blocked, id=19804, stack(0x000000e746f00000,0x000000e747000000)]
  0x0000024538875800 JavaThread "jar transforms" [_thread_blocked, id=10632, stack(0x000000e747000000,0x000000e747100000)]
  0x0000024538876800 JavaThread "jar transforms Thread 2" [_thread_blocked, id=18484, stack(0x000000e747100000,0x000000e747200000)]
  0x0000024538874000 JavaThread "Cache worker for file content cache (C:\Users\WINDOWS 10\.gradle\caches\7.0.2\fileContent)" [_thread_blocked, id=22372, stack(0x000000e747200000,0x000000e747300000)]
  0x0000024538879000 JavaThread "Cache worker for dependencies-accessors (D:\androidstudio_projects\.gradle\7.0.2\dependencies-accessors)" [_thread_blocked, id=9728, stack(0x000000e747300000,0x000000e747400000)]
  0x000002453887a800 JavaThread "jar transforms Thread 3" [_thread_blocked, id=8964, stack(0x000000e747400000,0x000000e747500000)]
  0x0000024538878000 JavaThread "Cache worker for Build Output Cleanup Cache (D:\androidstudio_projects\.gradle\buildOutputCleanup)" [_thread_blocked, id=15540, stack(0x000000e747500000,0x000000e747600000)]
  0x0000024538879800 JavaThread "Build operations" [_thread_blocked, id=7016, stack(0x000000e747600000,0x000000e747700000)]
  0x0000024537c36000 JavaThread "Build operations Thread 2" [_thread_blocked, id=9784, stack(0x000000e747700000,0x000000e747800000)]
  0x0000024537c30000 JavaThread "Build operations Thread 3" [_thread_blocked, id=14760, stack(0x000000e747800000,0x000000e747900000)]
  0x0000024537c36800 JavaThread "Build operations Thread 4" [_thread_blocked, id=14996, stack(0x000000e747900000,0x000000e747a00000)]
  0x0000024537c34000 JavaThread "jar transforms Thread 4" [_thread_blocked, id=15408, stack(0x000000e747a00000,0x000000e747b00000)]
  0x0000024537c35000 JavaThread "Memory manager" [_thread_blocked, id=15972, stack(0x000000e747b00000,0x000000e747c00000)]
  0x0000024537c32000 JavaThread "build event listener" [_thread_blocked, id=14416, stack(0x000000e747e00000,0x000000e747f00000)]
  0x0000024537c31000 JavaThread "Execution worker for ':'" [_thread_blocked, id=20932, stack(0x000000e747f00000,0x000000e748000000)]
  0x0000024537c37800 JavaThread "Execution worker for ':' Thread 2" [_thread_blocked, id=21364, stack(0x000000e748000000,0x000000e748100000)]
  0x0000024537c33800 JavaThread "Execution worker for ':' Thread 3" [_thread_blocked, id=18760, stack(0x000000e748100000,0x000000e748200000)]
  0x0000024537c38800 JavaThread "Cache worker for execution history cache (D:\androidstudio_projects\.gradle\7.0.2\executionHistory)" [_thread_blocked, id=18172, stack(0x000000e748200000,0x000000e748300000)]
  0x0000024537c32800 JavaThread "WorkerExecutor Queue" [_thread_blocked, id=18696, stack(0x000000e748300000,0x000000e748400000)]

Other Threads:
=>0x0000024536f89800 VMThread "VM Thread" [stack: 0x000000e744e00000,0x000000e744f00000] [id=3324]
  0x0000024537a7b800 WatcherThread [stack: 0x000000e745800000,0x000000e745900000] [id=3660]
  0x000002451ccd4000 GCTaskThread "GC Thread#0" [stack: 0x000000e744900000,0x000000e744a00000] [id=20332]
  0x0000024537de4000 GCTaskThread "GC Thread#1" [stack: 0x000000e745a00000,0x000000e745b00000] [id=19876]
  0x0000024538e55000 GCTaskThread "GC Thread#2" [stack: 0x000000e746400000,0x000000e746500000] [id=13956]
  0x0000024539041000 GCTaskThread "GC Thread#3" [stack: 0x000000e746500000,0x000000e746600000] [id=21360]
  0x000002451cd04800 ConcurrentGCThread "G1 Main Marker" [stack: 0x000000e744a00000,0x000000e744b00000] [id=15364]
  0x000002451cd06000 ConcurrentGCThread "G1 Conc#0" [stack: 0x000000e744b00000,0x000000e744c00000] [id=21388]
  0x000002451cd60000 ConcurrentGCThread "G1 Refine#0" [stack: 0x000000e744c00000,0x000000e744d00000] [id=21276]
  0x000002451cd61000 ConcurrentGCThread "G1 Young RemSet Sampling" [stack: 0x000000e744d00000,0x000000e744e00000] [id=15700]

Threads with active compile tasks:
C2 CompilerThread0  59786 12534 %     4       com.android.tools.r8.ir.regalloc.a::a @ 2204 (3985 bytes)
C1 CompilerThread0  59787 12867       2       com.android.tools.r8.graph.S::a (48 bytes)

VM state:at safepoint (normal execution)

VM Mutex/Monitor currently owned by a thread:  ([mutex/lock_event])
[0x000002451ccb8810] Threads_lock - owner thread: 0x0000024536f89800
[0x000002451ccb7fa0] Heap_lock - owner thread: 0x0000024537c36800

Heap address: 0x0000000080000000, size: 2048 MB, Compressed Oops mode: 32-bit
Narrow klass base: 0x0000000000000000, Narrow klass shift: 3
Compressed class space size: 1073741824 Address: 0x0000000100000000

Heap:
 garbage-first heap   total 206848K, used 101519K [0x0000000080000000, 0x0000000100000000)
  region size 1024K, 3 young (3072K), 3 survivors (3072K)
 Metaspace       used 96013K, capacity 98452K, committed 98764K, reserved 1134592K
  class space    used 12513K, capacity 13416K, committed 13516K, reserved 1048576K
Heap Regions: E=young(eden), S=young(survivor), O=old, HS=humongous(starts), HC=humongous(continues), CS=collection set, F=free, A=archive, TAMS=top-at-mark-start (previous, next)
|   0|0x0000000080000000, 0x0000000080100000, 0x0000000080100000|100%| O|  |TAMS 0x0000000080100000, 0x0000000080100000| Untracked 
|   1|0x0000000080100000, 0x0000000080200000, 0x0000000080200000|100%| O|  |TAMS 0x0000000080200000, 0x0000000080200000| Untracked 
|   2|0x0000000080200000, 0x0000000080300000, 0x0000000080300000|100%| O|  |TAMS 0x0000000080300000, 0x0000000080300000| Untracked 
|   3|0x0000000080300000, 0x0000000080400000, 0x0000000080400000|100%|HS|  |TAMS 0x0000000080400000, 0x0000000080400000| Complete 
|   4|0x0000000080400000, 0x0000000080500000, 0x0000000080500000|100%|HC|  |TAMS 0x0000000080500000, 0x0000000080500000| Complete 
|   5|0x0000000080500000, 0x0000000080600000, 0x0000000080600000|100%|HC|  |TAMS 0x0000000080600000, 0x0000000080600000| Complete 
|   6|0x0000000080600000, 0x0000000080700000, 0x0000000080700000|100%| O|  |TAMS 0x0000000080700000, 0x0000000080700000| Untracked 
|   7|0x0000000080700000, 0x0000000080800000, 0x0000000080800000|100%| O|  |TAMS 0x0000000080800000, 0x0000000080800000| Untracked 
|   8|0x0000000080800000, 0x0000000080900000, 0x0000000080900000|100%| O|  |TAMS 0x0000000080900000, 0x0000000080900000| Untracked 
|   9|0x0000000080900000, 0x0000000080a00000, 0x0000000080a00000|100%| O|  |TAMS 0x0000000080a00000, 0x0000000080a00000| Untracked 
|  10|0x0000000080a00000, 0x0000000080b00000, 0x0000000080b00000|100%| O|  |TAMS 0x0000000080b00000, 0x0000000080b00000| Untracked 
|  11|0x0000000080b00000, 0x0000000080c00000, 0x0000000080c00000|100%| O|  |TAMS 0x0000000080c00000, 0x0000000080c00000| Untracked 
|  12|0x0000000080c00000, 0x0000000080d00000, 0x0000000080d00000|100%| O|  |TAMS 0x0000000080d00000, 0x0000000080d00000| Untracked 
|  13|0x0000000080d00000, 0x0000000080e00000, 0x0000000080e00000|100%| O|  |TAMS 0x0000000080e00000, 0x0000000080e00000| Untracked 
|  14|0x0000000080e00000, 0x0000000080f00000, 0x0000000080f00000|100%| O|  |TAMS 0x0000000080f00000, 0x0000000080f00000| Untracked 
|  15|0x0000000080f00000, 0x0000000081000000, 0x0000000081000000|100%| O|  |TAMS 0x0000000081000000, 0x0000000081000000| Untracked 
|  16|0x0000000081000000, 0x0000000081100000, 0x0000000081100000|100%| O|  |TAMS 0x0000000081100000, 0x0000000081100000| Untracked 
|  17|0x0000000081100000, 0x0000000081200000, 0x0000000081200000|100%| O|  |TAMS 0x0000000081200000, 0x0000000081200000| Untracked 
|  18|0x0000000081200000, 0x0000000081300000, 0x0000000081300000|100%| O|  |TAMS 0x0000000081300000, 0x0000000081300000| Untracked 
|  19|0x0000000081300000, 0x0000000081400000, 0x0000000081400000|100%| O|  |TAMS 0x0000000081400000, 0x0000000081400000| Untracked 
|  20|0x0000000081400000, 0x0000000081500000, 0x0000000081500000|100%| O|  |TAMS 0x0000000081500000, 0x0000000081500000| Untracked 
|  21|0x0000000081500000, 0x0000000081600000, 0x0000000081600000|100%| O|  |TAMS 0x0000000081600000, 0x0000000081600000| Untracked 
|  22|0x0000000081600000, 0x0000000081700000, 0x0000000081700000|100%| O|  |TAMS 0x0000000081700000, 0x0000000081700000| Untracked 
|  23|0x0000000081700000, 0x0000000081800000, 0x0000000081800000|100%| O|  |TAMS 0x0000000081800000, 0x0000000081800000| Untracked 
|  24|0x0000000081800000, 0x0000000081900000, 0x0000000081900000|100%| O|  |TAMS 0x0000000081900000, 0x0000000081900000| Untracked 
|  25|0x0000000081900000, 0x0000000081a00000, 0x0000000081a00000|100%| O|  |TAMS 0x0000000081a00000, 0x0000000081a00000| Untracked 
|  26|0x0000000081a00000, 0x0000000081b00000, 0x0000000081b00000|100%| O|  |TAMS 0x0000000081b00000, 0x0000000081b00000| Untracked 
|  27|0x0000000081b00000, 0x0000000081c00000, 0x0000000081c00000|100%| O|  |TAMS 0x0000000081c00000, 0x0000000081c00000| Untracked 
|  28|0x0000000081c00000, 0x0000000081d00000, 0x0000000081d00000|100%| O|  |TAMS 0x0000000081d00000, 0x0000000081d00000| Untracked 
|  29|0x0000000081d00000, 0x0000000081e00000, 0x0000000081e00000|100%|HS|  |TAMS 0x0000000081e00000, 0x0000000081e00000| Complete 
|  30|0x0000000081e00000, 0x0000000081f00000, 0x0000000081f00000|100%|HS|  |TAMS 0x0000000081f00000, 0x0000000081f00000| Complete 
|  31|0x0000000081f00000, 0x0000000082000000, 0x0000000082000000|100%| O|  |TAMS 0x0000000082000000, 0x0000000082000000| Untracked 
|  32|0x0000000082000000, 0x0000000082100000, 0x0000000082100000|100%| O|  |TAMS 0x0000000082100000, 0x0000000082100000| Untracked 
|  33|0x0000000082100000, 0x0000000082200000, 0x0000000082200000|100%| O|  |TAMS 0x0000000082200000, 0x0000000082200000| Untracked 
|  34|0x0000000082200000, 0x0000000082300000, 0x0000000082300000|100%|HS|  |TAMS 0x0000000082300000, 0x0000000082300000| Complete 
|  35|0x0000000082300000, 0x0000000082400000, 0x0000000082400000|100%|HC|  |TAMS 0x0000000082400000, 0x0000000082400000| Complete 
|  36|0x0000000082400000, 0x0000000082500000, 0x0000000082500000|100%| O|  |TAMS 0x0000000082500000, 0x0000000082500000| Untracked 
|  37|0x0000000082500000, 0x0000000082600000, 0x0000000082600000|100%| O|  |TAMS 0x0000000082600000, 0x0000000082600000| Untracked 
|  38|0x0000000082600000, 0x0000000082700000, 0x0000000082700000|100%| O|  |TAMS 0x0000000082700000, 0x0000000082700000| Untracked 
|  39|0x0000000082700000, 0x0000000082800000, 0x0000000082800000|100%| O|  |TAMS 0x0000000082800000, 0x0000000082800000| Untracked 
|  40|0x0000000082800000, 0x0000000082900000, 0x0000000082900000|100%| O|  |TAMS 0x0000000082900000, 0x0000000082900000| Untracked 
|  41|0x0000000082900000, 0x0000000082a00000, 0x0000000082a00000|100%| O|  |TAMS 0x0000000082a00000, 0x0000000082a00000| Untracked 
|  42|0x0000000082a00000, 0x0000000082b00000, 0x0000000082b00000|100%| O|  |TAMS 0x0000000082b00000, 0x0000000082b00000| Untracked 
|  43|0x0000000082b00000, 0x0000000082c00000, 0x0000000082c00000|100%| O|  |TAMS 0x0000000082c00000, 0x0000000082c00000| Untracked 
|  44|0x0000000082c00000, 0x0000000082d00000, 0x0000000082d00000|100%| O|  |TAMS 0x0000000082d00000, 0x0000000082d00000| Untracked 
|  45|0x0000000082d00000, 0x0000000082e00000, 0x0000000082e00000|100%| O|  |TAMS 0x0000000082e00000, 0x0000000082e00000| Untracked 
|  46|0x0000000082e00000, 0x0000000082f00000, 0x0000000082f00000|100%| O|  |TAMS 0x0000000082f00000, 0x0000000082f00000| Untracked 
|  47|0x0000000082f00000, 0x0000000083000000, 0x0000000083000000|100%| O|  |TAMS 0x0000000083000000, 0x0000000083000000| Untracked 
|  48|0x0000000083000000, 0x0000000083100000, 0x0000000083100000|100%| O|  |TAMS 0x0000000083100000, 0x0000000083100000| Untracked 
|  49|0x0000000083100000, 0x0000000083200000, 0x0000000083200000|100%| O|  |TAMS 0x0000000083200000, 0x0000000083200000| Untracked 
|  50|0x0000000083200000, 0x0000000083300000, 0x0000000083300000|100%| O|  |TAMS 0x0000000083300000, 0x0000000083300000| Untracked 
|  51|0x0000000083300000, 0x0000000083400000, 0x0000000083400000|100%| O|  |TAMS 0x0000000083400000, 0x0000000083400000| Untracked 
|  52|0x0000000083400000, 0x0000000083500000, 0x0000000083500000|100%| O|  |TAMS 0x0000000083500000, 0x0000000083500000| Untracked 
|  53|0x0000000083500000, 0x0000000083600000, 0x0000000083600000|100%| O|  |TAMS 0x0000000083600000, 0x0000000083600000| Untracked 
|  54|0x0000000083600000, 0x0000000083700000, 0x0000000083700000|100%| O|  |TAMS 0x0000000083700000, 0x0000000083700000| Untracked 
|  55|0x0000000083700000, 0x0000000083800000, 0x0000000083800000|100%| O|  |TAMS 0x0000000083800000, 0x0000000083800000| Untracked 
|  56|0x0000000083800000, 0x0000000083900000, 0x0000000083900000|100%| O|  |TAMS 0x0000000083900000, 0x0000000083900000| Untracked 
|  57|0x0000000083900000, 0x0000000083a00000, 0x0000000083a00000|100%| O|  |TAMS 0x0000000083a00000, 0x0000000083a00000| Untracked 
|  58|0x0000000083a00000, 0x0000000083b00000, 0x0000000083b00000|100%| O|  |TAMS 0x0000000083b00000, 0x0000000083b00000| Untracked 
|  59|0x0000000083b00000, 0x0000000083c00000, 0x0000000083c00000|100%| O|  |TAMS 0x0000000083c00000, 0x0000000083c00000| Untracked 
|  60|0x0000000083c00000, 0x0000000083d00000, 0x0000000083d00000|100%| O|  |TAMS 0x0000000083d00000, 0x0000000083d00000| Untracked 
|  61|0x0000000083d00000, 0x0000000083e00000, 0x0000000083e00000|100%| O|  |TAMS 0x0000000083e00000, 0x0000000083e00000| Untracked 
|  62|0x0000000083e00000, 0x0000000083f00000, 0x0000000083f00000|100%| O|  |TAMS 0x0000000083f00000, 0x0000000083f00000| Untracked 
|  63|0x0000000083f00000, 0x0000000084000000, 0x0000000084000000|100%| O|  |TAMS 0x0000000084000000, 0x0000000084000000| Untracked 
|  64|0x0000000084000000, 0x0000000084100000, 0x0000000084100000|100%| O|  |TAMS 0x0000000084100000, 0x0000000084100000| Untracked 
|  65|0x0000000084100000, 0x0000000084200000, 0x0000000084200000|100%| O|  |TAMS 0x0000000084200000, 0x0000000084200000| Untracked 
|  66|0x0000000084200000, 0x0000000084300000, 0x0000000084300000|100%| O|  |TAMS 0x0000000084300000, 0x0000000084300000| Untracked 
|  67|0x0000000084300000, 0x0000000084400000, 0x0000000084400000|100%| O|  |TAMS 0x0000000084400000, 0x0000000084400000| Untracked 
|  68|0x0000000084400000, 0x0000000084500000, 0x0000000084500000|100%| O|  |TAMS 0x0000000084500000, 0x0000000084500000| Untracked 
|  69|0x0000000084500000, 0x0000000084600000, 0x0000000084600000|100%| O|  |TAMS 0x0000000084600000, 0x0000000084600000| Untracked 
|  70|0x0000000084600000, 0x0000000084700000, 0x0000000084700000|100%| O|  |TAMS 0x0000000084700000, 0x0000000084700000| Untracked 
|  71|0x0000000084700000, 0x0000000084800000, 0x0000000084800000|100%| O|  |TAMS 0x0000000084800000, 0x0000000084800000| Untracked 
|  72|0x0000000084800000, 0x0000000084900000, 0x0000000084900000|100%| O|  |TAMS 0x0000000084900000, 0x0000000084900000| Untracked 
|  73|0x0000000084900000, 0x0000000084a00000, 0x0000000084a00000|100%| O|  |TAMS 0x0000000084a00000, 0x0000000084a00000| Untracked 
|  74|0x0000000084a00000, 0x0000000084b00000, 0x0000000084b00000|100%| O|  |TAMS 0x0000000084b00000, 0x0000000084b00000| Untracked 
|  75|0x0000000084b00000, 0x0000000084c00000, 0x0000000084c00000|100%| O|  |TAMS 0x0000000084c00000, 0x0000000084c00000| Untracked 
|  76|0x0000000084c00000, 0x0000000084d00000, 0x0000000084d00000|100%| O|  |TAMS 0x0000000084d00000, 0x0000000084d00000| Untracked 
|  77|0x0000000084d00000, 0x0000000084e00000, 0x0000000084e00000|100%| O|  |TAMS 0x0000000084e00000, 0x0000000084e00000| Untracked 
|  78|0x0000000084e00000, 0x0000000084f00000, 0x0000000084f00000|100%| O|  |TAMS 0x0000000084f00000, 0x0000000084f00000| Untracked 
|  79|0x0000000084f00000, 0x0000000085000000, 0x0000000085000000|100%| O|  |TAMS 0x0000000085000000, 0x0000000085000000| Untracked 
|  80|0x0000000085000000, 0x0000000085100000, 0x0000000085100000|100%| O|  |TAMS 0x0000000085100000, 0x0000000085100000| Untracked 
|  81|0x0000000085100000, 0x0000000085200000, 0x0000000085200000|100%| O|  |TAMS 0x0000000085200000, 0x0000000085200000| Untracked 
|  82|0x0000000085200000, 0x0000000085300000, 0x0000000085300000|100%| O|  |TAMS 0x0000000085300000, 0x0000000085300000| Untracked 
|  83|0x0000000085300000, 0x0000000085400000, 0x0000000085400000|100%| O|  |TAMS 0x0000000085400000, 0x0000000085400000| Untracked 
|  84|0x0000000085400000, 0x0000000085500000, 0x0000000085500000|100%| O|  |TAMS 0x0000000085500000, 0x0000000085500000| Untracked 
|  85|0x0000000085500000, 0x0000000085600000, 0x0000000085600000|100%| O|  |TAMS 0x0000000085600000, 0x0000000085600000| Untracked 
|  86|0x0000000085600000, 0x0000000085700000, 0x0000000085700000|100%| O|  |TAMS 0x0000000085700000, 0x0000000085700000| Untracked 
|  87|0x0000000085700000, 0x0000000085800000, 0x0000000085800000|100%| O|  |TAMS 0x0000000085800000, 0x0000000085800000| Untracked 
|  88|0x0000000085800000, 0x0000000085900000, 0x0000000085900000|100%| O|  |TAMS 0x0000000085900000, 0x0000000085900000| Untracked 
|  89|0x0000000085900000, 0x0000000085a00000, 0x0000000085a00000|100%| O|  |TAMS 0x0000000085a00000, 0x0000000085a00000| Untracked 
|  90|0x0000000085a00000, 0x0000000085b00000, 0x0000000085b00000|100%| O|  |TAMS 0x0000000085b00000, 0x0000000085b00000| Untracked 
|  91|0x0000000085b00000, 0x0000000085c00000, 0x0000000085c00000|100%| O|  |TAMS 0x0000000085c00000, 0x0000000085c00000| Untracked 
|  92|0x0000000085c00000, 0x0000000085d00000, 0x0000000085d00000|100%| O|  |TAMS 0x0000000085d00000, 0x0000000085d00000| Untracked 
|  93|0x0000000085d00000, 0x0000000085e00000, 0x0000000085e00000|100%| O|  |TAMS 0x0000000085e00000, 0x0000000085e00000| Untracked 
|  94|0x0000000085e00000, 0x0000000085f00000, 0x0000000085f00000|100%| O|  |TAMS 0x0000000085f00000, 0x0000000085f00000| Untracked 
|  95|0x0000000085f00000, 0x0000000086000000, 0x0000000086000000|100%| O|  |TAMS 0x0000000086000000, 0x0000000086000000| Untracked 
|  96|0x0000000086000000, 0x00000000860e2800, 0x0000000086100000| 88%| O|  |TAMS 0x00000000860e2800, 0x00000000860e2800| Untracked 
|  97|0x0000000086100000, 0x0000000086100000, 0x0000000086200000|  0%| F|  |TAMS 0x0000000086100000, 0x0000000086100000| Untracked 
|  98|0x0000000086200000, 0x0000000086200000, 0x0000000086300000|  0%| F|  |TAMS 0x0000000086200000, 0x0000000086200000| Untracked 
|  99|0x0000000086300000, 0x0000000086300000, 0x0000000086400000|  0%| F|  |TAMS 0x0000000086300000, 0x0000000086300000| Untracked 
| 100|0x0000000086400000, 0x0000000086400000, 0x0000000086500000|  0%| F|  |TAMS 0x0000000086400000, 0x0000000086400000| Untracked 
| 101|0x0000000086500000, 0x0000000086500000, 0x0000000086600000|  0%| F|  |TAMS 0x0000000086500000, 0x0000000086500000| Untracked 
| 102|0x0000000086600000, 0x0000000086600000, 0x0000000086700000|  0%| F|  |TAMS 0x0000000086600000, 0x0000000086600000| Untracked 
| 103|0x0000000086700000, 0x0000000086700000, 0x0000000086800000|  0%| F|  |TAMS 0x0000000086700000, 0x0000000086700000| Untracked 
| 104|0x0000000086800000, 0x0000000086800000, 0x0000000086900000|  0%| F|  |TAMS 0x0000000086800000, 0x0000000086800000| Untracked 
| 105|0x0000000086900000, 0x0000000086900000, 0x0000000086a00000|  0%| F|  |TAMS 0x0000000086900000, 0x0000000086900000| Untracked 
| 106|0x0000000086a00000, 0x0000000086a00000, 0x0000000086b00000|  0%| F|  |TAMS 0x0000000086a00000, 0x0000000086a00000| Untracked 
| 107|0x0000000086b00000, 0x0000000086b00000, 0x0000000086c00000|  0%| F|  |TAMS 0x0000000086b00000, 0x0000000086b00000| Untracked 
| 108|0x0000000086c00000, 0x0000000086c00000, 0x0000000086d00000|  0%| F|  |TAMS 0x0000000086c00000, 0x0000000086c00000| Untracked 
| 109|0x0000000086d00000, 0x0000000086d00000, 0x0000000086e00000|  0%| F|  |TAMS 0x0000000086d00000, 0x0000000086d00000| Untracked 
| 110|0x0000000086e00000, 0x0000000086e00000, 0x0000000086f00000|  0%| F|  |TAMS 0x0000000086e00000, 0x0000000086e00000| Untracked 
| 111|0x0000000086f00000, 0x0000000086f00000, 0x0000000087000000|  0%| F|  |TAMS 0x0000000086f00000, 0x0000000086f00000| Untracked 
| 112|0x0000000087000000, 0x0000000087000000, 0x0000000087100000|  0%| F|  |TAMS 0x0000000087000000, 0x0000000087000000| Untracked 
| 113|0x0000000087100000, 0x0000000087100000, 0x0000000087200000|  0%| F|  |TAMS 0x0000000087100000, 0x0000000087100000| Untracked 
| 114|0x0000000087200000, 0x0000000087200000, 0x0000000087300000|  0%| F|  |TAMS 0x0000000087200000, 0x0000000087200000| Untracked 
| 115|0x0000000087300000, 0x0000000087300000, 0x0000000087400000|  0%| F|  |TAMS 0x0000000087300000, 0x0000000087300000| Untracked 
| 116|0x0000000087400000, 0x0000000087400000, 0x0000000087500000|  0%| F|  |TAMS 0x0000000087400000, 0x0000000087400000| Untracked 
| 117|0x0000000087500000, 0x0000000087500000, 0x0000000087600000|  0%| F|  |TAMS 0x0000000087500000, 0x0000000087500000| Untracked 
| 118|0x0000000087600000, 0x0000000087600000, 0x0000000087700000|  0%| F|  |TAMS 0x0000000087600000, 0x0000000087600000| Untracked 
| 119|0x0000000087700000, 0x0000000087700000, 0x0000000087800000|  0%| F|  |TAMS 0x0000000087700000, 0x0000000087700000| Untracked 
| 120|0x0000000087800000, 0x0000000087800000, 0x0000000087900000|  0%| F|  |TAMS 0x0000000087800000, 0x0000000087800000| Untracked 
| 121|0x0000000087900000, 0x0000000087941658, 0x0000000087a00000| 25%| S|CS|TAMS 0x0000000087900000, 0x0000000087900000| Complete 
| 122|0x0000000087a00000, 0x0000000087b00000, 0x0000000087b00000|100%| S|CS|TAMS 0x0000000087a00000, 0x0000000087a00000| Complete 
| 123|0x0000000087b00000, 0x0000000087b00000, 0x0000000087c00000|  0%| F|  |TAMS 0x0000000087b00000, 0x0000000087b00000| Untracked 
| 124|0x0000000087c00000, 0x0000000087d00000, 0x0000000087d00000|100%| S|CS|TAMS 0x0000000087c00000, 0x0000000087c00000| Complete 
| 125|0x0000000087d00000, 0x0000000087d00000, 0x0000000087e00000|  0%| F|  |TAMS 0x0000000087d00000, 0x0000000087d00000| Untracked 
| 126|0x0000000087e00000, 0x0000000087e00000, 0x0000000087f00000|  0%| F|  |TAMS 0x0000000087e00000, 0x0000000087e00000| Untracked 
| 127|0x0000000087f00000, 0x0000000087f00000, 0x0000000088000000|  0%| F|  |TAMS 0x0000000087f00000, 0x0000000087f00000| Untracked 
| 128|0x0000000088000000, 0x0000000088000000, 0x0000000088100000|  0%| F|  |TAMS 0x0000000088000000, 0x0000000088000000| Untracked 
| 129|0x0000000088100000, 0x0000000088100000, 0x0000000088200000|  0%| F|  |TAMS 0x0000000088100000, 0x0000000088100000| Untracked 
| 130|0x0000000088200000, 0x0000000088200000, 0x0000000088300000|  0%| F|  |TAMS 0x0000000088200000, 0x0000000088200000| Untracked 
| 131|0x0000000088300000, 0x0000000088300000, 0x0000000088400000|  0%| F|  |TAMS 0x0000000088300000, 0x0000000088300000| Untracked 
| 132|0x0000000088400000, 0x0000000088400000, 0x0000000088500000|  0%| F|  |TAMS 0x0000000088400000, 0x0000000088400000| Untracked 
| 133|0x0000000088500000, 0x0000000088500000, 0x0000000088600000|  0%| F|  |TAMS 0x0000000088500000, 0x0000000088500000| Untracked 
| 134|0x0000000088600000, 0x0000000088600000, 0x0000000088700000|  0%| F|  |TAMS 0x0000000088600000, 0x0000000088600000| Untracked 
| 135|0x0000000088700000, 0x0000000088700000, 0x0000000088800000|  0%| F|  |TAMS 0x0000000088700000, 0x0000000088700000| Untracked 
| 136|0x0000000088800000, 0x0000000088800000, 0x0000000088900000|  0%| F|  |TAMS 0x0000000088800000, 0x0000000088800000| Untracked 
| 137|0x0000000088900000, 0x0000000088900000, 0x0000000088a00000|  0%| F|  |TAMS 0x0000000088900000, 0x0000000088900000| Untracked 
| 138|0x0000000088a00000, 0x0000000088a00000, 0x0000000088b00000|  0%| F|  |TAMS 0x0000000088a00000, 0x0000000088a00000| Untracked 
| 139|0x0000000088b00000, 0x0000000088b00000, 0x0000000088c00000|  0%| F|  |TAMS 0x0000000088b00000, 0x0000000088b00000| Untracked 
| 140|0x0000000088c00000, 0x0000000088c00000, 0x0000000088d00000|  0%| F|  |TAMS 0x0000000088c00000, 0x0000000088c00000| Untracked 
| 141|0x0000000088d00000, 0x0000000088d00000, 0x0000000088e00000|  0%| F|  |TAMS 0x0000000088d00000, 0x0000000088d00000| Untracked 
| 142|0x0000000088e00000, 0x0000000088e00000, 0x0000000088f00000|  0%| F|  |TAMS 0x0000000088e00000, 0x0000000088e00000| Untracked 
| 143|0x0000000088f00000, 0x0000000088f00000, 0x0000000089000000|  0%| F|  |TAMS 0x0000000088f00000, 0x0000000088f00000| Untracked 
| 144|0x0000000089000000, 0x0000000089000000, 0x0000000089100000|  0%| F|  |TAMS 0x0000000089000000, 0x0000000089000000| Untracked 
| 145|0x0000000089100000, 0x0000000089100000, 0x0000000089200000|  0%| F|  |TAMS 0x0000000089100000, 0x0000000089100000| Untracked 
| 146|0x0000000089200000, 0x0000000089200000, 0x0000000089300000|  0%| F|  |TAMS 0x0000000089200000, 0x0000000089200000| Untracked 
| 147|0x0000000089300000, 0x0000000089300000, 0x0000000089400000|  0%| F|  |TAMS 0x0000000089300000, 0x0000000089300000| Untracked 
| 148|0x0000000089400000, 0x0000000089400000, 0x0000000089500000|  0%| F|  |TAMS 0x0000000089400000, 0x0000000089400000| Untracked 
| 149|0x0000000089500000, 0x0000000089500000, 0x0000000089600000|  0%| F|  |TAMS 0x0000000089500000, 0x0000000089500000| Untracked 
| 150|0x0000000089600000, 0x0000000089600000, 0x0000000089700000|  0%| F|  |TAMS 0x0000000089600000, 0x0000000089600000| Untracked 
| 151|0x0000000089700000, 0x0000000089700000, 0x0000000089800000|  0%| F|  |TAMS 0x0000000089700000, 0x0000000089700000| Untracked 
| 152|0x0000000089800000, 0x0000000089800000, 0x0000000089900000|  0%| F|  |TAMS 0x0000000089800000, 0x0000000089800000| Untracked 
| 153|0x0000000089900000, 0x0000000089900000, 0x0000000089a00000|  0%| F|  |TAMS 0x0000000089900000, 0x0000000089900000| Untracked 
| 154|0x0000000089a00000, 0x0000000089a00000, 0x0000000089b00000|  0%| F|  |TAMS 0x0000000089a00000, 0x0000000089a00000| Untracked 
| 155|0x0000000089b00000, 0x0000000089b00000, 0x0000000089c00000|  0%| F|  |TAMS 0x0000000089b00000, 0x0000000089b00000| Untracked 
| 156|0x0000000089c00000, 0x0000000089c00000, 0x0000000089d00000|  0%| F|  |TAMS 0x0000000089c00000, 0x0000000089c00000| Untracked 
| 157|0x0000000089d00000, 0x0000000089d00000, 0x0000000089e00000|  0%| F|  |TAMS 0x0000000089d00000, 0x0000000089d00000| Untracked 
| 158|0x0000000089e00000, 0x0000000089e00000, 0x0000000089f00000|  0%| F|  |TAMS 0x0000000089e00000, 0x0000000089e00000| Untracked 
| 159|0x0000000089f00000, 0x0000000089f00000, 0x000000008a000000|  0%| F|  |TAMS 0x0000000089f00000, 0x0000000089f00000| Untracked 
| 160|0x000000008a000000, 0x000000008a000000, 0x000000008a100000|  0%| F|  |TAMS 0x000000008a000000, 0x000000008a000000| Untracked 
| 161|0x000000008a100000, 0x000000008a100000, 0x000000008a200000|  0%| F|  |TAMS 0x000000008a100000, 0x000000008a100000| Untracked 
| 162|0x000000008a200000, 0x000000008a200000, 0x000000008a300000|  0%| F|  |TAMS 0x000000008a200000, 0x000000008a200000| Untracked 
| 163|0x000000008a300000, 0x000000008a300000, 0x000000008a400000|  0%| F|  |TAMS 0x000000008a300000, 0x000000008a300000| Untracked 
| 164|0x000000008a400000, 0x000000008a400000, 0x000000008a500000|  0%| F|  |TAMS 0x000000008a400000, 0x000000008a400000| Untracked 
| 165|0x000000008a500000, 0x000000008a500000, 0x000000008a600000|  0%| F|  |TAMS 0x000000008a500000, 0x000000008a500000| Untracked 
| 166|0x000000008a600000, 0x000000008a600000, 0x000000008a700000|  0%| F|  |TAMS 0x000000008a600000, 0x000000008a600000| Untracked 
| 167|0x000000008a700000, 0x000000008a700000, 0x000000008a800000|  0%| F|  |TAMS 0x000000008a700000, 0x000000008a700000| Untracked 

Card table byte_map: [0x00000245301d0000,0x00000245305d0000] _byte_map_base: 0x000002452fdd0000

Marking Bits (Prev, Next): (CMBitMap*) 0x000002451ccfbd50, (CMBitMap*) 0x000002451ccfbd18
 Prev Bits: [0x00000245329d0000, 0x00000245349d0000)
 Next Bits: [0x00000245309d0000, 0x00000245329d0000)

Polling page: 0x000002451b310000

Metaspace:

Usage:
  Non-class:     83.04 MB capacity,    81.54 MB ( 98%) used,     1.22 MB (  1%) free+waste,   287.88 KB ( <1%) overhead. 
      Class:     13.10 MB capacity,    12.22 MB ( 93%) used,   773.04 KB (  6%) free+waste,   129.63 KB ( <1%) overhead. 
       Both:     96.14 MB capacity,    93.76 MB ( 98%) used,     1.97 MB (  2%) free+waste,   417.50 KB ( <1%) overhead. 

Virtual space:
  Non-class space:       84.00 MB reserved,      83.25 MB (>99%) committed 
      Class space:        1.00 GB reserved,      13.20 MB (  1%) committed 
             Both:        1.08 GB reserved,      96.45 MB (  9%) committed 

Chunk freelists:
   Non-Class:  20.00 KB
       Class:  56.00 KB
        Both:  76.00 KB

MaxMetaspaceSize: 17179869184.00 GB
CompressedClassSpaceSize: 1.00 GB

CodeHeap 'non-profiled nmethods': size=120064Kb used=5583Kb max_used=5583Kb free=114480Kb
 bounds [0x0000024528270000, 0x00000245287f0000, 0x000002452f7b0000]
CodeHeap 'profiled nmethods': size=120000Kb used=30465Kb max_used=30465Kb free=89534Kb
 bounds [0x0000024520d40000, 0x0000024522b10000, 0x0000024528270000]
CodeHeap 'non-nmethods': size=5696Kb used=2299Kb max_used=2340Kb free=3396Kb
 bounds [0x00000245207b0000, 0x0000024520a20000, 0x0000024520d40000]
 total_blobs=13455 nmethods=12549 adapters=817
 compilation: enabled
              stopped_count=0, restarted_count=0
 full_count=0

Compilation events (20 events):
Event: 59.620 Thread 0x0000024536ffc800 nmethod 12852 0x0000024522afdc90 code [0x0000024522afde40, 0x0000024522afdfc8]
Event: 59.620 Thread 0x0000024536ffc800 12853       2       java.util.stream.SliceOps$1$1::<init> (51 bytes)
Event: 59.621 Thread 0x0000024536ffc800 nmethod 12853 0x0000024522afe090 code [0x0000024522afe260, 0x0000024522afe568]
Event: 59.621 Thread 0x0000024536ffc800 12854       2       com.android.tools.r8.internal.fu$e::iterator (12 bytes)
Event: 59.621 Thread 0x0000024536ffc800 nmethod 12854 0x0000024522afe690 code [0x0000024522afe840, 0x0000024522afea28]
Event: 59.621 Thread 0x0000024536ffc800 12855       2       com.android.tools.r8.internal.fu$a::<init> (12 bytes)
Event: 59.622 Thread 0x0000024536ffc800 nmethod 12855 0x0000024522afeb10 code [0x0000024522afecc0, 0x0000024522afee28]
Event: 59.622 Thread 0x0000024536ffc800 12856       2       com.android.tools.r8.internal.fu$f::<init> (6 bytes)
Event: 59.622 Thread 0x0000024536ffc800 nmethod 12856 0x0000024522afef10 code [0x0000024522aff0c0, 0x0000024522aff1c8]
Event: 59.622 Thread 0x0000024536ffc800 12857       2       java.util.stream.SliceOps$1$1::begin (25 bytes)
Event: 59.623 Thread 0x0000024536ffc800 nmethod 12857 0x0000024522aff290 code [0x0000024522aff440, 0x0000024522aff5c8]
Event: 59.645 Thread 0x0000024536ffc800 12861       2       com.android.tools.r8.internal.z1::e2 (14 bytes)
Event: 59.645 Thread 0x0000024536ffc800 nmethod 12861 0x0000024522aff690 code [0x0000024522aff840, 0x0000024522aff9a8]
Event: 59.660 Thread 0x0000024536ffc800 12862       2       com.android.tools.r8.internal.e7::<init> (95 bytes)
Event: 59.660 Thread 0x0000024536ffc800 nmethod 12862 0x0000024522affa90 code [0x0000024522affc40, 0x0000024522affef8]
Event: 59.664 Thread 0x0000024536ffc800 12863       2       com.android.tools.r8.graph.E::R (36 bytes)
Event: 59.664 Thread 0x0000024536ffc800 nmethod 12863 0x0000024522afff90 code [0x0000024522b00160, 0x0000024522b00368]
Event: 59.664 Thread 0x0000024536ffc800 12865       2       com.android.tools.r8.internal.h8::<init> (5 bytes)
Event: 59.665 Thread 0x0000024536ffc800 nmethod 12865 0x0000024522b00410 code [0x0000024522b005c0, 0x0000024522b006b8]
Event: 59.665 Thread 0x0000024536ffc800 12867       2       com.android.tools.r8.graph.S::a (48 bytes)

GC Heap History (20 events):
Event: 52.545 GC heap after
{Heap after GC invocations=78 (full 0):
 garbage-first heap   total 143360K, used 80440K [0x0000000080000000, 0x0000000100000000)
  region size 1024K, 6 young (6144K), 6 survivors (6144K)
 Metaspace       used 87682K, capacity 89916K, committed 90188K, reserved 1126400K
  class space    used 11433K, capacity 12262K, committed 12364K, reserved 1048576K
}
Event: 53.262 GC heap before
{Heap before GC invocations=79 (full 0):
 garbage-first heap   total 143360K, used 113208K [0x0000000080000000, 0x0000000100000000)
  region size 1024K, 38 young (38912K), 6 survivors (6144K)
 Metaspace       used 88594K, capacity 90836K, committed 91084K, reserved 1128448K
  class space    used 11547K, capacity 12372K, committed 12492K, reserved 1048576K
}
Event: 53.294 GC heap after
{Heap after GC invocations=80 (full 0):
 garbage-first heap   total 172032K, used 85879K [0x0000000080000000, 0x0000000100000000)
  region size 1024K, 5 young (5120K), 5 survivors (5120K)
 Metaspace       used 88594K, capacity 90836K, committed 91084K, reserved 1128448K
  class space    used 11547K, capacity 12372K, committed 12492K, reserved 1048576K
}
Event: 53.843 GC heap before
{Heap before GC invocations=80 (full 0):
 garbage-first heap   total 172032K, used 125815K [0x0000000080000000, 0x0000000100000000)
  region size 1024K, 45 young (46080K), 5 survivors (5120K)
 Metaspace       used 89509K, capacity 91767K, committed 91980K, reserved 1128448K
  class space    used 11676K, capacity 12509K, committed 12620K, reserved 1048576K
}
Event: 53.874 GC heap after
{Heap after GC invocations=81 (full 0):
 garbage-first heap   total 172032K, used 93465K [0x0000000080000000, 0x0000000100000000)
  region size 1024K, 6 young (6144K), 6 survivors (6144K)
 Metaspace       used 89509K, capacity 91767K, committed 91980K, reserved 1128448K
  class space    used 11676K, capacity 12509K, committed 12620K, reserved 1048576K
}
Event: 54.871 GC heap before
{Heap before GC invocations=82 (full 0):
 garbage-first heap   total 172032K, used 130329K [0x0000000080000000, 0x0000000100000000)
  region size 1024K, 43 young (44032K), 6 survivors (6144K)
 Metaspace       used 92561K, capacity 94957K, committed 95180K, reserved 1130496K
  class space    used 12224K, capacity 13131K, committed 13260K, reserved 1048576K
}
Event: 54.895 GC heap after
{Heap after GC invocations=83 (full 0):
 garbage-first heap   total 172032K, used 99051K [0x0000000080000000, 0x0000000100000000)
  region size 1024K, 5 young (5120K), 5 survivors (5120K)
 Metaspace       used 92561K, capacity 94957K, committed 95180K, reserved 1130496K
  class space    used 12224K, capacity 13131K, committed 13260K, reserved 1048576K
}
Event: 56.077 GC heap before
{Heap before GC invocations=83 (full 0):
 garbage-first heap   total 172032K, used 135915K [0x0000000080000000, 0x0000000100000000)
  region size 1024K, 41 young (41984K), 5 survivors (5120K)
 Metaspace       used 94169K, capacity 96677K, committed 96844K, reserved 1132544K
  class space    used 12397K, capacity 13328K, committed 13388K, reserved 1048576K
}
Event: 56.091 GC heap after
{Heap after GC invocations=84 (full 0):
 garbage-first heap   total 172032K, used 100174K [0x0000000080000000, 0x0000000100000000)
  region size 1024K, 1 young (1024K), 1 survivors (1024K)
 Metaspace       used 94169K, capacity 96677K, committed 96844K, reserved 1132544K
  class space    used 12397K, capacity 13328K, committed 13388K, reserved 1048576K
}
Event: 56.864 GC heap before
{Heap before GC invocations=85 (full 0):
 garbage-first heap   total 172032K, used 138062K [0x0000000080000000, 0x0000000100000000)
  region size 1024K, 38 young (38912K), 1 survivors (1024K)
 Metaspace       used 94643K, capacity 97078K, committed 97356K, reserved 1132544K
  class space    used 12439K, capacity 13351K, committed 13388K, reserved 1048576K
}
Event: 56.870 GC heap after
{Heap after GC invocations=86 (full 0):
 garbage-first heap   total 172032K, used 100572K [0x0000000080000000, 0x0000000100000000)
  region size 1024K, 2 young (2048K), 2 survivors (2048K)
 Metaspace       used 94643K, capacity 97078K, committed 97356K, reserved 1132544K
  class space    used 12439K, capacity 13351K, committed 13388K, reserved 1048576K
}
Event: 57.390 GC heap before
{Heap before GC invocations=86 (full 0):
 garbage-first heap   total 172032K, used 139484K [0x0000000080000000, 0x0000000100000000)
  region size 1024K, 40 young (40960K), 2 survivors (2048K)
 Metaspace       used 94797K, capacity 97217K, committed 97356K, reserved 1132544K
  class space    used 12440K, capacity 13353K, committed 13388K, reserved 1048576K
}
Event: 57.402 GC heap after
{Heap after GC invocations=87 (full 0):
 garbage-first heap   total 172032K, used 101460K [0x0000000080000000, 0x0000000100000000)
  region size 1024K, 3 young (3072K), 3 survivors (3072K)
 Metaspace       used 94797K, capacity 97217K, committed 97356K, reserved 1132544K
  class space    used 12440K, capacity 13353K, committed 13388K, reserved 1048576K
}
Event: 58.010 GC heap before
{Heap before GC invocations=88 (full 0):
 garbage-first heap   total 172032K, used 140372K [0x0000000080000000, 0x0000000100000000)
  region size 1024K, 41 young (41984K), 3 survivors (3072K)
 Metaspace       used 94753K, capacity 97098K, committed 97612K, reserved 1134592K
  class space    used 12382K, capacity 13250K, committed 13388K, reserved 1048576K
}
Event: 58.019 GC heap after
{Heap after GC invocations=89 (full 0):
 garbage-first heap   total 172032K, used 100896K [0x0000000080000000, 0x0000000100000000)
  region size 1024K, 2 young (2048K), 2 survivors (2048K)
 Metaspace       used 94753K, capacity 97098K, committed 97612K, reserved 1134592K
  class space    used 12382K, capacity 13250K, committed 13388K, reserved 1048576K
}
Event: 58.502 GC heap before
{Heap before GC invocations=89 (full 0):
 garbage-first heap   total 172032K, used 141856K [0x0000000080000000, 0x0000000100000000)
  region size 1024K, 42 young (43008K), 2 survivors (2048K)
 Metaspace       used 94962K, capacity 97339K, committed 97740K, reserved 1134592K
  class space    used 12402K, capacity 13282K, committed 13516K, reserved 1048576K
}
Event: 58.512 GC heap after
{Heap after GC invocations=90 (full 0):
 garbage-first heap   total 172032K, used 101073K [0x0000000080000000, 0x0000000100000000)
  region size 1024K, 2 young (2048K), 2 survivors (2048K)
 Metaspace       used 94962K, capacity 97339K, committed 97740K, reserved 1134592K
  class space    used 12402K, capacity 13282K, committed 13516K, reserved 1048576K
}
Event: 59.119 GC heap before
{Heap before GC invocations=91 (full 0):
 garbage-first heap   total 172032K, used 143057K [0x0000000080000000, 0x0000000100000000)
  region size 1024K, 43 young (44032K), 2 survivors (2048K)
 Metaspace       used 95350K, capacity 97683K, committed 97996K, reserved 1134592K
  class space    used 12440K, capacity 13332K, committed 13516K, reserved 1048576K
}
Event: 59.131 GC heap after
{Heap after GC invocations=92 (full 0):
 garbage-first heap   total 172032K, used 101254K [0x0000000080000000, 0x0000000100000000)
  region size 1024K, 2 young (2048K), 2 survivors (2048K)
 Metaspace       used 95350K, capacity 97683K, committed 97996K, reserved 1134592K
  class space    used 12440K, capacity 13332K, committed 13516K, reserved 1048576K
}
Event: 59.668 GC heap before
{Heap before GC invocations=92 (full 0):
 garbage-first heap   total 172032K, used 144262K [0x0000000080000000, 0x0000000100000000)
  region size 1024K, 44 young (45056K), 2 survivors (2048K)
 Metaspace       used 96013K, capacity 98452K, committed 98764K, reserved 1134592K
  class space    used 12513K, capacity 13416K, committed 13516K, reserved 1048576K
}

Deoptimization events (20 events):
Event: 59.156 Thread 0x0000024537c36800 Uncommon trap: trap_request=0xffffffde fr.pc=0x0000024528797364 relative=0x0000000000000844
Event: 59.156 Thread 0x0000024537c36800 Uncommon trap: reason=class_check action=maybe_recompile pc=0x0000024528797364 method=com.android.tools.r8.internal.Ij.hasNext()Z @ 27 c2
Event: 59.156 Thread 0x0000024537c36800 DEOPT PACKING pc=0x0000024528797364 sp=0x000000e7479fab40
Event: 59.156 Thread 0x0000024537c36800 DEOPT UNPACKING pc=0x00000245207d73af sp=0x000000e7479fab10 mode 2
Event: 59.163 Thread 0x0000024537c36800 Uncommon trap: trap_request=0xffffffde fr.pc=0x0000024528797364 relative=0x0000000000000844
Event: 59.163 Thread 0x0000024537c36800 Uncommon trap: reason=class_check action=maybe_recompile pc=0x0000024528797364 method=com.android.tools.r8.internal.Ij.hasNext()Z @ 27 c2
Event: 59.163 Thread 0x0000024537c36800 DEOPT PACKING pc=0x0000024528797364 sp=0x000000e7479fab50
Event: 59.163 Thread 0x0000024537c36800 DEOPT UNPACKING pc=0x00000245207d73af sp=0x000000e7479fab20 mode 2
Event: 59.194 Thread 0x0000024538879800 DEOPT PACKING pc=0x00000245225e8564 sp=0x000000e7476f8890
Event: 59.194 Thread 0x0000024538879800 DEOPT UNPACKING pc=0x00000245207d71ce sp=0x000000e7476f7e28 mode 0
Event: 59.214 Thread 0x0000024537c30000 DEOPT PACKING pc=0x000002452244f56e sp=0x000000e7478f9270
Event: 59.214 Thread 0x0000024537c30000 DEOPT UNPACKING pc=0x00000245207d71ce sp=0x000000e7478f8720 mode 0
Event: 59.302 Thread 0x0000024538879800 DEOPT PACKING pc=0x00000245227017d7 sp=0x000000e7476f8f40
Event: 59.302 Thread 0x0000024538879800 DEOPT UNPACKING pc=0x00000245207d71ce sp=0x000000e7476f8630 mode 0
Event: 59.335 Thread 0x0000024538879800 DEOPT PACKING pc=0x000002452273af0a sp=0x000000e7476f9620
Event: 59.336 Thread 0x0000024538879800 DEOPT UNPACKING pc=0x00000245207d71ce sp=0x000000e7476f8b40 mode 0
Event: 59.489 Thread 0x0000024537c36800 Uncommon trap: trap_request=0xffffff4d fr.pc=0x00000245287505a8 relative=0x0000000000000268
Event: 59.489 Thread 0x0000024537c36800 Uncommon trap: reason=unstable_if action=reinterpret pc=0x00000245287505a8 method=com.android.tools.r8.graph.c0.a(Lcom/android/tools/r8/graph/c0;)I @ 39 c2
Event: 59.489 Thread 0x0000024537c36800 DEOPT PACKING pc=0x00000245287505a8 sp=0x000000e7479fa4c0
Event: 59.489 Thread 0x0000024537c36800 DEOPT UNPACKING pc=0x00000245207d73af sp=0x000000e7479fa450 mode 2

Classes redefined (0 events):
No events

Internal exceptions (20 events):
Event: 54.391 Thread 0x0000024537c36800 Exception <a 'java/lang/NoSuchMethodError'{0x0000000088cd23b0}: 'java.lang.Object java.lang.invoke.DirectMethodHandle$Holder.invokeVirtual(java.lang.Object, java.lang.Object, int, java.lang.Object)'> (0x0000000088cd23b0) thrown at [./src/hotspot/share/interpreter/linkResolver.cpp, line 773]
Event: 54.392 Thread 0x0000024537c30000 Exception <a 'java/lang/NoSuchMethodError'{0x0000000088ea8228}: 'java.lang.Object java.lang.invoke.DirectMethodHandle$Holder.invokeVirtual(java.lang.Object, java.lang.Object, int, java.lang.Object)'> (0x0000000088ea8228) thrown at [./src/hotspot/share/interpreter/linkResolver.cpp, line 773]
Event: 54.391 Thread 0x0000024537c36000 Exception <a 'java/lang/NoSuchMethodError'{0x0000000088cb21d0}: 'java.lang.Object java.lang.invoke.DirectMethodHandle$Holder.invokeVirtual(java.lang.Object, java.lang.Object, int, java.lang.Object)'> (0x0000000088cb21d0) thrown at [./src/hotspot/share/interpreter/linkResolver.cpp, line 773]
Event: 54.438 Thread 0x0000024537c36800 Exception <a 'java/lang/IncompatibleClassChangeError'{0x0000000088cedf08}: Found class java.lang.Object, but interface was expected> (0x0000000088cedf08) thrown at [./src/hotspot/share/interpreter/linkResolver.cpp, line 839]
Event: 54.439 Thread 0x0000024538879800 Exception <a 'java/lang/IncompatibleClassChangeError'{0x0000000088b5f678}: Found class java.lang.Object, but interface was expected> (0x0000000088b5f678) thrown at [./src/hotspot/share/interpreter/linkResolver.cpp, line 839]
Event: 54.441 Thread 0x0000024537c36800 Exception <a 'java/lang/IncompatibleClassChangeError'{0x0000000088b948b8}: Found class java.lang.Object, but interface was expected> (0x0000000088b948b8) thrown at [./src/hotspot/share/interpreter/linkResolver.cpp, line 839]
Event: 54.441 Thread 0x0000024538879800 Exception <a 'java/lang/IncompatibleClassChangeError'{0x0000000088b9df98}: Found class java.lang.Object, but interface was expected> (0x0000000088b9df98) thrown at [./src/hotspot/share/interpreter/linkResolver.cpp, line 839]
Event: 54.441 Thread 0x0000024537c36000 Exception <a 'java/lang/IncompatibleClassChangeError'{0x0000000088b60700}: Found class java.lang.Object, but interface was expected> (0x0000000088b60700) thrown at [./src/hotspot/share/interpreter/linkResolver.cpp, line 839]
Event: 54.493 Thread 0x0000024538879800 Exception <a 'java/lang/NoSuchMethodError'{0x0000000088ae59e0}: 'void java.lang.invoke.DirectMethodHandle$Holder.invokeVirtual(java.lang.Object, java.lang.Object, int, java.lang.Object)'> (0x0000000088ae59e0) thrown at [./src/hotspot/share/interpreter/linkResolver.cpp, line 773]
Event: 54.759 Thread 0x0000024537c30000 Exception <a 'java/lang/NoSuchMethodError'{0x00000000887db738}: 'java.lang.Object java.lang.invoke.DirectMethodHandle$Holder.newInvokeSpecial(java.lang.Object, int)'> (0x00000000887db738) thrown at [./src/hotspot/share/interpreter/linkResolver.cpp, line 773]
Event: 54.759 Thread 0x0000024537c36800 Exception <a 'java/lang/NoSuchMethodError'{0x00000000886061f0}: 'java.lang.Object java.lang.invoke.DirectMethodHandle$Holder.newInvokeSpecial(java.lang.Object, int)'> (0x00000000886061f0) thrown at [./src/hotspot/share/interpreter/linkResolver.cpp, line 773]
Event: 54.759 Thread 0x0000024538879800 Exception <a 'java/lang/NoSuchMethodError'{0x00000000886a5cc0}: 'java.lang.Object java.lang.invoke.DirectMethodHandle$Holder.newInvokeSpecial(java.lang.Object, int)'> (0x00000000886a5cc0) thrown at [./src/hotspot/share/interpreter/linkResolver.cpp, line 773]
Event: 54.759 Thread 0x0000024537c36000 Exception <a 'java/lang/NoSuchMethodError'{0x00000000887bc170}: 'java.lang.Object java.lang.invoke.DirectMethodHandle$Holder.newInvokeSpecial(java.lang.Object, int)'> (0x00000000887bc170) thrown at [./src/hotspot/share/interpreter/linkResolver.cpp, line 773]
Event: 55.169 Thread 0x0000024538879800 Exception <a 'java/lang/NoSuchMethodError'{0x000000008a074170}: 'java.lang.Object java.lang.invoke.DirectMethodHandle$Holder.invokeInterface(java.lang.Object, java.lang.Object, int)'> (0x000000008a074170) thrown at [./src/hotspot/share/interpreter/linkResolver.cpp, line 773]
Event: 56.887 Thread 0x0000024538879800 Exception <a 'java/lang/NoSuchMethodError'{0x000000008a5ae540}: 'int java.lang.invoke.DirectMethodHandle$Holder.invokeInterface(java.lang.Object, java.lang.Object, int)'> (0x000000008a5ae540) thrown at [./src/hotspot/share/interpreter/linkResolver.cpp, line 773]
Event: 59.158 Thread 0x0000024537c36800 Exception <a 'java/lang/NoSuchMethodError'{0x000000008a3bd1d8}: 'void java.lang.invoke.DirectMethodHandle$Holder.invokeSpecial(java.lang.Object, java.lang.Object, int, java.lang.Object, java.lang.Object, java.lang.Object, java.lang.Object)'> (0x000000008a3bd1d8) thrown at [./src/hotspot/share/interpreter/linkResolver.cpp, line 773]
Event: 59.160 Thread 0x0000024537c36800 Exception <a 'java/lang/NoSuchMethodError'{0x000000008a3c8e78}: 'java.lang.Object java.lang.invoke.Invokers$Holder.linkToTargetMethod(java.lang.Object, int, java.lang.Object, java.lang.Object, java.lang.Object, java.lang.Object)'> (0x000000008a3c8e78) thrown at [./src/hotspot/share/interpreter/linkResolver.cpp, line 773]
Event: 59.161 Thread 0x0000024537c36800 Exception <a 'java/lang/NoSuchMethodError'{0x000000008a3cd328}: 'void java.lang.invoke.DirectMethodHandle$Holder.invokeSpecial(java.lang.Object, java.lang.Object, java.lang.Object, java.lang.Object, java.lang.Object, java.lang.Object, java.lang.Object, java.lang.Object, java.lang.Object)'> (0x000000008a3cd328) thrown at [./src/hotspot/share/interpreter/linkResolver.cpp, line 773]
Event: 59.167 Thread 0x0000024537c36800 Exception <a 'java/lang/NoSuchMethodError'{0x000000008a119f80}: 'void java.lang.invoke.DirectMethodHandle$Holder.invokeStatic(java.lang.Object, java.lang.Object, java.lang.Object, java.lang.Object, java.lang.Object, java.lang.Object, java.lang.Object, java.lang.Object)'> (0x000000008a119f80) thrown at [./src/hotspot/share/interpreter/linkResolver.cpp, line 773]
Event: 59.662 Thread 0x0000024537c36800 Exception <a 'java/lang/IncompatibleClassChangeError'{0x00000000883e7468}: Found class java.lang.Object, but interface was expected> (0x00000000883e7468) thrown at [./src/hotspot/share/interpreter/linkResolver.cpp, line 839]

Events (20 events):
Event: 59.658 loading class com/android/tools/r8/naming/K done
Event: 59.659 loading class com/android/tools/r8/dex/w
Event: 59.659 loading class com/android/tools/r8/dex/w done
Event: 59.659 loading class com/android/tools/r8/graph/S
Event: 59.659 loading class com/android/tools/r8/graph/S done
Event: 59.659 loading class com/android/tools/r8/dex/w
Event: 59.659 loading class com/android/tools/r8/dex/w done
Event: 59.660 loading class com/android/tools/r8/graph/t
Event: 59.660 loading class com/android/tools/r8/graph/t done
Event: 59.660 loading class com/android/tools/r8/graph/t
Event: 59.660 loading class com/android/tools/r8/graph/t done
Event: 59.662 loading class com/android/tools/r8/internal/e8
Event: 59.662 loading class com/android/tools/r8/internal/e8 done
Event: 59.662 loading class com/android/tools/r8/internal/BE
Event: 59.662 loading class com/android/tools/r8/internal/BE done
Event: 59.662 loading class com/android/tools/r8/internal/Bs
Event: 59.662 loading class com/android/tools/r8/internal/Bs done
Event: 59.662 loading class com/android/tools/r8/internal/BE$a
Event: 59.662 loading class com/android/tools/r8/internal/BE$a done
Event: 59.665 Executing VM operation: G1CollectForAllocation


Dynamic libraries:
0x00007ff650bf0000 - 0x00007ff650bfa000 	D:\androidstudio\jre\bin\java.exe
0x00007fff85e10000 - 0x00007fff86005000 	C:\WINDOWS\SYSTEM32\ntdll.dll
0x00007fff85c60000 - 0x00007fff85d1d000 	C:\WINDOWS\System32\KERNEL32.DLL
0x00007fff83900000 - 0x00007fff83bc9000 	C:\WINDOWS\System32\KERNELBASE.dll
0x00007fff83c50000 - 0x00007fff83d50000 	C:\WINDOWS\System32\ucrtbase.dll
0x00007fff7a7a0000 - 0x00007fff7a7b7000 	D:\androidstudio\jre\bin\VCRUNTIME140.dll
0x00007fff55660000 - 0x00007fff55679000 	D:\androidstudio\jre\bin\jli.dll
0x00007fff84750000 - 0x00007fff848f0000 	C:\WINDOWS\System32\USER32.dll
0x00007fff83c20000 - 0x00007fff83c42000 	C:\WINDOWS\System32\win32u.dll
0x00007fff85210000 - 0x00007fff8523a000 	C:\WINDOWS\System32\GDI32.dll
0x00007fff717a0000 - 0x00007fff71a3a000 	C:\WINDOWS\WinSxS\amd64_microsoft.windows.common-controls_6595b64144ccf1df_6.0.19041.1110_none_60b5254171f9507e\COMCTL32.dll
0x00007fff837f0000 - 0x00007fff838fb000 	C:\WINDOWS\System32\gdi32full.dll
0x00007fff83d50000 - 0x00007fff83ded000 	C:\WINDOWS\System32\msvcp_win.dll
0x00007fff84400000 - 0x00007fff8449e000 	C:\WINDOWS\System32\msvcrt.dll
0x00007fff84570000 - 0x00007fff845a0000 	C:\WINDOWS\System32\IMM32.DLL
0x00007fff41420000 - 0x00007fff414bd000 	D:\androidstudio\jre\bin\msvcp140.dll
0x00007fff2bbf0000 - 0x00007fff2c6bf000 	D:\androidstudio\jre\bin\server\jvm.dll
0x00007fff83f90000 - 0x00007fff8403c000 	C:\WINDOWS\System32\ADVAPI32.dll
0x00007fff85240000 - 0x00007fff852db000 	C:\WINDOWS\System32\sechost.dll
0x00007fff845c0000 - 0x00007fff846ea000 	C:\WINDOWS\System32\RPCRT4.dll
0x00007fff84040000 - 0x00007fff84048000 	C:\WINDOWS\System32\PSAPI.DLL
0x00007fff794f0000 - 0x00007fff794fa000 	C:\WINDOWS\SYSTEM32\VERSION.dll
0x00007fff75330000 - 0x00007fff75339000 	C:\WINDOWS\SYSTEM32\WSOCK32.dll
0x00007fff794c0000 - 0x00007fff794e7000 	C:\WINDOWS\SYSTEM32\WINMM.dll
0x00007fff85a20000 - 0x00007fff85a8b000 	C:\WINDOWS\System32\WS2_32.dll
0x00007fff81e10000 - 0x00007fff81e22000 	C:\WINDOWS\SYSTEM32\kernel.appcore.dll
0x00007fff5a370000 - 0x00007fff5a381000 	D:\androidstudio\jre\bin\verify.dll
0x00007fff80e00000 - 0x00007fff80fe4000 	C:\WINDOWS\SYSTEM32\DBGHELP.DLL
0x00007fff724d0000 - 0x00007fff724fc000 	C:\WINDOWS\SYSTEM32\dbgcore.DLL
0x00007fff83df0000 - 0x00007fff83e73000 	C:\WINDOWS\System32\bcryptPrimitives.dll
0x00007fff4e130000 - 0x00007fff4e159000 	D:\androidstudio\jre\bin\java.dll
0x00007fff74ba0000 - 0x00007fff74bab000 	D:\androidstudio\jre\bin\jimage.dll
0x00007fff53ab0000 - 0x00007fff53ac8000 	D:\androidstudio\jre\bin\zip.dll
0x00007fff852e0000 - 0x00007fff85a1f000 	C:\WINDOWS\System32\SHELL32.dll
0x00007fff81300000 - 0x00007fff81a91000 	C:\WINDOWS\SYSTEM32\windows.storage.dll
0x00007fff84eb0000 - 0x00007fff85205000 	C:\WINDOWS\System32\combase.dll
0x00007fff82f50000 - 0x00007fff82f7c000 	C:\WINDOWS\SYSTEM32\Wldp.dll
0x00007fff85d20000 - 0x00007fff85dce000 	C:\WINDOWS\System32\SHCORE.dll
0x00007fff84200000 - 0x00007fff84255000 	C:\WINDOWS\System32\shlwapi.dll
0x00007fff83490000 - 0x00007fff834af000 	C:\WINDOWS\SYSTEM32\profapi.dll
0x00007fff4e660000 - 0x00007fff4e67a000 	D:\androidstudio\jre\bin\net.dll
0x00007fff765d0000 - 0x00007fff766da000 	C:\WINDOWS\SYSTEM32\WINHTTP.dll
0x00007fff82c50000 - 0x00007fff82cba000 	C:\WINDOWS\system32\mswsock.dll
0x00007fff4e110000 - 0x00007fff4e124000 	D:\androidstudio\jre\bin\nio.dll
0x00007fff41920000 - 0x00007fff41947000 	C:\Users\WINDOWS 10\.gradle\native\8bec1ad78214c89d9ad589b4d07fe93259594b29d510b10fafb7a158f7737e5d\windows-amd64\native-platform.dll
0x00007fff2b750000 - 0x00007fff2b88d000 	C:\Users\WINDOWS 10\.gradle\native\53dbd7edfb1c66fb8903c78663c9afc45aea4f116125fa6feffd364cf09443e8\windows-amd64\native-platform-file-events.dll
0x00007fff73e10000 - 0x00007fff73e1a000 	D:\androidstudio\jre\bin\management.dll
0x00007fff73940000 - 0x00007fff7394c000 	D:\androidstudio\jre\bin\management_ext.dll
0x00007fff82e40000 - 0x00007fff82e58000 	C:\WINDOWS\SYSTEM32\CRYPTSP.dll
0x00007fff825f0000 - 0x00007fff82624000 	C:\WINDOWS\system32\rsaenh.dll
0x00007fff83710000 - 0x00007fff83737000 	C:\WINDOWS\System32\bcrypt.dll
0x00007fff83450000 - 0x00007fff8347e000 	C:\WINDOWS\SYSTEM32\USERENV.dll
0x00007fff82e30000 - 0x00007fff82e3c000 	C:\WINDOWS\SYSTEM32\CRYPTBASE.dll
0x00007fff82940000 - 0x00007fff8297b000 	C:\WINDOWS\SYSTEM32\IPHLPAPI.DLL
0x00007fff843f0000 - 0x00007fff843f8000 	C:\WINDOWS\System32\NSI.dll
0x00007fff75ce0000 - 0x00007fff75cf7000 	C:\WINDOWS\SYSTEM32\dhcpcsvc6.DLL
0x00007fff76770000 - 0x00007fff7678d000 	C:\WINDOWS\SYSTEM32\dhcpcsvc.DLL
0x00007fff82980000 - 0x00007fff82a4c000 	C:\WINDOWS\SYSTEM32\DNSAPI.dll

dbghelp: loaded successfully - version: 4.0.5 - missing functions: none
symbol engine: initialized successfully - sym options: 0x614 - pdb path: .;D:\androidstudio\jre\bin;C:\WINDOWS\SYSTEM32;C:\WINDOWS\WinSxS\amd64_microsoft.windows.common-controls_6595b64144ccf1df_6.0.19041.1110_none_60b5254171f9507e;D:\androidstudio\jre\bin\server;C:\Users\WINDOWS 10\.gradle\native\8bec1ad78214c89d9ad589b4d07fe93259594b29d510b10fafb7a158f7737e5d\windows-amd64;C:\Users\WINDOWS 10\.gradle\native\53dbd7edfb1c66fb8903c78663c9afc45aea4f116125fa6feffd364cf09443e8\windows-amd64

VM Arguments:
jvm_args: --add-opens=java.base/java.util=ALL-UNNAMED --add-opens=java.base/java.lang=ALL-UNNAMED --add-opens=java.base/java.lang.invoke=ALL-UNNAMED --add-opens=java.base/java.util=ALL-UNNAMED --add-opens=java.prefs/java.util.prefs=ALL-UNNAMED --add-opens=java.prefs/java.util.prefs=ALL-UNNAMED --add-opens=java.base/java.nio.charset=ALL-UNNAMED --add-opens=java.base/java.net=ALL-UNNAMED --add-opens=java.base/java.util.concurrent.atomic=ALL-UNNAMED -Xmx2048m -Dfile.encoding=UTF-8 -Duser.country=ID -Duser.language=in -Duser.variant 
java_command: org.gradle.launcher.daemon.bootstrap.GradleDaemon 7.0.2
java_class_path (initial): C:\Users\WINDOWS 10\.gradle\wrapper\dists\gradle-7.0.2-bin\857tjihv64xamwrf0h14cai3r\gradle-7.0.2\lib\gradle-launcher-7.0.2.jar
Launcher Type: SUN_STANDARD

[Global flags]
     intx CICompilerCount                          = 3                                         {product} {ergonomic}
     uint ConcGCThreads                            = 1                                         {product} {ergonomic}
     uint G1ConcRefinementThreads                  = 4                                         {product} {ergonomic}
   size_t G1HeapRegionSize                         = 1048576                                   {product} {ergonomic}
    uintx GCDrainStackTargetSize                   = 64                                        {product} {ergonomic}
   size_t InitialHeapSize                          = 65011712                                  {product} {ergonomic}
   size_t MarkStackSize                            = 4194304                                   {product} {ergonomic}
   size_t MaxHeapSize                              = 2147483648                                {product} {command line}
   size_t MaxNewSize                               = 1287651328                                {product} {ergonomic}
   size_t MinHeapDeltaBytes                        = 1048576                                   {product} {ergonomic}
    uintx NonNMethodCodeHeapSize                   = 5830732                                {pd product} {ergonomic}
    uintx NonProfiledCodeHeapSize                  = 122913754                              {pd product} {ergonomic}
    uintx ProfiledCodeHeapSize                     = 122913754                              {pd product} {ergonomic}
    uintx ReservedCodeCacheSize                    = 251658240                              {pd product} {ergonomic}
     bool SegmentedCodeCache                       = true                                      {product} {ergonomic}
     bool UseCompressedClassPointers               = true                                 {lp64_product} {ergonomic}
     bool UseCompressedOops                        = true                                 {lp64_product} {ergonomic}
     bool UseG1GC                                  = true                                      {product} {ergonomic}
     bool UseLargePagesIndividualAllocation        = false                                  {pd product} {ergonomic}

Logging:
Log output configuration:
 #0: stdout all=warning uptime,level,tags
 #1: stderr all=off uptime,level,tags

Environment Variables:
PATH=C:\Program Files (x86)\Borland\Delphi7\Bin;C:\Program Files (x86)\Borland\Delphi7\Projects\Bpl\;C:\Program Files (x86)\Common Files\Oracle\Java\javapath;C:\Program Files (x86)\Common Files\Intel\Shared Files\cpp\bin\Intel64;C:\WINDOWS\system32;C:\WINDOWS;C:\WINDOWS\System32\Wbem;C:\WINDOWS\System32\WindowsPowerShell\v1.0\;C:\WINDOWS\System32\OpenSSH\;C:\Program Files\Intel\WiFi\bin\;C:\Program Files\Common Files\Intel\WirelessCommon\;C:\Program Files (x86)\Java\jdk1.7.0_67\bin;C:\Program Files\MATLAB\MATLAB Production Server\R2015a\runtime\win64;C:\Program Files\MATLAB\MATLAB Production Server\R2015a\bin;C:\Program Files\MATLAB\MATLAB Production Server\R2015a\polyspace\bin;C:\xampp\php;C:\ProgramData\ComposerSetup\bin;C:\Program Files\Microsoft SQL Server\110\Tools\Binn\;C:\Program Files\nodejs\;C:\Program Files\Git\cmd;C:\Program Files (x86)\Windows Kits\8.1\Windows Performance Toolkit\;C:\Program Files\Microsoft SQL Server\Client SDK\ODBC\110\Tools\Binn\;C:\Program Files (x86)\Microsoft SQL Server\120\Tools\Binn\;C:\Program Files\Microsoft SQL Server\120\Tools\Binn\;C:\Program Files\Microsoft SQL Server\120\DTS\Binn\;C:\Program Files (x86)\Microsoft SQL Server\120\Tools\Binn\ManagementStudio\;C:\Program Files (x86)\Microsoft SQL Server\120\DTS\Binn\;C:\Users\WINDOWS 10\AppData\Local\Microsoft\WindowsApps;C:\Program Files (x86)\Java\jdk1.7.0_67\bin;C:\Users\WINDOWS 10\AppData\Roaming\Composer\vendor\bin;;C:\Users\WINDOWS 10\AppData\Local\Programs\Microsoft VS Code\bin;C:\Users\WINDOWS 10\AppData\Roaming\npm
USERNAME=WINDOWS 10
OS=Windows_NT
PROCESSOR_IDENTIFIER=AMD64 Family 21 Model 101 Stepping 1, AuthenticAMD



---------------  S Y S T E M  ---------------

OS: Windows 10 , 64 bit Build 19041 (10.0.19041.1023)
OS uptime: 2 days 22:39 hours

CPU:total 4 (initial active 4) (4 cores per cpu, 1 threads per core) family 21 model 101 stepping 1 microcode 0x0, cmov, cx8, fxsr, mmx, sse, sse2, sse3, ssse3, sse4.1, sse4.2, popcnt, avx, avx2, aes, clmul, mmxext, 3dnowpref, lzcnt, sse4a, tsc, tscinvbit, tscinv, bmi1, bmi2, fma

Memory: 4k page, system-wide physical 3967M (348M free)
TotalPageFile size 8580M (AvailPageFile size 37M)
current process WorkingSet (physical memory assigned to process): 441M, peak: 441M
current process commit charge ("private bytes"): 492M, peak: 526M

vm_info: OpenJDK 64-Bit Server VM (11.0.10+0-b96-7249189) for windows-amd64 JRE (11.0.10+0-b96-7249189), built on Mar 31 2021 21:44:00 by "builder" with MS VC++ 14.0 (VS2015)

END.
