#
# There is insufficient memory for the Java Runtime Environment to continue.
# Native memory allocation (mmap) failed to map 216006656 bytes for Failed to commit area from 0x000000008ce00000 to 0x0000000099c00000 of length 216006656.
# Possible reasons:
#   The system is out of physical RAM or swap space
#   The process is running with CompressedOops enabled, and the Java Heap may be blocking the growth of the native heap
# Possible solutions:
#   Reduce memory load on the system
#   Increase physical memory or swap space
#   Check if swap backing store is full
#   Decrease Java heap size (-Xmx/-Xms)
#   Decrease number of Java threads
#   Decrease Java thread stack sizes (-Xss)
#   Set larger code cache with -XX:ReservedCodeCacheSize=
#   JVM is running with Unscaled Compressed Oops mode in which the Java heap is
#     placed in the first 4GB address space. The Java Heap base address is the
#     maximum limit for the native heap growth. Please use -XX:HeapBaseMinAddress
#     to set the Java Heap base and to place the Java Heap above 4GB virtual address.
# This output file may be truncated or incomplete.
#
#  Out of Memory Error (./src/hotspot/os/windows/os_windows.cpp:3301), pid=14108, tid=17424
#
# JRE version: OpenJDK Runtime Environment (11.0.10) (build 11.0.10+0-b96-7249189)
# Java VM: OpenJDK 64-Bit Server VM (11.0.10+0-b96-7249189, mixed mode, tiered, compressed oops, g1 gc, windows-amd64)
# No core dump will be written. Minidumps are not enabled by default on client versions of Windows
#

---------------  S U M M A R Y ------------

Command Line: --add-opens=java.base/java.util=ALL-UNNAMED --add-opens=java.base/java.lang=ALL-UNNAMED --add-opens=java.base/java.lang.invoke=ALL-UNNAMED --add-opens=java.base/java.util=ALL-UNNAMED --add-opens=java.prefs/java.util.prefs=ALL-UNNAMED --add-opens=java.prefs/java.util.prefs=ALL-UNNAMED --add-opens=java.base/java.nio.charset=ALL-UNNAMED --add-opens=java.base/java.net=ALL-UNNAMED --add-opens=java.base/java.util.concurrent.atomic=ALL-UNNAMED -Xmx2048m -Dfile.encoding=UTF-8 -Duser.country=ID -Duser.language=in -Duser.variant org.gradle.launcher.daemon.bootstrap.GradleDaemon 7.0.2

Host: AMD A12-9720P RADEON R7, 12 COMPUTE CORES 4C+8G, 4 cores, 3G,  Windows 10 , 64 bit Build 19041 (10.0.19041.1023)
Time: Mon Oct  4 17:41:42 2021 SE Asia Standard Time elapsed time: 7671.664264 seconds (0d 2h 7m 51s)

---------------  T H R E A D  ---------------

Current thread (0x000001d757ba3000):  VMThread "VM Thread" [stack: 0x0000005dd3500000,0x0000005dd3600000] [id=17424]

Stack: [0x0000005dd3500000,0x0000005dd3600000]
[error occurred during error reporting (printing stack bounds), id 0xc0000005, EXCEPTION_ACCESS_VIOLATION (0xc0000005) at pc=0x000001d7413d0f2d]

Native frames: (J=compiled Java code, j=interpreted, Vv=VM code, C=native code)
V  [jvm.dll+0x5ecfaa]
V  [jvm.dll+0x722bd5]
V  [jvm.dll+0x72412d]
V  [jvm.dll+0x724745]
V  [jvm.dll+0x7246fb]
V  [jvm.dll+0x5ec348]
V  [jvm.dll+0x5ecad8]
C  [ntdll.dll+0xa217f]
C  [ntdll.dll+0x51454]
C  [ntdll.dll+0xa0cae]
C  0x000001d7413d0f2d

VM_Operation (0x0000005dd5cf9460): G1CollectForAllocation, mode: safepoint, requested by thread 0x000001d75eed9800


---------------  P R O C E S S  ---------------

Threads class SMR info:
_java_thread_list=0x000001d763bead70, length=49, elements={
0x000001d73c0aa800, 0x000001d757ba9800, 0x000001d757bab000, 0x000001d757c05800,
0x000001d757c07800, 0x000001d757c09000, 0x000001d757c0e000, 0x000001d757c11000,
0x000001d75857a800, 0x000001d75867e000, 0x000001d7592cd000, 0x000001d759eb3800,
0x000001d759337000, 0x000001d7592d1800, 0x000001d7592d4000, 0x000001d7592d2000,
0x000001d7592d3000, 0x000001d7592d4800, 0x000001d7592cf800, 0x000001d75ada4000,
0x000001d75ada5000, 0x000001d75ada8000, 0x000001d75ada2800, 0x000001d75adab800,
0x000001d75adb1000, 0x000001d75eed3000, 0x000001d75eed2000, 0x000001d75eed0800,
0x000001d75eecf000, 0x000001d75eed4000, 0x000001d75eed0000, 0x000001d75eed8000,
0x000001d75eeda800, 0x000001d75eed6800, 0x000001d75eed4800, 0x000001d75eedb000,
0x000001d75eed7000, 0x000001d75eed9000, 0x000001d75eed9800, 0x000001d75eed5800,
0x000001d75eedd000, 0x000001d75ada3800, 0x000001d75ada5800, 0x000001d75adac800,
0x000001d75adaa000, 0x000001d75ada6800, 0x000001d75adb0800, 0x000001d75adae000,
0x000001d75adad000
}

Java Threads: ( => current thread )
  0x000001d73c0aa800 JavaThread "main" [_thread_blocked, id=1536, stack(0x0000005dd2f00000,0x0000005dd3000000)]
  0x000001d757ba9800 JavaThread "Reference Handler" daemon [_thread_blocked, id=14364, stack(0x0000005dd3600000,0x0000005dd3700000)]
  0x000001d757bab000 JavaThread "Finalizer" daemon [_thread_blocked, id=18252, stack(0x0000005dd3700000,0x0000005dd3800000)]
  0x000001d757c05800 JavaThread "Signal Dispatcher" daemon [_thread_blocked, id=18936, stack(0x0000005dd3800000,0x0000005dd3900000)]
  0x000001d757c07800 JavaThread "Attach Listener" daemon [_thread_blocked, id=13008, stack(0x0000005dd3900000,0x0000005dd3a00000)]
  0x000001d757c09000 JavaThread "Service Thread" daemon [_thread_blocked, id=22152, stack(0x0000005dd3a00000,0x0000005dd3b00000)]
  0x000001d757c0e000 JavaThread "C2 CompilerThread0" daemon [_thread_blocked, id=13744, stack(0x0000005dd3b00000,0x0000005dd3c00000)]
  0x000001d757c11000 JavaThread "C1 CompilerThread0" daemon [_thread_blocked, id=15560, stack(0x0000005dd3c00000,0x0000005dd3d00000)]
  0x000001d75857a800 JavaThread "Sweeper thread" daemon [_thread_blocked, id=21892, stack(0x0000005dd3d00000,0x0000005dd3e00000)]
  0x000001d75867e000 JavaThread "Common-Cleaner" daemon [_thread_blocked, id=20028, stack(0x0000005dd3e00000,0x0000005dd3f00000)]
  0x000001d7592cd000 JavaThread "Daemon health stats" [_thread_blocked, id=9792, stack(0x0000005dd4100000,0x0000005dd4200000)]
  0x000001d759eb3800 JavaThread "Incoming local TCP Connector on port 31149" [_thread_in_native, id=17456, stack(0x0000005dd4400000,0x0000005dd4500000)]
  0x000001d759337000 JavaThread "Daemon periodic checks" [_thread_blocked, id=10064, stack(0x0000005dd4500000,0x0000005dd4600000)]
  0x000001d7592d1800 JavaThread "Cache worker for file hash cache (C:\Users\WINDOWS 10\.gradle\caches\7.0.2\fileHashes)" [_thread_blocked, id=6524, stack(0x0000005dd4d00000,0x0000005dd4e00000)]
  0x000001d7592d4000 JavaThread "File lock request listener" [_thread_in_native, id=14524, stack(0x0000005dd4e00000,0x0000005dd4f00000)]
  0x000001d7592d2000 JavaThread "Cache worker for journal cache (C:\Users\WINDOWS 10\.gradle\caches\journal-1)" [_thread_blocked, id=21364, stack(0x0000005dd4f00000,0x0000005dd5000000)]
  0x000001d7592d3000 JavaThread "File watcher server" daemon [_thread_blocked, id=22348, stack(0x0000005dd5100000,0x0000005dd5200000)]
  0x000001d7592d4800 JavaThread "File watcher consumer" daemon [_thread_blocked, id=10552, stack(0x0000005dd5200000,0x0000005dd5300000)]
  0x000001d7592cf800 JavaThread "jar transforms" [_thread_blocked, id=7300, stack(0x0000005dd5300000,0x0000005dd5400000)]
  0x000001d75ada4000 JavaThread "jar transforms Thread 2" [_thread_blocked, id=19364, stack(0x0000005dd5400000,0x0000005dd5500000)]
  0x000001d75ada5000 JavaThread "jar transforms Thread 3" [_thread_blocked, id=17884, stack(0x0000005dd5500000,0x0000005dd5600000)]
  0x000001d75ada8000 JavaThread "jar transforms Thread 4" [_thread_blocked, id=18832, stack(0x0000005dd5600000,0x0000005dd5700000)]
  0x000001d75ada2800 JavaThread "Cache worker for execution history cache (C:\Users\WINDOWS 10\.gradle\caches\7.0.2\executionHistory)" [_thread_blocked, id=9784, stack(0x0000005dd5a00000,0x0000005dd5b00000)]
  0x000001d75adab800 JavaThread "Cache worker for file content cache (C:\Users\WINDOWS 10\.gradle\caches\7.0.2\fileContent)" [_thread_blocked, id=20184, stack(0x0000005dd5b00000,0x0000005dd5c00000)]
  0x000001d75adb1000 JavaThread "Memory manager" [_thread_blocked, id=21128, stack(0x0000005dd6100000,0x0000005dd6200000)]
  0x000001d75eed3000 JavaThread "Daemon Thread 3" [_thread_blocked, id=14840, stack(0x0000005dd2c00000,0x0000005dd2d00000)]
  0x000001d75eed2000 JavaThread "Handler for socket connection from /127.0.0.1:31149 to /127.0.0.1:26323" [_thread_in_native, id=460, stack(0x0000005dd2d00000,0x0000005dd2e00000)]
  0x000001d75eed0800 JavaThread "Cancel handler" [_thread_blocked, id=13240, stack(0x0000005dd2e00000,0x0000005dd2f00000)]
  0x000001d75eecf000 JavaThread "Daemon worker Thread 3" [_thread_blocked, id=10632, stack(0x0000005dd4600000,0x0000005dd4700000)]
  0x000001d75eed4000 JavaThread "Asynchronous log dispatcher for DefaultDaemonConnection: socket connection from /127.0.0.1:31149 to /127.0.0.1:26323" [_thread_blocked, id=10540, stack(0x0000005dd4700000,0x0000005dd4800000)]
  0x000001d75eed0000 JavaThread "Daemon client event forwarder" [_thread_blocked, id=17120, stack(0x0000005dd4900000,0x0000005dd4a00000)]
  0x000001d75eed8000 JavaThread "Cache worker for file hash cache (D:\androidstudio_projects\.gradle\7.0.2\fileHashes)" [_thread_blocked, id=18260, stack(0x0000005dd4a00000,0x0000005dd4b00000)]
  0x000001d75eeda800 JavaThread "Cache worker for checksums cache (D:\androidstudio_projects\.gradle\checksums)" [_thread_blocked, id=340, stack(0x0000005dd4b00000,0x0000005dd4c00000)]
  0x000001d75eed6800 JavaThread "Cache worker for cache directory md-supplier (C:\Users\WINDOWS 10\.gradle\caches\7.0.2\md-supplier)" [_thread_blocked, id=18776, stack(0x0000005dd4c00000,0x0000005dd4d00000)]
  0x000001d75eed4800 JavaThread "Cache worker for cache directory md-rule (C:\Users\WINDOWS 10\.gradle\caches\7.0.2\md-rule)" [_thread_blocked, id=14948, stack(0x0000005dd5000000,0x0000005dd5100000)]
  0x000001d75eedb000 JavaThread "Cache worker for dependencies-accessors (D:\androidstudio_projects\.gradle\7.0.2\dependencies-accessors)" [_thread_blocked, id=12584, stack(0x0000005dd5700000,0x0000005dd5800000)]
  0x000001d75eed7000 JavaThread "Cache worker for Build Output Cleanup Cache (D:\androidstudio_projects\.gradle\buildOutputCleanup)" [_thread_blocked, id=13636, stack(0x0000005dd5800000,0x0000005dd5900000)]
  0x000001d75eed9000 JavaThread "Build operations" [_thread_blocked, id=14240, stack(0x0000005dd5900000,0x0000005dd5a00000)]
  0x000001d75eed9800 JavaThread "Build operations Thread 2" [_thread_blocked, id=22180, stack(0x0000005dd5c00000,0x0000005dd5d00000)]
  0x000001d75eed5800 JavaThread "Build operations Thread 3" [_thread_blocked, id=22200, stack(0x0000005dd5d00000,0x0000005dd5e00000)]
  0x000001d75eedd000 JavaThread "Build operations Thread 4" [_thread_blocked, id=15428, stack(0x0000005dd5e00000,0x0000005dd5f00000)]
  0x000001d75ada3800 JavaThread "Execution worker for ':'" [_thread_blocked, id=19532, stack(0x0000005dd5f00000,0x0000005dd6000000)]
  0x000001d75ada5800 JavaThread "Execution worker for ':' Thread 2" [_thread_blocked, id=21608, stack(0x0000005dd6000000,0x0000005dd6100000)]
  0x000001d75adac800 JavaThread "Execution worker for ':' Thread 3" [_thread_blocked, id=15824, stack(0x0000005dd6200000,0x0000005dd6300000)]
  0x000001d75adaa000 JavaThread "Cache worker for execution history cache (D:\androidstudio_projects\.gradle\7.0.2\executionHistory)" [_thread_blocked, id=20116, stack(0x0000005dd6300000,0x0000005dd6400000)]
  0x000001d75ada6800 JavaThread "WorkerExecutor Queue" [_thread_blocked, id=10076, stack(0x0000005dd6400000,0x0000005dd6500000)]
  0x000001d75adb0800 JavaThread "WorkerExecutor Queue Thread 2" [_thread_blocked, id=21368, stack(0x0000005dd6500000,0x0000005dd6600000)]
  0x000001d75adae000 JavaThread "WorkerExecutor Queue Thread 3" [_thread_blocked, id=21052, stack(0x0000005dd6600000,0x0000005dd6700000)]
  0x000001d75adad000 JavaThread "WorkerExecutor Queue Thread 4" [_thread_blocked, id=17380, stack(0x0000005dd6700000,0x0000005dd6800000)]

Other Threads:
=>0x000001d757ba3000 VMThread "VM Thread" [stack: 0x0000005dd3500000,0x0000005dd3600000] [id=17424]
  0x000001d75869a000 WatcherThread [stack: 0x0000005dd3f00000,0x0000005dd4000000] [id=17432]
  0x000001d73c0c2000 GCTaskThread "GC Thread#0" [stack: 0x0000005dd3000000,0x0000005dd3100000] [id=9928]
  0x000001d75894a800 GCTaskThread "GC Thread#1" [stack: 0x0000005dd4000000,0x0000005dd4100000] [id=18440]
  0x000001d759ae0800 GCTaskThread "GC Thread#2" [stack: 0x0000005dd4200000,0x0000005dd4300000] [id=5640]
  0x000001d759237000 GCTaskThread "GC Thread#3" [stack: 0x0000005dd4300000,0x0000005dd4400000] [id=15644]
  0x000001d73c0f5000 ConcurrentGCThread "G1 Main Marker" [stack: 0x0000005dd3100000,0x0000005dd3200000] [id=17864]
  0x000001d73c0f6800 ConcurrentGCThread "G1 Conc#0" [stack: 0x0000005dd3200000,0x0000005dd3300000] [id=18592]
  0x000001d73c14f000 ConcurrentGCThread "G1 Refine#0" [stack: 0x0000005dd3300000,0x0000005dd3400000] [id=18860]
  0x000001d73c150000 ConcurrentGCThread "G1 Young RemSet Sampling" [stack: 0x0000005dd3400000,0x0000005dd3500000] [id=21380]

Threads with active compile tasks:
C2 CompilerThread07671888 22944 %     4       com.android.tools.r8.ir.regalloc.a::a @ 2054 (3985 bytes)
C1 CompilerThread07671888 22958       3       com.android.tools.r8.internal.wz::b (1748 bytes)

VM state:at safepoint (normal execution)

VM Mutex/Monitor currently owned by a thread:  ([mutex/lock_event])
[0x000001d73c0a7730] Threads_lock - owner thread: 0x000001d757ba3000
[0x000001d73c0a6bf0] Heap_lock - owner thread: 0x000001d75eed9800

Heap address: 0x0000000080000000, size: 2048 MB, Compressed Oops mode: 32-bit
Narrow klass base: 0x0000000000000000, Narrow klass shift: 3
Compressed class space size: 1073741824 Address: 0x0000000100000000

Heap:
 garbage-first heap   total 421888K, used 121005K [0x0000000080000000, 0x0000000100000000)
  region size 1024K, 3 young (3072K), 3 survivors (3072K)
 Metaspace       used 126397K, capacity 129595K, committed 129792K, reserved 1163264K
  class space    used 15579K, capacity 16779K, committed 16896K, reserved 1048576K
Heap Regions: E=young(eden), S=young(survivor), O=old, HS=humongous(starts), HC=humongous(continues), CS=collection set, F=free, A=archive, TAMS=top-at-mark-start (previous, next)
|   0|0x0000000080000000, 0x0000000080100000, 0x0000000080100000|100%| O|  |TAMS 0x0000000080100000, 0x0000000080000000| Untracked 
|   1|0x0000000080100000, 0x0000000080200000, 0x0000000080200000|100%| O|  |TAMS 0x0000000080200000, 0x0000000080100000| Untracked 
|   2|0x0000000080200000, 0x0000000080300000, 0x0000000080300000|100%| O|  |TAMS 0x0000000080300000, 0x0000000080200000| Untracked 
|   3|0x0000000080300000, 0x0000000080400000, 0x0000000080400000|100%|HS|  |TAMS 0x0000000080400000, 0x0000000080300000| Complete 
|   4|0x0000000080400000, 0x0000000080500000, 0x0000000080500000|100%|HC|  |TAMS 0x0000000080500000, 0x0000000080400000| Complete 
|   5|0x0000000080500000, 0x0000000080600000, 0x0000000080600000|100%|HC|  |TAMS 0x0000000080600000, 0x0000000080500000| Complete 
|   6|0x0000000080600000, 0x0000000080700000, 0x0000000080700000|100%| O|  |TAMS 0x0000000080700000, 0x0000000080600000| Complete 
|   7|0x0000000080700000, 0x0000000080800000, 0x0000000080800000|100%| O|  |TAMS 0x0000000080800000, 0x0000000080700000| Untracked 
|   8|0x0000000080800000, 0x0000000080900000, 0x0000000080900000|100%| O|  |TAMS 0x0000000080900000, 0x0000000080800000| Untracked 
|   9|0x0000000080900000, 0x0000000080a00000, 0x0000000080a00000|100%| O|  |TAMS 0x0000000080a00000, 0x0000000080900000| Untracked 
|  10|0x0000000080a00000, 0x0000000080b00000, 0x0000000080b00000|100%| O|  |TAMS 0x0000000080b00000, 0x0000000080a00000| Untracked 
|  11|0x0000000080b00000, 0x0000000080c00000, 0x0000000080c00000|100%| O|  |TAMS 0x0000000080c00000, 0x0000000080b00000| Untracked 
|  12|0x0000000080c00000, 0x0000000080d00000, 0x0000000080d00000|100%| O|  |TAMS 0x0000000080d00000, 0x0000000080c00000| Untracked 
|  13|0x0000000080d00000, 0x0000000080e00000, 0x0000000080e00000|100%| O|  |TAMS 0x0000000080e00000, 0x0000000080d00000| Untracked 
|  14|0x0000000080e00000, 0x0000000080effff8, 0x0000000080f00000| 99%| O|  |TAMS 0x0000000080effff8, 0x0000000080e00000| Complete 
|  15|0x0000000080f00000, 0x0000000081000000, 0x0000000081000000|100%| O|  |TAMS 0x0000000081000000, 0x0000000080f00000| Complete 
|  16|0x0000000081000000, 0x0000000081100000, 0x0000000081100000|100%|HS|  |TAMS 0x0000000081100000, 0x0000000081000000| Complete 
|  17|0x0000000081100000, 0x0000000081200000, 0x0000000081200000|100%|HC|  |TAMS 0x0000000081200000, 0x0000000081100000| Complete 
|  18|0x0000000081200000, 0x0000000081300000, 0x0000000081300000|100%|HS|  |TAMS 0x0000000081300000, 0x0000000081200000| Complete 
|  19|0x0000000081300000, 0x0000000081400000, 0x0000000081400000|100%|HC|  |TAMS 0x0000000081400000, 0x0000000081300000| Complete 
|  20|0x0000000081400000, 0x0000000081500000, 0x0000000081500000|100%|HC|  |TAMS 0x0000000081500000, 0x0000000081400000| Complete 
|  21|0x0000000081500000, 0x0000000081600000, 0x0000000081600000|100%|HS|  |TAMS 0x0000000081600000, 0x0000000081500000| Complete 
|  22|0x0000000081600000, 0x0000000081700000, 0x0000000081700000|100%|HC|  |TAMS 0x0000000081700000, 0x0000000081600000| Complete 
|  23|0x0000000081700000, 0x0000000081800000, 0x0000000081800000|100%|HC|  |TAMS 0x0000000081800000, 0x0000000081700000| Complete 
|  24|0x0000000081800000, 0x0000000081900000, 0x0000000081900000|100%|HC|  |TAMS 0x0000000081900000, 0x0000000081800000| Complete 
|  25|0x0000000081900000, 0x0000000081a00000, 0x0000000081a00000|100%|HC|  |TAMS 0x0000000081a00000, 0x0000000081900000| Complete 
|  26|0x0000000081a00000, 0x0000000081b00000, 0x0000000081b00000|100%| O|  |TAMS 0x0000000081b00000, 0x0000000081a00000| Complete 
|  27|0x0000000081b00000, 0x0000000081c00000, 0x0000000081c00000|100%| O|  |TAMS 0x0000000081c00000, 0x0000000081b00000| Complete 
|  28|0x0000000081c00000, 0x0000000081d00000, 0x0000000081d00000|100%| O|  |TAMS 0x0000000081d00000, 0x0000000081c00000| Untracked 
|  29|0x0000000081d00000, 0x0000000081e00000, 0x0000000081e00000|100%| O|  |TAMS 0x0000000081e00000, 0x0000000081d00000| Untracked 
|  30|0x0000000081e00000, 0x0000000081f00000, 0x0000000081f00000|100%| O|  |TAMS 0x0000000081f00000, 0x0000000081e00000| Complete 
|  31|0x0000000081f00000, 0x0000000082000000, 0x0000000082000000|100%| O|  |TAMS 0x0000000082000000, 0x0000000081f00000| Complete 
|  32|0x0000000082000000, 0x0000000082100000, 0x0000000082100000|100%| O|  |TAMS 0x0000000082100000, 0x0000000082000000| Complete 
|  33|0x0000000082100000, 0x0000000082200000, 0x0000000082200000|100%| O|  |TAMS 0x0000000082200000, 0x0000000082100000| Complete 
|  34|0x0000000082200000, 0x0000000082300000, 0x0000000082300000|100%| O|  |TAMS 0x0000000082300000, 0x0000000082200000| Complete 
|  35|0x0000000082300000, 0x0000000082400000, 0x0000000082400000|100%| O|  |TAMS 0x0000000082400000, 0x0000000082300000| Untracked 
|  36|0x0000000082400000, 0x0000000082500000, 0x0000000082500000|100%| O|  |TAMS 0x0000000082500000, 0x0000000082400000| Complete 
|  37|0x0000000082500000, 0x0000000082600000, 0x0000000082600000|100%| O|  |TAMS 0x0000000082600000, 0x0000000082500000| Untracked 
|  38|0x0000000082600000, 0x0000000082700000, 0x0000000082700000|100%| O|  |TAMS 0x0000000082700000, 0x0000000082600000| Untracked 
|  39|0x0000000082700000, 0x0000000082800000, 0x0000000082800000|100%| O|  |TAMS 0x0000000082800000, 0x0000000082700000| Untracked 
|  40|0x0000000082800000, 0x0000000082900000, 0x0000000082900000|100%| O|  |TAMS 0x0000000082900000, 0x0000000082800000| Untracked 
|  41|0x0000000082900000, 0x0000000082a00000, 0x0000000082a00000|100%| O|  |TAMS 0x0000000082a00000, 0x0000000082900000| Untracked 
|  42|0x0000000082a00000, 0x0000000082b00000, 0x0000000082b00000|100%| O|  |TAMS 0x0000000082b00000, 0x0000000082a00000| Untracked 
|  43|0x0000000082b00000, 0x0000000082c00000, 0x0000000082c00000|100%| O|  |TAMS 0x0000000082c00000, 0x0000000082b00000| Untracked 
|  44|0x0000000082c00000, 0x0000000082d00000, 0x0000000082d00000|100%| O|  |TAMS 0x0000000082d00000, 0x0000000082c00000| Untracked 
|  45|0x0000000082d00000, 0x0000000082e00000, 0x0000000082e00000|100%| O|  |TAMS 0x0000000082e00000, 0x0000000082d00000| Complete 
|  46|0x0000000082e00000, 0x0000000082f00000, 0x0000000082f00000|100%| O|  |TAMS 0x0000000082f00000, 0x0000000082e00000| Untracked 
|  47|0x0000000082f00000, 0x0000000083000000, 0x0000000083000000|100%| O|  |TAMS 0x0000000083000000, 0x0000000082f00000| Untracked 
|  48|0x0000000083000000, 0x0000000083100000, 0x0000000083100000|100%| O|  |TAMS 0x0000000083100000, 0x0000000083000000| Untracked 
|  49|0x0000000083100000, 0x0000000083200000, 0x0000000083200000|100%| O|  |TAMS 0x0000000083200000, 0x0000000083100000| Complete 
|  50|0x0000000083200000, 0x0000000083300000, 0x0000000083300000|100%| O|  |TAMS 0x0000000083300000, 0x0000000083200000| Untracked 
|  51|0x0000000083300000, 0x0000000083400000, 0x0000000083400000|100%| O|  |TAMS 0x0000000083400000, 0x0000000083300000| Untracked 
|  52|0x0000000083400000, 0x0000000083500000, 0x0000000083500000|100%| O|  |TAMS 0x0000000083500000, 0x0000000083400000| Complete 
|  53|0x0000000083500000, 0x0000000083600000, 0x0000000083600000|100%| O|  |TAMS 0x0000000083600000, 0x0000000083500000| Untracked 
|  54|0x0000000083600000, 0x0000000083700000, 0x0000000083700000|100%| O|  |TAMS 0x0000000083700000, 0x0000000083600000| Complete 
|  55|0x0000000083700000, 0x0000000083800000, 0x0000000083800000|100%| O|  |TAMS 0x0000000083800000, 0x0000000083700000| Complete 
|  56|0x0000000083800000, 0x0000000083900000, 0x0000000083900000|100%| O|  |TAMS 0x0000000083900000, 0x0000000083800000| Untracked 
|  57|0x0000000083900000, 0x0000000083a00000, 0x0000000083a00000|100%|HS|  |TAMS 0x0000000083a00000, 0x0000000083900000| Complete 
|  58|0x0000000083a00000, 0x0000000083b00000, 0x0000000083b00000|100%|HS|  |TAMS 0x0000000083b00000, 0x0000000083a00000| Complete 
|  59|0x0000000083b00000, 0x0000000083c00000, 0x0000000083c00000|100%| O|  |TAMS 0x0000000083c00000, 0x0000000083b00000| Untracked 
|  60|0x0000000083c00000, 0x0000000083d00000, 0x0000000083d00000|100%| O|  |TAMS 0x0000000083d00000, 0x0000000083c00000| Untracked 
|  61|0x0000000083d00000, 0x0000000083e00000, 0x0000000083e00000|100%| O|  |TAMS 0x0000000083e00000, 0x0000000083d00000| Complete 
|  62|0x0000000083e00000, 0x0000000083f00000, 0x0000000083f00000|100%| O|  |TAMS 0x0000000083f00000, 0x0000000083e00000| Complete 
|  63|0x0000000083f00000, 0x0000000084000000, 0x0000000084000000|100%|HS|  |TAMS 0x0000000084000000, 0x0000000083f00000| Complete 
|  64|0x0000000084000000, 0x0000000084100000, 0x0000000084100000|100%|HC|  |TAMS 0x0000000084100000, 0x0000000084000000| Complete 
|  65|0x0000000084100000, 0x00000000841de600, 0x0000000084200000| 86%| O|  |TAMS 0x00000000841de600, 0x0000000084100000| Untracked 
|  66|0x0000000084200000, 0x0000000084300000, 0x0000000084300000|100%| O|  |TAMS 0x0000000084300000, 0x0000000084200000| Complete 
|  67|0x0000000084300000, 0x0000000084400000, 0x0000000084400000|100%| O|  |TAMS 0x0000000084400000, 0x0000000084300000| Untracked 
|  68|0x0000000084400000, 0x0000000084500000, 0x0000000084500000|100%| O|  |TAMS 0x0000000084500000, 0x0000000084400000| Complete 
|  69|0x0000000084500000, 0x0000000084600000, 0x0000000084600000|100%| O|  |TAMS 0x0000000084600000, 0x0000000084500000| Complete 
|  70|0x0000000084600000, 0x0000000084700000, 0x0000000084700000|100%| O|  |TAMS 0x0000000084700000, 0x0000000084600000| Untracked 
|  71|0x0000000084700000, 0x0000000084800000, 0x0000000084800000|100%| O|  |TAMS 0x0000000084800000, 0x0000000084700000| Untracked 
|  72|0x0000000084800000, 0x0000000084900000, 0x0000000084900000|100%| O|  |TAMS 0x0000000084900000, 0x0000000084800000| Untracked 
|  73|0x0000000084900000, 0x0000000084a00000, 0x0000000084a00000|100%| O|  |TAMS 0x0000000084a00000, 0x0000000084900000| Complete 
|  74|0x0000000084a00000, 0x0000000084b00000, 0x0000000084b00000|100%| O|  |TAMS 0x0000000084b00000, 0x0000000084a00000| Complete 
|  75|0x0000000084b00000, 0x0000000084c00000, 0x0000000084c00000|100%| O|  |TAMS 0x0000000084c00000, 0x0000000084b00000| Untracked 
|  76|0x0000000084c00000, 0x0000000084d00000, 0x0000000084d00000|100%| O|  |TAMS 0x0000000084d00000, 0x0000000084c00000| Untracked 
|  77|0x0000000084d00000, 0x0000000084e00000, 0x0000000084e00000|100%| O|  |TAMS 0x0000000084e00000, 0x0000000084d00000| Untracked 
|  78|0x0000000084e00000, 0x0000000084e00000, 0x0000000084f00000|  0%| F|  |TAMS 0x0000000084e00000, 0x0000000084e00000| Untracked 
|  79|0x0000000084f00000, 0x0000000085000000, 0x0000000085000000|100%| O|  |TAMS 0x0000000085000000, 0x0000000084f00000| Untracked 
|  80|0x0000000085000000, 0x0000000085100000, 0x0000000085100000|100%| O|  |TAMS 0x0000000085100000, 0x0000000085000000| Complete 
|  81|0x0000000085100000, 0x0000000085100000, 0x0000000085200000|  0%| F|  |TAMS 0x0000000085100000, 0x0000000085100000| Untracked 
|  82|0x0000000085200000, 0x0000000085300000, 0x0000000085300000|100%| O|  |TAMS 0x0000000085300000, 0x0000000085200000| Complete 
|  83|0x0000000085300000, 0x0000000085300000, 0x0000000085400000|  0%| F|  |TAMS 0x0000000085300000, 0x0000000085300000| Untracked 
|  84|0x0000000085400000, 0x0000000085500000, 0x0000000085500000|100%| O|  |TAMS 0x0000000085500000, 0x0000000085400000| Complete 
|  85|0x0000000085500000, 0x0000000085600000, 0x0000000085600000|100%| O|  |TAMS 0x0000000085600000, 0x0000000085500000| Complete 
|  86|0x0000000085600000, 0x0000000085600000, 0x0000000085700000|  0%| F|  |TAMS 0x0000000085600000, 0x0000000085600000| Untracked 
|  87|0x0000000085700000, 0x0000000085800000, 0x0000000085800000|100%| O|  |TAMS 0x0000000085800000, 0x0000000085700000| Complete 
|  88|0x0000000085800000, 0x0000000085900000, 0x0000000085900000|100%| O|  |TAMS 0x0000000085900000, 0x0000000085800000| Untracked 
|  89|0x0000000085900000, 0x0000000085a00000, 0x0000000085a00000|100%| O|  |TAMS 0x0000000085a00000, 0x0000000085900000| Untracked 
|  90|0x0000000085a00000, 0x0000000085b00000, 0x0000000085b00000|100%| O|  |TAMS 0x0000000085b00000, 0x0000000085a00000| Untracked 
|  91|0x0000000085b00000, 0x0000000085c00000, 0x0000000085c00000|100%| O|  |TAMS 0x0000000085c00000, 0x0000000085b00000| Complete 
|  92|0x0000000085c00000, 0x0000000085d00000, 0x0000000085d00000|100%| O|  |TAMS 0x0000000085d00000, 0x0000000085c00000| Untracked 
|  93|0x0000000085d00000, 0x0000000085e00000, 0x0000000085e00000|100%| O|  |TAMS 0x0000000085e00000, 0x0000000085d00000| Complete 
|  94|0x0000000085e00000, 0x0000000085f00000, 0x0000000085f00000|100%| O|  |TAMS 0x0000000085f00000, 0x0000000085e00000| Untracked 
|  95|0x0000000085f00000, 0x0000000086000000, 0x0000000086000000|100%| O|  |TAMS 0x0000000086000000, 0x0000000085f00000| Untracked 
|  96|0x0000000086000000, 0x0000000086100000, 0x0000000086100000|100%| O|  |TAMS 0x0000000086100000, 0x0000000086000000| Complete 
|  97|0x0000000086100000, 0x0000000086200000, 0x0000000086200000|100%| O|  |TAMS 0x0000000086200000, 0x0000000086100000| Complete 
|  98|0x0000000086200000, 0x0000000086300000, 0x0000000086300000|100%| O|  |TAMS 0x0000000086300000, 0x0000000086200000| Complete 
|  99|0x0000000086300000, 0x0000000086400000, 0x0000000086400000|100%| O|  |TAMS 0x0000000086400000, 0x0000000086300000| Untracked 
| 100|0x0000000086400000, 0x0000000086500000, 0x0000000086500000|100%| O|  |TAMS 0x0000000086500000, 0x0000000086400000| Complete 
| 101|0x0000000086500000, 0x0000000086600000, 0x0000000086600000|100%| O|  |TAMS 0x0000000086600000, 0x0000000086500000| Complete 
| 102|0x0000000086600000, 0x0000000086700000, 0x0000000086700000|100%| O|  |TAMS 0x0000000086700000, 0x0000000086600000| Untracked 
| 103|0x0000000086700000, 0x0000000086800000, 0x0000000086800000|100%| O|  |TAMS 0x0000000086800000, 0x0000000086700000| Complete 
| 104|0x0000000086800000, 0x0000000086900000, 0x0000000086900000|100%| O|  |TAMS 0x0000000086900000, 0x0000000086800000| Complete 
| 105|0x0000000086900000, 0x0000000086a00000, 0x0000000086a00000|100%| O|  |TAMS 0x0000000086a00000, 0x0000000086900000| Complete 
| 106|0x0000000086a00000, 0x0000000086b00000, 0x0000000086b00000|100%| O|  |TAMS 0x0000000086b00000, 0x0000000086a00000| Complete 
| 107|0x0000000086b00000, 0x0000000086c00000, 0x0000000086c00000|100%| O|  |TAMS 0x0000000086c00000, 0x0000000086b00000| Untracked 
| 108|0x0000000086c00000, 0x0000000086d00000, 0x0000000086d00000|100%| O|  |TAMS 0x0000000086d00000, 0x0000000086c00000| Untracked 
| 109|0x0000000086d00000, 0x0000000086d00000, 0x0000000086e00000|  0%| F|  |TAMS 0x0000000086d00000, 0x0000000086d00000| Untracked 
| 110|0x0000000086e00000, 0x0000000086e00000, 0x0000000086f00000|  0%| F|  |TAMS 0x0000000086e00000, 0x0000000086e00000| Untracked 
| 111|0x0000000086f00000, 0x0000000087000000, 0x0000000087000000|100%| O|  |TAMS 0x0000000087000000, 0x0000000086f00000| Untracked 
| 112|0x0000000087000000, 0x0000000087100000, 0x0000000087100000|100%| O|  |TAMS 0x0000000087100000, 0x0000000087000000| Complete 
| 113|0x0000000087100000, 0x0000000087200000, 0x0000000087200000|100%| O|  |TAMS 0x0000000087200000, 0x0000000087100000| Complete 
| 114|0x0000000087200000, 0x0000000087300000, 0x0000000087300000|100%| O|  |TAMS 0x0000000087300000, 0x0000000087200000| Untracked 
| 115|0x0000000087300000, 0x0000000087400000, 0x0000000087400000|100%| O|  |TAMS 0x0000000087400000, 0x0000000087300000| Untracked 
| 116|0x0000000087400000, 0x0000000087500000, 0x0000000087500000|100%| O|  |TAMS 0x0000000087500000, 0x0000000087400000| Untracked 
| 117|0x0000000087500000, 0x0000000087600000, 0x0000000087600000|100%| O|  |TAMS 0x0000000087600000, 0x0000000087500000| Complete 
| 118|0x0000000087600000, 0x0000000087700000, 0x0000000087700000|100%| O|  |TAMS 0x0000000087700000, 0x0000000087600000| Complete 
| 119|0x0000000087700000, 0x0000000087800000, 0x0000000087800000|100%| O|  |TAMS 0x0000000087800000, 0x0000000087700000| Untracked 
| 120|0x0000000087800000, 0x0000000087900000, 0x0000000087900000|100%| O|  |TAMS 0x0000000087900000, 0x0000000087800000| Untracked 
| 121|0x0000000087900000, 0x0000000087a00000, 0x0000000087a00000|100%| O|  |TAMS 0x0000000087a00000, 0x0000000087900000| Untracked 
| 122|0x0000000087a00000, 0x0000000087a00000, 0x0000000087b00000|  0%| F|  |TAMS 0x0000000087a00000, 0x0000000087a00000| Untracked 
| 123|0x0000000087b00000, 0x0000000087b00000, 0x0000000087c00000|  0%| F|  |TAMS 0x0000000087b00000, 0x0000000087b00000| Untracked 
| 124|0x0000000087c00000, 0x0000000087c00000, 0x0000000087d00000|  0%| F|  |TAMS 0x0000000087c00000, 0x0000000087c00000| Untracked 
| 125|0x0000000087d00000, 0x0000000087d00000, 0x0000000087e00000|  0%| F|  |TAMS 0x0000000087d00000, 0x0000000087d00000| Untracked 
| 126|0x0000000087e00000, 0x0000000087e00000, 0x0000000087f00000|  0%| F|  |TAMS 0x0000000087e00000, 0x0000000087e00000| Untracked 
| 127|0x0000000087f00000, 0x0000000087f00000, 0x0000000088000000|  0%| F|  |TAMS 0x0000000087f00000, 0x0000000087f00000| Untracked 
| 128|0x0000000088000000, 0x0000000088000000, 0x0000000088100000|  0%| F|  |TAMS 0x0000000088000000, 0x0000000088000000| Untracked 
| 129|0x0000000088100000, 0x0000000088100000, 0x0000000088200000|  0%| F|  |TAMS 0x0000000088100000, 0x0000000088100000| Untracked 
| 130|0x0000000088200000, 0x0000000088200000, 0x0000000088300000|  0%| F|  |TAMS 0x0000000088200000, 0x0000000088200000| Untracked 
| 131|0x0000000088300000, 0x0000000088300000, 0x0000000088400000|  0%| F|  |TAMS 0x0000000088300000, 0x0000000088300000| Untracked 
| 132|0x0000000088400000, 0x0000000088400000, 0x0000000088500000|  0%| F|  |TAMS 0x0000000088400000, 0x0000000088400000| Untracked 
| 133|0x0000000088500000, 0x0000000088500000, 0x0000000088600000|  0%| F|  |TAMS 0x0000000088500000, 0x0000000088500000| Untracked 
| 134|0x0000000088600000, 0x0000000088600000, 0x0000000088700000|  0%| F|  |TAMS 0x0000000088600000, 0x0000000088600000| Untracked 
| 135|0x0000000088700000, 0x0000000088700000, 0x0000000088800000|  0%| F|  |TAMS 0x0000000088700000, 0x0000000088700000| Untracked 
| 136|0x0000000088800000, 0x0000000088800000, 0x0000000088900000|  0%| F|  |TAMS 0x0000000088800000, 0x0000000088800000| Untracked 
| 137|0x0000000088900000, 0x0000000088900000, 0x0000000088a00000|  0%| F|  |TAMS 0x0000000088900000, 0x0000000088900000| Untracked 
| 138|0x0000000088a00000, 0x0000000088a00000, 0x0000000088b00000|  0%| F|  |TAMS 0x0000000088a00000, 0x0000000088a00000| Untracked 
| 139|0x0000000088b00000, 0x0000000088b00000, 0x0000000088c00000|  0%| F|  |TAMS 0x0000000088b00000, 0x0000000088b00000| Untracked 
| 140|0x0000000088c00000, 0x0000000088c00000, 0x0000000088d00000|  0%| F|  |TAMS 0x0000000088c00000, 0x0000000088c00000| Untracked 
| 141|0x0000000088d00000, 0x0000000088d00000, 0x0000000088e00000|  0%| F|  |TAMS 0x0000000088d00000, 0x0000000088d00000| Untracked 
| 142|0x0000000088e00000, 0x0000000088e00000, 0x0000000088f00000|  0%| F|  |TAMS 0x0000000088e00000, 0x0000000088e00000| Untracked 
| 143|0x0000000088f00000, 0x0000000088f00000, 0x0000000089000000|  0%| F|  |TAMS 0x0000000088f00000, 0x0000000088f00000| Untracked 
| 144|0x0000000089000000, 0x0000000089000000, 0x0000000089100000|  0%| F|  |TAMS 0x0000000089000000, 0x0000000089000000| Untracked 
| 145|0x0000000089100000, 0x0000000089100000, 0x0000000089200000|  0%| F|  |TAMS 0x0000000089100000, 0x0000000089100000| Untracked 
| 146|0x0000000089200000, 0x0000000089200000, 0x0000000089300000|  0%| F|  |TAMS 0x0000000089200000, 0x0000000089200000| Untracked 
| 147|0x0000000089300000, 0x0000000089300000, 0x0000000089400000|  0%| F|  |TAMS 0x0000000089300000, 0x0000000089300000| Untracked 
| 148|0x0000000089400000, 0x0000000089400000, 0x0000000089500000|  0%| F|  |TAMS 0x0000000089400000, 0x0000000089400000| Untracked 
| 149|0x0000000089500000, 0x0000000089500000, 0x0000000089600000|  0%| F|  |TAMS 0x0000000089500000, 0x0000000089500000| Untracked 
| 150|0x0000000089600000, 0x0000000089600000, 0x0000000089700000|  0%| F|  |TAMS 0x0000000089600000, 0x0000000089600000| Untracked 
| 151|0x0000000089700000, 0x0000000089700000, 0x0000000089800000|  0%| F|  |TAMS 0x0000000089700000, 0x0000000089700000| Untracked 
| 152|0x0000000089800000, 0x0000000089800000, 0x0000000089900000|  0%| F|  |TAMS 0x0000000089800000, 0x0000000089800000| Untracked 
| 153|0x0000000089900000, 0x0000000089900000, 0x0000000089a00000|  0%| F|  |TAMS 0x0000000089900000, 0x0000000089900000| Untracked 
| 154|0x0000000089a00000, 0x0000000089a00000, 0x0000000089b00000|  0%| F|  |TAMS 0x0000000089a00000, 0x0000000089a00000| Untracked 
| 155|0x0000000089b00000, 0x0000000089b00000, 0x0000000089c00000|  0%| F|  |TAMS 0x0000000089b00000, 0x0000000089b00000| Untracked 
| 156|0x0000000089c00000, 0x0000000089c00000, 0x0000000089d00000|  0%| F|  |TAMS 0x0000000089c00000, 0x0000000089c00000| Untracked 
| 157|0x0000000089d00000, 0x0000000089d00000, 0x0000000089e00000|  0%| F|  |TAMS 0x0000000089d00000, 0x0000000089d00000| Untracked 
| 158|0x0000000089e00000, 0x0000000089e00000, 0x0000000089f00000|  0%| F|  |TAMS 0x0000000089e00000, 0x0000000089e00000| Untracked 
| 159|0x0000000089f00000, 0x0000000089f4cfc8, 0x000000008a000000| 30%| S|CS|TAMS 0x0000000089f00000, 0x0000000089f00000| Complete 
| 160|0x000000008a000000, 0x000000008a100000, 0x000000008a100000|100%| S|CS|TAMS 0x000000008a000000, 0x000000008a000000| Complete 
| 161|0x000000008a100000, 0x000000008a200000, 0x000000008a200000|100%| S|CS|TAMS 0x000000008a100000, 0x000000008a100000| Complete 
| 162|0x000000008a200000, 0x000000008a200000, 0x000000008a300000|  0%| F|  |TAMS 0x000000008a200000, 0x000000008a200000| Untracked 
| 163|0x000000008a300000, 0x000000008a300000, 0x000000008a400000|  0%| F|  |TAMS 0x000000008a300000, 0x000000008a300000| Untracked 
| 164|0x000000008a400000, 0x000000008a400000, 0x000000008a500000|  0%| F|  |TAMS 0x000000008a400000, 0x000000008a400000| Untracked 
| 165|0x000000008a500000, 0x000000008a500000, 0x000000008a600000|  0%| F|  |TAMS 0x000000008a500000, 0x000000008a500000| Untracked 
| 166|0x000000008a600000, 0x000000008a600000, 0x000000008a700000|  0%| F|  |TAMS 0x000000008a600000, 0x000000008a600000| Untracked 
| 167|0x000000008a700000, 0x000000008a700000, 0x000000008a800000|  0%| F|  |TAMS 0x000000008a700000, 0x000000008a700000| Untracked 
| 168|0x000000008a800000, 0x000000008a800000, 0x000000008a900000|  0%| F|  |TAMS 0x000000008a800000, 0x000000008a800000| Untracked 
| 169|0x000000008a900000, 0x000000008a900000, 0x000000008aa00000|  0%| F|  |TAMS 0x000000008a900000, 0x000000008a900000| Untracked 
| 170|0x000000008aa00000, 0x000000008aa00000, 0x000000008ab00000|  0%| F|  |TAMS 0x000000008aa00000, 0x000000008aa00000| Untracked 
| 171|0x000000008ab00000, 0x000000008ab00000, 0x000000008ac00000|  0%| F|  |TAMS 0x000000008ab00000, 0x000000008ab00000| Untracked 
| 172|0x000000008ac00000, 0x000000008ac00000, 0x000000008ad00000|  0%| F|  |TAMS 0x000000008ac00000, 0x000000008ac00000| Untracked 
| 173|0x000000008ad00000, 0x000000008ad00000, 0x000000008ae00000|  0%| F|  |TAMS 0x000000008ad00000, 0x000000008ad00000| Untracked 
| 174|0x000000008ae00000, 0x000000008ae00000, 0x000000008af00000|  0%| F|  |TAMS 0x000000008ae00000, 0x000000008ae00000| Untracked 
| 175|0x000000008af00000, 0x000000008af00000, 0x000000008b000000|  0%| F|  |TAMS 0x000000008af00000, 0x000000008af00000| Untracked 
| 176|0x000000008b000000, 0x000000008b000000, 0x000000008b100000|  0%| F|  |TAMS 0x000000008b000000, 0x000000008b000000| Untracked 
| 177|0x000000008b100000, 0x000000008b100000, 0x000000008b200000|  0%| F|  |TAMS 0x000000008b100000, 0x000000008b100000| Untracked 
| 178|0x000000008b200000, 0x000000008b200000, 0x000000008b300000|  0%| F|  |TAMS 0x000000008b200000, 0x000000008b200000| Untracked 
| 179|0x000000008b300000, 0x000000008b300000, 0x000000008b400000|  0%| F|  |TAMS 0x000000008b300000, 0x000000008b300000| Untracked 
| 180|0x000000008b400000, 0x000000008b400000, 0x000000008b500000|  0%| F|  |TAMS 0x000000008b400000, 0x000000008b400000| Untracked 
| 181|0x000000008b500000, 0x000000008b500000, 0x000000008b600000|  0%| F|  |TAMS 0x000000008b500000, 0x000000008b500000| Untracked 
| 182|0x000000008b600000, 0x000000008b600000, 0x000000008b700000|  0%| F|  |TAMS 0x000000008b600000, 0x000000008b600000| Untracked 
| 183|0x000000008b700000, 0x000000008b700000, 0x000000008b800000|  0%| F|  |TAMS 0x000000008b700000, 0x000000008b700000| Untracked 
| 184|0x000000008b800000, 0x000000008b800000, 0x000000008b900000|  0%| F|  |TAMS 0x000000008b800000, 0x000000008b800000| Untracked 
| 185|0x000000008b900000, 0x000000008b900000, 0x000000008ba00000|  0%| F|  |TAMS 0x000000008b900000, 0x000000008b900000| Untracked 
| 186|0x000000008ba00000, 0x000000008ba00000, 0x000000008bb00000|  0%| F|  |TAMS 0x000000008ba00000, 0x000000008ba00000| Untracked 
| 187|0x000000008bb00000, 0x000000008bb00000, 0x000000008bc00000|  0%| F|  |TAMS 0x000000008bb00000, 0x000000008bb00000| Untracked 
| 188|0x000000008bc00000, 0x000000008bc00000, 0x000000008bd00000|  0%| F|  |TAMS 0x000000008bc00000, 0x000000008bc00000| Untracked 
| 189|0x000000008bd00000, 0x000000008bd00000, 0x000000008be00000|  0%| F|  |TAMS 0x000000008bd00000, 0x000000008bd00000| Untracked 
| 190|0x000000008be00000, 0x000000008be00000, 0x000000008bf00000|  0%| F|  |TAMS 0x000000008be00000, 0x000000008be00000| Untracked 
| 191|0x000000008bf00000, 0x000000008bf00000, 0x000000008c000000|  0%| F|  |TAMS 0x000000008bf00000, 0x000000008bf00000| Untracked 
| 192|0x000000008c000000, 0x000000008c000000, 0x000000008c100000|  0%| F|  |TAMS 0x000000008c000000, 0x000000008c000000| Untracked 
| 193|0x000000008c100000, 0x000000008c100000, 0x000000008c200000|  0%| F|  |TAMS 0x000000008c100000, 0x000000008c100000| Untracked 
| 194|0x000000008c200000, 0x000000008c200000, 0x000000008c300000|  0%| F|  |TAMS 0x000000008c200000, 0x000000008c200000| Untracked 
| 195|0x000000008c300000, 0x000000008c300000, 0x000000008c400000|  0%| F|  |TAMS 0x000000008c300000, 0x000000008c300000| Untracked 
| 196|0x000000008c400000, 0x000000008c400000, 0x000000008c500000|  0%| F|  |TAMS 0x000000008c400000, 0x000000008c400000| Untracked 
| 197|0x000000008c500000, 0x000000008c500000, 0x000000008c600000|  0%| F|  |TAMS 0x000000008c500000, 0x000000008c500000| Untracked 
| 198|0x000000008c600000, 0x000000008c600000, 0x000000008c700000|  0%| F|  |TAMS 0x000000008c600000, 0x000000008c600000| Untracked 
| 199|0x000000008c700000, 0x000000008c700000, 0x000000008c800000|  0%| F|  |TAMS 0x000000008c700000, 0x000000008c700000| Untracked 
| 200|0x000000008c800000, 0x000000008c800000, 0x000000008c900000|  0%| F|  |TAMS 0x000000008c800000, 0x000000008c800000| Untracked 
| 201|0x000000008c900000, 0x000000008c900000, 0x000000008ca00000|  0%| F|  |TAMS 0x000000008c900000, 0x000000008c900000| Untracked 
| 202|0x000000008ca00000, 0x000000008ca00000, 0x000000008cb00000|  0%| F|  |TAMS 0x000000008ca00000, 0x000000008ca00000| Untracked 
| 203|0x000000008cb00000, 0x000000008cb00000, 0x000000008cc00000|  0%| F|  |TAMS 0x000000008cb00000, 0x000000008cb00000| Untracked 
| 204|0x000000008cc00000, 0x000000008cc00000, 0x000000008cd00000|  0%| F|  |TAMS 0x000000008cc00000, 0x000000008cc00000| Untracked 
| 205|0x000000008cd00000, 0x000000008cd00000, 0x000000008ce00000|  0%| F|  |TAMS 0x000000008cd00000, 0x000000008cd00000| Untracked 

Card table byte_map: [0x000001d750df0000,0x000001d7511f0000] _byte_map_base: 0x000001d7509f0000

Marking Bits (Prev, Next): (CMBitMap*) 0x000001d73c0ec638, (CMBitMap*) 0x000001d73c0ec670
 Prev Bits: [0x000001d7515f0000, 0x000001d7535f0000)
 Next Bits: [0x000001d7535f0000, 0x000001d7555f0000)

Polling page: 0x000001d73bf70000

Metaspace:

Usage:
  Non-class:    110.17 MB capacity,   108.22 MB ( 98%) used,     1.57 MB (  1%) free+waste,   393.50 KB ( <1%) overhead. 
      Class:     16.39 MB capacity,    15.21 MB ( 93%) used,     1.00 MB (  6%) free+waste,   172.94 KB (  1%) overhead. 
       Both:    126.56 MB capacity,   123.43 MB ( 98%) used,     2.57 MB (  2%) free+waste,   566.44 KB ( <1%) overhead. 

Virtual space:
  Non-class space:      112.00 MB reserved,     110.25 MB ( 98%) committed 
      Class space:        1.00 GB reserved,      16.50 MB (  2%) committed 
             Both:        1.11 GB reserved,     126.75 MB ( 11%) committed 

Chunk freelists:
   Non-Class:  16.00 KB
       Class:  0 bytes
        Both:  16.00 KB

MaxMetaspaceSize: 17179869184.00 GB
CompressedClassSpaceSize: 1.00 GB

CodeHeap 'non-profiled nmethods': size=120064Kb used=14859Kb max_used=14859Kb free=105204Kb
 bounds [0x000001d748e90000, 0x000001d749d20000, 0x000001d7503d0000]
CodeHeap 'profiled nmethods': size=120000Kb used=46523Kb max_used=46523Kb free=73476Kb
 bounds [0x000001d741960000, 0x000001d744700000, 0x000001d748e90000]
CodeHeap 'non-nmethods': size=5696Kb used=2364Kb max_used=2412Kb free=3331Kb
 bounds [0x000001d7413d0000, 0x000001d741640000, 0x000001d741960000]
 total_blobs=21212 nmethods=20217 adapters=905
 compilation: enabled
              stopped_count=0, restarted_count=0
 full_count=0

Compilation events (20 events):
Event: 7670.911 Thread 0x000001d757c0e000 22942       4       com.android.tools.r8.internal.W4::a (268 bytes)
Event: 7670.922 Thread 0x000001d757c11000 22943       2       com.android.tools.r8.graph.Z::g (16 bytes)
Event: 7670.923 Thread 0x000001d757c11000 nmethod 22943 0x000001d7446bd910 code [0x000001d7446bdac0, 0x000001d7446bdc68]
Event: 7670.931 Thread 0x000001d757c11000 22945       2       com.android.tools.r8.internal.Bt::a (649 bytes)
Event: 7670.937 Thread 0x000001d757c11000 nmethod 22945 0x000001d7446bdd90 code [0x000001d7446be360, 0x000001d7446c0408]
Event: 7670.998 Thread 0x000001d757c11000 22946       3       com.android.tools.r8.internal.E7::p (1053 bytes)
Event: 7671.014 Thread 0x000001d757c11000 nmethod 22946 0x000001d7446c1710 code [0x000001d7446c2320, 0x000001d7446cb8e8]
Event: 7671.017 Thread 0x000001d757c11000 22947       2       com.android.tools.r8.internal.Ms::a (49 bytes)
Event: 7671.018 Thread 0x000001d757c11000 nmethod 22947 0x000001d7446ced90 code [0x000001d7446cefa0, 0x000001d7446cf208]
Event: 7671.022 Thread 0x000001d757c11000 22948       2       com.android.tools.r8.internal.z8::a (26 bytes)
Event: 7671.022 Thread 0x000001d757c11000 nmethod 22948 0x000001d7446cf490 code [0x000001d7446cf640, 0x000001d7446cf778]
Event: 7671.023 Thread 0x000001d757c11000 22949       2       com.android.tools.r8.internal.z8::l2 (30 bytes)
Event: 7671.024 Thread 0x000001d757c11000 nmethod 22949 0x000001d7446cf810 code [0x000001d7446cf9c0, 0x000001d7446cfaf8]
Event: 7671.024 Thread 0x000001d757c11000 22950 %     3       com.android.tools.r8.internal.E7::u @ 19 (845 bytes)
Event: 7671.278 Thread 0x000001d757c11000 nmethod 22950% 0x000001d7446cfb90 code [0x000001d7446d0820, 0x000001d7446da838]
Event: 7671.292 Thread 0x000001d757c0e000 nmethod 22942 0x000001d749d0cc90 code [0x000001d749d0d1a0, 0x000001d749d11858]
Event: 7671.292 Thread 0x000001d757c0e000 22944 %     4       com.android.tools.r8.ir.regalloc.a::a @ 2054 (3985 bytes)
Event: 7671.569 Thread 0x000001d757c11000 22953 %     3       com.android.tools.r8.ir.regalloc.b::g @ 99 (190 bytes)
Event: 7671.571 Thread 0x000001d757c11000 nmethod 22953% 0x000001d7446dd590 code [0x000001d7446dd880, 0x000001d7446de838]
Event: 7671.571 Thread 0x000001d757c11000 22958       3       com.android.tools.r8.internal.wz::b (1748 bytes)

GC Heap History (20 events):
Event: 7664.284 GC heap after
{Heap after GC invocations=218 (full 0):
 garbage-first heap   total 210944K, used 119178K [0x0000000080000000, 0x0000000100000000)
  region size 1024K, 1 young (1024K), 1 survivors (1024K)
 Metaspace       used 125708K, capacity 128953K, committed 129152K, reserved 1161216K
  class space    used 15518K, capacity 16698K, committed 16768K, reserved 1048576K
}
Event: 7665.412 GC heap before
{Heap before GC invocations=219 (full 0):
 garbage-first heap   total 210944K, used 161162K [0x0000000080000000, 0x0000000100000000)
  region size 1024K, 42 young (43008K), 1 survivors (1024K)
 Metaspace       used 125978K, capacity 129172K, committed 129408K, reserved 1161216K
  class space    used 15525K, capacity 16706K, committed 16768K, reserved 1048576K
}
Event: 7665.417 GC heap after
{Heap after GC invocations=220 (full 0):
 garbage-first heap   total 210944K, used 119310K [0x0000000080000000, 0x0000000100000000)
  region size 1024K, 1 young (1024K), 1 survivors (1024K)
 Metaspace       used 125978K, capacity 129172K, committed 129408K, reserved 1161216K
  class space    used 15525K, capacity 16706K, committed 16768K, reserved 1048576K
}
Event: 7665.652 GC heap before
{Heap before GC invocations=220 (full 0):
 garbage-first heap   total 210944K, used 128526K [0x0000000080000000, 0x0000000100000000)
  region size 1024K, 10 young (10240K), 1 survivors (1024K)
 Metaspace       used 126052K, capacity 129272K, committed 129408K, reserved 1161216K
  class space    used 15546K, capacity 16739K, committed 16768K, reserved 1048576K
}
Event: 7665.657 GC heap after
{Heap after GC invocations=221 (full 0):
 garbage-first heap   total 210944K, used 119361K [0x0000000080000000, 0x0000000100000000)
  region size 1024K, 1 young (1024K), 1 survivors (1024K)
 Metaspace       used 126052K, capacity 129272K, committed 129408K, reserved 1161216K
  class space    used 15546K, capacity 16739K, committed 16768K, reserved 1048576K
}
Event: 7666.587 GC heap before
{Heap before GC invocations=222 (full 0):
 garbage-first heap   total 210944K, used 151105K [0x0000000080000000, 0x0000000100000000)
  region size 1024K, 32 young (32768K), 1 survivors (1024K)
 Metaspace       used 126261K, capacity 129519K, committed 129792K, reserved 1163264K
  class space    used 15574K, capacity 16777K, committed 16896K, reserved 1048576K
}
Event: 7666.594 GC heap after
{Heap after GC invocations=223 (full 0):
 garbage-first heap   total 210944K, used 119661K [0x0000000080000000, 0x0000000100000000)
  region size 1024K, 2 young (2048K), 2 survivors (2048K)
 Metaspace       used 126261K, capacity 129519K, committed 129792K, reserved 1163264K
  class space    used 15574K, capacity 16777K, committed 16896K, reserved 1048576K
}
Event: 7667.808 GC heap before
{Heap before GC invocations=223 (full 0):
 garbage-first heap   total 210944K, used 130925K [0x0000000080000000, 0x0000000100000000)
  region size 1024K, 13 young (13312K), 2 survivors (2048K)
 Metaspace       used 126280K, capacity 129519K, committed 129792K, reserved 1163264K
  class space    used 15576K, capacity 16777K, committed 16896K, reserved 1048576K
}
Event: 7667.816 GC heap after
{Heap after GC invocations=224 (full 0):
 garbage-first heap   total 210944K, used 119973K [0x0000000080000000, 0x0000000100000000)
  region size 1024K, 2 young (2048K), 2 survivors (2048K)
 Metaspace       used 126280K, capacity 129519K, committed 129792K, reserved 1163264K
  class space    used 15576K, capacity 16777K, committed 16896K, reserved 1048576K
}
Event: 7668.930 GC heap before
{Heap before GC invocations=225 (full 0):
 garbage-first heap   total 210944K, used 134309K [0x0000000080000000, 0x0000000100000000)
  region size 1024K, 16 young (16384K), 2 survivors (2048K)
 Metaspace       used 126302K, capacity 129521K, committed 129792K, reserved 1163264K
  class space    used 15577K, capacity 16777K, committed 16896K, reserved 1048576K
}
Event: 7668.936 GC heap after
{Heap after GC invocations=226 (full 0):
 garbage-first heap   total 210944K, used 119840K [0x0000000080000000, 0x0000000100000000)
  region size 1024K, 1 young (1024K), 1 survivors (1024K)
 Metaspace       used 126302K, capacity 129521K, committed 129792K, reserved 1163264K
  class space    used 15577K, capacity 16777K, committed 16896K, reserved 1048576K
}
Event: 7669.324 GC heap before
{Heap before GC invocations=226 (full 0):
 garbage-first heap   total 210944K, used 138272K [0x0000000080000000, 0x0000000100000000)
  region size 1024K, 19 young (19456K), 1 survivors (1024K)
 Metaspace       used 126317K, capacity 129522K, committed 129792K, reserved 1163264K
  class space    used 15578K, capacity 16777K, committed 16896K, reserved 1048576K
}
Event: 7669.330 GC heap after
{Heap after GC invocations=227 (full 0):
 garbage-first heap   total 210944K, used 120013K [0x0000000080000000, 0x0000000100000000)
  region size 1024K, 2 young (2048K), 2 survivors (2048K)
 Metaspace       used 126317K, capacity 129522K, committed 129792K, reserved 1163264K
  class space    used 15578K, capacity 16777K, committed 16896K, reserved 1048576K
}
Event: 7669.979 GC heap before
{Heap before GC invocations=228 (full 0):
 garbage-first heap   total 210944K, used 148685K [0x0000000080000000, 0x0000000100000000)
  region size 1024K, 30 young (30720K), 2 survivors (2048K)
 Metaspace       used 126328K, capacity 129524K, committed 129792K, reserved 1163264K
  class space    used 15578K, capacity 16777K, committed 16896K, reserved 1048576K
}
Event: 7669.986 GC heap after
{Heap after GC invocations=229 (full 0):
 garbage-first heap   total 210944K, used 120073K [0x0000000080000000, 0x0000000100000000)
  region size 1024K, 2 young (2048K), 2 survivors (2048K)
 Metaspace       used 126328K, capacity 129524K, committed 129792K, reserved 1163264K
  class space    used 15578K, capacity 16777K, committed 16896K, reserved 1048576K
}
Event: 7670.039 GC heap before
{Heap before GC invocations=229 (full 0):
 garbage-first heap   total 210944K, used 128265K [0x0000000080000000, 0x0000000100000000)
  region size 1024K, 10 young (10240K), 2 survivors (2048K)
 Metaspace       used 126333K, capacity 129524K, committed 129792K, reserved 1163264K
  class space    used 15578K, capacity 16777K, committed 16896K, reserved 1048576K
}
Event: 7670.599 GC heap after
{Heap after GC invocations=230 (full 0):
 garbage-first heap   total 210944K, used 120106K [0x0000000080000000, 0x0000000100000000)
  region size 1024K, 2 young (2048K), 2 survivors (2048K)
 Metaspace       used 126333K, capacity 129524K, committed 129792K, reserved 1163264K
  class space    used 15578K, capacity 16777K, committed 16896K, reserved 1048576K
}
Event: 7670.778 GC heap before
{Heap before GC invocations=230 (full 0):
 garbage-first heap   total 210944K, used 150826K [0x0000000080000000, 0x0000000100000000)
  region size 1024K, 32 young (32768K), 2 survivors (2048K)
 Metaspace       used 126370K, capacity 129590K, committed 129792K, reserved 1163264K
  class space    used 15578K, capacity 16777K, committed 16896K, reserved 1048576K
}
Event: 7670.786 GC heap after
{Heap after GC invocations=231 (full 0):
 garbage-first heap   total 210944K, used 121142K [0x0000000080000000, 0x0000000100000000)
  region size 1024K, 3 young (3072K), 3 survivors (3072K)
 Metaspace       used 126370K, capacity 129590K, committed 129792K, reserved 1163264K
  class space    used 15578K, capacity 16777K, committed 16896K, reserved 1048576K
}
Event: 7671.604 GC heap before
{Heap before GC invocations=232 (full 0):
 garbage-first heap   total 210944K, used 163126K [0x0000000080000000, 0x0000000100000000)
  region size 1024K, 44 young (45056K), 3 survivors (3072K)
 Metaspace       used 126397K, capacity 129595K, committed 129792K, reserved 1163264K
  class space    used 15579K, capacity 16779K, committed 16896K, reserved 1048576K
}

Deoptimization events (20 events):
Event: 7670.692 Thread 0x000001d75eed9800 Uncommon trap: trap_request=0xffffff4d fr.pc=0x000001d749001360 relative=0x0000000000000220
Event: 7670.692 Thread 0x000001d75eed9800 Uncommon trap: reason=unstable_if action=reinterpret pc=0x000001d749001360 method=java.util.HashMap.getNode(ILjava/lang/Object;)Ljava/util/HashMap$Node; @ 84 c2
Event: 7670.692 Thread 0x000001d75eed9800 DEOPT PACKING pc=0x000001d749001360 sp=0x0000005dd5cf96d0
Event: 7670.692 Thread 0x000001d75eed9800 DEOPT UNPACKING pc=0x000001d7413f73af sp=0x0000005dd5cf95d8 mode 2
Event: 7670.763 Thread 0x000001d75eed5800 Uncommon trap: trap_request=0xffffff4d fr.pc=0x000001d749caa650 relative=0x0000000000000170
Event: 7670.763 Thread 0x000001d75eed5800 Uncommon trap: reason=unstable_if action=reinterpret pc=0x000001d749caa650 method=com.android.tools.r8.ir.regalloc.b.compareTo(Ljava/lang/Object;)I @ 52 c2
Event: 7670.763 Thread 0x000001d75eed5800 DEOPT PACKING pc=0x000001d749caa650 sp=0x0000005dd5df8b10
Event: 7670.763 Thread 0x000001d75eed5800 DEOPT UNPACKING pc=0x000001d7413f73af sp=0x0000005dd5df8aa8 mode 2
Event: 7670.907 Thread 0x000001d75eed9000 Uncommon trap: trap_request=0xffffff76 fr.pc=0x000001d749d08434 relative=0x0000000000003914
Event: 7670.907 Thread 0x000001d75eed9000 Uncommon trap: reason=loop_limit_check action=maybe_recompile pc=0x000001d749d08434 method=com.android.tools.r8.internal.Oh.a(I)Z @ 44 c2
Event: 7670.907 Thread 0x000001d75eed9000 DEOPT PACKING pc=0x000001d749d08434 sp=0x0000005dd59f9230
Event: 7670.907 Thread 0x000001d75eed9000 DEOPT UNPACKING pc=0x000001d7413f73af sp=0x0000005dd59f90d0 mode 2
Event: 7671.000 Thread 0x000001d75eed9000 DEOPT PACKING pc=0x000001d7443d6b8a sp=0x0000005dd59f9510
Event: 7671.000 Thread 0x000001d75eed9000 DEOPT UNPACKING pc=0x000001d7413f71ce sp=0x0000005dd59f8b78 mode 0
Event: 7671.529 Thread 0x000001d75eed5800 Uncommon trap: trap_request=0xffffffd6 fr.pc=0x000001d749ca50e0 relative=0x0000000000001c60
Event: 7671.529 Thread 0x000001d75eed5800 Uncommon trap: reason=array_check action=maybe_recompile pc=0x000001d749ca50e0 method=java.util.TimSort.reverseRange([Ljava/lang/Object;II)V @ 20 c2
Event: 7671.529 Thread 0x000001d75eed5800 DEOPT PACKING pc=0x000001d749ca50e0 sp=0x0000005dd5df8a50
Event: 7671.529 Thread 0x000001d75eed5800 DEOPT UNPACKING pc=0x000001d7413f73af sp=0x0000005dd5df88f8 mode 2
Event: 7671.542 Thread 0x000001d75eed9000 DEOPT PACKING pc=0x000001d7443eb318 sp=0x0000005dd59f94b0
Event: 7671.542 Thread 0x000001d75eed9000 DEOPT UNPACKING pc=0x000001d7413f71ce sp=0x0000005dd59f8ba8 mode 0

Classes redefined (0 events):
No events

Internal exceptions (20 events):
Event: 7646.204 Thread 0x000001d75eedd000 Exception <a 'java/lang/IncompatibleClassChangeError'{0x000000008815d558}: Found class java.lang.Object, but interface was expected> (0x000000008815d558) thrown at [./src/hotspot/share/interpreter/linkResolver.cpp, line 839]
Event: 7646.550 Thread 0x000001d75eed9000 Exception <a 'sun/nio/fs/WindowsException'{0x0000000087ee3980}> (0x0000000087ee3980) thrown at [./src/hotspot/share/prims/jni.cpp, line 615]
Event: 7648.374 Thread 0x000001d75eed5800 Exception <a 'java/lang/NoSuchMethodError'{0x0000000088f546d8}: 'java.lang.Object java.lang.invoke.DirectMethodHandle$Holder.invokeVirtual(java.lang.Object, java.lang.Object, int, java.lang.Object)'> (0x0000000088f546d8) thrown at [./src/hotspot/share/interpreter/linkResolver.cpp, line 773]
Event: 7648.374 Thread 0x000001d75eedd000 Exception <a 'java/lang/NoSuchMethodError'{0x0000000088b2f898}: 'java.lang.Object java.lang.invoke.DirectMethodHandle$Holder.invokeVirtual(java.lang.Object, java.lang.Object, int, java.lang.Object)'> (0x0000000088b2f898) thrown at [./src/hotspot/share/interpreter/linkResolver.cpp, line 773]
Event: 7648.374 Thread 0x000001d75eed9800 Exception <a 'java/lang/NoSuchMethodError'{0x0000000088b3a7a8}: 'java.lang.Object java.lang.invoke.DirectMethodHandle$Holder.invokeVirtual(java.lang.Object, java.lang.Object, int, java.lang.Object)'> (0x0000000088b3a7a8) thrown at [./src/hotspot/share/interpreter/linkResolver.cpp, line 773]
Event: 7648.485 Thread 0x000001d75eedd000 Exception <a 'java/lang/IncompatibleClassChangeError'{0x000000008a754550}: Found class java.lang.Object, but interface was expected> (0x000000008a754550) thrown at [./src/hotspot/share/interpreter/linkResolver.cpp, line 839]
Event: 7648.487 Thread 0x000001d75eedd000 Exception <a 'java/lang/IncompatibleClassChangeError'{0x000000008a607cf0}: Found class java.lang.Object, but interface was expected> (0x000000008a607cf0) thrown at [./src/hotspot/share/interpreter/linkResolver.cpp, line 839]
Event: 7648.487 Thread 0x000001d75eed9800 Exception <a 'java/lang/IncompatibleClassChangeError'{0x000000008a742868}: Found class java.lang.Object, but interface was expected> (0x000000008a742868) thrown at [./src/hotspot/share/interpreter/linkResolver.cpp, line 839]
Event: 7649.527 Thread 0x000001d75eed9800 Exception <a 'java/lang/NoSuchMethodError'{0x000000008a65d740}: 'void java.lang.invoke.DirectMethodHandle$Holder.invokeVirtual(java.lang.Object, java.lang.Object, int, java.lang.Object)'> (0x000000008a65d740) thrown at [./src/hotspot/share/interpreter/linkResolver.cpp, line 773]
Event: 7652.655 Thread 0x000001d75eed9800 Exception <a 'java/lang/NoSuchMethodError'{0x000000008a3514a8}: 'java.lang.Object java.lang.invoke.DirectMethodHandle$Holder.newInvokeSpecial(java.lang.Object, int)'> (0x000000008a3514a8) thrown at [./src/hotspot/share/interpreter/linkResolver.cpp, line 773]
Event: 7652.655 Thread 0x000001d75eed5800 Exception <a 'java/lang/NoSuchMethodError'{0x000000008a3214c0}: 'java.lang.Object java.lang.invoke.DirectMethodHandle$Holder.newInvokeSpecial(java.lang.Object, int)'> (0x000000008a3214c0) thrown at [./src/hotspot/share/interpreter/linkResolver.cpp, line 773]
Event: 7654.685 Thread 0x000001d75eed9800 Exception <a 'java/lang/NoSuchMethodError'{0x0000000089a23748}: 'java.lang.Object java.lang.invoke.DirectMethodHandle$Holder.invokeInterface(java.lang.Object, java.lang.Object, int)'> (0x0000000089a23748) thrown at [./src/hotspot/share/interpreter/linkResolver.cpp, line 773]
Event: 7659.404 Thread 0x000001d75eedd000 Exception <a 'java/lang/NoSuchMethodError'{0x000000008a871520}: 'void java.lang.invoke.DirectMethodHandle$Holder.invokeSpecial(java.lang.Object, java.lang.Object, int, java.lang.Object, java.lang.Object, java.lang.Object, java.lang.Object)'> (0x000000008a871520) thrown at [./src/hotspot/share/interpreter/linkResolver.cpp, line 773]
Event: 7659.410 Thread 0x000001d75eedd000 Exception <a 'java/lang/NoSuchMethodError'{0x000000008a87d0c0}: 'java.lang.Object java.lang.invoke.Invokers$Holder.linkToTargetMethod(java.lang.Object, int, java.lang.Object, java.lang.Object, java.lang.Object, java.lang.Object)'> (0x000000008a87d0c0) thrown at [./src/hotspot/share/interpreter/linkResolver.cpp, line 773]
Event: 7659.411 Thread 0x000001d75eedd000 Exception <a 'java/lang/NoSuchMethodError'{0x000000008a8aae68}: 'void java.lang.invoke.DirectMethodHandle$Holder.invokeSpecial(java.lang.Object, java.lang.Object, java.lang.Object, java.lang.Object, java.lang.Object, java.lang.Object, java.lang.Object, java.lang.Object, java.lang.Object)'> (0x000000008a8aae68) thrown at [./src/hotspot/share/interpreter/linkResolver.cpp, line 773]
Event: 7659.416 Thread 0x000001d75eedd000 Exception <a 'java/lang/NoSuchMethodError'{0x000000008a70b7a0}: 'void java.lang.invoke.DirectMethodHandle$Holder.invokeStatic(java.lang.Object, java.lang.Object, java.lang.Object, java.lang.Object, java.lang.Object, java.lang.Object, java.lang.Object, java.lang.Object)'> (0x000000008a70b7a0) thrown at [./src/hotspot/share/interpreter/linkResolver.cpp, line 773]
Event: 7660.452 Thread 0x000001d75eed9800 Exception <a 'java/lang/NoSuchMethodError'{0x0000000089562bf0}: 'int java.lang.invoke.DirectMethodHandle$Holder.invokeInterface(java.lang.Object, java.lang.Object, int)'> (0x0000000089562bf0) thrown at [./src/hotspot/share/interpreter/linkResolver.cpp, line 773]
Event: 7661.007 Thread 0x000001d75eedd000 Exception <a 'java/lang/IncompatibleClassChangeError'{0x000000008a66e4b0}: Found class java.lang.Object, but interface was expected> (0x000000008a66e4b0) thrown at [./src/hotspot/share/interpreter/linkResolver.cpp, line 839]
Event: 7665.673 Thread 0x000001d75eedd000 Exception <a 'java/lang/NoSuchMethodError'{0x000000008cd9a2f8}: 'void java.lang.invoke.DirectMethodHandle$Holder.invokeVirtual(java.lang.Object, java.lang.Object, int)'> (0x000000008cd9a2f8) thrown at [./src/hotspot/share/interpreter/linkResolver.cpp, line 773]
Event: 7667.126 Thread 0x000001d75eedd000 Exception <a 'sun/nio/fs/WindowsException'{0x000000008cb141f0}> (0x000000008cb141f0) thrown at [./src/hotspot/share/prims/jni.cpp, line 615]

Events (20 events):
Event: 7669.714 Executing VM operation: CGC_Operation done
Event: 7669.903 Executing VM operation: CGC_Operation
Event: 7669.905 Executing VM operation: CGC_Operation done
Event: 7669.979 Executing VM operation: G1CollectForAllocation
Event: 7669.986 Executing VM operation: G1CollectForAllocation done
Event: 7670.039 Executing VM operation: G1CollectForAllocation
Event: 7670.599 Executing VM operation: G1CollectForAllocation done
Event: 7670.777 Executing VM operation: G1CollectForAllocation
Event: 7670.786 Executing VM operation: G1CollectForAllocation done
Event: 7670.825 loading class com/android/tools/r8/internal/qA
Event: 7670.825 loading class com/android/tools/r8/internal/qA done
Event: 7670.826 loading class com/android/tools/r8/internal/NG
Event: 7670.826 loading class com/android/tools/r8/internal/NG done
Event: 7670.826 loading class com/android/tools/r8/internal/qA
Event: 7670.826 loading class com/android/tools/r8/internal/qA done
Event: 7671.122 Executing VM operation: CGC_Operation
Event: 7671.278 Executing VM operation: CGC_Operation done
Event: 7671.478 Executing VM operation: CGC_Operation
Event: 7671.484 Executing VM operation: CGC_Operation done
Event: 7671.596 Executing VM operation: G1CollectForAllocation


Dynamic libraries:
0x00007ff79d740000 - 0x00007ff79d74a000 	D:\androidstudio\jre\bin\java.exe
0x00007fff85e10000 - 0x00007fff86005000 	C:\WINDOWS\SYSTEM32\ntdll.dll
0x00007fff85c60000 - 0x00007fff85d1d000 	C:\WINDOWS\System32\KERNEL32.DLL
0x00007fff83900000 - 0x00007fff83bc9000 	C:\WINDOWS\System32\KERNELBASE.dll
0x00007fff83c50000 - 0x00007fff83d50000 	C:\WINDOWS\System32\ucrtbase.dll
0x00007fff555d0000 - 0x00007fff555e9000 	D:\androidstudio\jre\bin\jli.dll
0x00007fff84750000 - 0x00007fff848f0000 	C:\WINDOWS\System32\USER32.dll
0x00007fff83c20000 - 0x00007fff83c42000 	C:\WINDOWS\System32\win32u.dll
0x00007fff85210000 - 0x00007fff8523a000 	C:\WINDOWS\System32\GDI32.dll
0x00007fff837f0000 - 0x00007fff838fb000 	C:\WINDOWS\System32\gdi32full.dll
0x00007fff83d50000 - 0x00007fff83ded000 	C:\WINDOWS\System32\msvcp_win.dll
0x00007fff717a0000 - 0x00007fff71a3a000 	C:\WINDOWS\WinSxS\amd64_microsoft.windows.common-controls_6595b64144ccf1df_6.0.19041.1110_none_60b5254171f9507e\COMCTL32.dll
0x00007fff84400000 - 0x00007fff8449e000 	C:\WINDOWS\System32\msvcrt.dll
0x00007fff41de0000 - 0x00007fff41df7000 	D:\androidstudio\jre\bin\VCRUNTIME140.dll
0x00007fff84570000 - 0x00007fff845a0000 	C:\WINDOWS\System32\IMM32.DLL
0x00007fff409b0000 - 0x00007fff40a4d000 	D:\androidstudio\jre\bin\msvcp140.dll
0x00007fff2bbf0000 - 0x00007fff2c6bf000 	D:\androidstudio\jre\bin\server\jvm.dll
0x00007fff83f90000 - 0x00007fff8403c000 	C:\WINDOWS\System32\ADVAPI32.dll
0x00007fff85240000 - 0x00007fff852db000 	C:\WINDOWS\System32\sechost.dll
0x00007fff845c0000 - 0x00007fff846ea000 	C:\WINDOWS\System32\RPCRT4.dll
0x00007fff84040000 - 0x00007fff84048000 	C:\WINDOWS\System32\PSAPI.DLL
0x00007fff75330000 - 0x00007fff75339000 	C:\WINDOWS\SYSTEM32\WSOCK32.dll
0x00007fff85a20000 - 0x00007fff85a8b000 	C:\WINDOWS\System32\WS2_32.dll
0x00007fff794c0000 - 0x00007fff794e7000 	C:\WINDOWS\SYSTEM32\WINMM.dll
0x00007fff794f0000 - 0x00007fff794fa000 	C:\WINDOWS\SYSTEM32\VERSION.dll
0x00007fff81e10000 - 0x00007fff81e22000 	C:\WINDOWS\SYSTEM32\kernel.appcore.dll
0x00007fff5a370000 - 0x00007fff5a381000 	D:\androidstudio\jre\bin\verify.dll
0x00007fff80e00000 - 0x00007fff80fe4000 	C:\WINDOWS\SYSTEM32\DBGHELP.DLL
0x00007fff724d0000 - 0x00007fff724fc000 	C:\WINDOWS\SYSTEM32\dbgcore.DLL
0x00007fff83df0000 - 0x00007fff83e73000 	C:\WINDOWS\System32\bcryptPrimitives.dll
0x00007fff4e130000 - 0x00007fff4e159000 	D:\androidstudio\jre\bin\java.dll
0x00007fff74ba0000 - 0x00007fff74bab000 	D:\androidstudio\jre\bin\jimage.dll
0x00007fff53ab0000 - 0x00007fff53ac8000 	D:\androidstudio\jre\bin\zip.dll
0x00007fff852e0000 - 0x00007fff85a1f000 	C:\WINDOWS\System32\SHELL32.dll
0x00007fff81300000 - 0x00007fff81a91000 	C:\WINDOWS\SYSTEM32\windows.storage.dll
0x00007fff84eb0000 - 0x00007fff85205000 	C:\WINDOWS\System32\combase.dll
0x00007fff82f50000 - 0x00007fff82f7c000 	C:\WINDOWS\SYSTEM32\Wldp.dll
0x00007fff85d20000 - 0x00007fff85dce000 	C:\WINDOWS\System32\SHCORE.dll
0x00007fff84200000 - 0x00007fff84255000 	C:\WINDOWS\System32\shlwapi.dll
0x00007fff83490000 - 0x00007fff834af000 	C:\WINDOWS\SYSTEM32\profapi.dll
0x00007fff4e660000 - 0x00007fff4e67a000 	D:\androidstudio\jre\bin\net.dll
0x00007fff765d0000 - 0x00007fff766da000 	C:\WINDOWS\SYSTEM32\WINHTTP.dll
0x00007fff82c50000 - 0x00007fff82cba000 	C:\WINDOWS\system32\mswsock.dll
0x00007fff4e110000 - 0x00007fff4e124000 	D:\androidstudio\jre\bin\nio.dll
0x00007fff41920000 - 0x00007fff41947000 	C:\Users\WINDOWS 10\.gradle\native\8bec1ad78214c89d9ad589b4d07fe93259594b29d510b10fafb7a158f7737e5d\windows-amd64\native-platform.dll
0x00007fff2b750000 - 0x00007fff2b88d000 	C:\Users\WINDOWS 10\.gradle\native\53dbd7edfb1c66fb8903c78663c9afc45aea4f116125fa6feffd364cf09443e8\windows-amd64\native-platform-file-events.dll
0x00007fff73e10000 - 0x00007fff73e1a000 	D:\androidstudio\jre\bin\management.dll
0x00007fff73940000 - 0x00007fff7394c000 	D:\androidstudio\jre\bin\management_ext.dll
0x00007fff82e40000 - 0x00007fff82e58000 	C:\WINDOWS\SYSTEM32\CRYPTSP.dll
0x00007fff825f0000 - 0x00007fff82624000 	C:\WINDOWS\system32\rsaenh.dll
0x00007fff83710000 - 0x00007fff83737000 	C:\WINDOWS\System32\bcrypt.dll
0x00007fff83450000 - 0x00007fff8347e000 	C:\WINDOWS\SYSTEM32\USERENV.dll
0x00007fff82e30000 - 0x00007fff82e3c000 	C:\WINDOWS\SYSTEM32\CRYPTBASE.dll
0x00007fff82940000 - 0x00007fff8297b000 	C:\WINDOWS\SYSTEM32\IPHLPAPI.DLL
0x00007fff843f0000 - 0x00007fff843f8000 	C:\WINDOWS\System32\NSI.dll
0x00007fff75ce0000 - 0x00007fff75cf7000 	C:\WINDOWS\SYSTEM32\dhcpcsvc6.DLL
0x00007fff76770000 - 0x00007fff7678d000 	C:\WINDOWS\SYSTEM32\dhcpcsvc.DLL
0x00007fff82980000 - 0x00007fff82a4c000 	C:\WINDOWS\SYSTEM32\DNSAPI.dll
0x00007fff4c160000 - 0x00007fff4c187000 	D:\androidstudio\jre\bin\sunec.dll
0x00007fff7a080000 - 0x00007fff7a08a000 	C:\Windows\System32\rasadhlp.dll
0x00007fff73fc0000 - 0x00007fff7403f000 	C:\WINDOWS\System32\fwpuclnt.dll
0x00007fff82280000 - 0x00007fff822b3000 	C:\WINDOWS\SYSTEM32\ntmarta.dll

dbghelp: loaded successfully - version: 4.0.5 - missing functions: none
symbol engine: initialized successfully - sym options: 0x614 - pdb path: .;D:\androidstudio\jre\bin;C:\WINDOWS\SYSTEM32;C:\WINDOWS\WinSxS\amd64_microsoft.windows.common-controls_6595b64144ccf1df_6.0.19041.1110_none_60b5254171f9507e;D:\androidstudio\jre\bin\server;C:\Users\WINDOWS 10\.gradle\native\8bec1ad78214c89d9ad589b4d07fe93259594b29d510b10fafb7a158f7737e5d\windows-amd64;C:\Users\WINDOWS 10\.gradle\native\53dbd7edfb1c66fb8903c78663c9afc45aea4f116125fa6feffd364cf09443e8\windows-amd64

VM Arguments:
jvm_args: --add-opens=java.base/java.util=ALL-UNNAMED --add-opens=java.base/java.lang=ALL-UNNAMED --add-opens=java.base/java.lang.invoke=ALL-UNNAMED --add-opens=java.base/java.util=ALL-UNNAMED --add-opens=java.prefs/java.util.prefs=ALL-UNNAMED --add-opens=java.prefs/java.util.prefs=ALL-UNNAMED --add-opens=java.base/java.nio.charset=ALL-UNNAMED --add-opens=java.base/java.net=ALL-UNNAMED --add-opens=java.base/java.util.concurrent.atomic=ALL-UNNAMED -Xmx2048m -Dfile.encoding=UTF-8 -Duser.country=ID -Duser.language=in -Duser.variant 
java_command: org.gradle.launcher.daemon.bootstrap.GradleDaemon 7.0.2
java_class_path (initial): C:\Users\WINDOWS 10\.gradle\wrapper\dists\gradle-7.0.2-bin\857tjihv64xamwrf0h14cai3r\gradle-7.0.2\lib\gradle-launcher-7.0.2.jar
Launcher Type: SUN_STANDARD

[Global flags]
     intx CICompilerCount                          = 3                                         {product} {ergonomic}
     uint ConcGCThreads                            = 1                                         {product} {ergonomic}
     uint G1ConcRefinementThreads                  = 4                                         {product} {ergonomic}
   size_t G1HeapRegionSize                         = 1048576                                   {product} {ergonomic}
    uintx GCDrainStackTargetSize                   = 64                                        {product} {ergonomic}
   size_t InitialHeapSize                          = 65011712                                  {product} {ergonomic}
   size_t MarkStackSize                            = 4194304                                   {product} {ergonomic}
   size_t MaxHeapSize                              = 2147483648                                {product} {command line}
   size_t MaxNewSize                               = 1287651328                                {product} {ergonomic}
   size_t MinHeapDeltaBytes                        = 1048576                                   {product} {ergonomic}
    uintx NonNMethodCodeHeapSize                   = 5830732                                {pd product} {ergonomic}
    uintx NonProfiledCodeHeapSize                  = 122913754                              {pd product} {ergonomic}
    uintx ProfiledCodeHeapSize                     = 122913754                              {pd product} {ergonomic}
    uintx ReservedCodeCacheSize                    = 251658240                              {pd product} {ergonomic}
     bool SegmentedCodeCache                       = true                                      {product} {ergonomic}
     bool UseCompressedClassPointers               = true                                 {lp64_product} {ergonomic}
     bool UseCompressedOops                        = true                                 {lp64_product} {ergonomic}
     bool UseG1GC                                  = true                                      {product} {ergonomic}
     bool UseLargePagesIndividualAllocation        = false                                  {pd product} {ergonomic}

Logging:
Log output configuration:
 #0: stdout all=warning uptime,level,tags
 #1: stderr all=off uptime,level,tags

Environment Variables:
PATH=C:\Program Files (x86)\Borland\Delphi7\Bin;C:\Program Files (x86)\Borland\Delphi7\Projects\Bpl\;C:\Program Files (x86)\Common Files\Oracle\Java\javapath;C:\Program Files (x86)\Common Files\Intel\Shared Files\cpp\bin\Intel64;C:\WINDOWS\system32;C:\WINDOWS;C:\WINDOWS\System32\Wbem;C:\WINDOWS\System32\WindowsPowerShell\v1.0\;C:\WINDOWS\System32\OpenSSH\;C:\Program Files\Intel\WiFi\bin\;C:\Program Files\Common Files\Intel\WirelessCommon\;C:\Program Files (x86)\Java\jdk1.7.0_67\bin;C:\Program Files\MATLAB\MATLAB Production Server\R2015a\runtime\win64;C:\Program Files\MATLAB\MATLAB Production Server\R2015a\bin;C:\Program Files\MATLAB\MATLAB Production Server\R2015a\polyspace\bin;C:\xampp\php;C:\ProgramData\ComposerSetup\bin;C:\Program Files\Microsoft SQL Server\110\Tools\Binn\;C:\Program Files\nodejs\;C:\Program Files\Git\cmd;C:\Program Files (x86)\Windows Kits\8.1\Windows Performance Toolkit\;C:\Program Files\Microsoft SQL Server\Client SDK\ODBC\110\Tools\Binn\;C:\Program Files (x86)\Microsoft SQL Server\120\Tools\Binn\;C:\Program Files\Microsoft SQL Server\120\Tools\Binn\;C:\Program Files\Microsoft SQL Server\120\DTS\Binn\;C:\Program Files (x86)\Microsoft SQL Server\120\Tools\Binn\ManagementStudio\;C:\Program Files (x86)\Microsoft SQL Server\120\DTS\Binn\;C:\Users\WINDOWS 10\AppData\Local\Microsoft\WindowsApps;C:\Program Files (x86)\Java\jdk1.7.0_67\bin;C:\Users\WINDOWS 10\AppData\Roaming\Composer\vendor\bin;;C:\Users\WINDOWS 10\AppData\Local\Programs\Microsoft VS Code\bin;C:\Users\WINDOWS 10\AppData\Roaming\npm
USERNAME=WINDOWS 10
OS=Windows_NT
PROCESSOR_IDENTIFIER=AMD64 Family 21 Model 101 Stepping 1, AuthenticAMD



---------------  S Y S T E M  ---------------

OS: Windows 10 , 64 bit Build 19041 (10.0.19041.1023)
OS uptime: 2 days 22:29 hours

CPU:total 4 (initial active 4) (4 cores per cpu, 1 threads per core) family 21 model 101 stepping 1 microcode 0x0, cmov, cx8, fxsr, mmx, sse, sse2, sse3, ssse3, sse4.1, sse4.2, popcnt, avx, avx2, aes, clmul, mmxext, 3dnowpref, lzcnt, sse4a, tsc, tscinvbit, tscinv, bmi1, bmi2, fma

Memory: 4k page, system-wide physical 3967M (292M free)
TotalPageFile size 8580M (AvailPageFile size 150M)
current process WorkingSet (physical memory assigned to process): 466M, peak: 491M
current process commit charge ("private bytes"): 609M, peak: 815M

vm_info: OpenJDK 64-Bit Server VM (11.0.10+0-b96-7249189) for windows-amd64 JRE (11.0.10+0-b96-7249189), built on Mar 31 2021 21:44:00 by "builder" with MS VC++ 14.0 (VS2015)

END.
