#
# There is insufficient memory for the Java Runtime Environment to continue.
# Native memory allocation (malloc) failed to allocate 969776 bytes for Chunk::new
# Possible reasons:
#   The system is out of physical RAM or swap space
#   The process is running with CompressedOops enabled, and the Java Heap may be blocking the growth of the native heap
# Possible solutions:
#   Reduce memory load on the system
#   Increase physical memory or swap space
#   Check if swap backing store is full
#   Decrease Java heap size (-Xmx/-Xms)
#   Decrease number of Java threads
#   Decrease Java thread stack sizes (-Xss)
#   Set larger code cache with -XX:ReservedCodeCacheSize=
#   JVM is running with Unscaled Compressed Oops mode in which the Java heap is
#     placed in the first 4GB address space. The Java Heap base address is the
#     maximum limit for the native heap growth. Please use -XX:HeapBaseMinAddress
#     to set the Java Heap base and to place the Java Heap above 4GB virtual address.
# This output file may be truncated or incomplete.
#
#  Out of Memory Error (./src/hotspot/share/memory/arena.cpp:197), pid=10172, tid=4164
#
# JRE version: OpenJDK Runtime Environment (11.0.10) (build 11.0.10+0-b96-7249189)
# Java VM: OpenJDK 64-Bit Server VM (11.0.10+0-b96-7249189, mixed mode, tiered, compressed oops, g1 gc, windows-amd64)
# No core dump will be written. Minidumps are not enabled by default on client versions of Windows
#

---------------  S U M M A R Y ------------

Command Line: --add-opens=java.base/java.util=ALL-UNNAMED --add-opens=java.base/java.lang=ALL-UNNAMED --add-opens=java.base/java.lang.invoke=ALL-UNNAMED --add-opens=java.base/java.util=ALL-UNNAMED --add-opens=java.prefs/java.util.prefs=ALL-UNNAMED --add-opens=java.prefs/java.util.prefs=ALL-UNNAMED --add-opens=java.base/java.nio.charset=ALL-UNNAMED --add-opens=java.base/java.net=ALL-UNNAMED --add-opens=java.base/java.util.concurrent.atomic=ALL-UNNAMED -Xmx2048m -Dfile.encoding=UTF-8 -Duser.country=ID -Duser.language=in -Duser.variant org.gradle.launcher.daemon.bootstrap.GradleDaemon 7.0.2

Host: AMD A12-9720P RADEON R7, 12 COMPUTE CORES 4C+8G, 4 cores, 3G,  Windows 10 , 64 bit Build 19041 (10.0.19041.1023)
Time: Mon Oct  4 18:17:12 2021 SE Asia Standard Time elapsed time: 102.119863 seconds (0d 0h 1m 42s)

---------------  T H R E A D  ---------------

Current thread (0x00000259ca54f000):  JavaThread "C2 CompilerThread0" daemon [_thread_in_native, id=4164, stack(0x000000b83b300000,0x000000b83b400000)]


Current CompileTask:
C2: 102120 8876       4       java.lang.Class::annotationData (44 bytes)

Stack: [0x000000b83b300000,0x000000b83b400000]
Native frames: (J=compiled Java code, j=interpreted, Vv=VM code, C=native code)
V  [jvm.dll+0x5ecfaa]
V  [jvm.dll+0x722bd5]
V  [jvm.dll+0x72412d]
V  [jvm.dll+0x7247e3]
V  [jvm.dll+0x242928]
V  [jvm.dll+0xbc4fc]
V  [jvm.dll+0xbca0c]
V  [jvm.dll+0x2b4fd4]
V  [jvm.dll+0x506028]
V  [jvm.dll+0x203253]
V  [jvm.dll+0x1fd07c]
V  [jvm.dll+0x1fa77f]
V  [jvm.dll+0x18354c]
V  [jvm.dll+0x208ee7]
V  [jvm.dll+0x207731]
V  [jvm.dll+0x6eb1cf]
V  [jvm.dll+0x6e3d45]
V  [jvm.dll+0x5ebe96]
C  [ucrtbase.dll+0x21bb2]
C  [KERNEL32.DLL+0x17034]
C  [ntdll.dll+0x52651]


---------------  P R O C E S S  ---------------

Threads class SMR info:
_java_thread_list=0x00000259d0f68840, length=47, elements={
0x00000259b0159000, 0x00000259ca4ed800, 0x00000259ca4ee800, 0x00000259ca546800,
0x00000259ca54a800, 0x00000259ca54c000, 0x00000259ca54f000, 0x00000259ca6b8800,
0x00000259ca57b800, 0x00000259ca7c3800, 0x00000259cb5d2800, 0x00000259cbde2800,
0x00000259cc0e4800, 0x00000259cb9a7800, 0x00000259cc046800, 0x00000259cb378800,
0x00000259cac84000, 0x00000259cb680800, 0x00000259ca9d2800, 0x00000259ca9d5000,
0x00000259ca9d4000, 0x00000259ca9d1000, 0x00000259ca9d3800, 0x00000259ca9d6000,
0x00000259ca9d6800, 0x00000259ca9d1800, 0x00000259ca9d7800, 0x00000259cc19d800,
0x00000259cc19c800, 0x00000259cc19e000, 0x00000259cc1a0000, 0x00000259cc19a000,
0x00000259cc19b000, 0x00000259cc1a3000, 0x00000259cc1a4000, 0x00000259cc1a4800,
0x00000259cc1a5800, 0x00000259cc1a6800, 0x00000259cc1a2000, 0x00000259cc1a7000,
0x00000259cc1a1800, 0x00000259cc1a9000, 0x00000259d0940000, 0x00000259d093a000,
0x00000259d0940800, 0x00000259d093b000, 0x00000259d093d800
}

Java Threads: ( => current thread )
  0x00000259b0159000 JavaThread "main" [_thread_blocked, id=16444, stack(0x000000b83a700000,0x000000b83a800000)]
  0x00000259ca4ed800 JavaThread "Reference Handler" daemon [_thread_blocked, id=15408, stack(0x000000b83ae00000,0x000000b83af00000)]
  0x00000259ca4ee800 JavaThread "Finalizer" daemon [_thread_blocked, id=9728, stack(0x000000b83af00000,0x000000b83b000000)]
  0x00000259ca546800 JavaThread "Signal Dispatcher" daemon [_thread_blocked, id=20492, stack(0x000000b83b000000,0x000000b83b100000)]
  0x00000259ca54a800 JavaThread "Attach Listener" daemon [_thread_blocked, id=18736, stack(0x000000b83b100000,0x000000b83b200000)]
  0x00000259ca54c000 JavaThread "Service Thread" daemon [_thread_blocked, id=15208, stack(0x000000b83b200000,0x000000b83b300000)]
=>0x00000259ca54f000 JavaThread "C2 CompilerThread0" daemon [_thread_in_native, id=4164, stack(0x000000b83b300000,0x000000b83b400000)]
  0x00000259ca6b8800 JavaThread "C1 CompilerThread0" daemon [_thread_blocked, id=16788, stack(0x000000b83b400000,0x000000b83b500000)]
  0x00000259ca57b800 JavaThread "Sweeper thread" daemon [_thread_blocked, id=17220, stack(0x000000b83b500000,0x000000b83b600000)]
  0x00000259ca7c3800 JavaThread "Common-Cleaner" daemon [_thread_blocked, id=18592, stack(0x000000b83b600000,0x000000b83b700000)]
  0x00000259cb5d2800 JavaThread "Daemon health stats" [_thread_blocked, id=10132, stack(0x000000b83b900000,0x000000b83ba00000)]
  0x00000259cbde2800 JavaThread "Incoming local TCP Connector on port 1038" [_thread_in_native, id=16156, stack(0x000000b83ba00000,0x000000b83bb00000)]
  0x00000259cc0e4800 JavaThread "Daemon periodic checks" [_thread_blocked, id=19656, stack(0x000000b83bb00000,0x000000b83bc00000)]
  0x00000259cb9a7800 JavaThread "Daemon" [_thread_blocked, id=21816, stack(0x000000b83bc00000,0x000000b83bd00000)]
  0x00000259cc046800 JavaThread "Handler for socket connection from /127.0.0.1:1038 to /127.0.0.1:5115" [_thread_in_native, id=18308, stack(0x000000b83bd00000,0x000000b83be00000)]
  0x00000259cb378800 JavaThread "Cancel handler" [_thread_blocked, id=13988, stack(0x000000b83be00000,0x000000b83bf00000)]
  0x00000259cac84000 JavaThread "Daemon worker" [_thread_blocked, id=20520, stack(0x000000b83bf00000,0x000000b83c000000)]
  0x00000259cb680800 JavaThread "Asynchronous log dispatcher for DefaultDaemonConnection: socket connection from /127.0.0.1:1038 to /127.0.0.1:5115" [_thread_blocked, id=10640, stack(0x000000b83c000000,0x000000b83c100000)]
  0x00000259ca9d2800 JavaThread "Daemon client event forwarder" [_thread_blocked, id=20248, stack(0x000000b83c200000,0x000000b83c300000)]
  0x00000259ca9d5000 JavaThread "Cache worker for file hash cache (C:\Users\WINDOWS 10\.gradle\caches\7.0.2\fileHashes)" [_thread_blocked, id=20468, stack(0x000000b83c500000,0x000000b83c600000)]
  0x00000259ca9d4000 JavaThread "File lock request listener" [_thread_in_native, id=16680, stack(0x000000b83c600000,0x000000b83c700000)]
  0x00000259ca9d1000 JavaThread "Cache worker for journal cache (C:\Users\WINDOWS 10\.gradle\caches\journal-1)" [_thread_blocked, id=6524, stack(0x000000b83c700000,0x000000b83c800000)]
  0x00000259ca9d3800 JavaThread "Cache worker for file hash cache (D:\androidstudio_projects\.gradle\7.0.2\fileHashes)" [_thread_blocked, id=16504, stack(0x000000b83c800000,0x000000b83c900000)]
  0x00000259ca9d6000 JavaThread "File watcher server" daemon [_thread_in_native, id=14576, stack(0x000000b83c900000,0x000000b83ca00000)]
  0x00000259ca9d6800 JavaThread "File watcher consumer" daemon [_thread_blocked, id=18972, stack(0x000000b83ca00000,0x000000b83cb00000)]
  0x00000259ca9d1800 JavaThread "Cache worker for checksums cache (D:\androidstudio_projects\.gradle\checksums)" [_thread_blocked, id=20916, stack(0x000000b83cb00000,0x000000b83cc00000)]
  0x00000259ca9d7800 JavaThread "Cache worker for cache directory md-supplier (C:\Users\WINDOWS 10\.gradle\caches\7.0.2\md-supplier)" [_thread_blocked, id=2076, stack(0x000000b83cc00000,0x000000b83cd00000)]
  0x00000259cc19d800 JavaThread "Cache worker for cache directory md-rule (C:\Users\WINDOWS 10\.gradle\caches\7.0.2\md-rule)" [_thread_blocked, id=9824, stack(0x000000b83cd00000,0x000000b83ce00000)]
  0x00000259cc19c800 JavaThread "Cache worker for execution history cache (C:\Users\WINDOWS 10\.gradle\caches\7.0.2\executionHistory)" [_thread_blocked, id=1100, stack(0x000000b83ce00000,0x000000b83cf00000)]
  0x00000259cc19e000 JavaThread "jar transforms" [_thread_blocked, id=18232, stack(0x000000b83d100000,0x000000b83d200000)]
  0x00000259cc1a0000 JavaThread "jar transforms Thread 2" [_thread_blocked, id=18256, stack(0x000000b83d200000,0x000000b83d300000)]
  0x00000259cc19a000 JavaThread "Cache worker for file content cache (C:\Users\WINDOWS 10\.gradle\caches\7.0.2\fileContent)" [_thread_blocked, id=9412, stack(0x000000b83d300000,0x000000b83d400000)]
  0x00000259cc19b000 JavaThread "Cache worker for dependencies-accessors (D:\androidstudio_projects\.gradle\7.0.2\dependencies-accessors)" [_thread_blocked, id=16496, stack(0x000000b83d400000,0x000000b83d500000)]
  0x00000259cc1a3000 JavaThread "jar transforms Thread 3" [_thread_blocked, id=20908, stack(0x000000b83d500000,0x000000b83d600000)]
  0x00000259cc1a4000 JavaThread "Cache worker for Build Output Cleanup Cache (D:\androidstudio_projects\.gradle\buildOutputCleanup)" [_thread_blocked, id=13008, stack(0x000000b83d600000,0x000000b83d700000)]
  0x00000259cc1a4800 JavaThread "Build operations" [_thread_blocked, id=6548, stack(0x000000b83a500000,0x000000b83a600000)]
  0x00000259cc1a5800 JavaThread "Build operations Thread 2" [_thread_blocked, id=18936, stack(0x000000b83a600000,0x000000b83a700000)]
  0x00000259cc1a6800 JavaThread "Build operations Thread 3" [_thread_blocked, id=2224, stack(0x000000b83d700000,0x000000b83d800000)]
  0x00000259cc1a2000 JavaThread "Build operations Thread 4" [_thread_blocked, id=5276, stack(0x000000b83d800000,0x000000b83d900000)]
  0x00000259cc1a7000 JavaThread "jar transforms Thread 4" [_thread_blocked, id=12552, stack(0x000000b83d900000,0x000000b83da00000)]
  0x00000259cc1a1800 JavaThread "Memory manager" [_thread_blocked, id=17092, stack(0x000000b83da00000,0x000000b83db00000)]
  0x00000259cc1a9000 JavaThread "build event listener" [_thread_blocked, id=20284, stack(0x000000b83c100000,0x000000b83c200000)]
  0x00000259d0940000 JavaThread "Execution worker for ':'" [_thread_blocked, id=18764, stack(0x000000b83db00000,0x000000b83dc00000)]
  0x00000259d093a000 JavaThread "Execution worker for ':' Thread 2" [_thread_blocked, id=22196, stack(0x000000b83dc00000,0x000000b83dd00000)]
  0x00000259d0940800 JavaThread "Execution worker for ':' Thread 3" [_thread_blocked, id=18332, stack(0x000000b83dd00000,0x000000b83de00000)]
  0x00000259d093b000 JavaThread "Cache worker for execution history cache (D:\androidstudio_projects\.gradle\7.0.2\executionHistory)" [_thread_blocked, id=20164, stack(0x000000b83de00000,0x000000b83df00000)]
  0x00000259d093d800 JavaThread "WorkerExecutor Queue" [_thread_blocked, id=12296, stack(0x000000b83df00000,0x000000b83e000000)]

Other Threads:
  0x00000259ca4e7000 VMThread "VM Thread" [stack: 0x000000b83ad00000,0x000000b83ae00000] [id=19688]
  0x00000259ca810800 WatcherThread [stack: 0x000000b83b700000,0x000000b83b800000] [id=22372]
  0x00000259b0175000 GCTaskThread "GC Thread#0" [stack: 0x000000b83a800000,0x000000b83a900000] [id=18492]
  0x00000259caf9e000 GCTaskThread "GC Thread#1" [stack: 0x000000b83b800000,0x000000b83b900000] [id=8704]
  0x00000259ca95b800 GCTaskThread "GC Thread#2" [stack: 0x000000b83c300000,0x000000b83c400000] [id=7844]
  0x00000259ca741800 GCTaskThread "GC Thread#3" [stack: 0x000000b83c400000,0x000000b83c500000] [id=5496]
  0x00000259b01a4000 ConcurrentGCThread "G1 Main Marker" [stack: 0x000000b83a900000,0x000000b83aa00000] [id=10900]
  0x00000259b01a5800 ConcurrentGCThread "G1 Conc#0" [stack: 0x000000b83aa00000,0x000000b83ab00000] [id=6952]
  0x00000259b01ef000 ConcurrentGCThread "G1 Refine#0" [stack: 0x000000b83ab00000,0x000000b83ac00000] [id=11096]
  0x00000259b01f0000 ConcurrentGCThread "G1 Young RemSet Sampling" [stack: 0x000000b83ac00000,0x000000b83ad00000] [id=22092]

Threads with active compile tasks:
C2 CompilerThread0 102258 8876       4       java.lang.Class::annotationData (44 bytes)

VM state:not at safepoint (normal execution)

VM Mutex/Monitor currently owned by a thread:  ([mutex/lock_event])
[0x00000259b01589a0] Threads_lock - owner thread: 0x00000259ca4e7000
[0x00000259b0157c20] Compile_lock - owner thread: 0x00000259d093a000

Heap address: 0x0000000080000000, size: 2048 MB, Compressed Oops mode: 32-bit
Narrow klass base: 0x0000000000000000, Narrow klass shift: 3
Compressed class space size: 1073741824 Address: 0x0000000100000000

Heap:
 garbage-first heap   total 138240K, used 72108K [0x0000000080000000, 0x0000000100000000)
  region size 1024K, 12 young (12288K), 5 survivors (5120K)
 Metaspace       used 83539K, capacity 85523K, committed 85888K, reserved 1124352K
  class space    used 10826K, capacity 11579K, committed 11648K, reserved 1048576K
Heap Regions: E=young(eden), S=young(survivor), O=old, HS=humongous(starts), HC=humongous(continues), CS=collection set, F=free, A=archive, TAMS=top-at-mark-start (previous, next)
|   0|0x0000000080000000, 0x0000000080100000, 0x0000000080100000|100%| O|  |TAMS 0x0000000080100000, 0x0000000080000000| Untracked 
|   1|0x0000000080100000, 0x0000000080200000, 0x0000000080200000|100%| O|  |TAMS 0x0000000080200000, 0x0000000080100000| Untracked 
|   2|0x0000000080200000, 0x0000000080300000, 0x0000000080300000|100%| O|  |TAMS 0x0000000080300000, 0x0000000080200000| Untracked 
|   3|0x0000000080300000, 0x0000000080400000, 0x0000000080400000|100%|HS|  |TAMS 0x0000000080400000, 0x0000000080300000| Complete 
|   4|0x0000000080400000, 0x0000000080500000, 0x0000000080500000|100%|HC|  |TAMS 0x0000000080500000, 0x0000000080400000| Complete 
|   5|0x0000000080500000, 0x0000000080600000, 0x0000000080600000|100%|HC|  |TAMS 0x0000000080600000, 0x0000000080500000| Complete 
|   6|0x0000000080600000, 0x0000000080700000, 0x0000000080700000|100%| O|  |TAMS 0x0000000080700000, 0x0000000080600000| Untracked 
|   7|0x0000000080700000, 0x0000000080800000, 0x0000000080800000|100%| O|  |TAMS 0x0000000080800000, 0x0000000080700000| Untracked 
|   8|0x0000000080800000, 0x0000000080900000, 0x0000000080900000|100%| O|  |TAMS 0x0000000080900000, 0x0000000080800000| Untracked 
|   9|0x0000000080900000, 0x0000000080a00000, 0x0000000080a00000|100%| O|  |TAMS 0x0000000080a00000, 0x0000000080900000| Untracked 
|  10|0x0000000080a00000, 0x0000000080b00000, 0x0000000080b00000|100%| O|  |TAMS 0x0000000080b00000, 0x0000000080a00000| Untracked 
|  11|0x0000000080b00000, 0x0000000080c00000, 0x0000000080c00000|100%| O|  |TAMS 0x0000000080c00000, 0x0000000080b00000| Untracked 
|  12|0x0000000080c00000, 0x0000000080d00000, 0x0000000080d00000|100%| O|  |TAMS 0x0000000080d00000, 0x0000000080c00000| Untracked 
|  13|0x0000000080d00000, 0x0000000080e00000, 0x0000000080e00000|100%| O|  |TAMS 0x0000000080e00000, 0x0000000080d00000| Untracked 
|  14|0x0000000080e00000, 0x0000000080f00000, 0x0000000080f00000|100%| O|  |TAMS 0x0000000080f00000, 0x0000000080e00000| Untracked 
|  15|0x0000000080f00000, 0x0000000081000000, 0x0000000081000000|100%| O|  |TAMS 0x0000000081000000, 0x0000000080f00000| Untracked 
|  16|0x0000000081000000, 0x0000000081100000, 0x0000000081100000|100%| O|  |TAMS 0x0000000081100000, 0x0000000081000000| Untracked 
|  17|0x0000000081100000, 0x0000000081200000, 0x0000000081200000|100%| O|  |TAMS 0x0000000081200000, 0x0000000081100000| Untracked 
|  18|0x0000000081200000, 0x0000000081300000, 0x0000000081300000|100%| O|  |TAMS 0x0000000081300000, 0x0000000081200000| Untracked 
|  19|0x0000000081300000, 0x0000000081400000, 0x0000000081400000|100%| O|  |TAMS 0x0000000081400000, 0x0000000081300000| Untracked 
|  20|0x0000000081400000, 0x0000000081500000, 0x0000000081500000|100%| O|  |TAMS 0x0000000081500000, 0x0000000081400000| Untracked 
|  21|0x0000000081500000, 0x0000000081600000, 0x0000000081600000|100%| O|  |TAMS 0x0000000081600000, 0x0000000081500000| Untracked 
|  22|0x0000000081600000, 0x0000000081700000, 0x0000000081700000|100%| O|  |TAMS 0x0000000081700000, 0x0000000081600000| Untracked 
|  23|0x0000000081700000, 0x0000000081800000, 0x0000000081800000|100%| O|  |TAMS 0x0000000081800000, 0x0000000081700000| Untracked 
|  24|0x0000000081800000, 0x0000000081900000, 0x0000000081900000|100%| O|  |TAMS 0x0000000081900000, 0x0000000081800000| Untracked 
|  25|0x0000000081900000, 0x0000000081a00000, 0x0000000081a00000|100%| O|  |TAMS 0x0000000081a00000, 0x0000000081900000| Untracked 
|  26|0x0000000081a00000, 0x0000000081b00000, 0x0000000081b00000|100%| O|  |TAMS 0x0000000081b00000, 0x0000000081a00000| Untracked 
|  27|0x0000000081b00000, 0x0000000081c00000, 0x0000000081c00000|100%| O|  |TAMS 0x0000000081c00000, 0x0000000081b00000| Untracked 
|  28|0x0000000081c00000, 0x0000000081d00000, 0x0000000081d00000|100%| O|  |TAMS 0x0000000081d00000, 0x0000000081c00000| Untracked 
|  29|0x0000000081d00000, 0x0000000081e00000, 0x0000000081e00000|100%|HS|  |TAMS 0x0000000081e00000, 0x0000000081d00000| Complete 
|  30|0x0000000081e00000, 0x0000000081f00000, 0x0000000081f00000|100%| O|  |TAMS 0x0000000081f00000, 0x0000000081e00000| Untracked 
|  31|0x0000000081f00000, 0x0000000082000000, 0x0000000082000000|100%|HS|  |TAMS 0x0000000082000000, 0x0000000081f00000| Complete 
|  32|0x0000000082000000, 0x0000000082100000, 0x0000000082100000|100%| O|  |TAMS 0x0000000082100000, 0x0000000082000000| Untracked 
|  33|0x0000000082100000, 0x0000000082200000, 0x0000000082200000|100%| O|  |TAMS 0x0000000082200000, 0x0000000082100000| Untracked 
|  34|0x0000000082200000, 0x0000000082300000, 0x0000000082300000|100%|HS|  |TAMS 0x0000000082300000, 0x0000000082200000| Complete 
|  35|0x0000000082300000, 0x0000000082400000, 0x0000000082400000|100%|HC|  |TAMS 0x0000000082400000, 0x0000000082300000| Complete 
|  36|0x0000000082400000, 0x0000000082500000, 0x0000000082500000|100%| O|  |TAMS 0x0000000082500000, 0x0000000082400000| Untracked 
|  37|0x0000000082500000, 0x0000000082600000, 0x0000000082600000|100%| O|  |TAMS 0x0000000082600000, 0x0000000082500000| Untracked 
|  38|0x0000000082600000, 0x0000000082700000, 0x0000000082700000|100%| O|  |TAMS 0x0000000082700000, 0x0000000082600000| Untracked 
|  39|0x0000000082700000, 0x0000000082800000, 0x0000000082800000|100%| O|  |TAMS 0x0000000082800000, 0x0000000082700000| Untracked 
|  40|0x0000000082800000, 0x0000000082900000, 0x0000000082900000|100%| O|  |TAMS 0x0000000082900000, 0x0000000082800000| Untracked 
|  41|0x0000000082900000, 0x0000000082a00000, 0x0000000082a00000|100%| O|  |TAMS 0x0000000082a00000, 0x0000000082900000| Untracked 
|  42|0x0000000082a00000, 0x0000000082b00000, 0x0000000082b00000|100%| O|  |TAMS 0x0000000082b00000, 0x0000000082a00000| Untracked 
|  43|0x0000000082b00000, 0x0000000082c00000, 0x0000000082c00000|100%| O|  |TAMS 0x0000000082c00000, 0x0000000082b00000| Untracked 
|  44|0x0000000082c00000, 0x0000000082d00000, 0x0000000082d00000|100%| O|  |TAMS 0x0000000082d00000, 0x0000000082c00000| Untracked 
|  45|0x0000000082d00000, 0x0000000082e00000, 0x0000000082e00000|100%| O|  |TAMS 0x0000000082e00000, 0x0000000082d00000| Untracked 
|  46|0x0000000082e00000, 0x0000000082f00000, 0x0000000082f00000|100%| O|  |TAMS 0x0000000082f00000, 0x0000000082e00000| Untracked 
|  47|0x0000000082f00000, 0x0000000083000000, 0x0000000083000000|100%| O|  |TAMS 0x0000000083000000, 0x0000000082f00000| Untracked 
|  48|0x0000000083000000, 0x0000000083100000, 0x0000000083100000|100%| O|  |TAMS 0x0000000083100000, 0x0000000083000000| Untracked 
|  49|0x0000000083100000, 0x0000000083200000, 0x0000000083200000|100%| O|  |TAMS 0x0000000083200000, 0x0000000083100000| Untracked 
|  50|0x0000000083200000, 0x0000000083300000, 0x0000000083300000|100%| O|  |TAMS 0x0000000083300000, 0x0000000083200000| Untracked 
|  51|0x0000000083300000, 0x0000000083400000, 0x0000000083400000|100%| O|  |TAMS 0x0000000083400000, 0x0000000083300000| Untracked 
|  52|0x0000000083400000, 0x0000000083500000, 0x0000000083500000|100%| O|  |TAMS 0x0000000083500000, 0x0000000083400000| Untracked 
|  53|0x0000000083500000, 0x0000000083600000, 0x0000000083600000|100%| O|  |TAMS 0x0000000083600000, 0x0000000083500000| Untracked 
|  54|0x0000000083600000, 0x0000000083700000, 0x0000000083700000|100%| O|  |TAMS 0x0000000083700000, 0x0000000083600000| Untracked 
|  55|0x0000000083700000, 0x0000000083800000, 0x0000000083800000|100%| O|  |TAMS 0x0000000083800000, 0x0000000083700000| Untracked 
|  56|0x0000000083800000, 0x0000000083900000, 0x0000000083900000|100%| O|  |TAMS 0x0000000083900000, 0x0000000083800000| Untracked 
|  57|0x0000000083900000, 0x0000000083a00000, 0x0000000083a00000|100%| O|  |TAMS 0x0000000083a00000, 0x0000000083900000| Untracked 
|  58|0x0000000083a00000, 0x0000000083b00000, 0x0000000083b00000|100%| O|  |TAMS 0x0000000083b00000, 0x0000000083a00000| Untracked 
|  59|0x0000000083b00000, 0x0000000083c00000, 0x0000000083c00000|100%| O|  |TAMS 0x0000000083c00000, 0x0000000083b00000| Untracked 
|  60|0x0000000083c00000, 0x0000000083c6b200, 0x0000000083d00000| 41%| O|  |TAMS 0x0000000083c6b200, 0x0000000083c00000| Untracked 
|  61|0x0000000083d00000, 0x0000000083d00000, 0x0000000083e00000|  0%| F|  |TAMS 0x0000000083d00000, 0x0000000083d00000| Untracked 
|  62|0x0000000083e00000, 0x0000000083e00000, 0x0000000083f00000|  0%| F|  |TAMS 0x0000000083e00000, 0x0000000083e00000| Untracked 
|  63|0x0000000083f00000, 0x0000000083f00000, 0x0000000084000000|  0%| F|  |TAMS 0x0000000083f00000, 0x0000000083f00000| Untracked 
|  64|0x0000000084000000, 0x0000000084000000, 0x0000000084100000|  0%| F|  |TAMS 0x0000000084000000, 0x0000000084000000| Untracked 
|  65|0x0000000084100000, 0x0000000084100000, 0x0000000084200000|  0%| F|  |TAMS 0x0000000084100000, 0x0000000084100000| Untracked 
|  66|0x0000000084200000, 0x0000000084200000, 0x0000000084300000|  0%| F|  |TAMS 0x0000000084200000, 0x0000000084200000| Untracked 
|  67|0x0000000084300000, 0x0000000084300000, 0x0000000084400000|  0%| F|  |TAMS 0x0000000084300000, 0x0000000084300000| Untracked 
|  68|0x0000000084400000, 0x0000000084400000, 0x0000000084500000|  0%| F|  |TAMS 0x0000000084400000, 0x0000000084400000| Untracked 
|  69|0x0000000084500000, 0x0000000084500000, 0x0000000084600000|  0%| F|  |TAMS 0x0000000084500000, 0x0000000084500000| Untracked 
|  70|0x0000000084600000, 0x0000000084600000, 0x0000000084700000|  0%| F|  |TAMS 0x0000000084600000, 0x0000000084600000| Untracked 
|  71|0x0000000084700000, 0x0000000084700000, 0x0000000084800000|  0%| F|  |TAMS 0x0000000084700000, 0x0000000084700000| Untracked 
|  72|0x0000000084800000, 0x0000000084800000, 0x0000000084900000|  0%| F|  |TAMS 0x0000000084800000, 0x0000000084800000| Untracked 
|  73|0x0000000084900000, 0x0000000084900000, 0x0000000084a00000|  0%| F|  |TAMS 0x0000000084900000, 0x0000000084900000| Untracked 
|  74|0x0000000084a00000, 0x0000000084a00000, 0x0000000084b00000|  0%| F|  |TAMS 0x0000000084a00000, 0x0000000084a00000| Untracked 
|  75|0x0000000084b00000, 0x0000000084b00000, 0x0000000084c00000|  0%| F|  |TAMS 0x0000000084b00000, 0x0000000084b00000| Untracked 
|  76|0x0000000084c00000, 0x0000000084c00000, 0x0000000084d00000|  0%| F|  |TAMS 0x0000000084c00000, 0x0000000084c00000| Untracked 
|  77|0x0000000084d00000, 0x0000000084d00000, 0x0000000084e00000|  0%| F|  |TAMS 0x0000000084d00000, 0x0000000084d00000| Untracked 
|  78|0x0000000084e00000, 0x0000000084e00000, 0x0000000084f00000|  0%| F|  |TAMS 0x0000000084e00000, 0x0000000084e00000| Untracked 
|  79|0x0000000084f00000, 0x0000000084f00000, 0x0000000085000000|  0%| F|  |TAMS 0x0000000084f00000, 0x0000000084f00000| Untracked 
|  80|0x0000000085000000, 0x0000000085000000, 0x0000000085100000|  0%| F|  |TAMS 0x0000000085000000, 0x0000000085000000| Untracked 
|  81|0x0000000085100000, 0x0000000085100000, 0x0000000085200000|  0%| F|  |TAMS 0x0000000085100000, 0x0000000085100000| Untracked 
|  82|0x0000000085200000, 0x0000000085200000, 0x0000000085300000|  0%| F|  |TAMS 0x0000000085200000, 0x0000000085200000| Untracked 
|  83|0x0000000085300000, 0x0000000085300000, 0x0000000085400000|  0%| F|  |TAMS 0x0000000085300000, 0x0000000085300000| Untracked 
|  84|0x0000000085400000, 0x0000000085400000, 0x0000000085500000|  0%| F|  |TAMS 0x0000000085400000, 0x0000000085400000| Untracked 
|  85|0x0000000085500000, 0x0000000085500000, 0x0000000085600000|  0%| F|  |TAMS 0x0000000085500000, 0x0000000085500000| Untracked 
|  86|0x0000000085600000, 0x0000000085600000, 0x0000000085700000|  0%| F|  |TAMS 0x0000000085600000, 0x0000000085600000| Untracked 
|  87|0x0000000085700000, 0x0000000085700000, 0x0000000085800000|  0%| F|  |TAMS 0x0000000085700000, 0x0000000085700000| Untracked 
|  88|0x0000000085800000, 0x0000000085800000, 0x0000000085900000|  0%| F|  |TAMS 0x0000000085800000, 0x0000000085800000| Untracked 
|  89|0x0000000085900000, 0x0000000085900000, 0x0000000085a00000|  0%| F|  |TAMS 0x0000000085900000, 0x0000000085900000| Untracked 
|  90|0x0000000085a00000, 0x0000000085b00000, 0x0000000085b00000|100%| S|CS|TAMS 0x0000000085a00000, 0x0000000085a00000| Complete 
|  91|0x0000000085b00000, 0x0000000085c00000, 0x0000000085c00000|100%| S|CS|TAMS 0x0000000085b00000, 0x0000000085b00000| Complete 
|  92|0x0000000085c00000, 0x0000000085d00000, 0x0000000085d00000|100%| S|CS|TAMS 0x0000000085c00000, 0x0000000085c00000| Complete 
|  93|0x0000000085d00000, 0x0000000085e00000, 0x0000000085e00000|100%| S|CS|TAMS 0x0000000085d00000, 0x0000000085d00000| Complete 
|  94|0x0000000085e00000, 0x0000000085f00000, 0x0000000085f00000|100%| S|CS|TAMS 0x0000000085e00000, 0x0000000085e00000| Complete 
|  95|0x0000000085f00000, 0x0000000085f00000, 0x0000000086000000|  0%| F|  |TAMS 0x0000000085f00000, 0x0000000085f00000| Untracked 
|  96|0x0000000086000000, 0x0000000086000000, 0x0000000086100000|  0%| F|  |TAMS 0x0000000086000000, 0x0000000086000000| Untracked 
|  97|0x0000000086100000, 0x0000000086100000, 0x0000000086200000|  0%| F|  |TAMS 0x0000000086100000, 0x0000000086100000| Untracked 
|  98|0x0000000086200000, 0x0000000086200000, 0x0000000086300000|  0%| F|  |TAMS 0x0000000086200000, 0x0000000086200000| Untracked 
|  99|0x0000000086300000, 0x0000000086300000, 0x0000000086400000|  0%| F|  |TAMS 0x0000000086300000, 0x0000000086300000| Untracked 
| 100|0x0000000086400000, 0x0000000086400000, 0x0000000086500000|  0%| F|  |TAMS 0x0000000086400000, 0x0000000086400000| Untracked 
| 101|0x0000000086500000, 0x0000000086500000, 0x0000000086600000|  0%| F|  |TAMS 0x0000000086500000, 0x0000000086500000| Untracked 
| 102|0x0000000086600000, 0x0000000086600000, 0x0000000086700000|  0%| F|  |TAMS 0x0000000086600000, 0x0000000086600000| Untracked 
| 103|0x0000000086700000, 0x0000000086700000, 0x0000000086800000|  0%| F|  |TAMS 0x0000000086700000, 0x0000000086700000| Untracked 
| 104|0x0000000086800000, 0x0000000086800000, 0x0000000086900000|  0%| F|  |TAMS 0x0000000086800000, 0x0000000086800000| Untracked 
| 105|0x0000000086900000, 0x0000000086900000, 0x0000000086a00000|  0%| F|  |TAMS 0x0000000086900000, 0x0000000086900000| Untracked 
| 106|0x0000000086a00000, 0x0000000086a00000, 0x0000000086b00000|  0%| F|  |TAMS 0x0000000086a00000, 0x0000000086a00000| Untracked 
| 107|0x0000000086b00000, 0x0000000086b00000, 0x0000000086c00000|  0%| F|  |TAMS 0x0000000086b00000, 0x0000000086b00000| Untracked 
| 108|0x0000000086c00000, 0x0000000086c00000, 0x0000000086d00000|  0%| F|  |TAMS 0x0000000086c00000, 0x0000000086c00000| Untracked 
| 109|0x0000000086d00000, 0x0000000086d00000, 0x0000000086e00000|  0%| F|  |TAMS 0x0000000086d00000, 0x0000000086d00000| Untracked 
| 110|0x0000000086e00000, 0x0000000086e00000, 0x0000000086f00000|  0%| F|  |TAMS 0x0000000086e00000, 0x0000000086e00000| Untracked 
| 111|0x0000000086f00000, 0x0000000086f00000, 0x0000000087000000|  0%| F|  |TAMS 0x0000000086f00000, 0x0000000086f00000| Untracked 
| 112|0x0000000087000000, 0x0000000087000000, 0x0000000087100000|  0%| F|  |TAMS 0x0000000087000000, 0x0000000087000000| Untracked 
| 113|0x0000000087100000, 0x0000000087100000, 0x0000000087200000|  0%| F|  |TAMS 0x0000000087100000, 0x0000000087100000| Untracked 
| 114|0x0000000087200000, 0x0000000087200000, 0x0000000087300000|  0%| F|  |TAMS 0x0000000087200000, 0x0000000087200000| Untracked 
| 115|0x0000000087300000, 0x0000000087300000, 0x0000000087400000|  0%| F|  |TAMS 0x0000000087300000, 0x0000000087300000| Untracked 
| 116|0x0000000087400000, 0x0000000087400000, 0x0000000087500000|  0%| F|  |TAMS 0x0000000087400000, 0x0000000087400000| Untracked 
| 117|0x0000000087500000, 0x0000000087500000, 0x0000000087600000|  0%| F|  |TAMS 0x0000000087500000, 0x0000000087500000| Untracked 
| 118|0x0000000087600000, 0x0000000087600000, 0x0000000087700000|  0%| F|  |TAMS 0x0000000087600000, 0x0000000087600000| Untracked 
| 119|0x0000000087700000, 0x0000000087700000, 0x0000000087800000|  0%| F|  |TAMS 0x0000000087700000, 0x0000000087700000| Untracked 
| 120|0x0000000087800000, 0x0000000087800000, 0x0000000087900000|  0%| F|  |TAMS 0x0000000087800000, 0x0000000087800000| Untracked 
| 121|0x0000000087900000, 0x0000000087900000, 0x0000000087a00000|  0%| F|  |TAMS 0x0000000087900000, 0x0000000087900000| Untracked 
| 122|0x0000000087a00000, 0x0000000087a00000, 0x0000000087b00000|  0%| F|  |TAMS 0x0000000087a00000, 0x0000000087a00000| Untracked 
| 123|0x0000000087b00000, 0x0000000087b00000, 0x0000000087c00000|  0%| F|  |TAMS 0x0000000087b00000, 0x0000000087b00000| Untracked 
| 124|0x0000000087c00000, 0x0000000087c00000, 0x0000000087d00000|  0%| F|  |TAMS 0x0000000087c00000, 0x0000000087c00000| Untracked 
| 125|0x0000000087d00000, 0x0000000087d00000, 0x0000000087e00000|  0%| F|  |TAMS 0x0000000087d00000, 0x0000000087d00000| Untracked 
| 126|0x0000000087e00000, 0x0000000087e00000, 0x0000000087f00000|  0%| F|  |TAMS 0x0000000087e00000, 0x0000000087e00000| Untracked 
| 127|0x0000000087f00000, 0x0000000087f25988, 0x0000000088000000| 14%| E|  |TAMS 0x0000000087f00000, 0x0000000087f00000| Complete 
| 128|0x0000000088000000, 0x0000000088100000, 0x0000000088100000|100%| E|CS|TAMS 0x0000000088000000, 0x0000000088000000| Complete 
| 129|0x0000000088100000, 0x0000000088200000, 0x0000000088200000|100%| E|CS|TAMS 0x0000000088100000, 0x0000000088100000| Complete 
| 130|0x0000000088200000, 0x0000000088300000, 0x0000000088300000|100%| E|CS|TAMS 0x0000000088200000, 0x0000000088200000| Complete 
| 131|0x0000000088300000, 0x0000000088400000, 0x0000000088400000|100%| E|CS|TAMS 0x0000000088300000, 0x0000000088300000| Complete 
| 132|0x0000000088400000, 0x0000000088500000, 0x0000000088500000|100%| E|CS|TAMS 0x0000000088400000, 0x0000000088400000| Complete 
| 133|0x0000000088500000, 0x0000000088600000, 0x0000000088600000|100%| E|  |TAMS 0x0000000088500000, 0x0000000088500000| Complete 
| 134|0x0000000088600000, 0x0000000088700000, 0x0000000088700000|100%| E|CS|TAMS 0x0000000088600000, 0x0000000088600000| Complete 

Card table byte_map: [0x00000259c3050000,0x00000259c3450000] _byte_map_base: 0x00000259c2c50000

Marking Bits (Prev, Next): (CMBitMap*) 0x00000259b019b208, (CMBitMap*) 0x00000259b019b240
 Prev Bits: [0x00000259c3850000, 0x00000259c5850000)
 Next Bits: [0x00000259c5850000, 0x00000259c7850000)

Polling page: 0x00000259ae140000

Metaspace:

Usage:
  Non-class:     72.22 MB capacity,    71.04 MB ( 98%) used,   984.94 KB (  1%) free+waste,   225.38 KB ( <1%) overhead. 
      Class:     11.34 MB capacity,    10.58 MB ( 93%) used,   679.91 KB (  6%) free+waste,   102.38 KB ( <1%) overhead. 
       Both:     83.56 MB capacity,    81.62 MB ( 98%) used,     1.63 MB (  2%) free+waste,   327.75 KB ( <1%) overhead. 

Virtual space:
  Non-class space:       74.00 MB reserved,      72.50 MB ( 98%) committed 
      Class space:        1.00 GB reserved,      11.38 MB (  1%) committed 
             Both:        1.07 GB reserved,      83.88 MB (  8%) committed 

Chunk freelists:
   Non-Class:  95.00 KB
       Class:  32.00 KB
        Both:  127.00 KB

MaxMetaspaceSize: 17179869184.00 GB
CompressedClassSpaceSize: 1.00 GB

CodeHeap 'non-profiled nmethods': size=120064Kb used=4833Kb max_used=4833Kb free=115231Kb
 bounds [0x00000259bb710000, 0x00000259bbbd0000, 0x00000259c2c50000]
CodeHeap 'profiled nmethods': size=120000Kb used=19893Kb max_used=19893Kb free=100106Kb
 bounds [0x00000259b41e0000, 0x00000259b5550000, 0x00000259bb710000]
CodeHeap 'non-nmethods': size=5696Kb used=2278Kb max_used=2325Kb free=3417Kb
 bounds [0x00000259b3c50000, 0x00000259b3ec0000, 0x00000259b41e0000]
 total_blobs=10004 nmethods=9125 adapters=791
 compilation: enabled
              stopped_count=0, restarted_count=0
 full_count=0

Compilation events (20 events):
Event: 102.043 Thread 0x00000259ca6b8800 9139       3       org.gradle.internal.snapshot.AbstractIncompleteFileSystemNode$2::createChild (5 bytes)
Event: 102.043 Thread 0x00000259ca6b8800 nmethod 9139 0x00000259b551bf10 code [0x00000259b551c0e0, 0x00000259b551c3d8]
Event: 102.044 Thread 0x00000259ca6b8800 9140       3       org.gradle.internal.snapshot.AbstractIncompleteFileSystemNode$2::createChild (22 bytes)
Event: 102.044 Thread 0x00000259ca6b8800 nmethod 9140 0x00000259b551c510 code [0x00000259b551c6e0, 0x00000259b551c978]
Event: 102.046 Thread 0x00000259ca6b8800 9141   !   3       sun.nio.ch.FileChannelImpl::implCloseChannel (169 bytes)
Event: 102.049 Thread 0x00000259ca6b8800 nmethod 9141 0x00000259b551ca90 code [0x00000259b551cda0, 0x00000259b551e3f8]
Event: 102.049 Thread 0x00000259ca6b8800 9142  s!   3       sun.nio.ch.NativeThreadSet::signalAndWait (134 bytes)
Event: 102.050 Thread 0x00000259ca6b8800 nmethod 9142 0x00000259b551ea10 code [0x00000259b551ec20, 0x00000259b551f338]
Event: 102.050 Thread 0x00000259ca6b8800 9143       3       org.gradle.internal.snapshot.impl.ImplementationSnapshotSerializer::read (6 bytes)
Event: 102.051 Thread 0x00000259ca6b8800 nmethod 9143 0x00000259b551f590 code [0x00000259b551f7a0, 0x00000259b551fe58]
Event: 102.051 Thread 0x00000259ca6b8800 9144       3       org.gradle.internal.snapshot.impl.ImplementationSnapshotSerializer::read (17 bytes)
Event: 102.052 Thread 0x00000259ca6b8800 nmethod 9144 0x00000259b5520090 code [0x00000259b55202a0, 0x00000259b55208f8]
Event: 102.056 Thread 0x00000259ca6b8800 9145       3       java.util.RegularEnumSet::iterator (9 bytes)
Event: 102.056 Thread 0x00000259ca6b8800 nmethod 9145 0x00000259b5520b10 code [0x00000259b5520ce0, 0x00000259b5520f58]
Event: 102.056 Thread 0x00000259ca6b8800 9146       3       java.util.RegularEnumSet$EnumSetIterator::<init> (23 bytes)
Event: 102.057 Thread 0x00000259ca6b8800 nmethod 9146 0x00000259b5521090 code [0x00000259b5521240, 0x00000259b5521418]
Event: 102.097 Thread 0x00000259ca6b8800 9148       3       org.gradle.internal.execution.steps.CaptureStateBeforeExecutionStep$ImplementationsBuilder::visitImplementation (25 bytes)
Event: 102.097 Thread 0x00000259ca6b8800 nmethod 9148 0x00000259b5521510 code [0x00000259b55216e0, 0x00000259b5521948]
Event: 102.101 Thread 0x00000259ca6b8800 9149       2       sun.misc.Unsafe::compareAndSwapLong (13 bytes)
Event: 102.102 Thread 0x00000259ca6b8800 nmethod 9149 0x00000259b5521a90 code [0x00000259b5521c40, 0x00000259b5521d58]

GC Heap History (20 events):
Event: 88.714 GC heap before
{Heap before GC invocations=66 (full 0):
 garbage-first heap   total 95232K, used 67269K [0x0000000080000000, 0x0000000100000000)
  region size 1024K, 15 young (15360K), 1 survivors (1024K)
 Metaspace       used 67687K, capacity 69277K, committed 69632K, reserved 1110016K
  class space    used 8743K, capacity 9352K, committed 9472K, reserved 1048576K
}
Event: 88.722 GC heap after
{Heap after GC invocations=67 (full 0):
 garbage-first heap   total 95232K, used 53569K [0x0000000080000000, 0x0000000100000000)
  region size 1024K, 2 young (2048K), 2 survivors (2048K)
 Metaspace       used 67687K, capacity 69277K, committed 69632K, reserved 1110016K
  class space    used 8743K, capacity 9352K, committed 9472K, reserved 1048576K
}
Event: 89.879 GC heap before
{Heap before GC invocations=68 (full 0):
 garbage-first heap   total 95232K, used 68929K [0x0000000080000000, 0x0000000100000000)
  region size 1024K, 17 young (17408K), 2 survivors (2048K)
 Metaspace       used 68964K, capacity 70527K, committed 70784K, reserved 1110016K
  class space    used 8912K, capacity 9505K, committed 9600K, reserved 1048576K
}
Event: 89.891 GC heap after
{Heap after GC invocations=69 (full 0):
 garbage-first heap   total 95232K, used 54734K [0x0000000080000000, 0x0000000100000000)
  region size 1024K, 3 young (3072K), 3 survivors (3072K)
 Metaspace       used 68964K, capacity 70527K, committed 70784K, reserved 1110016K
  class space    used 8912K, capacity 9505K, committed 9600K, reserved 1048576K
}
Event: 90.468 GC heap before
{Heap before GC invocations=69 (full 0):
 garbage-first heap   total 95232K, used 70094K [0x0000000080000000, 0x0000000100000000)
  region size 1024K, 18 young (18432K), 3 survivors (3072K)
 Metaspace       used 70144K, capacity 71819K, committed 71936K, reserved 1112064K
  class space    used 9090K, capacity 9696K, committed 9728K, reserved 1048576K
}
Event: 90.482 GC heap after
{Heap after GC invocations=70 (full 0):
 garbage-first heap   total 95232K, used 55915K [0x0000000080000000, 0x0000000100000000)
  region size 1024K, 3 young (3072K), 3 survivors (3072K)
 Metaspace       used 70144K, capacity 71819K, committed 71936K, reserved 1112064K
  class space    used 9090K, capacity 9696K, committed 9728K, reserved 1048576K
}
Event: 91.193 GC heap before
{Heap before GC invocations=71 (full 0):
 garbage-first heap   total 95232K, used 71275K [0x0000000080000000, 0x0000000100000000)
  region size 1024K, 18 young (18432K), 3 survivors (3072K)
 Metaspace       used 72006K, capacity 73646K, committed 73728K, reserved 1114112K
  class space    used 9384K, capacity 9964K, committed 9984K, reserved 1048576K
}
Event: 91.205 GC heap after
{Heap after GC invocations=72 (full 0):
 garbage-first heap   total 114688K, used 56395K [0x0000000080000000, 0x0000000100000000)
  region size 1024K, 2 young (2048K), 2 survivors (2048K)
 Metaspace       used 72006K, capacity 73646K, committed 73728K, reserved 1114112K
  class space    used 9384K, capacity 9964K, committed 9984K, reserved 1048576K
}
Event: 92.938 GC heap before
{Heap before GC invocations=72 (full 0):
 garbage-first heap   total 114688K, used 81995K [0x0000000080000000, 0x0000000100000000)
  region size 1024K, 27 young (27648K), 2 survivors (2048K)
 Metaspace       used 75348K, capacity 77027K, committed 77312K, reserved 1116160K
  class space    used 9809K, capacity 10438K, committed 10496K, reserved 1048576K
}
Event: 92.949 GC heap after
{Heap after GC invocations=73 (full 0):
 garbage-first heap   total 114688K, used 57936K [0x0000000080000000, 0x0000000100000000)
  region size 1024K, 4 young (4096K), 4 survivors (4096K)
 Metaspace       used 75348K, capacity 77027K, committed 77312K, reserved 1116160K
  class space    used 9809K, capacity 10438K, committed 10496K, reserved 1048576K
}
Event: 95.163 GC heap before
{Heap before GC invocations=74 (full 0):
 garbage-first heap   total 114688K, used 82512K [0x0000000080000000, 0x0000000100000000)
  region size 1024K, 29 young (29696K), 4 survivors (4096K)
 Metaspace       used 77573K, capacity 79482K, committed 79488K, reserved 1118208K
  class space    used 10167K, capacity 10878K, committed 10880K, reserved 1048576K
}
Event: 95.176 GC heap after
{Heap after GC invocations=75 (full 0):
 garbage-first heap   total 114688K, used 60066K [0x0000000080000000, 0x0000000100000000)
  region size 1024K, 4 young (4096K), 4 survivors (4096K)
 Metaspace       used 77573K, capacity 79482K, committed 79488K, reserved 1118208K
  class space    used 10167K, capacity 10878K, committed 10880K, reserved 1048576K
}
Event: 96.802 GC heap before
{Heap before GC invocations=75 (full 0):
 garbage-first heap   total 114688K, used 86690K [0x0000000080000000, 0x0000000100000000)
  region size 1024K, 30 young (30720K), 4 survivors (4096K)
 Metaspace       used 78441K, capacity 80466K, committed 80640K, reserved 1118208K
  class space    used 10275K, capacity 10984K, committed 11008K, reserved 1048576K
}
Event: 96.815 GC heap after
{Heap after GC invocations=76 (full 0):
 garbage-first heap   total 114688K, used 62046K [0x0000000080000000, 0x0000000100000000)
  region size 1024K, 4 young (4096K), 4 survivors (4096K)
 Metaspace       used 78441K, capacity 80466K, committed 80640K, reserved 1118208K
  class space    used 10275K, capacity 10984K, committed 11008K, reserved 1048576K
}
Event: 98.496 GC heap before
{Heap before GC invocations=77 (full 0):
 garbage-first heap   total 114688K, used 86622K [0x0000000080000000, 0x0000000100000000)
  region size 1024K, 29 young (29696K), 4 survivors (4096K)
 Metaspace       used 78753K, capacity 80738K, committed 80896K, reserved 1120256K
  class space    used 10298K, capacity 11001K, committed 11008K, reserved 1048576K
}
Event: 98.515 GC heap after
{Heap after GC invocations=78 (full 0):
 garbage-first heap   total 138240K, used 63553K [0x0000000080000000, 0x0000000100000000)
  region size 1024K, 4 young (4096K), 4 survivors (4096K)
 Metaspace       used 78753K, capacity 80738K, committed 80896K, reserved 1120256K
  class space    used 10298K, capacity 11001K, committed 11008K, reserved 1048576K
}
Event: 100.116 GC heap before
{Heap before GC invocations=78 (full 0):
 garbage-first heap   total 138240K, used 95297K [0x0000000080000000, 0x0000000100000000)
  region size 1024K, 36 young (36864K), 4 survivors (4096K)
 Metaspace       used 81159K, capacity 83261K, committed 83328K, reserved 1122304K
  class space    used 10583K, capacity 11347K, committed 11392K, reserved 1048576K
}
Event: 100.126 GC heap after
{Heap after GC invocations=79 (full 0):
 garbage-first heap   total 138240K, used 64598K [0x0000000080000000, 0x0000000100000000)
  region size 1024K, 3 young (3072K), 3 survivors (3072K)
 Metaspace       used 81159K, capacity 83261K, committed 83328K, reserved 1122304K
  class space    used 10583K, capacity 11347K, committed 11392K, reserved 1048576K
}
Event: 101.820 GC heap before
{Heap before GC invocations=79 (full 0):
 garbage-first heap   total 138240K, used 101462K [0x0000000080000000, 0x0000000100000000)
  region size 1024K, 40 young (40960K), 3 survivors (3072K)
 Metaspace       used 83491K, capacity 85534K, committed 85632K, reserved 1124352K
  class space    used 10841K, capacity 11610K, committed 11648K, reserved 1048576K
}
Event: 101.838 GC heap after
{Heap after GC invocations=80 (full 0):
 garbage-first heap   total 138240K, used 66988K [0x0000000080000000, 0x0000000100000000)
  region size 1024K, 5 young (5120K), 5 survivors (5120K)
 Metaspace       used 83491K, capacity 85534K, committed 85632K, reserved 1124352K
  class space    used 10841K, capacity 11610K, committed 11648K, reserved 1048576K
}

Deoptimization events (20 events):
Event: 101.656 Thread 0x00000259cc1a5800 DEOPT PACKING pc=0x00000259bb7cb024 sp=0x000000b83a6fd9e0
Event: 101.656 Thread 0x00000259cc1a5800 DEOPT UNPACKING pc=0x00000259b3c773af sp=0x000000b83a6fd950 mode 2
Event: 101.683 Thread 0x00000259d093a000 DEOPT PACKING pc=0x00000259b50f7332 sp=0x000000b83dcfba70
Event: 101.683 Thread 0x00000259d093a000 DEOPT UNPACKING pc=0x00000259b3c771ce sp=0x000000b83dcfafb8 mode 0
Event: 101.744 Thread 0x00000259d093a000 Uncommon trap: trap_request=0xffffffd6 fr.pc=0x00000259bbbbe744 relative=0x0000000000000364
Event: 101.744 Thread 0x00000259d093a000 Uncommon trap: reason=array_check action=maybe_recompile pc=0x00000259bbbbe744 method=java.util.AbstractCollection.toArray([Ljava/lang/Object;)[Ljava/lang/Object; @ 116 c2
Event: 101.744 Thread 0x00000259d093a000 DEOPT PACKING pc=0x00000259bbbbe744 sp=0x000000b83dcfce20
Event: 101.744 Thread 0x00000259d093a000 DEOPT UNPACKING pc=0x00000259b3c773af sp=0x000000b83dcfcdd0 mode 2
Event: 101.745 Thread 0x00000259d093a000 Uncommon trap: trap_request=0xffffffd6 fr.pc=0x00000259bbbbe744 relative=0x0000000000000364
Event: 101.745 Thread 0x00000259d093a000 Uncommon trap: reason=array_check action=maybe_recompile pc=0x00000259bbbbe744 method=java.util.AbstractCollection.toArray([Ljava/lang/Object;)[Ljava/lang/Object; @ 116 c2
Event: 101.745 Thread 0x00000259d093a000 DEOPT PACKING pc=0x00000259bbbbe744 sp=0x000000b83dcfce20
Event: 101.745 Thread 0x00000259d093a000 DEOPT UNPACKING pc=0x00000259b3c773af sp=0x000000b83dcfcdd0 mode 2
Event: 101.746 Thread 0x00000259d093a000 Uncommon trap: trap_request=0xffffffd6 fr.pc=0x00000259bbbbe744 relative=0x0000000000000364
Event: 101.747 Thread 0x00000259d093a000 Uncommon trap: reason=array_check action=maybe_recompile pc=0x00000259bbbbe744 method=java.util.AbstractCollection.toArray([Ljava/lang/Object;)[Ljava/lang/Object; @ 116 c2
Event: 101.747 Thread 0x00000259d093a000 DEOPT PACKING pc=0x00000259bbbbe744 sp=0x000000b83dcfce20
Event: 101.747 Thread 0x00000259d093a000 DEOPT UNPACKING pc=0x00000259b3c773af sp=0x000000b83dcfcdd0 mode 2
Event: 101.747 Thread 0x00000259d093a000 Uncommon trap: trap_request=0xffffffd6 fr.pc=0x00000259bbbbe744 relative=0x0000000000000364
Event: 101.747 Thread 0x00000259d093a000 Uncommon trap: reason=array_check action=maybe_recompile pc=0x00000259bbbbe744 method=java.util.AbstractCollection.toArray([Ljava/lang/Object;)[Ljava/lang/Object; @ 116 c2
Event: 101.747 Thread 0x00000259d093a000 DEOPT PACKING pc=0x00000259bbbbe744 sp=0x000000b83dcfce20
Event: 101.747 Thread 0x00000259d093a000 DEOPT UNPACKING pc=0x00000259b3c773af sp=0x000000b83dcfcdd0 mode 2

Classes redefined (0 events):
No events

Internal exceptions (20 events):
Event: 92.179 Thread 0x00000259cac84000 Exception <a 'sun/nio/fs/WindowsException'{0x0000000086445548}> (0x0000000086445548) thrown at [./src/hotspot/share/prims/jni.cpp, line 615]
Event: 92.179 Thread 0x00000259cac84000 Exception <a 'sun/nio/fs/WindowsException'{0x00000000864465c0}> (0x00000000864465c0) thrown at [./src/hotspot/share/prims/jni.cpp, line 615]
Event: 92.180 Thread 0x00000259cac84000 Exception <a 'sun/nio/fs/WindowsException'{0x0000000086447638}> (0x0000000086447638) thrown at [./src/hotspot/share/prims/jni.cpp, line 615]
Event: 93.242 Thread 0x00000259cac84000 Exception <a 'java/lang/NoSuchMethodError'{0x0000000086b78f40}: 'java.lang.Object java.lang.invoke.Invokers$Holder.linkToTargetMethod(java.lang.Object, int, int, java.lang.Object)'> (0x0000000086b78f40) thrown at [./src/hotspot/share/interpreter/linkResolver.cpp, line 773]
Event: 94.083 Thread 0x00000259ca9d2800 Exception <a 'java/lang/NoSuchMethodError'{0x00000000860e3500}: <clinit>> (0x00000000860e3500) thrown at [./src/hotspot/share/prims/jni.cpp, line 1362]
Event: 94.085 Thread 0x00000259ca9d2800 Exception <a 'java/lang/NoSuchMethodError'{0x0000000085f06310}: <clinit>> (0x0000000085f06310) thrown at [./src/hotspot/share/prims/jni.cpp, line 1362]
Event: 94.110 Thread 0x00000259ca9d2800 Exception <a 'java/lang/NoSuchMethodError'{0x0000000085f46500}: <clinit>> (0x0000000085f46500) thrown at [./src/hotspot/share/prims/jni.cpp, line 1362]
Event: 94.114 Thread 0x00000259ca9d2800 Exception <a 'java/lang/NoSuchMethodError'{0x0000000085f5a490}: <clinit>> (0x0000000085f5a490) thrown at [./src/hotspot/share/prims/jni.cpp, line 1362]
Event: 94.115 Thread 0x00000259ca9d2800 Exception <a 'java/lang/NoSuchMethodError'{0x0000000085f5bc00}: <clinit>> (0x0000000085f5bc00) thrown at [./src/hotspot/share/prims/jni.cpp, line 1362]
Event: 94.228 Thread 0x00000259cc1a9000 Exception <a 'java/lang/NoSuchMethodError'{0x0000000085d47308}: <clinit>> (0x0000000085d47308) thrown at [./src/hotspot/share/prims/jni.cpp, line 1362]
Event: 94.243 Thread 0x00000259cc1a9000 Exception <a 'java/lang/NoSuchMethodError'{0x0000000085d5ce48}: <clinit>> (0x0000000085d5ce48) thrown at [./src/hotspot/share/prims/jni.cpp, line 1362]
Event: 94.248 Thread 0x00000259cc1a9000 Exception <a 'java/lang/NoSuchMethodError'{0x0000000085d76400}: <clinit>> (0x0000000085d76400) thrown at [./src/hotspot/share/prims/jni.cpp, line 1362]
Event: 94.663 Thread 0x00000259ca9d2800 Exception <a 'java/lang/NoSuchMethodError'{0x0000000085bf66c8}: <clinit>> (0x0000000085bf66c8) thrown at [./src/hotspot/share/prims/jni.cpp, line 1362]
Event: 94.798 Thread 0x00000259cac84000 Exception <a 'java/lang/NoSuchMethodError'{0x0000000085ad3128}: 'java.lang.Object java.lang.invoke.Invokers$Holder.linkToTargetMethod(java.lang.Object, java.lang.Object, java.lang.Object, int, java.lang.Object, java.lang.Object)'> (0x0000000085ad3128) thrown at [./src/hotspot/share/interpreter/linkResolver.cpp, line 773]
Event: 94.948 Thread 0x00000259cac84000 Exception <a 'java/lang/IncompatibleClassChangeError'{0x000000008593ca88}: Found class java.lang.Object, but interface was expected> (0x000000008593ca88) thrown at [./src/hotspot/share/interpreter/linkResolver.cpp, line 839]
Event: 95.126 Thread 0x00000259cac84000 Exception <a 'java/lang/NoSuchMethodError'{0x00000000857191a8}: 'int java.lang.invoke.DirectMethodHandle$Holder.invokeStaticInit(java.lang.Object, java.lang.Object, java.lang.Object, java.lang.Object, java.lang.Object)'> (0x00000000857191a8) thrown at [./src/hotspot/share/interpreter/linkResolver.cpp, line 773]
Event: 95.778 Thread 0x00000259cc1a6800 Exception <a 'java/lang/NoSuchMethodError'{0x00000000865abf28}: 'java.lang.Object java.lang.invoke.DirectMethodHandle$Holder.invokeSpecialIFC(java.lang.Object, java.lang.Object, java.lang.Object)'> (0x00000000865abf28) thrown at [./src/hotspot/share/interpreter/linkResolver.cpp, line 773]
Event: 95.779 Thread 0x00000259cc1a5800 Exception <a 'java/lang/NoSuchMethodError'{0x00000000865a03a0}: 'java.lang.Object java.lang.invoke.DirectMethodHandle$Holder.invokeSpecialIFC(java.lang.Object, java.lang.Object, java.lang.Object)'> (0x00000000865a03a0) thrown at [./src/hotspot/share/interpreter/linkResolver.cpp, line 773]
Event: 95.778 Thread 0x00000259cc1a2000 Exception <a 'java/lang/NoSuchMethodError'{0x000000008658ee50}: 'java.lang.Object java.lang.invoke.DirectMethodHandle$Holder.invokeSpecialIFC(java.lang.Object, java.lang.Object, java.lang.Object)'> (0x000000008658ee50) thrown at [./src/hotspot/share/interpreter/linkResolver.cpp, line 773]
Event: 97.587 Thread 0x00000259cc1a6800 Exception <a 'java/lang/NoSuchMethodError'{0x0000000086af8f28}: 'void java.lang.invoke.DirectMethodHandle$Holder.invokeVirtual(java.lang.Object, java.lang.Object)'> (0x0000000086af8f28) thrown at [./src/hotspot/share/interpreter/linkResolver.cpp, line 773]

Events (20 events):
Event: 101.657 Executing VM operation: RevokeBias
Event: 101.657 Executing VM operation: RevokeBias done
Event: 101.664 Executing VM operation: RevokeBias
Event: 101.664 Executing VM operation: RevokeBias done
Event: 101.745 loading class org/gradle/api/specs/OrSpec
Event: 101.745 loading class org/gradle/api/specs/OrSpec done
Event: 101.778 loading class org/gradle/api/artifacts/component/ComponentIdentifier
Event: 101.778 loading class org/gradle/api/artifacts/component/ComponentIdentifier done
Event: 101.779 loading class org/gradle/api/artifacts/component/ProjectComponentIdentifier
Event: 101.779 loading class org/gradle/api/artifacts/component/ProjectComponentIdentifier done
Event: 101.817 Executing VM operation: G1CollectForAllocation
Event: 101.838 Executing VM operation: G1CollectForAllocation done
Event: 101.929 Executing VM operation: RevokeBias
Event: 101.930 Executing VM operation: RevokeBias done
Event: 102.028 Executing VM operation: RevokeBias
Event: 102.028 Executing VM operation: RevokeBias done
Event: 102.040 Executing VM operation: RevokeBias
Event: 102.041 Executing VM operation: RevokeBias done
Event: 102.057 Executing VM operation: CGC_Operation
Event: 102.090 Executing VM operation: CGC_Operation done


Dynamic libraries:
0x00007ff669e90000 - 0x00007ff669e9a000 	D:\androidstudio\jre\bin\java.exe
0x00007fff85e10000 - 0x00007fff86005000 	C:\WINDOWS\SYSTEM32\ntdll.dll
0x00007fff85c60000 - 0x00007fff85d1d000 	C:\WINDOWS\System32\KERNEL32.DLL
0x00007fff83900000 - 0x00007fff83bc9000 	C:\WINDOWS\System32\KERNELBASE.dll
0x00007fff83c50000 - 0x00007fff83d50000 	C:\WINDOWS\System32\ucrtbase.dll
0x00007fff555d0000 - 0x00007fff555e9000 	D:\androidstudio\jre\bin\jli.dll
0x00007fff49350000 - 0x00007fff49367000 	D:\androidstudio\jre\bin\VCRUNTIME140.dll
0x00007fff84750000 - 0x00007fff848f0000 	C:\WINDOWS\System32\USER32.dll
0x00007fff83c20000 - 0x00007fff83c42000 	C:\WINDOWS\System32\win32u.dll
0x00007fff85210000 - 0x00007fff8523a000 	C:\WINDOWS\System32\GDI32.dll
0x00007fff837f0000 - 0x00007fff838fb000 	C:\WINDOWS\System32\gdi32full.dll
0x00007fff83d50000 - 0x00007fff83ded000 	C:\WINDOWS\System32\msvcp_win.dll
0x00007fff717a0000 - 0x00007fff71a3a000 	C:\WINDOWS\WinSxS\amd64_microsoft.windows.common-controls_6595b64144ccf1df_6.0.19041.1110_none_60b5254171f9507e\COMCTL32.dll
0x00007fff84400000 - 0x00007fff8449e000 	C:\WINDOWS\System32\msvcrt.dll
0x00007fff84570000 - 0x00007fff845a0000 	C:\WINDOWS\System32\IMM32.DLL
0x00007fff409b0000 - 0x00007fff40a4d000 	D:\androidstudio\jre\bin\msvcp140.dll
0x00007fff2bbf0000 - 0x00007fff2c6bf000 	D:\androidstudio\jre\bin\server\jvm.dll
0x00007fff83f90000 - 0x00007fff8403c000 	C:\WINDOWS\System32\ADVAPI32.dll
0x00007fff85240000 - 0x00007fff852db000 	C:\WINDOWS\System32\sechost.dll
0x00007fff845c0000 - 0x00007fff846ea000 	C:\WINDOWS\System32\RPCRT4.dll
0x00007fff84040000 - 0x00007fff84048000 	C:\WINDOWS\System32\PSAPI.DLL
0x00007fff75330000 - 0x00007fff75339000 	C:\WINDOWS\SYSTEM32\WSOCK32.dll
0x00007fff85a20000 - 0x00007fff85a8b000 	C:\WINDOWS\System32\WS2_32.dll
0x00007fff794c0000 - 0x00007fff794e7000 	C:\WINDOWS\SYSTEM32\WINMM.dll
0x00007fff794f0000 - 0x00007fff794fa000 	C:\WINDOWS\SYSTEM32\VERSION.dll
0x00007fff81e10000 - 0x00007fff81e22000 	C:\WINDOWS\SYSTEM32\kernel.appcore.dll
0x00007fff5a370000 - 0x00007fff5a381000 	D:\androidstudio\jre\bin\verify.dll
0x00007fff80e00000 - 0x00007fff80fe4000 	C:\WINDOWS\SYSTEM32\DBGHELP.DLL
0x00007fff724d0000 - 0x00007fff724fc000 	C:\WINDOWS\SYSTEM32\dbgcore.DLL
0x00007fff83df0000 - 0x00007fff83e73000 	C:\WINDOWS\System32\bcryptPrimitives.dll
0x00007fff4e130000 - 0x00007fff4e159000 	D:\androidstudio\jre\bin\java.dll
0x00007fff74ba0000 - 0x00007fff74bab000 	D:\androidstudio\jre\bin\jimage.dll
0x00007fff53ab0000 - 0x00007fff53ac8000 	D:\androidstudio\jre\bin\zip.dll
0x00007fff852e0000 - 0x00007fff85a1f000 	C:\WINDOWS\System32\SHELL32.dll
0x00007fff81300000 - 0x00007fff81a91000 	C:\WINDOWS\SYSTEM32\windows.storage.dll
0x00007fff84eb0000 - 0x00007fff85205000 	C:\WINDOWS\System32\combase.dll
0x00007fff82f50000 - 0x00007fff82f7c000 	C:\WINDOWS\SYSTEM32\Wldp.dll
0x00007fff85d20000 - 0x00007fff85dce000 	C:\WINDOWS\System32\SHCORE.dll
0x00007fff84200000 - 0x00007fff84255000 	C:\WINDOWS\System32\shlwapi.dll
0x00007fff83490000 - 0x00007fff834af000 	C:\WINDOWS\SYSTEM32\profapi.dll
0x00007fff4e660000 - 0x00007fff4e67a000 	D:\androidstudio\jre\bin\net.dll
0x00007fff765d0000 - 0x00007fff766da000 	C:\WINDOWS\SYSTEM32\WINHTTP.dll
0x00007fff82c50000 - 0x00007fff82cba000 	C:\WINDOWS\system32\mswsock.dll
0x00007fff4e110000 - 0x00007fff4e124000 	D:\androidstudio\jre\bin\nio.dll
0x00007fff41920000 - 0x00007fff41947000 	C:\Users\WINDOWS 10\.gradle\native\8bec1ad78214c89d9ad589b4d07fe93259594b29d510b10fafb7a158f7737e5d\windows-amd64\native-platform.dll
0x00007fff2b750000 - 0x00007fff2b88d000 	C:\Users\WINDOWS 10\.gradle\native\53dbd7edfb1c66fb8903c78663c9afc45aea4f116125fa6feffd364cf09443e8\windows-amd64\native-platform-file-events.dll
0x00007fff73e10000 - 0x00007fff73e1a000 	D:\androidstudio\jre\bin\management.dll
0x00007fff73940000 - 0x00007fff7394c000 	D:\androidstudio\jre\bin\management_ext.dll
0x00007fff82e40000 - 0x00007fff82e58000 	C:\WINDOWS\SYSTEM32\CRYPTSP.dll
0x00007fff825f0000 - 0x00007fff82624000 	C:\WINDOWS\system32\rsaenh.dll
0x00007fff83710000 - 0x00007fff83737000 	C:\WINDOWS\System32\bcrypt.dll
0x00007fff83450000 - 0x00007fff8347e000 	C:\WINDOWS\SYSTEM32\USERENV.dll
0x00007fff82e30000 - 0x00007fff82e3c000 	C:\WINDOWS\SYSTEM32\CRYPTBASE.dll
0x00007fff82940000 - 0x00007fff8297b000 	C:\WINDOWS\SYSTEM32\IPHLPAPI.DLL
0x00007fff843f0000 - 0x00007fff843f8000 	C:\WINDOWS\System32\NSI.dll
0x00007fff75ce0000 - 0x00007fff75cf7000 	C:\WINDOWS\SYSTEM32\dhcpcsvc6.DLL
0x00007fff76770000 - 0x00007fff7678d000 	C:\WINDOWS\SYSTEM32\dhcpcsvc.DLL
0x00007fff82980000 - 0x00007fff82a4c000 	C:\WINDOWS\SYSTEM32\DNSAPI.dll

dbghelp: loaded successfully - version: 4.0.5 - missing functions: none
symbol engine: initialized successfully - sym options: 0x614 - pdb path: .;D:\androidstudio\jre\bin;C:\WINDOWS\SYSTEM32;C:\WINDOWS\WinSxS\amd64_microsoft.windows.common-controls_6595b64144ccf1df_6.0.19041.1110_none_60b5254171f9507e;D:\androidstudio\jre\bin\server;C:\Users\WINDOWS 10\.gradle\native\8bec1ad78214c89d9ad589b4d07fe93259594b29d510b10fafb7a158f7737e5d\windows-amd64;C:\Users\WINDOWS 10\.gradle\native\53dbd7edfb1c66fb8903c78663c9afc45aea4f116125fa6feffd364cf09443e8\windows-amd64

VM Arguments:
jvm_args: --add-opens=java.base/java.util=ALL-UNNAMED --add-opens=java.base/java.lang=ALL-UNNAMED --add-opens=java.base/java.lang.invoke=ALL-UNNAMED --add-opens=java.base/java.util=ALL-UNNAMED --add-opens=java.prefs/java.util.prefs=ALL-UNNAMED --add-opens=java.prefs/java.util.prefs=ALL-UNNAMED --add-opens=java.base/java.nio.charset=ALL-UNNAMED --add-opens=java.base/java.net=ALL-UNNAMED --add-opens=java.base/java.util.concurrent.atomic=ALL-UNNAMED -Xmx2048m -Dfile.encoding=UTF-8 -Duser.country=ID -Duser.language=in -Duser.variant 
java_command: org.gradle.launcher.daemon.bootstrap.GradleDaemon 7.0.2
java_class_path (initial): C:\Users\WINDOWS 10\.gradle\wrapper\dists\gradle-7.0.2-bin\857tjihv64xamwrf0h14cai3r\gradle-7.0.2\lib\gradle-launcher-7.0.2.jar
Launcher Type: SUN_STANDARD

[Global flags]
     intx CICompilerCount                          = 3                                         {product} {ergonomic}
     uint ConcGCThreads                            = 1                                         {product} {ergonomic}
     uint G1ConcRefinementThreads                  = 4                                         {product} {ergonomic}
   size_t G1HeapRegionSize                         = 1048576                                   {product} {ergonomic}
    uintx GCDrainStackTargetSize                   = 64                                        {product} {ergonomic}
   size_t InitialHeapSize                          = 65011712                                  {product} {ergonomic}
   size_t MarkStackSize                            = 4194304                                   {product} {ergonomic}
   size_t MaxHeapSize                              = 2147483648                                {product} {command line}
   size_t MaxNewSize                               = 1287651328                                {product} {ergonomic}
   size_t MinHeapDeltaBytes                        = 1048576                                   {product} {ergonomic}
    uintx NonNMethodCodeHeapSize                   = 5830732                                {pd product} {ergonomic}
    uintx NonProfiledCodeHeapSize                  = 122913754                              {pd product} {ergonomic}
    uintx ProfiledCodeHeapSize                     = 122913754                              {pd product} {ergonomic}
    uintx ReservedCodeCacheSize                    = 251658240                              {pd product} {ergonomic}
     bool SegmentedCodeCache                       = true                                      {product} {ergonomic}
     bool UseCompressedClassPointers               = true                                 {lp64_product} {ergonomic}
     bool UseCompressedOops                        = true                                 {lp64_product} {ergonomic}
     bool UseG1GC                                  = true                                      {product} {ergonomic}
     bool UseLargePagesIndividualAllocation        = false                                  {pd product} {ergonomic}

Logging:
Log output configuration:
 #0: stdout all=warning uptime,level,tags
 #1: stderr all=off uptime,level,tags

Environment Variables:
PATH=C:\Program Files (x86)\Borland\Delphi7\Bin;C:\Program Files (x86)\Borland\Delphi7\Projects\Bpl\;C:\Program Files (x86)\Common Files\Oracle\Java\javapath;C:\Program Files (x86)\Common Files\Intel\Shared Files\cpp\bin\Intel64;C:\WINDOWS\system32;C:\WINDOWS;C:\WINDOWS\System32\Wbem;C:\WINDOWS\System32\WindowsPowerShell\v1.0\;C:\WINDOWS\System32\OpenSSH\;C:\Program Files\Intel\WiFi\bin\;C:\Program Files\Common Files\Intel\WirelessCommon\;C:\Program Files (x86)\Java\jdk1.7.0_67\bin;C:\Program Files\MATLAB\MATLAB Production Server\R2015a\runtime\win64;C:\Program Files\MATLAB\MATLAB Production Server\R2015a\bin;C:\Program Files\MATLAB\MATLAB Production Server\R2015a\polyspace\bin;C:\xampp\php;C:\ProgramData\ComposerSetup\bin;C:\Program Files\Microsoft SQL Server\110\Tools\Binn\;C:\Program Files\nodejs\;C:\Program Files\Git\cmd;C:\Program Files (x86)\Windows Kits\8.1\Windows Performance Toolkit\;C:\Program Files\Microsoft SQL Server\Client SDK\ODBC\110\Tools\Binn\;C:\Program Files (x86)\Microsoft SQL Server\120\Tools\Binn\;C:\Program Files\Microsoft SQL Server\120\Tools\Binn\;C:\Program Files\Microsoft SQL Server\120\DTS\Binn\;C:\Program Files (x86)\Microsoft SQL Server\120\Tools\Binn\ManagementStudio\;C:\Program Files (x86)\Microsoft SQL Server\120\DTS\Binn\;C:\Users\WINDOWS 10\AppData\Local\Microsoft\WindowsApps;C:\Program Files (x86)\Java\jdk1.7.0_67\bin;C:\Users\WINDOWS 10\AppData\Roaming\Composer\vendor\bin;;C:\Users\WINDOWS 10\AppData\Local\Programs\Microsoft VS Code\bin;C:\Users\WINDOWS 10\AppData\Roaming\npm
USERNAME=WINDOWS 10
OS=Windows_NT
PROCESSOR_IDENTIFIER=AMD64 Family 21 Model 101 Stepping 1, AuthenticAMD



---------------  S Y S T E M  ---------------

OS: Windows 10 , 64 bit Build 19041 (10.0.19041.1023)
OS uptime: 2 days 23:04 hours

CPU:total 4 (initial active 4) (4 cores per cpu, 1 threads per core) family 21 model 101 stepping 1 microcode 0x0, cmov, cx8, fxsr, mmx, sse, sse2, sse3, ssse3, sse4.1, sse4.2, popcnt, avx, avx2, aes, clmul, mmxext, 3dnowpref, lzcnt, sse4a, tsc, tscinvbit, tscinv, bmi1, bmi2, fma

Memory: 4k page, system-wide physical 3967M (270M free)
TotalPageFile size 8580M (AvailPageFile size 9M)
current process WorkingSet (physical memory assigned to process): 324M, peak: 324M
current process commit charge ("private bytes"): 388M, peak: 388M

vm_info: OpenJDK 64-Bit Server VM (11.0.10+0-b96-7249189) for windows-amd64 JRE (11.0.10+0-b96-7249189), built on Mar 31 2021 21:44:00 by "builder" with MS VC++ 14.0 (VS2015)

END.
