#
# There is insufficient memory for the Java Runtime Environment to continue.
# Native memory allocation (malloc) failed to allocate 1260176 bytes for Chunk::new
# Possible reasons:
#   The system is out of physical RAM or swap space
#   The process is running with CompressedOops enabled, and the Java Heap may be blocking the growth of the native heap
# Possible solutions:
#   Reduce memory load on the system
#   Increase physical memory or swap space
#   Check if swap backing store is full
#   Decrease Java heap size (-Xmx/-Xms)
#   Decrease number of Java threads
#   Decrease Java thread stack sizes (-Xss)
#   Set larger code cache with -XX:ReservedCodeCacheSize=
#   JVM is running with Unscaled Compressed Oops mode in which the Java heap is
#     placed in the first 4GB address space. The Java Heap base address is the
#     maximum limit for the native heap growth. Please use -XX:HeapBaseMinAddress
#     to set the Java Heap base and to place the Java Heap above 4GB virtual address.
# This output file may be truncated or incomplete.
#
#  Out of Memory Error (./src/hotspot/share/memory/arena.cpp:197), pid=968, tid=15656
#
# JRE version: OpenJDK Runtime Environment (11.0.10) (build 11.0.10+0-b96-7249189)
# Java VM: OpenJDK 64-Bit Server VM (11.0.10+0-b96-7249189, mixed mode, tiered, compressed oops, g1 gc, windows-amd64)
# No core dump will be written. Minidumps are not enabled by default on client versions of Windows
#

---------------  S U M M A R Y ------------

Command Line: --add-opens=java.base/java.util=ALL-UNNAMED --add-opens=java.base/java.lang=ALL-UNNAMED --add-opens=java.base/java.lang.invoke=ALL-UNNAMED --add-opens=java.base/java.util=ALL-UNNAMED --add-opens=java.prefs/java.util.prefs=ALL-UNNAMED --add-opens=java.prefs/java.util.prefs=ALL-UNNAMED --add-opens=java.base/java.nio.charset=ALL-UNNAMED --add-opens=java.base/java.net=ALL-UNNAMED --add-opens=java.base/java.util.concurrent.atomic=ALL-UNNAMED -Xmx2048m -Dfile.encoding=UTF-8 -Duser.country=ID -Duser.language=in -Duser.variant org.gradle.launcher.daemon.bootstrap.GradleDaemon 7.0.2

Host: AMD A12-9720P RADEON R7, 12 COMPUTE CORES 4C+8G, 4 cores, 3G,  Windows 10 , 64 bit Build 19041 (10.0.19041.1023)
Time: Mon Oct  4 17:49:43 2021 SE Asia Standard Time elapsed time: 131.717762 seconds (0d 0h 2m 11s)

---------------  T H R E A D  ---------------

Current thread (0x00000218e8e6d000):  JavaThread "C2 CompilerThread0" daemon [_thread_in_native, id=15656, stack(0x0000006733f00000,0x0000006734000000)]


Current CompileTask:
C2: 131718 12323       4       com.android.tools.r8.internal.Le::a (1137 bytes)

Stack: [0x0000006733f00000,0x0000006734000000]
Native frames: (J=compiled Java code, j=interpreted, Vv=VM code, C=native code)
V  [jvm.dll+0x5ecfaa]
V  [jvm.dll+0x722bd5]
V  [jvm.dll+0x72412d]
V  [jvm.dll+0x7247e3]
V  [jvm.dll+0x242928]
V  [jvm.dll+0xbc4fc]
V  [jvm.dll+0xbca0c]
V  [jvm.dll+0x352d7d]
V  [jvm.dll+0x19800c]
V  [jvm.dll+0x1fb70e]
V  [jvm.dll+0x1fa7f4]
V  [jvm.dll+0x18354c]
V  [jvm.dll+0x208ee7]
V  [jvm.dll+0x207731]
V  [jvm.dll+0x6eb1cf]
V  [jvm.dll+0x6e3d45]
V  [jvm.dll+0x5ebe96]
C  [ucrtbase.dll+0x21bb2]
C  [KERNEL32.DLL+0x17034]
C  [ntdll.dll+0x52651]


---------------  P R O C E S S  ---------------

Threads class SMR info:
_java_thread_list=0x00000218edff77e0, length=47, elements={
0x00000218cf25b000, 0x00000218e8e0c800, 0x00000218e8e16000, 0x00000218e8e63800,
0x00000218e8e65800, 0x00000218e8e68000, 0x00000218e8e6d000, 0x00000218e97b0800,
0x00000218e8e8d800, 0x00000218e98fa800, 0x00000218eace8800, 0x00000218ec289800,
0x00000218eb9c8800, 0x00000218ea7b2800, 0x00000218ea528000, 0x00000218e9d75000,
0x00000218eab82000, 0x00000218eab83000, 0x00000218ea78a800, 0x00000218ea788000,
0x00000218ea785800, 0x00000218ea78c000, 0x00000218ea789000, 0x00000218ea786800,
0x00000218ea789800, 0x00000218ea78b800, 0x00000218ea787000, 0x00000218ebffc800,
0x00000218ebffb800, 0x00000218ebff9000, 0x00000218ebffe000, 0x00000218ebffa000,
0x00000218ebffb000, 0x00000218ebfff000, 0x00000218ebdca800, 0x00000218ebdcb800,
0x00000218ebdce000, 0x00000218ebdcc000, 0x00000218ebdcd000, 0x00000218ebdce800,
0x00000218ebdcf800, 0x00000218ebdd0000, 0x00000218ebdd2800, 0x00000218ebdd3800,
0x00000218ebdd4800, 0x00000218ebdd6000, 0x00000218ebdd2000
}

Java Threads: ( => current thread )
  0x00000218cf25b000 JavaThread "main" [_thread_blocked, id=10076, stack(0x0000006733300000,0x0000006733400000)]
  0x00000218e8e0c800 JavaThread "Reference Handler" daemon [_thread_blocked, id=16292, stack(0x0000006733a00000,0x0000006733b00000)]
  0x00000218e8e16000 JavaThread "Finalizer" daemon [_thread_blocked, id=16504, stack(0x0000006733b00000,0x0000006733c00000)]
  0x00000218e8e63800 JavaThread "Signal Dispatcher" daemon [_thread_blocked, id=17160, stack(0x0000006733c00000,0x0000006733d00000)]
  0x00000218e8e65800 JavaThread "Attach Listener" daemon [_thread_blocked, id=2224, stack(0x0000006733d00000,0x0000006733e00000)]
  0x00000218e8e68000 JavaThread "Service Thread" daemon [_thread_blocked, id=19824, stack(0x0000006733e00000,0x0000006733f00000)]
=>0x00000218e8e6d000 JavaThread "C2 CompilerThread0" daemon [_thread_in_native, id=15656, stack(0x0000006733f00000,0x0000006734000000)]
  0x00000218e97b0800 JavaThread "C1 CompilerThread0" daemon [_thread_blocked, id=18936, stack(0x0000006734000000,0x0000006734100000)]
  0x00000218e8e8d800 JavaThread "Sweeper thread" daemon [_thread_blocked, id=16192, stack(0x0000006734100000,0x0000006734200000)]
  0x00000218e98fa800 JavaThread "Common-Cleaner" daemon [_thread_blocked, id=15644, stack(0x0000006734200000,0x0000006734300000)]
  0x00000218eace8800 JavaThread "Daemon health stats" [_thread_blocked, id=19660, stack(0x0000006734600000,0x0000006734700000)]
  0x00000218ec289800 JavaThread "Incoming local TCP Connector on port 14233" [_thread_in_native, id=21368, stack(0x0000006734500000,0x0000006734600000)]
  0x00000218eb9c8800 JavaThread "Daemon periodic checks" [_thread_blocked, id=11404, stack(0x0000006734700000,0x0000006734800000)]
  0x00000218ea7b2800 JavaThread "Daemon" [_thread_blocked, id=16720, stack(0x0000006734800000,0x0000006734900000)]
  0x00000218ea528000 JavaThread "Handler for socket connection from /127.0.0.1:14233 to /127.0.0.1:14234" [_thread_in_native, id=8516, stack(0x0000006734900000,0x0000006734a00000)]
  0x00000218e9d75000 JavaThread "Cancel handler" [_thread_blocked, id=2452, stack(0x0000006734a00000,0x0000006734b00000)]
  0x00000218eab82000 JavaThread "Daemon worker" [_thread_in_native, id=7148, stack(0x0000006734b00000,0x0000006734c00000)]
  0x00000218eab83000 JavaThread "Asynchronous log dispatcher for DefaultDaemonConnection: socket connection from /127.0.0.1:14233 to /127.0.0.1:14234" [_thread_blocked, id=20724, stack(0x0000006734c00000,0x0000006734d00000)]
  0x00000218ea78a800 JavaThread "Daemon client event forwarder" [_thread_blocked, id=7844, stack(0x0000006734e00000,0x0000006734f00000)]
  0x00000218ea788000 JavaThread "Cache worker for file hash cache (C:\Users\WINDOWS 10\.gradle\caches\7.0.2\fileHashes)" [_thread_blocked, id=19704, stack(0x0000006735100000,0x0000006735200000)]
  0x00000218ea785800 JavaThread "File lock request listener" [_thread_in_native, id=17784, stack(0x0000006735200000,0x0000006735300000)]
  0x00000218ea78c000 JavaThread "Cache worker for journal cache (C:\Users\WINDOWS 10\.gradle\caches\journal-1)" [_thread_blocked, id=16048, stack(0x0000006735300000,0x0000006735400000)]
  0x00000218ea789000 JavaThread "Cache worker for file hash cache (D:\androidstudio_projects\.gradle\7.0.2\fileHashes)" [_thread_blocked, id=19276, stack(0x0000006735400000,0x0000006735500000)]
  0x00000218ea786800 JavaThread "File watcher server" daemon [_thread_in_native, id=17104, stack(0x0000006735700000,0x0000006735800000)]
  0x00000218ea789800 JavaThread "File watcher consumer" daemon [_thread_blocked, id=15972, stack(0x0000006735800000,0x0000006735900000)]
  0x00000218ea78b800 JavaThread "Cache worker for checksums cache (D:\androidstudio_projects\.gradle\checksums)" [_thread_blocked, id=11532, stack(0x0000006735900000,0x0000006735a00000)]
  0x00000218ea787000 JavaThread "Cache worker for cache directory md-supplier (C:\Users\WINDOWS 10\.gradle\caches\7.0.2\md-supplier)" [_thread_blocked, id=19720, stack(0x0000006735a00000,0x0000006735b00000)]
  0x00000218ebffc800 JavaThread "Cache worker for cache directory md-rule (C:\Users\WINDOWS 10\.gradle\caches\7.0.2\md-rule)" [_thread_blocked, id=18468, stack(0x0000006735b00000,0x0000006735c00000)]
  0x00000218ebffb800 JavaThread "Cache worker for execution history cache (C:\Users\WINDOWS 10\.gradle\caches\7.0.2\executionHistory)" [_thread_blocked, id=12552, stack(0x0000006735c00000,0x0000006735d00000)]
  0x00000218ebff9000 JavaThread "jar transforms" [_thread_blocked, id=19332, stack(0x0000006735d00000,0x0000006735e00000)]
  0x00000218ebffe000 JavaThread "jar transforms Thread 2" [_thread_blocked, id=10904, stack(0x0000006735e00000,0x0000006735f00000)]
  0x00000218ebffa000 JavaThread "Cache worker for file content cache (C:\Users\WINDOWS 10\.gradle\caches\7.0.2\fileContent)" [_thread_blocked, id=9968, stack(0x0000006735f00000,0x0000006736000000)]
  0x00000218ebffb000 JavaThread "Cache worker for dependencies-accessors (D:\androidstudio_projects\.gradle\7.0.2\dependencies-accessors)" [_thread_blocked, id=18356, stack(0x0000006733000000,0x0000006733100000)]
  0x00000218ebfff000 JavaThread "jar transforms Thread 3" [_thread_blocked, id=14768, stack(0x0000006733100000,0x0000006733200000)]
  0x00000218ebdca800 JavaThread "Cache worker for Build Output Cleanup Cache (D:\androidstudio_projects\.gradle\buildOutputCleanup)" [_thread_blocked, id=12940, stack(0x0000006733200000,0x0000006733300000)]
  0x00000218ebdcb800 JavaThread "Build operations" [_thread_in_Java, id=21516, stack(0x0000006736000000,0x0000006736100000)]
  0x00000218ebdce000 JavaThread "Build operations Thread 2" [_thread_in_Java, id=1536, stack(0x0000006736100000,0x0000006736200000)]
  0x00000218ebdcc000 JavaThread "Build operations Thread 3" [_thread_in_Java, id=15208, stack(0x0000006736200000,0x0000006736300000)]
  0x00000218ebdcd000 JavaThread "Build operations Thread 4" [_thread_blocked, id=17380, stack(0x0000006736300000,0x0000006736400000)]
  0x00000218ebdce800 JavaThread "jar transforms Thread 4" [_thread_blocked, id=20000, stack(0x0000006736400000,0x0000006736500000)]
  0x00000218ebdcf800 JavaThread "Memory manager" [_thread_blocked, id=3692, stack(0x0000006734d00000,0x0000006734e00000)]
  0x00000218ebdd0000 JavaThread "build event listener" [_thread_blocked, id=13664, stack(0x0000006736500000,0x0000006736600000)]
  0x00000218ebdd2800 JavaThread "Execution worker for ':'" [_thread_blocked, id=10132, stack(0x0000006736600000,0x0000006736700000)]
  0x00000218ebdd3800 JavaThread "Execution worker for ':' Thread 2" [_thread_blocked, id=17912, stack(0x0000006736700000,0x0000006736800000)]
  0x00000218ebdd4800 JavaThread "Execution worker for ':' Thread 3" [_thread_blocked, id=21640, stack(0x0000006736800000,0x0000006736900000)]
  0x00000218ebdd6000 JavaThread "Cache worker for execution history cache (D:\androidstudio_projects\.gradle\7.0.2\executionHistory)" [_thread_blocked, id=4816, stack(0x0000006736900000,0x0000006736a00000)]
  0x00000218ebdd2000 JavaThread "WorkerExecutor Queue" [_thread_blocked, id=22264, stack(0x0000006736a00000,0x0000006736b00000)]

Other Threads:
  0x00000218e8e06800 VMThread "VM Thread" [stack: 0x0000006733900000,0x0000006733a00000] [id=12912]
  0x00000218e9913800 WatcherThread [stack: 0x0000006734300000,0x0000006734400000] [id=9256]
  0x00000218cf275800 GCTaskThread "GC Thread#0" [stack: 0x0000006733400000,0x0000006733500000] [id=19856]
  0x00000218ea127800 GCTaskThread "GC Thread#1" [stack: 0x0000006734400000,0x0000006734500000] [id=19964]
  0x00000218e9afd800 GCTaskThread "GC Thread#2" [stack: 0x0000006734f00000,0x0000006735000000] [id=3440]
  0x00000218eaa5f800 GCTaskThread "GC Thread#3" [stack: 0x0000006735000000,0x0000006735100000] [id=13316]
  0x00000218cf2a5800 ConcurrentGCThread "G1 Main Marker" [stack: 0x0000006733500000,0x0000006733600000] [id=1424]
  0x00000218cf2a7800 ConcurrentGCThread "G1 Conc#0" [stack: 0x0000006733600000,0x0000006733700000] [id=20140]
  0x00000218cf303800 ConcurrentGCThread "G1 Refine#0" [stack: 0x0000006733700000,0x0000006733800000] [id=14944]
  0x00000218cf304800 ConcurrentGCThread "G1 Young RemSet Sampling" [stack: 0x0000006733800000,0x0000006733900000] [id=13240]

Threads with active compile tasks:
C2 CompilerThread0 132192 12323       4       com.android.tools.r8.internal.Le::a (1137 bytes)

VM state:not at safepoint (normal execution)

VM Mutex/Monitor currently owned by a thread: None

Heap address: 0x0000000080000000, size: 2048 MB, Compressed Oops mode: 32-bit
Narrow klass base: 0x0000000000000000, Narrow klass shift: 3
Compressed class space size: 1073741824 Address: 0x0000000100000000

Heap:
 garbage-first heap   total 192512K, used 109253K [0x0000000080000000, 0x0000000100000000)
  region size 1024K, 13 young (13312K), 4 survivors (4096K)
 Metaspace       used 96641K, capacity 99078K, committed 99200K, reserved 1134592K
  class space    used 12601K, capacity 13574K, committed 13696K, reserved 1048576K
Heap Regions: E=young(eden), S=young(survivor), O=old, HS=humongous(starts), HC=humongous(continues), CS=collection set, F=free, A=archive, TAMS=top-at-mark-start (previous, next)
|   0|0x0000000080000000, 0x0000000080100000, 0x0000000080100000|100%| O|  |TAMS 0x0000000080100000, 0x0000000080100000| Untracked 
|   1|0x0000000080100000, 0x0000000080200000, 0x0000000080200000|100%| O|  |TAMS 0x0000000080200000, 0x0000000080200000| Untracked 
|   2|0x0000000080200000, 0x0000000080300000, 0x0000000080300000|100%| O|  |TAMS 0x0000000080300000, 0x0000000080300000| Untracked 
|   3|0x0000000080300000, 0x0000000080400000, 0x0000000080400000|100%|HS|  |TAMS 0x0000000080400000, 0x0000000080400000| Complete 
|   4|0x0000000080400000, 0x0000000080500000, 0x0000000080500000|100%|HC|  |TAMS 0x0000000080500000, 0x0000000080500000| Complete 
|   5|0x0000000080500000, 0x0000000080600000, 0x0000000080600000|100%|HC|  |TAMS 0x0000000080600000, 0x0000000080600000| Complete 
|   6|0x0000000080600000, 0x0000000080700000, 0x0000000080700000|100%| O|  |TAMS 0x0000000080700000, 0x0000000080700000| Untracked 
|   7|0x0000000080700000, 0x0000000080800000, 0x0000000080800000|100%| O|  |TAMS 0x0000000080800000, 0x0000000080800000| Untracked 
|   8|0x0000000080800000, 0x0000000080900000, 0x0000000080900000|100%| O|  |TAMS 0x0000000080900000, 0x0000000080900000| Untracked 
|   9|0x0000000080900000, 0x0000000080a00000, 0x0000000080a00000|100%| O|  |TAMS 0x0000000080a00000, 0x0000000080a00000| Untracked 
|  10|0x0000000080a00000, 0x0000000080b00000, 0x0000000080b00000|100%| O|  |TAMS 0x0000000080b00000, 0x0000000080b00000| Untracked 
|  11|0x0000000080b00000, 0x0000000080c00000, 0x0000000080c00000|100%| O|  |TAMS 0x0000000080c00000, 0x0000000080c00000| Untracked 
|  12|0x0000000080c00000, 0x0000000080d00000, 0x0000000080d00000|100%| O|  |TAMS 0x0000000080d00000, 0x0000000080d00000| Untracked 
|  13|0x0000000080d00000, 0x0000000080e00000, 0x0000000080e00000|100%| O|  |TAMS 0x0000000080e00000, 0x0000000080e00000| Untracked 
|  14|0x0000000080e00000, 0x0000000080f00000, 0x0000000080f00000|100%| O|  |TAMS 0x0000000080f00000, 0x0000000080f00000| Untracked 
|  15|0x0000000080f00000, 0x0000000081000000, 0x0000000081000000|100%| O|  |TAMS 0x0000000081000000, 0x0000000081000000| Untracked 
|  16|0x0000000081000000, 0x0000000081100000, 0x0000000081100000|100%| O|  |TAMS 0x0000000081100000, 0x0000000081100000| Untracked 
|  17|0x0000000081100000, 0x0000000081200000, 0x0000000081200000|100%| O|  |TAMS 0x0000000081200000, 0x0000000081200000| Untracked 
|  18|0x0000000081200000, 0x0000000081300000, 0x0000000081300000|100%| O|  |TAMS 0x0000000081300000, 0x0000000081300000| Untracked 
|  19|0x0000000081300000, 0x0000000081400000, 0x0000000081400000|100%| O|  |TAMS 0x0000000081400000, 0x0000000081400000| Untracked 
|  20|0x0000000081400000, 0x0000000081500000, 0x0000000081500000|100%| O|  |TAMS 0x0000000081500000, 0x0000000081500000| Untracked 
|  21|0x0000000081500000, 0x0000000081600000, 0x0000000081600000|100%| O|  |TAMS 0x0000000081600000, 0x0000000081600000| Untracked 
|  22|0x0000000081600000, 0x0000000081700000, 0x0000000081700000|100%| O|  |TAMS 0x0000000081700000, 0x0000000081700000| Untracked 
|  23|0x0000000081700000, 0x0000000081800000, 0x0000000081800000|100%| O|  |TAMS 0x0000000081800000, 0x0000000081800000| Untracked 
|  24|0x0000000081800000, 0x0000000081900000, 0x0000000081900000|100%| O|  |TAMS 0x0000000081900000, 0x0000000081900000| Untracked 
|  25|0x0000000081900000, 0x0000000081a00000, 0x0000000081a00000|100%| O|  |TAMS 0x0000000081a00000, 0x0000000081a00000| Untracked 
|  26|0x0000000081a00000, 0x0000000081b00000, 0x0000000081b00000|100%| O|  |TAMS 0x0000000081b00000, 0x0000000081b00000| Untracked 
|  27|0x0000000081b00000, 0x0000000081c00000, 0x0000000081c00000|100%| O|  |TAMS 0x0000000081c00000, 0x0000000081c00000| Untracked 
|  28|0x0000000081c00000, 0x0000000081d00000, 0x0000000081d00000|100%| O|  |TAMS 0x0000000081d00000, 0x0000000081d00000| Untracked 
|  29|0x0000000081d00000, 0x0000000081e00000, 0x0000000081e00000|100%|HS|  |TAMS 0x0000000081e00000, 0x0000000081e00000| Complete 
|  30|0x0000000081e00000, 0x0000000081f00000, 0x0000000081f00000|100%|HS|  |TAMS 0x0000000081f00000, 0x0000000081f00000| Complete 
|  31|0x0000000081f00000, 0x0000000082000000, 0x0000000082000000|100%| O|  |TAMS 0x0000000082000000, 0x0000000082000000| Untracked 
|  32|0x0000000082000000, 0x0000000082100000, 0x0000000082100000|100%| O|  |TAMS 0x0000000082100000, 0x0000000082100000| Untracked 
|  33|0x0000000082100000, 0x0000000082200000, 0x0000000082200000|100%| O|  |TAMS 0x0000000082200000, 0x0000000082200000| Untracked 
|  34|0x0000000082200000, 0x0000000082300000, 0x0000000082300000|100%|HS|  |TAMS 0x0000000082300000, 0x0000000082300000| Complete 
|  35|0x0000000082300000, 0x0000000082400000, 0x0000000082400000|100%|HC|  |TAMS 0x0000000082400000, 0x0000000082400000| Complete 
|  36|0x0000000082400000, 0x0000000082500000, 0x0000000082500000|100%| O|  |TAMS 0x0000000082500000, 0x0000000082500000| Untracked 
|  37|0x0000000082500000, 0x0000000082600000, 0x0000000082600000|100%| O|  |TAMS 0x0000000082600000, 0x0000000082600000| Untracked 
|  38|0x0000000082600000, 0x0000000082700000, 0x0000000082700000|100%| O|  |TAMS 0x0000000082700000, 0x0000000082700000| Untracked 
|  39|0x0000000082700000, 0x0000000082800000, 0x0000000082800000|100%| O|  |TAMS 0x0000000082800000, 0x0000000082800000| Untracked 
|  40|0x0000000082800000, 0x0000000082900000, 0x0000000082900000|100%| O|  |TAMS 0x0000000082900000, 0x0000000082900000| Untracked 
|  41|0x0000000082900000, 0x0000000082a00000, 0x0000000082a00000|100%| O|  |TAMS 0x0000000082a00000, 0x0000000082a00000| Untracked 
|  42|0x0000000082a00000, 0x0000000082b00000, 0x0000000082b00000|100%| O|  |TAMS 0x0000000082b00000, 0x0000000082b00000| Untracked 
|  43|0x0000000082b00000, 0x0000000082c00000, 0x0000000082c00000|100%| O|  |TAMS 0x0000000082c00000, 0x0000000082c00000| Untracked 
|  44|0x0000000082c00000, 0x0000000082d00000, 0x0000000082d00000|100%| O|  |TAMS 0x0000000082d00000, 0x0000000082d00000| Untracked 
|  45|0x0000000082d00000, 0x0000000082e00000, 0x0000000082e00000|100%| O|  |TAMS 0x0000000082e00000, 0x0000000082e00000| Untracked 
|  46|0x0000000082e00000, 0x0000000082f00000, 0x0000000082f00000|100%| O|  |TAMS 0x0000000082f00000, 0x0000000082f00000| Untracked 
|  47|0x0000000082f00000, 0x0000000083000000, 0x0000000083000000|100%| O|  |TAMS 0x0000000083000000, 0x0000000083000000| Untracked 
|  48|0x0000000083000000, 0x0000000083100000, 0x0000000083100000|100%| O|  |TAMS 0x0000000083100000, 0x0000000083100000| Untracked 
|  49|0x0000000083100000, 0x0000000083200000, 0x0000000083200000|100%| O|  |TAMS 0x0000000083200000, 0x0000000083200000| Untracked 
|  50|0x0000000083200000, 0x0000000083300000, 0x0000000083300000|100%| O|  |TAMS 0x0000000083300000, 0x0000000083300000| Untracked 
|  51|0x0000000083300000, 0x0000000083400000, 0x0000000083400000|100%| O|  |TAMS 0x0000000083400000, 0x0000000083400000| Untracked 
|  52|0x0000000083400000, 0x0000000083500000, 0x0000000083500000|100%| O|  |TAMS 0x0000000083500000, 0x0000000083500000| Untracked 
|  53|0x0000000083500000, 0x0000000083600000, 0x0000000083600000|100%| O|  |TAMS 0x0000000083600000, 0x0000000083600000| Untracked 
|  54|0x0000000083600000, 0x0000000083700000, 0x0000000083700000|100%| O|  |TAMS 0x0000000083700000, 0x0000000083700000| Untracked 
|  55|0x0000000083700000, 0x0000000083800000, 0x0000000083800000|100%| O|  |TAMS 0x0000000083800000, 0x0000000083800000| Untracked 
|  56|0x0000000083800000, 0x0000000083900000, 0x0000000083900000|100%| O|  |TAMS 0x0000000083900000, 0x0000000083900000| Untracked 
|  57|0x0000000083900000, 0x0000000083a00000, 0x0000000083a00000|100%| O|  |TAMS 0x0000000083a00000, 0x0000000083a00000| Untracked 
|  58|0x0000000083a00000, 0x0000000083b00000, 0x0000000083b00000|100%| O|  |TAMS 0x0000000083b00000, 0x0000000083b00000| Untracked 
|  59|0x0000000083b00000, 0x0000000083c00000, 0x0000000083c00000|100%| O|  |TAMS 0x0000000083c00000, 0x0000000083c00000| Untracked 
|  60|0x0000000083c00000, 0x0000000083d00000, 0x0000000083d00000|100%| O|  |TAMS 0x0000000083d00000, 0x0000000083d00000| Untracked 
|  61|0x0000000083d00000, 0x0000000083e00000, 0x0000000083e00000|100%| O|  |TAMS 0x0000000083e00000, 0x0000000083e00000| Untracked 
|  62|0x0000000083e00000, 0x0000000083f00000, 0x0000000083f00000|100%| O|  |TAMS 0x0000000083f00000, 0x0000000083f00000| Untracked 
|  63|0x0000000083f00000, 0x0000000084000000, 0x0000000084000000|100%| O|  |TAMS 0x0000000084000000, 0x0000000084000000| Untracked 
|  64|0x0000000084000000, 0x0000000084100000, 0x0000000084100000|100%| O|  |TAMS 0x0000000084100000, 0x0000000084100000| Untracked 
|  65|0x0000000084100000, 0x0000000084200000, 0x0000000084200000|100%| O|  |TAMS 0x0000000084200000, 0x0000000084200000| Untracked 
|  66|0x0000000084200000, 0x0000000084300000, 0x0000000084300000|100%| O|  |TAMS 0x0000000084300000, 0x0000000084300000| Untracked 
|  67|0x0000000084300000, 0x0000000084400000, 0x0000000084400000|100%| O|  |TAMS 0x0000000084400000, 0x0000000084400000| Untracked 
|  68|0x0000000084400000, 0x0000000084500000, 0x0000000084500000|100%| O|  |TAMS 0x0000000084500000, 0x0000000084500000| Untracked 
|  69|0x0000000084500000, 0x0000000084600000, 0x0000000084600000|100%| O|  |TAMS 0x0000000084600000, 0x0000000084600000| Untracked 
|  70|0x0000000084600000, 0x0000000084700000, 0x0000000084700000|100%| O|  |TAMS 0x0000000084700000, 0x0000000084700000| Untracked 
|  71|0x0000000084700000, 0x0000000084800000, 0x0000000084800000|100%| O|  |TAMS 0x0000000084800000, 0x0000000084800000| Untracked 
|  72|0x0000000084800000, 0x0000000084900000, 0x0000000084900000|100%| O|  |TAMS 0x0000000084900000, 0x0000000084900000| Untracked 
|  73|0x0000000084900000, 0x0000000084a00000, 0x0000000084a00000|100%| O|  |TAMS 0x0000000084a00000, 0x0000000084a00000| Untracked 
|  74|0x0000000084a00000, 0x0000000084b00000, 0x0000000084b00000|100%| O|  |TAMS 0x0000000084b00000, 0x0000000084b00000| Untracked 
|  75|0x0000000084b00000, 0x0000000084c00000, 0x0000000084c00000|100%| O|  |TAMS 0x0000000084c00000, 0x0000000084c00000| Untracked 
|  76|0x0000000084c00000, 0x0000000084d00000, 0x0000000084d00000|100%| O|  |TAMS 0x0000000084d00000, 0x0000000084d00000| Untracked 
|  77|0x0000000084d00000, 0x0000000084e00000, 0x0000000084e00000|100%| O|  |TAMS 0x0000000084e00000, 0x0000000084e00000| Untracked 
|  78|0x0000000084e00000, 0x0000000084f00000, 0x0000000084f00000|100%| O|  |TAMS 0x0000000084f00000, 0x0000000084f00000| Untracked 
|  79|0x0000000084f00000, 0x0000000085000000, 0x0000000085000000|100%| O|  |TAMS 0x0000000085000000, 0x0000000085000000| Untracked 
|  80|0x0000000085000000, 0x0000000085100000, 0x0000000085100000|100%| O|  |TAMS 0x0000000085100000, 0x0000000085100000| Untracked 
|  81|0x0000000085100000, 0x0000000085200000, 0x0000000085200000|100%| O|  |TAMS 0x0000000085200000, 0x0000000085200000| Untracked 
|  82|0x0000000085200000, 0x0000000085300000, 0x0000000085300000|100%| O|  |TAMS 0x0000000085300000, 0x0000000085300000| Untracked 
|  83|0x0000000085300000, 0x0000000085400000, 0x0000000085400000|100%| O|  |TAMS 0x0000000085400000, 0x0000000085400000| Untracked 
|  84|0x0000000085400000, 0x0000000085500000, 0x0000000085500000|100%| O|  |TAMS 0x0000000085500000, 0x0000000085500000| Untracked 
|  85|0x0000000085500000, 0x0000000085600000, 0x0000000085600000|100%| O|  |TAMS 0x0000000085600000, 0x0000000085600000| Untracked 
|  86|0x0000000085600000, 0x0000000085700000, 0x0000000085700000|100%| O|  |TAMS 0x0000000085700000, 0x0000000085700000| Untracked 
|  87|0x0000000085700000, 0x0000000085800000, 0x0000000085800000|100%| O|  |TAMS 0x0000000085800000, 0x0000000085800000| Untracked 
|  88|0x0000000085800000, 0x0000000085900000, 0x0000000085900000|100%| O|  |TAMS 0x0000000085900000, 0x0000000085900000| Untracked 
|  89|0x0000000085900000, 0x0000000085a00000, 0x0000000085a00000|100%| O|  |TAMS 0x0000000085a00000, 0x0000000085a00000| Untracked 
|  90|0x0000000085a00000, 0x0000000085b00000, 0x0000000085b00000|100%| O|  |TAMS 0x0000000085b00000, 0x0000000085b00000| Untracked 
|  91|0x0000000085b00000, 0x0000000085c00000, 0x0000000085c00000|100%| O|  |TAMS 0x0000000085c00000, 0x0000000085c00000| Untracked 
|  92|0x0000000085c00000, 0x0000000085d00000, 0x0000000085d00000|100%| O|  |TAMS 0x0000000085d00000, 0x0000000085d00000| Untracked 
|  93|0x0000000085d00000, 0x0000000085e00000, 0x0000000085e00000|100%| O|  |TAMS 0x0000000085e00000, 0x0000000085e00000| Untracked 
|  94|0x0000000085e00000, 0x0000000085f00000, 0x0000000085f00000|100%| O|  |TAMS 0x0000000085f00000, 0x0000000085f00000| Untracked 
|  95|0x0000000085f00000, 0x0000000085f54200, 0x0000000086000000| 32%| O|  |TAMS 0x0000000085f54200, 0x0000000085f54200| Untracked 
|  96|0x0000000086000000, 0x0000000086000000, 0x0000000086100000|  0%| F|  |TAMS 0x0000000086000000, 0x0000000086000000| Untracked 
|  97|0x0000000086100000, 0x0000000086100000, 0x0000000086200000|  0%| F|  |TAMS 0x0000000086100000, 0x0000000086100000| Untracked 
|  98|0x0000000086200000, 0x0000000086200000, 0x0000000086300000|  0%| F|  |TAMS 0x0000000086200000, 0x0000000086200000| Untracked 
|  99|0x0000000086300000, 0x0000000086300000, 0x0000000086400000|  0%| F|  |TAMS 0x0000000086300000, 0x0000000086300000| Untracked 
| 100|0x0000000086400000, 0x0000000086400000, 0x0000000086500000|  0%| F|  |TAMS 0x0000000086400000, 0x0000000086400000| Untracked 
| 101|0x0000000086500000, 0x0000000086500000, 0x0000000086600000|  0%| F|  |TAMS 0x0000000086500000, 0x0000000086500000| Untracked 
| 102|0x0000000086600000, 0x0000000086600000, 0x0000000086700000|  0%| F|  |TAMS 0x0000000086600000, 0x0000000086600000| Untracked 
| 103|0x0000000086700000, 0x0000000086700000, 0x0000000086800000|  0%| F|  |TAMS 0x0000000086700000, 0x0000000086700000| Untracked 
| 104|0x0000000086800000, 0x0000000086800000, 0x0000000086900000|  0%| F|  |TAMS 0x0000000086800000, 0x0000000086800000| Untracked 
| 105|0x0000000086900000, 0x0000000086900000, 0x0000000086a00000|  0%| F|  |TAMS 0x0000000086900000, 0x0000000086900000| Untracked 
| 106|0x0000000086a00000, 0x0000000086a00000, 0x0000000086b00000|  0%| F|  |TAMS 0x0000000086a00000, 0x0000000086a00000| Untracked 
| 107|0x0000000086b00000, 0x0000000086b00000, 0x0000000086c00000|  0%| F|  |TAMS 0x0000000086b00000, 0x0000000086b00000| Untracked 
| 108|0x0000000086c00000, 0x0000000086c00000, 0x0000000086d00000|  0%| F|  |TAMS 0x0000000086c00000, 0x0000000086c00000| Untracked 
| 109|0x0000000086d00000, 0x0000000086d00000, 0x0000000086e00000|  0%| F|  |TAMS 0x0000000086d00000, 0x0000000086d00000| Untracked 
| 110|0x0000000086e00000, 0x0000000086e00000, 0x0000000086f00000|  0%| F|  |TAMS 0x0000000086e00000, 0x0000000086e00000| Untracked 
| 111|0x0000000086f00000, 0x0000000086f00000, 0x0000000087000000|  0%| F|  |TAMS 0x0000000086f00000, 0x0000000086f00000| Untracked 
| 112|0x0000000087000000, 0x0000000087000000, 0x0000000087100000|  0%| F|  |TAMS 0x0000000087000000, 0x0000000087000000| Untracked 
| 113|0x0000000087100000, 0x0000000087100000, 0x0000000087200000|  0%| F|  |TAMS 0x0000000087100000, 0x0000000087100000| Untracked 
| 114|0x0000000087200000, 0x0000000087200000, 0x0000000087300000|  0%| F|  |TAMS 0x0000000087200000, 0x0000000087200000| Untracked 
| 115|0x0000000087300000, 0x0000000087300000, 0x0000000087400000|  0%| F|  |TAMS 0x0000000087300000, 0x0000000087300000| Untracked 
| 116|0x0000000087400000, 0x0000000087400000, 0x0000000087500000|  0%| F|  |TAMS 0x0000000087400000, 0x0000000087400000| Untracked 
| 117|0x0000000087500000, 0x0000000087500000, 0x0000000087600000|  0%| F|  |TAMS 0x0000000087500000, 0x0000000087500000| Untracked 
| 118|0x0000000087600000, 0x0000000087600000, 0x0000000087700000|  0%| F|  |TAMS 0x0000000087600000, 0x0000000087600000| Untracked 
| 119|0x0000000087700000, 0x0000000087700000, 0x0000000087800000|  0%| F|  |TAMS 0x0000000087700000, 0x0000000087700000| Untracked 
| 120|0x0000000087800000, 0x0000000087800000, 0x0000000087900000|  0%| F|  |TAMS 0x0000000087800000, 0x0000000087800000| Untracked 
| 121|0x0000000087900000, 0x0000000087900000, 0x0000000087a00000|  0%| F|  |TAMS 0x0000000087900000, 0x0000000087900000| Untracked 
| 122|0x0000000087a00000, 0x0000000087a00000, 0x0000000087b00000|  0%| F|  |TAMS 0x0000000087a00000, 0x0000000087a00000| Untracked 
| 123|0x0000000087b00000, 0x0000000087b00000, 0x0000000087c00000|  0%| F|  |TAMS 0x0000000087b00000, 0x0000000087b00000| Untracked 
| 124|0x0000000087c00000, 0x0000000087c00000, 0x0000000087d00000|  0%| F|  |TAMS 0x0000000087c00000, 0x0000000087c00000| Untracked 
| 125|0x0000000087d00000, 0x0000000087d00000, 0x0000000087e00000|  0%| F|  |TAMS 0x0000000087d00000, 0x0000000087d00000| Untracked 
| 126|0x0000000087e00000, 0x0000000087e00000, 0x0000000087f00000|  0%| F|  |TAMS 0x0000000087e00000, 0x0000000087e00000| Untracked 
| 127|0x0000000087f00000, 0x0000000087f5d360, 0x0000000088000000| 36%| S|CS|TAMS 0x0000000087f00000, 0x0000000087f00000| Complete 
| 128|0x0000000088000000, 0x0000000088100000, 0x0000000088100000|100%| S|CS|TAMS 0x0000000088000000, 0x0000000088000000| Complete 
| 129|0x0000000088100000, 0x0000000088200000, 0x0000000088200000|100%| S|CS|TAMS 0x0000000088100000, 0x0000000088100000| Complete 
| 130|0x0000000088200000, 0x0000000088300000, 0x0000000088300000|100%| S|CS|TAMS 0x0000000088200000, 0x0000000088200000| Complete 
| 131|0x0000000088300000, 0x0000000088300000, 0x0000000088400000|  0%| F|  |TAMS 0x0000000088300000, 0x0000000088300000| Untracked 
| 132|0x0000000088400000, 0x0000000088400000, 0x0000000088500000|  0%| F|  |TAMS 0x0000000088400000, 0x0000000088400000| Untracked 
| 133|0x0000000088500000, 0x0000000088500000, 0x0000000088600000|  0%| F|  |TAMS 0x0000000088500000, 0x0000000088500000| Untracked 
| 134|0x0000000088600000, 0x0000000088600000, 0x0000000088700000|  0%| F|  |TAMS 0x0000000088600000, 0x0000000088600000| Untracked 
| 135|0x0000000088700000, 0x0000000088700000, 0x0000000088800000|  0%| F|  |TAMS 0x0000000088700000, 0x0000000088700000| Untracked 
| 136|0x0000000088800000, 0x0000000088800000, 0x0000000088900000|  0%| F|  |TAMS 0x0000000088800000, 0x0000000088800000| Untracked 
| 137|0x0000000088900000, 0x0000000088900000, 0x0000000088a00000|  0%| F|  |TAMS 0x0000000088900000, 0x0000000088900000| Untracked 
| 138|0x0000000088a00000, 0x0000000088a00000, 0x0000000088b00000|  0%| F|  |TAMS 0x0000000088a00000, 0x0000000088a00000| Untracked 
| 139|0x0000000088b00000, 0x0000000088b00000, 0x0000000088c00000|  0%| F|  |TAMS 0x0000000088b00000, 0x0000000088b00000| Untracked 
| 140|0x0000000088c00000, 0x0000000088c00000, 0x0000000088d00000|  0%| F|  |TAMS 0x0000000088c00000, 0x0000000088c00000| Untracked 
| 141|0x0000000088d00000, 0x0000000088d00000, 0x0000000088e00000|  0%| F|  |TAMS 0x0000000088d00000, 0x0000000088d00000| Untracked 
| 142|0x0000000088e00000, 0x0000000088e00000, 0x0000000088f00000|  0%| F|  |TAMS 0x0000000088e00000, 0x0000000088e00000| Untracked 
| 143|0x0000000088f00000, 0x0000000088f00000, 0x0000000089000000|  0%| F|  |TAMS 0x0000000088f00000, 0x0000000088f00000| Untracked 
| 144|0x0000000089000000, 0x0000000089000000, 0x0000000089100000|  0%| F|  |TAMS 0x0000000089000000, 0x0000000089000000| Untracked 
| 145|0x0000000089100000, 0x0000000089100000, 0x0000000089200000|  0%| F|  |TAMS 0x0000000089100000, 0x0000000089100000| Untracked 
| 146|0x0000000089200000, 0x0000000089200000, 0x0000000089300000|  0%| F|  |TAMS 0x0000000089200000, 0x0000000089200000| Untracked 
| 147|0x0000000089300000, 0x0000000089300000, 0x0000000089400000|  0%| F|  |TAMS 0x0000000089300000, 0x0000000089300000| Untracked 
| 148|0x0000000089400000, 0x0000000089400000, 0x0000000089500000|  0%| F|  |TAMS 0x0000000089400000, 0x0000000089400000| Untracked 
| 149|0x0000000089500000, 0x0000000089500000, 0x0000000089600000|  0%| F|  |TAMS 0x0000000089500000, 0x0000000089500000| Untracked 
| 150|0x0000000089600000, 0x0000000089600000, 0x0000000089700000|  0%| F|  |TAMS 0x0000000089600000, 0x0000000089600000| Untracked 
| 151|0x0000000089700000, 0x0000000089700000, 0x0000000089800000|  0%| F|  |TAMS 0x0000000089700000, 0x0000000089700000| Untracked 
| 152|0x0000000089800000, 0x0000000089800000, 0x0000000089900000|  0%| F|  |TAMS 0x0000000089800000, 0x0000000089800000| Untracked 
| 153|0x0000000089900000, 0x0000000089900000, 0x0000000089a00000|  0%| F|  |TAMS 0x0000000089900000, 0x0000000089900000| Untracked 
| 154|0x0000000089a00000, 0x0000000089a00000, 0x0000000089b00000|  0%| F|  |TAMS 0x0000000089a00000, 0x0000000089a00000| Untracked 
| 155|0x0000000089b00000, 0x0000000089b00000, 0x0000000089c00000|  0%| F|  |TAMS 0x0000000089b00000, 0x0000000089b00000| Untracked 
| 156|0x0000000089c00000, 0x0000000089c00000, 0x0000000089d00000|  0%| F|  |TAMS 0x0000000089c00000, 0x0000000089c00000| Untracked 
| 157|0x0000000089d00000, 0x0000000089d00000, 0x0000000089e00000|  0%| F|  |TAMS 0x0000000089d00000, 0x0000000089d00000| Untracked 
| 158|0x0000000089e00000, 0x0000000089e00000, 0x0000000089f00000|  0%| F|  |TAMS 0x0000000089e00000, 0x0000000089e00000| Untracked 
| 159|0x0000000089f00000, 0x0000000089f00000, 0x000000008a000000|  0%| F|  |TAMS 0x0000000089f00000, 0x0000000089f00000| Untracked 
| 160|0x000000008a000000, 0x000000008a000000, 0x000000008a100000|  0%| F|  |TAMS 0x000000008a000000, 0x000000008a000000| Untracked 
| 161|0x000000008a100000, 0x000000008a100000, 0x000000008a200000|  0%| F|  |TAMS 0x000000008a100000, 0x000000008a100000| Untracked 
| 162|0x000000008a200000, 0x000000008a200000, 0x000000008a300000|  0%| F|  |TAMS 0x000000008a200000, 0x000000008a200000| Untracked 
| 163|0x000000008a300000, 0x000000008a300000, 0x000000008a400000|  0%| F|  |TAMS 0x000000008a300000, 0x000000008a300000| Untracked 
| 164|0x000000008a400000, 0x000000008a400000, 0x000000008a500000|  0%| F|  |TAMS 0x000000008a400000, 0x000000008a400000| Untracked 
| 165|0x000000008a500000, 0x000000008a500000, 0x000000008a600000|  0%| F|  |TAMS 0x000000008a500000, 0x000000008a500000| Untracked 
| 166|0x000000008a600000, 0x000000008a600000, 0x000000008a700000|  0%| F|  |TAMS 0x000000008a600000, 0x000000008a600000| Untracked 
| 167|0x000000008a700000, 0x000000008a700000, 0x000000008a800000|  0%| F|  |TAMS 0x000000008a700000, 0x000000008a700000| Untracked 
| 168|0x000000008a800000, 0x000000008a800000, 0x000000008a900000|  0%| F|  |TAMS 0x000000008a800000, 0x000000008a800000| Untracked 
| 169|0x000000008a900000, 0x000000008a900000, 0x000000008aa00000|  0%| F|  |TAMS 0x000000008a900000, 0x000000008a900000| Untracked 
| 170|0x000000008aa00000, 0x000000008aa00000, 0x000000008ab00000|  0%| F|  |TAMS 0x000000008aa00000, 0x000000008aa00000| Untracked 
| 171|0x000000008ab00000, 0x000000008ab00000, 0x000000008ac00000|  0%| F|  |TAMS 0x000000008ab00000, 0x000000008ab00000| Untracked 
| 172|0x000000008ac00000, 0x000000008ac00000, 0x000000008ad00000|  0%| F|  |TAMS 0x000000008ac00000, 0x000000008ac00000| Untracked 
| 173|0x000000008ad00000, 0x000000008ad00000, 0x000000008ae00000|  0%| F|  |TAMS 0x000000008ad00000, 0x000000008ad00000| Untracked 
| 174|0x000000008ae00000, 0x000000008ae00000, 0x000000008af00000|  0%| F|  |TAMS 0x000000008ae00000, 0x000000008ae00000| Untracked 
| 175|0x000000008af00000, 0x000000008af00000, 0x000000008b000000|  0%| F|  |TAMS 0x000000008af00000, 0x000000008af00000| Untracked 
| 176|0x000000008b000000, 0x000000008b000000, 0x000000008b100000|  0%| F|  |TAMS 0x000000008b000000, 0x000000008b000000| Untracked 
| 177|0x000000008b100000, 0x000000008b100000, 0x000000008b200000|  0%| F|  |TAMS 0x000000008b100000, 0x000000008b100000| Untracked 
| 178|0x000000008b200000, 0x000000008b200000, 0x000000008b300000|  0%| F|  |TAMS 0x000000008b200000, 0x000000008b200000| Untracked 
| 179|0x000000008b300000, 0x000000008b3a2788, 0x000000008b400000| 63%| E|  |TAMS 0x000000008b300000, 0x000000008b300000| Complete 
| 180|0x000000008b400000, 0x000000008b500000, 0x000000008b500000|100%| E|CS|TAMS 0x000000008b400000, 0x000000008b400000| Complete 
| 181|0x000000008b500000, 0x000000008b600000, 0x000000008b600000|100%| E|CS|TAMS 0x000000008b500000, 0x000000008b500000| Complete 
| 182|0x000000008b600000, 0x000000008b700000, 0x000000008b700000|100%| E|CS|TAMS 0x000000008b600000, 0x000000008b600000| Complete 
| 183|0x000000008b700000, 0x000000008b800000, 0x000000008b800000|100%| E|CS|TAMS 0x000000008b700000, 0x000000008b700000| Complete 
| 184|0x000000008b800000, 0x000000008b900000, 0x000000008b900000|100%| E|CS|TAMS 0x000000008b800000, 0x000000008b800000| Complete 
| 185|0x000000008b900000, 0x000000008ba00000, 0x000000008ba00000|100%| E|CS|TAMS 0x000000008b900000, 0x000000008b900000| Complete 
| 186|0x000000008ba00000, 0x000000008bb00000, 0x000000008bb00000|100%| E|CS|TAMS 0x000000008ba00000, 0x000000008ba00000| Complete 
| 187|0x000000008bb00000, 0x000000008bc00000, 0x000000008bc00000|100%| E|CS|TAMS 0x000000008bb00000, 0x000000008bb00000| Complete 

Card table byte_map: [0x00000218e2150000,0x00000218e2550000] _byte_map_base: 0x00000218e1d50000

Marking Bits (Prev, Next): (CMBitMap*) 0x00000218cf29cdb0, (CMBitMap*) 0x00000218cf29cd78
 Prev Bits: [0x00000218e4950000, 0x00000218e6950000)
 Next Bits: [0x00000218e2950000, 0x00000218e4950000)

Polling page: 0x00000218cd0f0000

Metaspace:

Usage:
  Non-class:     83.50 MB capacity,    82.07 MB ( 98%) used,     1.14 MB (  1%) free+waste,   301.19 KB ( <1%) overhead. 
      Class:     13.26 MB capacity,    12.31 MB ( 93%) used,   834.82 KB (  6%) free+waste,   137.56 KB (  1%) overhead. 
       Both:     96.76 MB capacity,    94.38 MB ( 98%) used,     1.95 MB (  2%) free+waste,   438.75 KB ( <1%) overhead. 

Virtual space:
  Non-class space:       84.00 MB reserved,      83.50 MB (>99%) committed 
      Class space:        1.00 GB reserved,      13.38 MB (  1%) committed 
             Both:        1.08 GB reserved,      96.88 MB (  9%) committed 

Chunk freelists:
   Non-Class:  0 bytes
       Class:  0 bytes
        Both:  0 bytes

MaxMetaspaceSize: 17179869184.00 GB
CompressedClassSpaceSize: 1.00 GB

CodeHeap 'non-profiled nmethods': size=120064Kb used=6424Kb max_used=6424Kb free=113640Kb
 bounds [0x00000218da810000, 0x00000218dae60000, 0x00000218e1d50000]
CodeHeap 'profiled nmethods': size=120000Kb used=31298Kb max_used=31298Kb free=88701Kb
 bounds [0x00000218d32e0000, 0x00000218d5180000, 0x00000218da810000]
CodeHeap 'non-nmethods': size=5696Kb used=2299Kb max_used=2337Kb free=3396Kb
 bounds [0x00000218d2d50000, 0x00000218d2fc0000, 0x00000218d32e0000]
 total_blobs=13487 nmethods=12580 adapters=818
 compilation: enabled
              stopped_count=0, restarted_count=0
 full_count=0

Compilation events (20 events):
Event: 131.664 Thread 0x00000218e97b0800 12652       3       com.android.tools.r8.ir.regalloc.e::b (207 bytes)
Event: 131.667 Thread 0x00000218e97b0800 nmethod 12652 0x00000218d50df210 code [0x00000218d50df5e0, 0x00000218d50e1238]
Event: 131.674 Thread 0x00000218e97b0800 12653       2       java.util.stream.SliceOps$1::opWrapSink (10 bytes)
Event: 131.674 Thread 0x00000218e97b0800 nmethod 12653 0x00000218d50e1b90 code [0x00000218d50e1d40, 0x00000218d50e1ec8]
Event: 131.674 Thread 0x00000218e97b0800 12654       2       java.util.stream.SliceOps$1$1::<init> (51 bytes)
Event: 131.675 Thread 0x00000218e97b0800 nmethod 12654 0x00000218d50e1f90 code [0x00000218d50e2160, 0x00000218d50e2468]
Event: 131.675 Thread 0x00000218e97b0800 12655       2       com.android.tools.r8.internal.fu$e::iterator (12 bytes)
Event: 131.675 Thread 0x00000218e97b0800 nmethod 12655 0x00000218d50e2590 code [0x00000218d50e2740, 0x00000218d50e2928]
Event: 131.675 Thread 0x00000218e97b0800 12656       2       com.android.tools.r8.internal.fu$a::<init> (12 bytes)
Event: 131.676 Thread 0x00000218e97b0800 nmethod 12656 0x00000218d50e2a10 code [0x00000218d50e2bc0, 0x00000218d50e2d28]
Event: 131.676 Thread 0x00000218e97b0800 12657       2       com.android.tools.r8.internal.o4::a (58 bytes)
Event: 131.677 Thread 0x00000218e97b0800 nmethod 12657 0x00000218d50e2e10 code [0x00000218d50e3040, 0x00000218d50e3688]
Event: 131.677 Thread 0x00000218e97b0800 12658       2       com.android.tools.r8.internal.o4::a (61 bytes)
Event: 131.679 Thread 0x00000218e97b0800 nmethod 12658 0x00000218d50e3a90 code [0x00000218d50e3d00, 0x00000218d50e4788]
Event: 131.679 Thread 0x00000218e97b0800 12659       2       com.android.tools.r8.internal.Le::a (72 bytes)
Event: 131.680 Thread 0x00000218e97b0800 nmethod 12659 0x00000218d50e4c10 code [0x00000218d50e4e80, 0x00000218d50e5618]
Event: 131.683 Thread 0x00000218e97b0800 12660       2       com.android.tools.r8.internal.fu$e::size (8 bytes)
Event: 131.684 Thread 0x00000218e97b0800 nmethod 12660 0x00000218d50e5b90 code [0x00000218d50e5d40, 0x00000218d50e5e38]
Event: 131.685 Thread 0x00000218e97b0800 12661       2       com.android.tools.r8.code.N0::hashCode (28 bytes)
Event: 131.686 Thread 0x00000218e97b0800 nmethod 12661 0x00000218d50e5f10 code [0x00000218d50e60c0, 0x00000218d50e6208]

GC Heap History (20 events):
Event: 122.364 GC heap before
{Heap before GC invocations=95 (full 0):
 garbage-first heap   total 133120K, used 105788K [0x0000000080000000, 0x0000000100000000)
  region size 1024K, 44 young (45056K), 5 survivors (5120K)
 Metaspace       used 84666K, capacity 86826K, committed 87168K, reserved 1124352K
  class space    used 10996K, capacity 11799K, committed 11904K, reserved 1048576K
}
Event: 122.381 GC heap after
{Heap after GC invocations=96 (full 0):
 garbage-first heap   total 133120K, used 71428K [0x0000000080000000, 0x0000000100000000)
  region size 1024K, 6 young (6144K), 6 survivors (6144K)
 Metaspace       used 84666K, capacity 86826K, committed 87168K, reserved 1124352K
  class space    used 10996K, capacity 11799K, committed 11904K, reserved 1048576K
}
Event: 123.283 GC heap before
{Heap before GC invocations=97 (full 0):
 garbage-first heap   total 133120K, used 106244K [0x0000000080000000, 0x0000000100000000)
  region size 1024K, 41 young (41984K), 6 survivors (6144K)
 Metaspace       used 86046K, capacity 88176K, committed 88320K, reserved 1126400K
  class space    used 11175K, capacity 11973K, committed 12032K, reserved 1048576K
}
Event: 123.308 GC heap after
{Heap after GC invocations=98 (full 0):
 garbage-first heap   total 159744K, used 78256K [0x0000000080000000, 0x0000000100000000)
  region size 1024K, 6 young (6144K), 6 survivors (6144K)
 Metaspace       used 86046K, capacity 88176K, committed 88320K, reserved 1126400K
  class space    used 11175K, capacity 11973K, committed 12032K, reserved 1048576K
}
Event: 124.476 GC heap before
{Heap before GC invocations=98 (full 0):
 garbage-first heap   total 159744K, used 120240K [0x0000000080000000, 0x0000000100000000)
  region size 1024K, 47 young (48128K), 6 survivors (6144K)
 Metaspace       used 88541K, capacity 90660K, committed 90752K, reserved 1128448K
  class space    used 11511K, capacity 12333K, committed 12416K, reserved 1048576K
}
Event: 124.516 GC heap after
{Heap after GC invocations=99 (full 0):
 garbage-first heap   total 159744K, used 82944K [0x0000000080000000, 0x0000000100000000)
  region size 1024K, 6 young (6144K), 6 survivors (6144K)
 Metaspace       used 88541K, capacity 90660K, committed 90752K, reserved 1128448K
  class space    used 11511K, capacity 12333K, committed 12416K, reserved 1048576K
}
Event: 125.321 GC heap before
{Heap before GC invocations=100 (full 0):
 garbage-first heap   total 159744K, used 123904K [0x0000000080000000, 0x0000000100000000)
  region size 1024K, 46 young (47104K), 6 survivors (6144K)
 Metaspace       used 89602K, capacity 91720K, committed 91904K, reserved 1128448K
  class space    used 11625K, capacity 12448K, committed 12544K, reserved 1048576K
}
Event: 125.352 GC heap after
{Heap after GC invocations=101 (full 0):
 garbage-first heap   total 159744K, used 90543K [0x0000000080000000, 0x0000000100000000)
  region size 1024K, 6 young (6144K), 6 survivors (6144K)
 Metaspace       used 89602K, capacity 91720K, committed 91904K, reserved 1128448K
  class space    used 11625K, capacity 12448K, committed 12544K, reserved 1048576K
}
Event: 125.657 GC heap before
{Heap before GC invocations=101 (full 0):
 garbage-first heap   total 159744K, used 125359K [0x0000000080000000, 0x0000000100000000)
  region size 1024K, 40 young (40960K), 6 survivors (6144K)
 Metaspace       used 90582K, capacity 92802K, committed 92928K, reserved 1130496K
  class space    used 11842K, capacity 12705K, committed 12800K, reserved 1048576K
}
Event: 125.689 GC heap after
{Heap after GC invocations=102 (full 0):
 garbage-first heap   total 159744K, used 97227K [0x0000000080000000, 0x0000000100000000)
  region size 1024K, 5 young (5120K), 5 survivors (5120K)
 Metaspace       used 90582K, capacity 92802K, committed 92928K, reserved 1130496K
  class space    used 11842K, capacity 12705K, committed 12800K, reserved 1048576K
}
Event: 127.010 GC heap before
{Heap before GC invocations=103 (full 0):
 garbage-first heap   total 159744K, used 127947K [0x0000000080000000, 0x0000000100000000)
  region size 1024K, 36 young (36864K), 5 survivors (5120K)
 Metaspace       used 93635K, capacity 96032K, committed 96256K, reserved 1132544K
  class space    used 12338K, capacity 13272K, committed 13312K, reserved 1048576K
}
Event: 127.037 GC heap after
{Heap after GC invocations=104 (full 0):
 garbage-first heap   total 192512K, used 99141K [0x0000000080000000, 0x0000000100000000)
  region size 1024K, 2 young (2048K), 2 survivors (2048K)
 Metaspace       used 93635K, capacity 96032K, committed 96256K, reserved 1132544K
  class space    used 12338K, capacity 13272K, committed 13312K, reserved 1048576K
}
Event: 128.900 GC heap before
{Heap before GC invocations=104 (full 0):
 garbage-first heap   total 192512K, used 142149K [0x0000000080000000, 0x0000000100000000)
  region size 1024K, 44 young (45056K), 2 survivors (2048K)
 Metaspace       used 94652K, capacity 97035K, committed 97152K, reserved 1132544K
  class space    used 12399K, capacity 13343K, committed 13440K, reserved 1048576K
}
Event: 128.913 GC heap after
{Heap after GC invocations=105 (full 0):
 garbage-first heap   total 192512K, used 99879K [0x0000000080000000, 0x0000000100000000)
  region size 1024K, 3 young (3072K), 3 survivors (3072K)
 Metaspace       used 94652K, capacity 97035K, committed 97152K, reserved 1132544K
  class space    used 12399K, capacity 13343K, committed 13440K, reserved 1048576K
}
Event: 129.954 GC heap before
{Heap before GC invocations=106 (full 0):
 garbage-first heap   total 192512K, used 144935K [0x0000000080000000, 0x0000000100000000)
  region size 1024K, 47 young (48128K), 3 survivors (3072K)
 Metaspace       used 95410K, capacity 97765K, committed 97920K, reserved 1134592K
  class space    used 12460K, capacity 13400K, committed 13440K, reserved 1048576K
}
Event: 129.967 GC heap after
{Heap after GC invocations=107 (full 0):
 garbage-first heap   total 192512K, used 100398K [0x0000000080000000, 0x0000000100000000)
  region size 1024K, 3 young (3072K), 3 survivors (3072K)
 Metaspace       used 95410K, capacity 97765K, committed 97920K, reserved 1134592K
  class space    used 12460K, capacity 13400K, committed 13440K, reserved 1048576K
}
Event: 130.711 GC heap before
{Heap before GC invocations=107 (full 0):
 garbage-first heap   total 192512K, used 153646K [0x0000000080000000, 0x0000000100000000)
  region size 1024K, 55 young (56320K), 3 survivors (3072K)
 Metaspace       used 96353K, capacity 98833K, committed 99072K, reserved 1134592K
  class space    used 12569K, capacity 13538K, committed 13568K, reserved 1048576K
}
Event: 130.726 GC heap after
{Heap after GC invocations=108 (full 0):
 garbage-first heap   total 192512K, used 100941K [0x0000000080000000, 0x0000000100000000)
  region size 1024K, 4 young (4096K), 4 survivors (4096K)
 Metaspace       used 96353K, capacity 98833K, committed 99072K, reserved 1134592K
  class space    used 12569K, capacity 13538K, committed 13568K, reserved 1048576K
}
Event: 131.632 GC heap before
{Heap before GC invocations=109 (full 0):
 garbage-first heap   total 192512K, used 154189K [0x0000000080000000, 0x0000000100000000)
  region size 1024K, 56 young (57344K), 4 survivors (4096K)
 Metaspace       used 96587K, capacity 99077K, committed 99200K, reserved 1134592K
  class space    used 12601K, capacity 13574K, committed 13696K, reserved 1048576K
}
Event: 131.651 GC heap after
{Heap after GC invocations=110 (full 0):
 garbage-first heap   total 192512K, used 100308K [0x0000000080000000, 0x0000000100000000)
  region size 1024K, 3 young (3072K), 3 survivors (3072K)
 Metaspace       used 96587K, capacity 99077K, committed 99200K, reserved 1134592K
  class space    used 12601K, capacity 13574K, committed 13696K, reserved 1048576K
}

Deoptimization events (20 events):
Event: 131.084 Thread 0x00000218ebdce000 DEOPT PACKING pc=0x00000218dadde030 sp=0x00000067361f9910
Event: 131.084 Thread 0x00000218ebdce000 DEOPT UNPACKING pc=0x00000218d2d773af sp=0x00000067361f9898 mode 2
Event: 131.084 Thread 0x00000218ebdce000 Uncommon trap: trap_request=0xffffffbe fr.pc=0x00000218dadde030 relative=0x0000000000000210
Event: 131.084 Thread 0x00000218ebdce000 Uncommon trap: reason=profile_predicate action=maybe_recompile pc=0x00000218dadde030 method=com.android.tools.r8.graph.c0.a([C)I @ 8 c2
Event: 131.084 Thread 0x00000218ebdce000 DEOPT PACKING pc=0x00000218dadde030 sp=0x00000067361f9910
Event: 131.084 Thread 0x00000218ebdce000 DEOPT UNPACKING pc=0x00000218d2d773af sp=0x00000067361f9898 mode 2
Event: 131.100 Thread 0x00000218ebdce000 DEOPT PACKING pc=0x00000218d4c1a27f sp=0x00000067361f9680
Event: 131.100 Thread 0x00000218ebdce000 DEOPT UNPACKING pc=0x00000218d2d771ce sp=0x00000067361f8d08 mode 0
Event: 131.115 Thread 0x00000218ebdcb800 Uncommon trap: trap_request=0xffffffc6 fr.pc=0x00000218da8535a4 relative=0x00000000000026c4
Event: 131.115 Thread 0x00000218ebdcb800 Uncommon trap: reason=bimorphic_or_optimized_type_check action=maybe_recompile pc=0x00000218da8535a4 method=java.util.HashMap.putVal(ILjava/lang/Object;Ljava/lang/Object;ZZ)Ljava/lang/Object; @ 203 c2
Event: 131.115 Thread 0x00000218ebdcb800 DEOPT PACKING pc=0x00000218da8535a4 sp=0x00000067360f8220
Event: 131.115 Thread 0x00000218ebdcb800 DEOPT UNPACKING pc=0x00000218d2d773af sp=0x00000067360f80e8 mode 2
Event: 131.235 Thread 0x00000218ebdcb800 DEOPT PACKING pc=0x00000218d492a899 sp=0x00000067360f8a70
Event: 131.236 Thread 0x00000218ebdcb800 DEOPT UNPACKING pc=0x00000218d2d771ce sp=0x00000067360f8200 mode 0
Event: 131.301 Thread 0x00000218ebdcc000 DEOPT PACKING pc=0x00000218d4c0f48a sp=0x00000067362f9b40
Event: 131.301 Thread 0x00000218ebdcc000 DEOPT UNPACKING pc=0x00000218d2d771ce sp=0x00000067362f9060 mode 0
Event: 131.315 Thread 0x00000218ebdcb800 DEOPT PACKING pc=0x00000218d4c76007 sp=0x00000067360f9350
Event: 131.315 Thread 0x00000218ebdcb800 DEOPT UNPACKING pc=0x00000218d2d771ce sp=0x00000067360f88e0 mode 0
Event: 131.664 Thread 0x00000218ebdcc000 DEOPT PACKING pc=0x00000218d4c6bbe4 sp=0x00000067362f8de0
Event: 131.664 Thread 0x00000218ebdcc000 DEOPT UNPACKING pc=0x00000218d2d771ce sp=0x00000067362f8378 mode 0

Classes redefined (0 events):
No events

Internal exceptions (20 events):
Event: 125.801 Thread 0x00000218ebdcb800 Exception <a 'java/lang/IncompatibleClassChangeError'{0x0000000089ac3bf8}: Found class java.lang.Object, but interface was expected> (0x0000000089ac3bf8) thrown at [./src/hotspot/share/interpreter/linkResolver.cpp, line 839]
Event: 125.802 Thread 0x00000218ebdce000 Exception <a 'java/lang/IncompatibleClassChangeError'{0x00000000897e12a8}: Found class java.lang.Object, but interface was expected> (0x00000000897e12a8) thrown at [./src/hotspot/share/interpreter/linkResolver.cpp, line 839]
Event: 125.802 Thread 0x00000218ebdcc000 Exception <a 'java/lang/IncompatibleClassChangeError'{0x0000000089608f20}: Found class java.lang.Object, but interface was expected> (0x0000000089608f20) thrown at [./src/hotspot/share/interpreter/linkResolver.cpp, line 839]
Event: 125.802 Thread 0x00000218eab82000 Exception <a 'java/lang/IncompatibleClassChangeError'{0x00000000897cb9d0}: Found class java.lang.Object, but interface was expected> (0x00000000897cb9d0) thrown at [./src/hotspot/share/interpreter/linkResolver.cpp, line 839]
Event: 125.803 Thread 0x00000218ebdcb800 Exception <a 'java/lang/IncompatibleClassChangeError'{0x0000000089ac5120}: Found class java.lang.Object, but interface was expected> (0x0000000089ac5120) thrown at [./src/hotspot/share/interpreter/linkResolver.cpp, line 839]
Event: 125.847 Thread 0x00000218ebdce000 Exception <a 'java/lang/NoSuchMethodError'{0x0000000089550838}: 'void java.lang.invoke.DirectMethodHandle$Holder.invokeVirtual(java.lang.Object, java.lang.Object, int, java.lang.Object)'> (0x0000000089550838) thrown at [./src/hotspot/share/interpreter/linkResolver.cpp, line 773]
Event: 125.847 Thread 0x00000218ebdcb800 Exception <a 'java/lang/NoSuchMethodError'{0x0000000089677920}: 'void java.lang.invoke.DirectMethodHandle$Holder.invokeVirtual(java.lang.Object, java.lang.Object, int, java.lang.Object)'> (0x0000000089677920) thrown at [./src/hotspot/share/interpreter/linkResolver.cpp, line 773]
Event: 125.848 Thread 0x00000218eab82000 Exception <a 'java/lang/NoSuchMethodError'{0x00000000895d72c0}: 'void java.lang.invoke.DirectMethodHandle$Holder.invokeVirtual(java.lang.Object, java.lang.Object, int, java.lang.Object)'> (0x00000000895d72c0) thrown at [./src/hotspot/share/interpreter/linkResolver.cpp, line 773]
Event: 126.077 Thread 0x00000218ebdcc000 Exception <a 'java/lang/NoSuchMethodError'{0x00000000892987d8}: 'java.lang.Object java.lang.invoke.DirectMethodHandle$Holder.newInvokeSpecial(java.lang.Object, int)'> (0x00000000892987d8) thrown at [./src/hotspot/share/interpreter/linkResolver.cpp, line 773]
Event: 126.078 Thread 0x00000218eab82000 Exception <a 'java/lang/NoSuchMethodError'{0x0000000089122648}: 'java.lang.Object java.lang.invoke.DirectMethodHandle$Holder.newInvokeSpecial(java.lang.Object, int)'> (0x0000000089122648) thrown at [./src/hotspot/share/interpreter/linkResolver.cpp, line 773]
Event: 126.078 Thread 0x00000218ebdce000 Exception <a 'java/lang/NoSuchMethodError'{0x00000000892b3fe0}: 'java.lang.Object java.lang.invoke.DirectMethodHandle$Holder.newInvokeSpecial(java.lang.Object, int)'> (0x00000000892b3fe0) thrown at [./src/hotspot/share/interpreter/linkResolver.cpp, line 773]
Event: 126.534 Thread 0x00000218ebdcb800 Exception <a 'java/lang/NoSuchMethodError'{0x000000008894ab20}: 'java.lang.Object java.lang.invoke.DirectMethodHandle$Holder.invokeInterface(java.lang.Object, java.lang.Object, int)'> (0x000000008894ab20) thrown at [./src/hotspot/share/interpreter/linkResolver.cpp, line 773]
Event: 129.570 Thread 0x00000218ebdcb800 Exception <a 'java/lang/NoSuchMethodError'{0x000000008a6a26a0}: 'int java.lang.invoke.DirectMethodHandle$Holder.invokeInterface(java.lang.Object, java.lang.Object, int)'> (0x000000008a6a26a0) thrown at [./src/hotspot/share/interpreter/linkResolver.cpp, line 773]
Event: 129.834 Thread 0x00000218eab82000 Exception <a 'java/lang/NoSuchMethodError'{0x00000000898f3e30}: 'void java.lang.invoke.DirectMethodHandle$Holder.invokeSpecial(java.lang.Object, java.lang.Object, int, java.lang.Object, java.lang.Object, java.lang.Object, java.lang.Object)'> (0x00000000898f3e30) thrown at [./src/hotspot/share/interpreter/linkResolver.cpp, line 773]
Event: 129.837 Thread 0x00000218eab82000 Exception <a 'java/lang/NoSuchMethodError'{0x000000008979a3f0}: 'java.lang.Object java.lang.invoke.Invokers$Holder.linkToTargetMethod(java.lang.Object, int, java.lang.Object, java.lang.Object, java.lang.Object, java.lang.Object)'> (0x000000008979a3f0) thrown at [./src/hotspot/share/interpreter/linkResolver.cpp, line 773]
Event: 129.839 Thread 0x00000218eab82000 Exception <a 'java/lang/NoSuchMethodError'{0x000000008979f890}: 'void java.lang.invoke.DirectMethodHandle$Holder.invokeSpecial(java.lang.Object, java.lang.Object, java.lang.Object, java.lang.Object, java.lang.Object, java.lang.Object, java.lang.Object, java.lang.Object, java.lang.Object)'> (0x000000008979f890) thrown at [./src/hotspot/share/interpreter/linkResolver.cpp, line 773]
Event: 129.847 Thread 0x00000218eab82000 Exception <a 'java/lang/NoSuchMethodError'{0x00000000897c1510}: 'void java.lang.invoke.DirectMethodHandle$Holder.invokeStatic(java.lang.Object, java.lang.Object, java.lang.Object, java.lang.Object, java.lang.Object, java.lang.Object, java.lang.Object, java.lang.Object)'> (0x00000000897c1510) thrown at [./src/hotspot/share/interpreter/linkResolver.cpp, line 773]
Event: 130.167 Thread 0x00000218eab82000 Exception <a 'java/lang/IncompatibleClassChangeError'{0x000000008ab6acc8}: Found class java.lang.Object, but interface was expected> (0x000000008ab6acc8) thrown at [./src/hotspot/share/interpreter/linkResolver.cpp, line 839]
Event: 130.596 Thread 0x00000218eab82000 Exception <a 'java/lang/NoSuchMethodError'{0x0000000088942278}: 'void java.lang.invoke.DirectMethodHandle$Holder.invokeVirtual(java.lang.Object, java.lang.Object, int)'> (0x0000000088942278) thrown at [./src/hotspot/share/interpreter/linkResolver.cpp, line 773]
Event: 130.869 Thread 0x00000218eab82000 Exception <a 'sun/nio/fs/WindowsException'{0x000000008b5f3cc0}> (0x000000008b5f3cc0) thrown at [./src/hotspot/share/prims/jni.cpp, line 615]

Events (20 events):
Event: 131.373 loading class org/gradle/internal/execution/ExecutionResult
Event: 131.373 loading class org/gradle/internal/execution/ExecutionResult done
Event: 131.375 loading class org/gradle/internal/execution/steps/ExecuteStep$Operation$Result
Event: 131.375 loading class org/gradle/internal/execution/steps/ExecuteStep$Operation$Result done
Event: 131.386 loading class org/gradle/internal/execution/steps/ExecuteStep$Operation$Result$1
Event: 131.386 loading class org/gradle/internal/execution/steps/ExecuteStep$Operation$Result$1 done
Event: 131.390 loading class org/gradle/internal/execution/UnitOfWork
Event: 131.390 loading class org/gradle/internal/execution/UnitOfWork done
Event: 131.390 loading class org/gradle/internal/operations/BuildOperationContext
Event: 131.390 loading class org/gradle/internal/operations/BuildOperationContext done
Event: 131.390 loading class org/gradle/internal/execution/steps/CaptureStateAfterExecutionStep
Event: 131.390 loading class org/gradle/internal/execution/steps/CaptureStateAfterExecutionStep done
Event: 131.392 loading class org/gradle/internal/execution/steps/CaptureStateAfterExecutionStep$Operation$Details
Event: 131.392 loading class org/gradle/internal/execution/steps/CaptureStateAfterExecutionStep$Operation$Details done
Event: 131.394 loading class org/gradle/internal/execution/steps/CaptureStateAfterExecutionStep$Operation$Details$1
Event: 131.394 loading class org/gradle/internal/execution/steps/CaptureStateAfterExecutionStep$Operation$Details$1 done
Event: 131.396 loading class org/gradle/internal/execution/history/BeforeExecutionState
Event: 131.396 loading class org/gradle/internal/execution/history/BeforeExecutionState done
Event: 131.626 Executing VM operation: G1CollectForAllocation
Event: 131.651 Executing VM operation: G1CollectForAllocation done


Dynamic libraries:
0x00007ff7898c0000 - 0x00007ff7898ca000 	D:\androidstudio\jre\bin\java.exe
0x00007fff85e10000 - 0x00007fff86005000 	C:\WINDOWS\SYSTEM32\ntdll.dll
0x00007fff85c60000 - 0x00007fff85d1d000 	C:\WINDOWS\System32\KERNEL32.DLL
0x00007fff83900000 - 0x00007fff83bc9000 	C:\WINDOWS\System32\KERNELBASE.dll
0x00007fff83c50000 - 0x00007fff83d50000 	C:\WINDOWS\System32\ucrtbase.dll
0x00007fff55630000 - 0x00007fff55647000 	D:\androidstudio\jre\bin\VCRUNTIME140.dll
0x00007fff555d0000 - 0x00007fff555e9000 	D:\androidstudio\jre\bin\jli.dll
0x00007fff84750000 - 0x00007fff848f0000 	C:\WINDOWS\System32\USER32.dll
0x00007fff83c20000 - 0x00007fff83c42000 	C:\WINDOWS\System32\win32u.dll
0x00007fff85210000 - 0x00007fff8523a000 	C:\WINDOWS\System32\GDI32.dll
0x00007fff837f0000 - 0x00007fff838fb000 	C:\WINDOWS\System32\gdi32full.dll
0x00007fff717a0000 - 0x00007fff71a3a000 	C:\WINDOWS\WinSxS\amd64_microsoft.windows.common-controls_6595b64144ccf1df_6.0.19041.1110_none_60b5254171f9507e\COMCTL32.dll
0x00007fff83d50000 - 0x00007fff83ded000 	C:\WINDOWS\System32\msvcp_win.dll
0x00007fff84400000 - 0x00007fff8449e000 	C:\WINDOWS\System32\msvcrt.dll
0x00007fff84570000 - 0x00007fff845a0000 	C:\WINDOWS\System32\IMM32.DLL
0x00007fff409b0000 - 0x00007fff40a4d000 	D:\androidstudio\jre\bin\msvcp140.dll
0x00007fff2bbf0000 - 0x00007fff2c6bf000 	D:\androidstudio\jre\bin\server\jvm.dll
0x00007fff83f90000 - 0x00007fff8403c000 	C:\WINDOWS\System32\ADVAPI32.dll
0x00007fff85240000 - 0x00007fff852db000 	C:\WINDOWS\System32\sechost.dll
0x00007fff845c0000 - 0x00007fff846ea000 	C:\WINDOWS\System32\RPCRT4.dll
0x00007fff84040000 - 0x00007fff84048000 	C:\WINDOWS\System32\PSAPI.DLL
0x00007fff794c0000 - 0x00007fff794e7000 	C:\WINDOWS\SYSTEM32\WINMM.dll
0x00007fff75330000 - 0x00007fff75339000 	C:\WINDOWS\SYSTEM32\WSOCK32.dll
0x00007fff794f0000 - 0x00007fff794fa000 	C:\WINDOWS\SYSTEM32\VERSION.dll
0x00007fff85a20000 - 0x00007fff85a8b000 	C:\WINDOWS\System32\WS2_32.dll
0x00007fff81e10000 - 0x00007fff81e22000 	C:\WINDOWS\SYSTEM32\kernel.appcore.dll
0x00007fff5a370000 - 0x00007fff5a381000 	D:\androidstudio\jre\bin\verify.dll
0x00007fff80e00000 - 0x00007fff80fe4000 	C:\WINDOWS\SYSTEM32\DBGHELP.DLL
0x00007fff724d0000 - 0x00007fff724fc000 	C:\WINDOWS\SYSTEM32\dbgcore.DLL
0x00007fff83df0000 - 0x00007fff83e73000 	C:\WINDOWS\System32\bcryptPrimitives.dll
0x00007fff4e130000 - 0x00007fff4e159000 	D:\androidstudio\jre\bin\java.dll
0x00007fff74ba0000 - 0x00007fff74bab000 	D:\androidstudio\jre\bin\jimage.dll
0x00007fff53ab0000 - 0x00007fff53ac8000 	D:\androidstudio\jre\bin\zip.dll
0x00007fff852e0000 - 0x00007fff85a1f000 	C:\WINDOWS\System32\SHELL32.dll
0x00007fff81300000 - 0x00007fff81a91000 	C:\WINDOWS\SYSTEM32\windows.storage.dll
0x00007fff84eb0000 - 0x00007fff85205000 	C:\WINDOWS\System32\combase.dll
0x00007fff82f50000 - 0x00007fff82f7c000 	C:\WINDOWS\SYSTEM32\Wldp.dll
0x00007fff85d20000 - 0x00007fff85dce000 	C:\WINDOWS\System32\SHCORE.dll
0x00007fff84200000 - 0x00007fff84255000 	C:\WINDOWS\System32\shlwapi.dll
0x00007fff83490000 - 0x00007fff834af000 	C:\WINDOWS\SYSTEM32\profapi.dll
0x00007fff4e660000 - 0x00007fff4e67a000 	D:\androidstudio\jre\bin\net.dll
0x00007fff765d0000 - 0x00007fff766da000 	C:\WINDOWS\SYSTEM32\WINHTTP.dll
0x00007fff82c50000 - 0x00007fff82cba000 	C:\WINDOWS\system32\mswsock.dll
0x00007fff4e110000 - 0x00007fff4e124000 	D:\androidstudio\jre\bin\nio.dll
0x00007fff41920000 - 0x00007fff41947000 	C:\Users\WINDOWS 10\.gradle\native\8bec1ad78214c89d9ad589b4d07fe93259594b29d510b10fafb7a158f7737e5d\windows-amd64\native-platform.dll
0x00007fff2b750000 - 0x00007fff2b88d000 	C:\Users\WINDOWS 10\.gradle\native\53dbd7edfb1c66fb8903c78663c9afc45aea4f116125fa6feffd364cf09443e8\windows-amd64\native-platform-file-events.dll
0x00007fff73e10000 - 0x00007fff73e1a000 	D:\androidstudio\jre\bin\management.dll
0x00007fff73940000 - 0x00007fff7394c000 	D:\androidstudio\jre\bin\management_ext.dll
0x00007fff82e40000 - 0x00007fff82e58000 	C:\WINDOWS\SYSTEM32\CRYPTSP.dll
0x00007fff825f0000 - 0x00007fff82624000 	C:\WINDOWS\system32\rsaenh.dll
0x00007fff83710000 - 0x00007fff83737000 	C:\WINDOWS\System32\bcrypt.dll
0x00007fff83450000 - 0x00007fff8347e000 	C:\WINDOWS\SYSTEM32\USERENV.dll
0x00007fff82e30000 - 0x00007fff82e3c000 	C:\WINDOWS\SYSTEM32\CRYPTBASE.dll
0x00007fff82940000 - 0x00007fff8297b000 	C:\WINDOWS\SYSTEM32\IPHLPAPI.DLL
0x00007fff843f0000 - 0x00007fff843f8000 	C:\WINDOWS\System32\NSI.dll
0x00007fff75ce0000 - 0x00007fff75cf7000 	C:\WINDOWS\SYSTEM32\dhcpcsvc6.DLL
0x00007fff76770000 - 0x00007fff7678d000 	C:\WINDOWS\SYSTEM32\dhcpcsvc.DLL
0x00007fff82980000 - 0x00007fff82a4c000 	C:\WINDOWS\SYSTEM32\DNSAPI.dll

dbghelp: loaded successfully - version: 4.0.5 - missing functions: none
symbol engine: initialized successfully - sym options: 0x614 - pdb path: .;D:\androidstudio\jre\bin;C:\WINDOWS\SYSTEM32;C:\WINDOWS\WinSxS\amd64_microsoft.windows.common-controls_6595b64144ccf1df_6.0.19041.1110_none_60b5254171f9507e;D:\androidstudio\jre\bin\server;C:\Users\WINDOWS 10\.gradle\native\8bec1ad78214c89d9ad589b4d07fe93259594b29d510b10fafb7a158f7737e5d\windows-amd64;C:\Users\WINDOWS 10\.gradle\native\53dbd7edfb1c66fb8903c78663c9afc45aea4f116125fa6feffd364cf09443e8\windows-amd64

VM Arguments:
jvm_args: --add-opens=java.base/java.util=ALL-UNNAMED --add-opens=java.base/java.lang=ALL-UNNAMED --add-opens=java.base/java.lang.invoke=ALL-UNNAMED --add-opens=java.base/java.util=ALL-UNNAMED --add-opens=java.prefs/java.util.prefs=ALL-UNNAMED --add-opens=java.prefs/java.util.prefs=ALL-UNNAMED --add-opens=java.base/java.nio.charset=ALL-UNNAMED --add-opens=java.base/java.net=ALL-UNNAMED --add-opens=java.base/java.util.concurrent.atomic=ALL-UNNAMED -Xmx2048m -Dfile.encoding=UTF-8 -Duser.country=ID -Duser.language=in -Duser.variant 
java_command: org.gradle.launcher.daemon.bootstrap.GradleDaemon 7.0.2
java_class_path (initial): C:\Users\WINDOWS 10\.gradle\wrapper\dists\gradle-7.0.2-bin\857tjihv64xamwrf0h14cai3r\gradle-7.0.2\lib\gradle-launcher-7.0.2.jar
Launcher Type: SUN_STANDARD

[Global flags]
     intx CICompilerCount                          = 3                                         {product} {ergonomic}
     uint ConcGCThreads                            = 1                                         {product} {ergonomic}
     uint G1ConcRefinementThreads                  = 4                                         {product} {ergonomic}
   size_t G1HeapRegionSize                         = 1048576                                   {product} {ergonomic}
    uintx GCDrainStackTargetSize                   = 64                                        {product} {ergonomic}
   size_t InitialHeapSize                          = 65011712                                  {product} {ergonomic}
   size_t MarkStackSize                            = 4194304                                   {product} {ergonomic}
   size_t MaxHeapSize                              = 2147483648                                {product} {command line}
   size_t MaxNewSize                               = 1287651328                                {product} {ergonomic}
   size_t MinHeapDeltaBytes                        = 1048576                                   {product} {ergonomic}
    uintx NonNMethodCodeHeapSize                   = 5830732                                {pd product} {ergonomic}
    uintx NonProfiledCodeHeapSize                  = 122913754                              {pd product} {ergonomic}
    uintx ProfiledCodeHeapSize                     = 122913754                              {pd product} {ergonomic}
    uintx ReservedCodeCacheSize                    = 251658240                              {pd product} {ergonomic}
     bool SegmentedCodeCache                       = true                                      {product} {ergonomic}
     bool UseCompressedClassPointers               = true                                 {lp64_product} {ergonomic}
     bool UseCompressedOops                        = true                                 {lp64_product} {ergonomic}
     bool UseG1GC                                  = true                                      {product} {ergonomic}
     bool UseLargePagesIndividualAllocation        = false                                  {pd product} {ergonomic}

Logging:
Log output configuration:
 #0: stdout all=warning uptime,level,tags
 #1: stderr all=off uptime,level,tags

Environment Variables:
PATH=C:\Program Files (x86)\Borland\Delphi7\Bin;C:\Program Files (x86)\Borland\Delphi7\Projects\Bpl\;C:\Program Files (x86)\Common Files\Oracle\Java\javapath;C:\Program Files (x86)\Common Files\Intel\Shared Files\cpp\bin\Intel64;C:\WINDOWS\system32;C:\WINDOWS;C:\WINDOWS\System32\Wbem;C:\WINDOWS\System32\WindowsPowerShell\v1.0\;C:\WINDOWS\System32\OpenSSH\;C:\Program Files\Intel\WiFi\bin\;C:\Program Files\Common Files\Intel\WirelessCommon\;C:\Program Files (x86)\Java\jdk1.7.0_67\bin;C:\Program Files\MATLAB\MATLAB Production Server\R2015a\runtime\win64;C:\Program Files\MATLAB\MATLAB Production Server\R2015a\bin;C:\Program Files\MATLAB\MATLAB Production Server\R2015a\polyspace\bin;C:\xampp\php;C:\ProgramData\ComposerSetup\bin;C:\Program Files\Microsoft SQL Server\110\Tools\Binn\;C:\Program Files\nodejs\;C:\Program Files\Git\cmd;C:\Program Files (x86)\Windows Kits\8.1\Windows Performance Toolkit\;C:\Program Files\Microsoft SQL Server\Client SDK\ODBC\110\Tools\Binn\;C:\Program Files (x86)\Microsoft SQL Server\120\Tools\Binn\;C:\Program Files\Microsoft SQL Server\120\Tools\Binn\;C:\Program Files\Microsoft SQL Server\120\DTS\Binn\;C:\Program Files (x86)\Microsoft SQL Server\120\Tools\Binn\ManagementStudio\;C:\Program Files (x86)\Microsoft SQL Server\120\DTS\Binn\;C:\Users\WINDOWS 10\AppData\Local\Microsoft\WindowsApps;C:\Program Files (x86)\Java\jdk1.7.0_67\bin;C:\Users\WINDOWS 10\AppData\Roaming\Composer\vendor\bin;;C:\Users\WINDOWS 10\AppData\Local\Programs\Microsoft VS Code\bin;C:\Users\WINDOWS 10\AppData\Roaming\npm
USERNAME=WINDOWS 10
OS=Windows_NT
PROCESSOR_IDENTIFIER=AMD64 Family 21 Model 101 Stepping 1, AuthenticAMD



---------------  S Y S T E M  ---------------

OS: Windows 10 , 64 bit Build 19041 (10.0.19041.1023)
OS uptime: 2 days 22:37 hours

CPU:total 4 (initial active 4) (4 cores per cpu, 1 threads per core) family 21 model 101 stepping 1 microcode 0x0, cmov, cx8, fxsr, mmx, sse, sse2, sse3, ssse3, sse4.1, sse4.2, popcnt, avx, avx2, aes, clmul, mmxext, 3dnowpref, lzcnt, sse4a, tsc, tscinvbit, tscinv, bmi1, bmi2, fma

Memory: 4k page, system-wide physical 3967M (283M free)
TotalPageFile size 8580M (AvailPageFile size 20M)
current process WorkingSet (physical memory assigned to process): 430M, peak: 431M
current process commit charge ("private bytes"): 514M, peak: 515M

vm_info: OpenJDK 64-Bit Server VM (11.0.10+0-b96-7249189) for windows-amd64 JRE (11.0.10+0-b96-7249189), built on Mar 31 2021 21:44:00 by "builder" with MS VC++ 14.0 (VS2015)

END.
