#
# There is insufficient memory for the Java Runtime Environment to continue.
# Native memory allocation (malloc) failed to allocate 1084816 bytes for Chunk::new
# Possible reasons:
#   The system is out of physical RAM or swap space
#   The process is running with CompressedOops enabled, and the Java Heap may be blocking the growth of the native heap
# Possible solutions:
#   Reduce memory load on the system
#   Increase physical memory or swap space
#   Check if swap backing store is full
#   Decrease Java heap size (-Xmx/-Xms)
#   Decrease number of Java threads
#   Decrease Java thread stack sizes (-Xss)
#   Set larger code cache with -XX:ReservedCodeCacheSize=
#   JVM is running with Unscaled Compressed Oops mode in which the Java heap is
#     placed in the first 4GB address space. The Java Heap base address is the
#     maximum limit for the native heap growth. Please use -XX:HeapBaseMinAddress
#     to set the Java Heap base and to place the Java Heap above 4GB virtual address.
# This output file may be truncated or incomplete.
#
#  Out of Memory Error (./src/hotspot/share/memory/arena.cpp:197), pid=21460, tid=5772
#
# JRE version: OpenJDK Runtime Environment (11.0.10) (build 11.0.10+0-b96-7249189)
# Java VM: OpenJDK 64-Bit Server VM (11.0.10+0-b96-7249189, mixed mode, tiered, compressed oops, g1 gc, windows-amd64)
# No core dump will be written. Minidumps are not enabled by default on client versions of Windows
#

---------------  S U M M A R Y ------------

Command Line: --add-opens=java.base/java.util=ALL-UNNAMED --add-opens=java.base/java.lang=ALL-UNNAMED --add-opens=java.base/java.lang.invoke=ALL-UNNAMED --add-opens=java.base/java.util=ALL-UNNAMED --add-opens=java.prefs/java.util.prefs=ALL-UNNAMED --add-opens=java.prefs/java.util.prefs=ALL-UNNAMED --add-opens=java.base/java.nio.charset=ALL-UNNAMED --add-opens=java.base/java.net=ALL-UNNAMED --add-opens=java.base/java.util.concurrent.atomic=ALL-UNNAMED -Xmx2048m -Dfile.encoding=UTF-8 -Duser.country=ID -Duser.language=in -Duser.variant org.gradle.launcher.daemon.bootstrap.GradleDaemon 7.0.2

Host: AMD A12-9720P RADEON R7, 12 COMPUTE CORES 4C+8G, 4 cores, 3G,  Windows 10 , 64 bit Build 19041 (10.0.19041.1023)
Time: Mon Oct  4 18:04:50 2021 SE Asia Standard Time elapsed time: 21.480721 seconds (0d 0h 0m 21s)

---------------  T H R E A D  ---------------

Current thread (0x0000011a2d5ba000):  JavaThread "C2 CompilerThread0" daemon [_thread_in_native, id=5772, stack(0x00000014c4700000,0x00000014c4800000)]


Current CompileTask:
C2:  21481 3813   !   4       java.util.zip.ZipFile::getInputStream (323 bytes)

Stack: [0x00000014c4700000,0x00000014c4800000]
Native frames: (J=compiled Java code, j=interpreted, Vv=VM code, C=native code)
V  [jvm.dll+0x5ecfaa]
V  [jvm.dll+0x722bd5]
V  [jvm.dll+0x72412d]
V  [jvm.dll+0x7247e3]
V  [jvm.dll+0x242928]
V  [jvm.dll+0xbc4fc]
V  [jvm.dll+0xbca0c]
V  [jvm.dll+0x352d7d]
V  [jvm.dll+0x320ad3]
V  [jvm.dll+0x31ffca]
V  [jvm.dll+0x1fb602]
V  [jvm.dll+0x1fa7f4]
V  [jvm.dll+0x18354c]
V  [jvm.dll+0x208ee7]
V  [jvm.dll+0x207731]
V  [jvm.dll+0x6eb1cf]
V  [jvm.dll+0x6e3d45]
V  [jvm.dll+0x5ebe96]
C  [ucrtbase.dll+0x21bb2]
C  [KERNEL32.DLL+0x17034]
C  [ntdll.dll+0x52651]


---------------  P R O C E S S  ---------------

Threads class SMR info:
_java_thread_list=0x0000011a30c7ede0, length=35, elements={
0x0000011a1328b000, 0x0000011a2d559000, 0x0000011a2d55a800, 0x0000011a2d5b0800,
0x0000011a2d5b5000, 0x0000011a2d5b6000, 0x0000011a2d5ba000, 0x0000011a2d5bd800,
0x0000011a2d5d9000, 0x0000011a2e034000, 0x0000011a2f689800, 0x0000011a2f96b800,
0x0000011a2f97e000, 0x0000011a2eddf000, 0x0000011a2e343800, 0x0000011a2f968000,
0x0000011a2f412800, 0x0000011a3014c800, 0x0000011a2ed24800, 0x0000011a2ea8e800,
0x0000011a2ea92800, 0x0000011a2ea91800, 0x0000011a2ea95000, 0x0000011a2ea91000,
0x0000011a2ea8f000, 0x0000011a2ea90000, 0x0000011a2ea93000, 0x0000011a2ea94000,
0x0000011a30d71000, 0x0000011a30d73800, 0x0000011a30d72000, 0x0000011a30d73000,
0x0000011a30d75000, 0x0000011a30d70800, 0x0000011a30d79800
}

Java Threads: ( => current thread )
  0x0000011a1328b000 JavaThread "main" [_thread_blocked, id=7268, stack(0x00000014c3b00000,0x00000014c3c00000)]
  0x0000011a2d559000 JavaThread "Reference Handler" daemon [_thread_blocked, id=17012, stack(0x00000014c4200000,0x00000014c4300000)]
  0x0000011a2d55a800 JavaThread "Finalizer" daemon [_thread_blocked, id=20148, stack(0x00000014c4300000,0x00000014c4400000)]
  0x0000011a2d5b0800 JavaThread "Signal Dispatcher" daemon [_thread_blocked, id=10640, stack(0x00000014c4400000,0x00000014c4500000)]
  0x0000011a2d5b5000 JavaThread "Attach Listener" daemon [_thread_blocked, id=7864, stack(0x00000014c4500000,0x00000014c4600000)]
  0x0000011a2d5b6000 JavaThread "Service Thread" daemon [_thread_blocked, id=11496, stack(0x00000014c4600000,0x00000014c4700000)]
=>0x0000011a2d5ba000 JavaThread "C2 CompilerThread0" daemon [_thread_in_native, id=5772, stack(0x00000014c4700000,0x00000014c4800000)]
  0x0000011a2d5bd800 JavaThread "C1 CompilerThread0" daemon [_thread_blocked, id=14256, stack(0x00000014c4800000,0x00000014c4900000)]
  0x0000011a2d5d9000 JavaThread "Sweeper thread" daemon [_thread_blocked, id=21056, stack(0x00000014c4900000,0x00000014c4a00000)]
  0x0000011a2e034000 JavaThread "Common-Cleaner" daemon [_thread_blocked, id=17516, stack(0x00000014c4a00000,0x00000014c4b00000)]
  0x0000011a2f689800 JavaThread "Daemon health stats" [_thread_blocked, id=13316, stack(0x00000014c4d00000,0x00000014c4e00000)]
  0x0000011a2f96b800 JavaThread "Incoming local TCP Connector on port 1028" [_thread_in_native, id=20888, stack(0x00000014c4e00000,0x00000014c4f00000)]
  0x0000011a2f97e000 JavaThread "Daemon periodic checks" [_thread_blocked, id=20756, stack(0x00000014c4f00000,0x00000014c5000000)]
  0x0000011a2eddf000 JavaThread "Daemon" [_thread_blocked, id=22276, stack(0x00000014c5000000,0x00000014c5100000)]
  0x0000011a2e343800 JavaThread "Handler for socket connection from /127.0.0.1:1028 to /127.0.0.1:1029" [_thread_in_native, id=21148, stack(0x00000014c5100000,0x00000014c5200000)]
  0x0000011a2f968000 JavaThread "Cancel handler" [_thread_blocked, id=18160, stack(0x00000014c5200000,0x00000014c5300000)]
  0x0000011a2f412800 JavaThread "Daemon worker" [_thread_in_vm, id=20644, stack(0x00000014c5300000,0x00000014c5400000)]
  0x0000011a3014c800 JavaThread "Asynchronous log dispatcher for DefaultDaemonConnection: socket connection from /127.0.0.1:1028 to /127.0.0.1:1029" [_thread_blocked, id=19964, stack(0x00000014c5400000,0x00000014c5500000)]
  0x0000011a2ed24800 JavaThread "Stdin handler" [_thread_blocked, id=3500, stack(0x00000014c5500000,0x00000014c5600000)]
  0x0000011a2ea8e800 JavaThread "Daemon client event forwarder" [_thread_blocked, id=19352, stack(0x00000014c5600000,0x00000014c5700000)]
  0x0000011a2ea92800 JavaThread "Cache worker for file hash cache (C:\Users\WINDOWS 10\.gradle\caches\7.0.2\fileHashes)" [_thread_blocked, id=6168, stack(0x00000014c5900000,0x00000014c5a00000)]
  0x0000011a2ea91800 JavaThread "File lock request listener" [_thread_in_native, id=20060, stack(0x00000014c5a00000,0x00000014c5b00000)]
  0x0000011a2ea95000 JavaThread "Cache worker for journal cache (C:\Users\WINDOWS 10\.gradle\caches\journal-1)" [_thread_blocked, id=20936, stack(0x00000014c5b00000,0x00000014c5c00000)]
  0x0000011a2ea91000 JavaThread "Cache worker for file hash cache (D:\androidstudio_projects\.gradle\7.0.2\fileHashes)" [_thread_blocked, id=19536, stack(0x00000014c5c00000,0x00000014c5d00000)]
  0x0000011a2ea8f000 JavaThread "File watcher server" daemon [_thread_in_native, id=20760, stack(0x00000014c5d00000,0x00000014c5e00000)]
  0x0000011a2ea90000 JavaThread "File watcher consumer" daemon [_thread_blocked, id=21640, stack(0x00000014c5e00000,0x00000014c5f00000)]
  0x0000011a2ea93000 JavaThread "Cache worker for checksums cache (D:\androidstudio_projects\.gradle\checksums)" [_thread_blocked, id=19992, stack(0x00000014c5f00000,0x00000014c6000000)]
  0x0000011a2ea94000 JavaThread "Cache worker for cache directory md-supplier (C:\Users\WINDOWS 10\.gradle\caches\7.0.2\md-supplier)" [_thread_blocked, id=5752, stack(0x00000014c6000000,0x00000014c6100000)]
  0x0000011a30d71000 JavaThread "Cache worker for cache directory md-rule (C:\Users\WINDOWS 10\.gradle\caches\7.0.2\md-rule)" [_thread_blocked, id=16756, stack(0x00000014c6100000,0x00000014c6200000)]
  0x0000011a30d73800 JavaThread "Cache worker for execution history cache (C:\Users\WINDOWS 10\.gradle\caches\7.0.2\executionHistory)" [_thread_blocked, id=12752, stack(0x00000014c6200000,0x00000014c6300000)]
  0x0000011a30d72000 JavaThread "jar transforms" [_thread_blocked, id=9804, stack(0x00000014c6300000,0x00000014c6400000)]
  0x0000011a30d73000 JavaThread "jar transforms Thread 2" [_thread_blocked, id=15408, stack(0x00000014c6400000,0x00000014c6500000)]
  0x0000011a30d75000 JavaThread "Cache worker for file content cache (C:\Users\WINDOWS 10\.gradle\caches\7.0.2\fileContent)" [_thread_blocked, id=17104, stack(0x00000014c6500000,0x00000014c6600000)]
  0x0000011a30d70800 JavaThread "Cache worker for dependencies-accessors (D:\androidstudio_projects\.gradle\7.0.2\dependencies-accessors)" [_thread_blocked, id=22408, stack(0x00000014c6600000,0x00000014c6700000)]
  0x0000011a30d79800 JavaThread "jar transforms Thread 3" [_thread_blocked, id=14728, stack(0x00000014c6700000,0x00000014c6800000)]

Other Threads:
  0x0000011a2d552000 VMThread "VM Thread" [stack: 0x00000014c4100000,0x00000014c4200000] [id=6672]
  0x0000011a2e069000 WatcherThread [stack: 0x00000014c4b00000,0x00000014c4c00000] [id=21844]
  0x0000011a132a5000 GCTaskThread "GC Thread#0" [stack: 0x00000014c3c00000,0x00000014c3d00000] [id=22144]
  0x0000011a2e91b000 GCTaskThread "GC Thread#1" [stack: 0x00000014c4c00000,0x00000014c4d00000] [id=15912]
  0x0000011a2f318000 GCTaskThread "GC Thread#2" [stack: 0x00000014c5700000,0x00000014c5800000] [id=12356]
  0x0000011a2e231800 GCTaskThread "GC Thread#3" [stack: 0x00000014c5800000,0x00000014c5900000] [id=2312]
  0x0000011a132d5000 ConcurrentGCThread "G1 Main Marker" [stack: 0x00000014c3d00000,0x00000014c3e00000] [id=16680]
  0x0000011a132d6800 ConcurrentGCThread "G1 Conc#0" [stack: 0x00000014c3e00000,0x00000014c3f00000] [id=18440]
  0x0000011a13331000 ConcurrentGCThread "G1 Refine#0" [stack: 0x00000014c3f00000,0x00000014c4000000] [id=20648]
  0x0000011a13332000 ConcurrentGCThread "G1 Young RemSet Sampling" [stack: 0x00000014c4000000,0x00000014c4100000] [id=20116]

Threads with active compile tasks:
C2 CompilerThread0  21575 3813   !   4       java.util.zip.ZipFile::getInputStream (323 bytes)

VM state:not at safepoint (normal execution)

VM Mutex/Monitor currently owned by a thread: None

Heap address: 0x0000000080000000, size: 2048 MB, Compressed Oops mode: 32-bit
Narrow klass base: 0x0000000000000000, Narrow klass shift: 3
Compressed class space size: 1073741824 Address: 0x0000000100000000

Heap:
 garbage-first heap   total 76800K, used 32568K [0x0000000080000000, 0x0000000100000000)
  region size 1024K, 6 young (6144K), 2 survivors (2048K)
 Metaspace       used 44238K, capacity 45321K, committed 45516K, reserved 1089536K
  class space    used 5666K, capacity 6036K, committed 6092K, reserved 1048576K
Heap Regions: E=young(eden), S=young(survivor), O=old, HS=humongous(starts), HC=humongous(continues), CS=collection set, F=free, A=archive, TAMS=top-at-mark-start (previous, next)
|   0|0x0000000080000000, 0x0000000080100000, 0x0000000080100000|100%| O|  |TAMS 0x0000000080100000, 0x0000000080000000| Untracked 
|   1|0x0000000080100000, 0x0000000080200000, 0x0000000080200000|100%| O|  |TAMS 0x0000000080200000, 0x0000000080100000| Untracked 
|   2|0x0000000080200000, 0x0000000080300000, 0x0000000080300000|100%| O|  |TAMS 0x0000000080300000, 0x0000000080200000| Untracked 
|   3|0x0000000080300000, 0x0000000080400000, 0x0000000080400000|100%|HS|  |TAMS 0x0000000080400000, 0x0000000080300000| Complete 
|   4|0x0000000080400000, 0x0000000080500000, 0x0000000080500000|100%|HC|  |TAMS 0x0000000080500000, 0x0000000080400000| Complete 
|   5|0x0000000080500000, 0x0000000080600000, 0x0000000080600000|100%|HC|  |TAMS 0x0000000080600000, 0x0000000080500000| Complete 
|   6|0x0000000080600000, 0x0000000080700000, 0x0000000080700000|100%| O|  |TAMS 0x0000000080700000, 0x0000000080600000| Untracked 
|   7|0x0000000080700000, 0x0000000080800000, 0x0000000080800000|100%| O|  |TAMS 0x0000000080800000, 0x0000000080700000| Untracked 
|   8|0x0000000080800000, 0x0000000080900000, 0x0000000080900000|100%| O|  |TAMS 0x0000000080900000, 0x0000000080800000| Untracked 
|   9|0x0000000080900000, 0x0000000080a00000, 0x0000000080a00000|100%| O|  |TAMS 0x0000000080a00000, 0x0000000080900000| Untracked 
|  10|0x0000000080a00000, 0x0000000080b00000, 0x0000000080b00000|100%| O|  |TAMS 0x0000000080b00000, 0x0000000080a00000| Untracked 
|  11|0x0000000080b00000, 0x0000000080c00000, 0x0000000080c00000|100%| O|  |TAMS 0x0000000080c00000, 0x0000000080b00000| Untracked 
|  12|0x0000000080c00000, 0x0000000080d00000, 0x0000000080d00000|100%| O|  |TAMS 0x0000000080d00000, 0x0000000080c00000| Untracked 
|  13|0x0000000080d00000, 0x0000000080e00000, 0x0000000080e00000|100%| O|  |TAMS 0x0000000080e00000, 0x0000000080d00000| Untracked 
|  14|0x0000000080e00000, 0x0000000080f00000, 0x0000000080f00000|100%| O|  |TAMS 0x0000000080f00000, 0x0000000080e00000| Untracked 
|  15|0x0000000080f00000, 0x0000000081000000, 0x0000000081000000|100%| O|  |TAMS 0x0000000081000000, 0x0000000080f00000| Untracked 
|  16|0x0000000081000000, 0x0000000081100000, 0x0000000081100000|100%| O|  |TAMS 0x0000000081100000, 0x0000000081000000| Untracked 
|  17|0x0000000081100000, 0x0000000081200000, 0x0000000081200000|100%| O|  |TAMS 0x0000000081200000, 0x0000000081100000| Untracked 
|  18|0x0000000081200000, 0x0000000081300000, 0x0000000081300000|100%| O|  |TAMS 0x0000000081300000, 0x0000000081200000| Untracked 
|  19|0x0000000081300000, 0x0000000081400000, 0x0000000081400000|100%| O|  |TAMS 0x0000000081400000, 0x0000000081300000| Untracked 
|  20|0x0000000081400000, 0x0000000081500000, 0x0000000081500000|100%| O|  |TAMS 0x0000000081500000, 0x0000000081400000| Untracked 
|  21|0x0000000081500000, 0x0000000081600000, 0x0000000081600000|100%| O|  |TAMS 0x00000000815db600, 0x0000000081500000| Untracked 
|  22|0x0000000081600000, 0x0000000081700000, 0x0000000081700000|100%| O|  |TAMS 0x0000000081600000, 0x0000000081600000| Untracked 
|  23|0x0000000081700000, 0x0000000081800000, 0x0000000081800000|100%| O|  |TAMS 0x0000000081700000, 0x0000000081700000| Untracked 
|  24|0x0000000081800000, 0x0000000081900000, 0x0000000081900000|100%| O|  |TAMS 0x0000000081800000, 0x0000000081800000| Untracked 
|  25|0x0000000081900000, 0x0000000081900000, 0x0000000081a00000|  0%| F|  |TAMS 0x0000000081900000, 0x0000000081900000| Untracked 
|  26|0x0000000081a00000, 0x0000000081b00000, 0x0000000081b00000|100%| O|  |TAMS 0x0000000081a00000, 0x0000000081a00000| Untracked 
|  27|0x0000000081b00000, 0x0000000081bf9200, 0x0000000081c00000| 97%| O|  |TAMS 0x0000000081b00000, 0x0000000081b00000| Untracked 
|  28|0x0000000081c00000, 0x0000000081c00000, 0x0000000081d00000|  0%| F|  |TAMS 0x0000000081c00000, 0x0000000081c00000| Untracked 
|  29|0x0000000081d00000, 0x0000000081d00000, 0x0000000081e00000|  0%| F|  |TAMS 0x0000000081d00000, 0x0000000081d00000| Untracked 
|  30|0x0000000081e00000, 0x0000000081e00000, 0x0000000081f00000|  0%| F|  |TAMS 0x0000000081e00000, 0x0000000081e00000| Untracked 
|  31|0x0000000081f00000, 0x0000000081f00000, 0x0000000082000000|  0%| F|  |TAMS 0x0000000081f00000, 0x0000000081f00000| Untracked 
|  32|0x0000000082000000, 0x0000000082000000, 0x0000000082100000|  0%| F|  |TAMS 0x0000000082000000, 0x0000000082000000| Untracked 
|  33|0x0000000082100000, 0x0000000082100000, 0x0000000082200000|  0%| F|  |TAMS 0x0000000082100000, 0x0000000082100000| Untracked 
|  34|0x0000000082200000, 0x0000000082200000, 0x0000000082300000|  0%| F|  |TAMS 0x0000000082200000, 0x0000000082200000| Untracked 
|  35|0x0000000082300000, 0x0000000082300000, 0x0000000082400000|  0%| F|  |TAMS 0x0000000082300000, 0x0000000082300000| Untracked 
|  36|0x0000000082400000, 0x0000000082400000, 0x0000000082500000|  0%| F|  |TAMS 0x0000000082400000, 0x0000000082400000| Untracked 
|  37|0x0000000082500000, 0x0000000082500000, 0x0000000082600000|  0%| F|  |TAMS 0x0000000082500000, 0x0000000082500000| Untracked 
|  38|0x0000000082600000, 0x0000000082600000, 0x0000000082700000|  0%| F|  |TAMS 0x0000000082600000, 0x0000000082600000| Untracked 
|  39|0x0000000082700000, 0x0000000082700000, 0x0000000082800000|  0%| F|  |TAMS 0x0000000082700000, 0x0000000082700000| Untracked 
|  40|0x0000000082800000, 0x0000000082800000, 0x0000000082900000|  0%| F|  |TAMS 0x0000000082800000, 0x0000000082800000| Untracked 
|  41|0x0000000082900000, 0x0000000082900000, 0x0000000082a00000|  0%| F|  |TAMS 0x0000000082900000, 0x0000000082900000| Untracked 
|  42|0x0000000082a00000, 0x0000000082a00000, 0x0000000082b00000|  0%| F|  |TAMS 0x0000000082a00000, 0x0000000082a00000| Untracked 
|  43|0x0000000082b00000, 0x0000000082b00000, 0x0000000082c00000|  0%| F|  |TAMS 0x0000000082b00000, 0x0000000082b00000| Untracked 
|  44|0x0000000082c00000, 0x0000000082c00000, 0x0000000082d00000|  0%| F|  |TAMS 0x0000000082c00000, 0x0000000082c00000| Untracked 
|  45|0x0000000082d00000, 0x0000000082d00000, 0x0000000082e00000|  0%| F|  |TAMS 0x0000000082d00000, 0x0000000082d00000| Untracked 
|  46|0x0000000082e00000, 0x0000000082e00000, 0x0000000082f00000|  0%| F|  |TAMS 0x0000000082e00000, 0x0000000082e00000| Untracked 
|  47|0x0000000082f00000, 0x0000000082fd50c8, 0x0000000083000000| 83%| S|CS|TAMS 0x0000000082f00000, 0x0000000082f00000| Complete 
|  48|0x0000000083000000, 0x0000000083100000, 0x0000000083100000|100%| S|CS|TAMS 0x0000000083000000, 0x0000000083000000| Complete 
|  49|0x0000000083100000, 0x0000000083100000, 0x0000000083200000|  0%| F|  |TAMS 0x0000000083100000, 0x0000000083100000| Untracked 
|  50|0x0000000083200000, 0x0000000083200000, 0x0000000083300000|  0%| F|  |TAMS 0x0000000083200000, 0x0000000083200000| Untracked 
|  51|0x0000000083300000, 0x0000000083300000, 0x0000000083400000|  0%| F|  |TAMS 0x0000000083300000, 0x0000000083300000| Untracked 
|  52|0x0000000083400000, 0x0000000083400000, 0x0000000083500000|  0%| F|  |TAMS 0x0000000083400000, 0x0000000083400000| Untracked 
|  53|0x0000000083500000, 0x0000000083500000, 0x0000000083600000|  0%| F|  |TAMS 0x0000000083500000, 0x0000000083500000| Untracked 
|  54|0x0000000083600000, 0x0000000083600000, 0x0000000083700000|  0%| F|  |TAMS 0x0000000083600000, 0x0000000083600000| Untracked 
|  55|0x0000000083700000, 0x0000000083700000, 0x0000000083800000|  0%| F|  |TAMS 0x0000000083700000, 0x0000000083700000| Untracked 
|  56|0x0000000083800000, 0x0000000083800000, 0x0000000083900000|  0%| F|  |TAMS 0x0000000083800000, 0x0000000083800000| Untracked 
|  57|0x0000000083900000, 0x0000000083900000, 0x0000000083a00000|  0%| F|  |TAMS 0x0000000083900000, 0x0000000083900000| Untracked 
|  58|0x0000000083a00000, 0x0000000083a00000, 0x0000000083b00000|  0%| F|  |TAMS 0x0000000083a00000, 0x0000000083a00000| Untracked 
|  59|0x0000000083b00000, 0x0000000083b00000, 0x0000000083c00000|  0%| F|  |TAMS 0x0000000083b00000, 0x0000000083b00000| Untracked 
|  60|0x0000000083c00000, 0x0000000083c00000, 0x0000000083d00000|  0%| F|  |TAMS 0x0000000083c00000, 0x0000000083c00000| Untracked 
|  61|0x0000000083d00000, 0x0000000083d00000, 0x0000000083e00000|  0%| F|  |TAMS 0x0000000083d00000, 0x0000000083d00000| Untracked 
|  62|0x0000000083e00000, 0x0000000083e00000, 0x0000000083f00000|  0%| F|  |TAMS 0x0000000083e00000, 0x0000000083e00000| Untracked 
|  63|0x0000000083f00000, 0x0000000083f00000, 0x0000000084000000|  0%| F|  |TAMS 0x0000000083f00000, 0x0000000083f00000| Untracked 
|  64|0x0000000084000000, 0x0000000084000000, 0x0000000084100000|  0%| F|  |TAMS 0x0000000084000000, 0x0000000084000000| Untracked 
|  65|0x0000000084100000, 0x0000000084100000, 0x0000000084200000|  0%| F|  |TAMS 0x0000000084100000, 0x0000000084100000| Untracked 
|  66|0x0000000084200000, 0x0000000084200000, 0x0000000084300000|  0%| F|  |TAMS 0x0000000084200000, 0x0000000084200000| Untracked 
|  67|0x0000000084300000, 0x0000000084300000, 0x0000000084400000|  0%| F|  |TAMS 0x0000000084300000, 0x0000000084300000| Untracked 
|  68|0x0000000084400000, 0x0000000084400000, 0x0000000084500000|  0%| F|  |TAMS 0x0000000084400000, 0x0000000084400000| Untracked 
|  69|0x0000000084500000, 0x0000000084500000, 0x0000000084600000|  0%| F|  |TAMS 0x0000000084500000, 0x0000000084500000| Untracked 
|  70|0x0000000084600000, 0x000000008467e4d0, 0x0000000084700000| 49%| E|  |TAMS 0x0000000084600000, 0x0000000084600000| Complete 
|  71|0x0000000084700000, 0x0000000084800000, 0x0000000084800000|100%| E|CS|TAMS 0x0000000084700000, 0x0000000084700000| Complete 
|  72|0x0000000084800000, 0x0000000084900000, 0x0000000084900000|100%| E|CS|TAMS 0x0000000084800000, 0x0000000084800000| Complete 
|  73|0x0000000084900000, 0x0000000084a00000, 0x0000000084a00000|100%| E|CS|TAMS 0x0000000084900000, 0x0000000084900000| Complete 
|  74|0x0000000084a00000, 0x0000000084b00000, 0x0000000084b00000|100%| E|CS|TAMS 0x0000000084a00000, 0x0000000084a00000| Complete 

Card table byte_map: [0x0000011a267a0000,0x0000011a26ba0000] _byte_map_base: 0x0000011a263a0000

Marking Bits (Prev, Next): (CMBitMap*) 0x0000011a132cc698, (CMBitMap*) 0x0000011a132cc6d0
 Prev Bits: [0x0000011a26fa0000, 0x0000011a28fa0000)
 Next Bits: [0x0000011a28fa0000, 0x0000011a2afa0000)

Polling page: 0x0000011a11a40000

Metaspace:

Usage:
  Non-class:     38.36 MB capacity,    37.68 MB ( 98%) used,   593.45 KB (  2%) free+waste,   102.38 KB ( <1%) overhead. 
      Class:      5.89 MB capacity,     5.54 MB ( 94%) used,   316.70 KB (  5%) free+waste,    49.00 KB ( <1%) overhead. 
       Both:     44.26 MB capacity,    43.22 MB ( 98%) used,   910.15 KB (  2%) free+waste,   151.38 KB ( <1%) overhead. 

Virtual space:
  Non-class space:       40.00 MB reserved,      38.50 MB ( 96%) committed 
      Class space:        1.00 GB reserved,       5.95 MB ( <1%) committed 
             Both:        1.04 GB reserved,      44.45 MB (  4%) committed 

Chunk freelists:
   Non-Class:  11.00 KB
       Class:  12.00 KB
        Both:  23.00 KB

MaxMetaspaceSize: 17179869184.00 GB
CompressedClassSpaceSize: 1.00 GB

CodeHeap 'non-profiled nmethods': size=120064Kb used=1822Kb max_used=1822Kb free=118241Kb
 bounds [0x0000011a1e840000, 0x0000011a1eab0000, 0x0000011a25d80000]
CodeHeap 'profiled nmethods': size=120000Kb used=8242Kb max_used=8242Kb free=111757Kb
 bounds [0x0000011a17310000, 0x0000011a17b20000, 0x0000011a1e840000]
CodeHeap 'non-nmethods': size=5696Kb used=2203Kb max_used=2243Kb free=3492Kb
 bounds [0x0000011a16d80000, 0x0000011a16ff0000, 0x0000011a17310000]
 total_blobs=4561 nmethods=3792 adapters=681
 compilation: enabled
              stopped_count=0, restarted_count=0
 full_count=0

Compilation events (20 events):
Event: 21.060 Thread 0x0000011a2d5bd800 3807       3       sun.reflect.annotation.AnnotationParser$1::run (5 bytes)
Event: 21.060 Thread 0x0000011a2d5bd800 nmethod 3807 0x0000011a17b18390 code [0x0000011a17b18540, 0x0000011a17b18688]
Event: 21.060 Thread 0x0000011a2d5bd800 3808       3       sun.reflect.annotation.AnnotationParser$1::run (40 bytes)
Event: 21.062 Thread 0x0000011a2d5bd800 nmethod 3808 0x0000011a17b18710 code [0x0000011a17b189c0, 0x0000011a17b198d8]
Event: 21.062 Thread 0x0000011a2d5bd800 3809       3       com.google.common.collect.ImmutableCollection$ArrayBasedBuilder::<init> (25 bytes)
Event: 21.063 Thread 0x0000011a2d5bd800 nmethod 3809 0x0000011a17b19d90 code [0x0000011a17b19f60, 0x0000011a17b1a268]
Event: 21.063 Thread 0x0000011a2d5bd800 3810       3       com.google.common.collect.ImmutableCollection$Builder::<init> (5 bytes)
Event: 21.064 Thread 0x0000011a2d5bd800 nmethod 3810 0x0000011a17b1a390 code [0x0000011a17b1a540, 0x0000011a17b1a698]
Event: 21.139 Thread 0x0000011a2d5bd800 3811       3       java.net.URI::match (56 bytes)
Event: 21.140 Thread 0x0000011a2d5bd800 nmethod 3811 0x0000011a17b1a790 code [0x0000011a17b1a940, 0x0000011a17b1abf8]
Event: 21.140 Thread 0x0000011a2d5bd800 3812       3       java.net.URI$Parser::scan (41 bytes)
Event: 21.141 Thread 0x0000011a2d5bd800 nmethod 3812 0x0000011a17b1ac90 code [0x0000011a17b1af00, 0x0000011a17b1b858]
Event: 21.190 Thread 0x0000011a2d5ba000 nmethod 3758 0x0000011a1e9fdf90 code [0x0000011a1e9fe360, 0x0000011a1ea029b8]
Event: 21.190 Thread 0x0000011a2d5ba000 3768       4       java.util.Collections$UnmodifiableCollection$1::next (10 bytes)
Event: 21.192 Thread 0x0000011a2d5ba000 nmethod 3768 0x0000011a1ea04f90 code [0x0000011a1ea05120, 0x0000011a1ea051b8]
Event: 21.192 Thread 0x0000011a2d5ba000 3780       4       java.util.HashMap$HashMapSpliterator::getFence (53 bytes)
Event: 21.193 Thread 0x0000011a2d5ba000 nmethod 3780 0x0000011a1ea05290 code [0x0000011a1ea05420, 0x0000011a1ea054b8]
Event: 21.193 Thread 0x0000011a2d5ba000 3759       4       java.lang.ClassLoader::postDefineClass (39 bytes)
Event: 21.298 Thread 0x0000011a2d5ba000 nmethod 3759 0x0000011a1ea05590 code [0x0000011a1ea057e0, 0x0000011a1ea06d10]
Event: 21.298 Thread 0x0000011a2d5ba000 3813   !   4       java.util.zip.ZipFile::getInputStream (323 bytes)

GC Heap History (20 events):
Event: 13.143 GC heap before
{Heap before GC invocations=7 (full 0):
 garbage-first heap   total 63488K, used 41938K [0x0000000080000000, 0x0000000100000000)
  region size 1024K, 26 young (26624K), 1 survivors (1024K)
 Metaspace       used 23203K, capacity 23887K, committed 23936K, reserved 1071104K
  class space    used 2943K, capacity 3157K, committed 3200K, reserved 1048576K
}
Event: 13.150 GC heap after
{Heap after GC invocations=8 (full 0):
 garbage-first heap   total 63488K, used 18030K [0x0000000080000000, 0x0000000100000000)
  region size 1024K, 2 young (2048K), 2 survivors (2048K)
 Metaspace       used 23203K, capacity 23887K, committed 23936K, reserved 1071104K
  class space    used 2943K, capacity 3157K, committed 3200K, reserved 1048576K
}
Event: 14.289 GC heap before
{Heap before GC invocations=8 (full 0):
 garbage-first heap   total 63488K, used 44654K [0x0000000080000000, 0x0000000100000000)
  region size 1024K, 28 young (28672K), 2 survivors (2048K)
 Metaspace       used 25985K, capacity 26619K, committed 26752K, reserved 1073152K
  class space    used 3392K, capacity 3601K, committed 3712K, reserved 1048576K
}
Event: 14.297 GC heap after
{Heap after GC invocations=9 (full 0):
 garbage-first heap   total 63488K, used 19021K [0x0000000080000000, 0x0000000100000000)
  region size 1024K, 3 young (3072K), 3 survivors (3072K)
 Metaspace       used 25985K, capacity 26619K, committed 26752K, reserved 1073152K
  class space    used 3392K, capacity 3601K, committed 3712K, reserved 1048576K
}
Event: 15.597 GC heap before
{Heap before GC invocations=9 (full 0):
 garbage-first heap   total 63488K, used 45645K [0x0000000080000000, 0x0000000100000000)
  region size 1024K, 29 young (29696K), 3 survivors (3072K)
 Metaspace       used 28343K, capacity 29054K, committed 29184K, reserved 1075200K
  class space    used 3770K, capacity 4030K, committed 4096K, reserved 1048576K
}
Event: 15.606 GC heap after
{Heap after GC invocations=10 (full 0):
 garbage-first heap   total 63488K, used 19869K [0x0000000080000000, 0x0000000100000000)
  region size 1024K, 3 young (3072K), 3 survivors (3072K)
 Metaspace       used 28343K, capacity 29054K, committed 29184K, reserved 1075200K
  class space    used 3770K, capacity 4030K, committed 4096K, reserved 1048576K
}
Event: 17.290 GC heap before
{Heap before GC invocations=10 (full 0):
 garbage-first heap   total 63488K, used 46493K [0x0000000080000000, 0x0000000100000000)
  region size 1024K, 30 young (30720K), 3 survivors (3072K)
 Metaspace       used 34567K, capacity 35379K, committed 35584K, reserved 1079296K
  class space    used 4491K, capacity 4800K, committed 4864K, reserved 1048576K
}
Event: 17.303 GC heap after
{Heap after GC invocations=11 (full 0):
 garbage-first heap   total 63488K, used 22345K [0x0000000080000000, 0x0000000100000000)
  region size 1024K, 4 young (4096K), 4 survivors (4096K)
 Metaspace       used 34567K, capacity 35379K, committed 35584K, reserved 1079296K
  class space    used 4491K, capacity 4800K, committed 4864K, reserved 1048576K
}
Event: 17.401 GC heap before
{Heap before GC invocations=11 (full 0):
 garbage-first heap   total 63488K, used 23369K [0x0000000080000000, 0x0000000100000000)
  region size 1024K, 7 young (7168K), 4 survivors (4096K)
 Metaspace       used 35052K, capacity 35827K, committed 35840K, reserved 1081344K
  class space    used 4533K, capacity 4864K, committed 4864K, reserved 1048576K
}
Event: 17.418 GC heap after
{Heap after GC invocations=12 (full 0):
 garbage-first heap   total 63488K, used 23109K [0x0000000080000000, 0x0000000100000000)
  region size 1024K, 1 young (1024K), 1 survivors (1024K)
 Metaspace       used 35052K, capacity 35827K, committed 35840K, reserved 1081344K
  class space    used 4533K, capacity 4864K, committed 4864K, reserved 1048576K
}
Event: 17.800 GC heap before
{Heap before GC invocations=13 (full 0):
 garbage-first heap   total 63488K, used 37445K [0x0000000080000000, 0x0000000100000000)
  region size 1024K, 16 young (16384K), 1 survivors (1024K)
 Metaspace       used 35906K, capacity 36754K, committed 36940K, reserved 1081344K
  class space    used 4614K, capacity 4916K, committed 4940K, reserved 1048576K
}
Event: 17.809 GC heap after
{Heap after GC invocations=14 (full 0):
 garbage-first heap   total 76800K, used 25043K [0x0000000080000000, 0x0000000100000000)
  region size 1024K, 2 young (2048K), 2 survivors (2048K)
 Metaspace       used 35906K, capacity 36754K, committed 36940K, reserved 1081344K
  class space    used 4614K, capacity 4916K, committed 4940K, reserved 1048576K
}
Event: 18.853 GC heap before
{Heap before GC invocations=14 (full 0):
 garbage-first heap   total 76800K, used 49619K [0x0000000080000000, 0x0000000100000000)
  region size 1024K, 24 young (24576K), 2 survivors (2048K)
 Metaspace       used 38069K, capacity 38957K, committed 38988K, reserved 1083392K
  class space    used 4844K, capacity 5176K, committed 5196K, reserved 1048576K
}
Event: 18.859 GC heap after
{Heap after GC invocations=15 (full 0):
 garbage-first heap   total 76800K, used 25957K [0x0000000080000000, 0x0000000100000000)
  region size 1024K, 2 young (2048K), 2 survivors (2048K)
 Metaspace       used 38069K, capacity 38957K, committed 38988K, reserved 1083392K
  class space    used 4844K, capacity 5176K, committed 5196K, reserved 1048576K
}
Event: 19.540 GC heap before
{Heap before GC invocations=15 (full 0):
 garbage-first heap   total 76800K, used 49509K [0x0000000080000000, 0x0000000100000000)
  region size 1024K, 25 young (25600K), 2 survivors (2048K)
 Metaspace       used 39601K, capacity 40491K, committed 40780K, reserved 1085440K
  class space    used 5051K, capacity 5390K, committed 5452K, reserved 1048576K
}
Event: 19.550 GC heap after
{Heap after GC invocations=16 (full 0):
 garbage-first heap   total 76800K, used 27664K [0x0000000080000000, 0x0000000100000000)
  region size 1024K, 4 young (4096K), 4 survivors (4096K)
 Metaspace       used 39601K, capacity 40491K, committed 40780K, reserved 1085440K
  class space    used 5051K, capacity 5390K, committed 5452K, reserved 1048576K
}
Event: 20.338 GC heap before
{Heap before GC invocations=16 (full 0):
 garbage-first heap   total 76800K, used 50192K [0x0000000080000000, 0x0000000100000000)
  region size 1024K, 27 young (27648K), 4 survivors (4096K)
 Metaspace       used 41672K, capacity 42605K, committed 42956K, reserved 1087488K
  class space    used 5366K, capacity 5705K, committed 5836K, reserved 1048576K
}
Event: 20.348 GC heap after
{Heap after GC invocations=17 (full 0):
 garbage-first heap   total 76800K, used 28287K [0x0000000080000000, 0x0000000100000000)
  region size 1024K, 3 young (3072K), 3 survivors (3072K)
 Metaspace       used 41672K, capacity 42605K, committed 42956K, reserved 1087488K
  class space    used 5366K, capacity 5705K, committed 5836K, reserved 1048576K
}
Event: 21.404 GC heap before
{Heap before GC invocations=17 (full 0):
 garbage-first heap   total 76800K, used 53887K [0x0000000080000000, 0x0000000100000000)
  region size 1024K, 27 young (27648K), 3 survivors (3072K)
 Metaspace       used 43983K, capacity 45027K, committed 45260K, reserved 1089536K
  class space    used 5633K, capacity 6002K, committed 6092K, reserved 1048576K
}
Event: 21.414 GC heap after
{Heap after GC invocations=18 (full 0):
 garbage-first heap   total 76800K, used 29496K [0x0000000080000000, 0x0000000100000000)
  region size 1024K, 2 young (2048K), 2 survivors (2048K)
 Metaspace       used 43983K, capacity 45027K, committed 45260K, reserved 1089536K
  class space    used 5633K, capacity 6002K, committed 6092K, reserved 1048576K
}

Deoptimization events (20 events):
Event: 20.177 Thread 0x0000011a2f412800 DEOPT PACKING pc=0x0000011a1e969308 sp=0x00000014c53f9850
Event: 20.177 Thread 0x0000011a2f412800 DEOPT UNPACKING pc=0x0000011a16da73af sp=0x00000014c53f97e8 mode 2
Event: 20.222 Thread 0x0000011a2f412800 Uncommon trap: trap_request=0xffffff4d fr.pc=0x0000011a1e996e50 relative=0x0000000000001b50
Event: 20.223 Thread 0x0000011a2f412800 Uncommon trap: reason=unstable_if action=reinterpret pc=0x0000011a1e996e50 method=java.util.concurrent.ConcurrentHashMap.computeIfAbsent(Ljava/lang/Object;Ljava/util/function/Function;)Ljava/lang/Object; @ 123 c2
Event: 20.223 Thread 0x0000011a2f412800 DEOPT PACKING pc=0x0000011a1e996e50 sp=0x00000014c53fad40
Event: 20.223 Thread 0x0000011a2f412800 DEOPT UNPACKING pc=0x0000011a16da73af sp=0x00000014c53facd0 mode 2
Event: 20.833 Thread 0x0000011a2f412800 Uncommon trap: trap_request=0xffffff4d fr.pc=0x0000011a1e8988a0 relative=0x00000000000001e0
Event: 20.833 Thread 0x0000011a2f412800 Uncommon trap: reason=unstable_if action=reinterpret pc=0x0000011a1e8988a0 method=java.net.URI$Parser.scan(IILjava/lang/String;)I @ 26 c2
Event: 20.833 Thread 0x0000011a2f412800 DEOPT PACKING pc=0x0000011a1e8988a0 sp=0x00000014c53f9190
Event: 20.833 Thread 0x0000011a2f412800 DEOPT UNPACKING pc=0x0000011a16da73af sp=0x00000014c53f9120 mode 2
Event: 20.833 Thread 0x0000011a2f412800 Uncommon trap: trap_request=0xffffff4d fr.pc=0x0000011a1e894384 relative=0x0000000000000144
Event: 20.833 Thread 0x0000011a2f412800 Uncommon trap: reason=unstable_if action=reinterpret pc=0x0000011a1e894384 method=java.net.URI.match(CJJ)Z @ 45 c2
Event: 20.833 Thread 0x0000011a2f412800 DEOPT PACKING pc=0x0000011a1e894384 sp=0x00000014c53f8f00
Event: 20.833 Thread 0x0000011a2f412800 DEOPT UNPACKING pc=0x0000011a16da73af sp=0x00000014c53f8e38 mode 2
Event: 20.837 Thread 0x0000011a2f412800 Uncommon trap: trap_request=0xffffff4d fr.pc=0x0000011a1e861ac4 relative=0x00000000000000a4
Event: 20.837 Thread 0x0000011a2f412800 Uncommon trap: reason=unstable_if action=reinterpret pc=0x0000011a1e861ac4 method=java.net.URI.match(CJJ)Z @ 45 c2
Event: 20.837 Thread 0x0000011a2f412800 DEOPT PACKING pc=0x0000011a1e861ac4 sp=0x00000014c53f8e90
Event: 20.837 Thread 0x0000011a2f412800 DEOPT UNPACKING pc=0x0000011a16da73af sp=0x00000014c53f8e40 mode 2
Event: 21.205 Thread 0x0000011a2f412800 DEOPT PACKING pc=0x0000011a179c10f4 sp=0x00000014c53f6140
Event: 21.205 Thread 0x0000011a2f412800 DEOPT UNPACKING pc=0x0000011a16da71ce sp=0x00000014c53f56e0 mode 0

Classes redefined (0 events):
No events

Internal exceptions (20 events):
Event: 19.381 Thread 0x0000011a2f412800 Exception <a 'java/lang/ClassNotFoundException'{0x00000000837a6ec8}: org/gradle/initialization/DefaultProjectDescriptorBeanInfo> (0x00000000837a6ec8) thrown at [./src/hotspot/share/classfile/systemDictionary.cpp, line 231]
Event: 19.383 Thread 0x0000011a2f412800 Exception <a 'java/lang/ClassNotFoundException'{0x00000000837cc000}: org/gradle/initialization/DefaultProjectDescriptorCustomizer> (0x00000000837cc000) thrown at [./src/hotspot/share/classfile/systemDictionary.cpp, line 231]
Event: 19.389 Thread 0x0000011a2f412800 Implicit null exception at 0x0000011a1e982d6c to 0x0000011a1e982e14
Event: 19.774 Thread 0x0000011a2ea8e800 Exception <a 'java/lang/NoSuchMethodError'{0x00000000843817d8}: <clinit>> (0x00000000843817d8) thrown at [./src/hotspot/share/prims/jni.cpp, line 1362]
Event: 19.775 Thread 0x0000011a2ea8e800 Exception <a 'java/lang/NoSuchMethodError'{0x0000000084383288}: <clinit>> (0x0000000084383288) thrown at [./src/hotspot/share/prims/jni.cpp, line 1362]
Event: 19.778 Thread 0x0000011a2ea8e800 Exception <a 'java/lang/NoSuchMethodError'{0x00000000843945a8}: <clinit>> (0x00000000843945a8) thrown at [./src/hotspot/share/prims/jni.cpp, line 1362]
Event: 19.778 Thread 0x0000011a2ea8e800 Exception <a 'java/lang/NoSuchMethodError'{0x00000000843968a8}: <clinit>> (0x00000000843968a8) thrown at [./src/hotspot/share/prims/jni.cpp, line 1362]
Event: 19.782 Thread 0x0000011a2ea8e800 Exception <a 'java/lang/NoSuchMethodError'{0x00000000843a8420}: <clinit>> (0x00000000843a8420) thrown at [./src/hotspot/share/prims/jni.cpp, line 1362]
Event: 20.487 Thread 0x0000011a2f412800 Exception <a 'java/lang/ClassNotFoundException'{0x0000000084710310}: build_5owtp5gru5evnb3p0bm7t06asBeanInfo> (0x0000000084710310) thrown at [./src/hotspot/share/classfile/systemDictionary.cpp, line 231]
Event: 20.488 Thread 0x0000011a2f412800 Exception <a 'java/lang/ClassNotFoundException'{0x0000000084726158}: org/gradle/api/internal/project/ProjectScriptBeanInfo> (0x0000000084726158) thrown at [./src/hotspot/share/classfile/systemDictionary.cpp, line 231]
Event: 20.489 Thread 0x0000011a2f412800 Exception <a 'java/lang/ClassNotFoundException'{0x000000008473c170}: org/gradle/api/internal/project/ProjectScriptCustomizer> (0x000000008473c170) thrown at [./src/hotspot/share/classfile/systemDictionary.cpp, line 231]
Event: 20.491 Thread 0x0000011a2f412800 Exception <a 'java/lang/ClassNotFoundException'{0x0000000084757390}: build_5owtp5gru5evnb3p0bm7t06asCustomizer> (0x0000000084757390) thrown at [./src/hotspot/share/classfile/systemDictionary.cpp, line 231]
Event: 20.511 Thread 0x0000011a2f412800 Exception <a 'java/lang/ClassNotFoundException'{0x00000000847e9880}: org/gradle/api/internal/initialization/DefaultScriptHandlerBeanInfo> (0x00000000847e9880) thrown at [./src/hotspot/share/classfile/systemDictionary.cpp, line 231]
Event: 20.512 Thread 0x0000011a2f412800 Exception <a 'java/lang/ClassNotFoundException'{0x0000000084612f90}: org/gradle/api/internal/initialization/DefaultScriptHandlerCustomizer> (0x0000000084612f90) thrown at [./src/hotspot/share/classfile/systemDictionary.cpp, line 231]
Event: 20.748 Thread 0x0000011a2f412800 Exception <a 'java/lang/ClassNotFoundException'{0x0000000083ff68d0}: org/gradle/api/internal/artifacts/dsl/dependencies/DefaultDependencyHandler_DecoratedBeanInfo> (0x0000000083ff68d0) thrown at [./src/hotspot/share/classfile/systemDictionary.cpp, line 231]
Event: 20.751 Thread 0x0000011a2f412800 Exception <a 'java/lang/ClassNotFoundException'{0x0000000083e34ed8}: org/gradle/api/internal/artifacts/dsl/dependencies/DefaultDependencyHandlerBeanInfo> (0x0000000083e34ed8) thrown at [./src/hotspot/share/classfile/systemDictionary.cpp, line 231]
Event: 20.753 Thread 0x0000011a2f412800 Exception <a 'java/lang/ClassNotFoundException'{0x0000000083e733e0}: org/gradle/api/internal/artifacts/dsl/dependencies/DefaultDependencyHandlerCustomizer> (0x0000000083e733e0) thrown at [./src/hotspot/share/classfile/systemDictionary.cpp, line 231]
Event: 20.759 Thread 0x0000011a2f412800 Exception <a 'java/lang/ClassNotFoundException'{0x0000000083edaa40}: org/gradle/api/internal/artifacts/dsl/dependencies/DefaultDependencyHandler_DecoratedCustomizer> (0x0000000083edaa40) thrown at [./src/hotspot/share/classfile/systemDictionary.cpp, line 231]
Event: 20.806 Thread 0x0000011a2f412800 Exception <a 'java/lang/NoSuchMethodError'{0x0000000083de9498}: 'java.lang.Object java.lang.invoke.DirectMethodHandle$Holder.invokeStatic(java.lang.Object, java.lang.Object, int, java.lang.Object)'> (0x0000000083de9498) thrown at [./src/hotspot/share/interpreter/linkResolver.cpp, line 773]
Event: 20.808 Thread 0x0000011a2f412800 Exception <a 'java/lang/NoSuchMethodError'{0x0000000083df2af0}: 'java.lang.Object java.lang.invoke.Invokers$Holder.linkToTargetMethod(java.lang.Object, int, java.lang.Object, java.lang.Object)'> (0x0000000083df2af0) thrown at [./src/hotspot/share/interpreter/linkResolver.cpp, line 773]

Events (20 events):
Event: 21.402 loading class org/gradle/internal/resource/transfer/ProgressLoggingExternalResourceAccessor
Event: 21.402 loading class org/gradle/internal/resource/transfer/ProgressLoggingExternalResourceAccessor done
Event: 21.404 Executing VM operation: G1CollectForAllocation
Event: 21.414 Executing VM operation: G1CollectForAllocation done
Event: 21.419 loading class org/gradle/internal/resource/transport/DefaultExternalResourceRepository
Event: 21.419 loading class org/gradle/internal/resource/transport/DefaultExternalResourceRepository done
Event: 21.422 loading class org/gradle/internal/resource/transfer/DefaultCacheAwareExternalResourceAccessor
Event: 21.422 loading class org/gradle/internal/resource/transfer/DefaultCacheAwareExternalResourceAccessor done
Event: 21.425 loading class org/gradle/internal/resource/ExternalResource$ContentAction
Event: 21.425 loading class org/gradle/internal/resource/ExternalResource$ContentAction done
Event: 21.426 loading class org/gradle/internal/resource/transfer/CacheAwareExternalResourceAccessor$ResourceFileStore
Event: 21.426 loading class org/gradle/internal/resource/transfer/CacheAwareExternalResourceAccessor$ResourceFileStore done
Event: 21.428 loading class org/gradle/api/internal/artifacts/repositories/DefaultMavenArtifactRepository$MavenSnapshotDecoratingSource
Event: 21.428 loading class org/gradle/api/internal/artifacts/repositories/DefaultMavenArtifactRepository$MavenSnapshotDecoratingSource done
Event: 21.432 loading class org/gradle/api/internal/artifacts/repositories/metadata/DefaultGradleModuleMetadataSource
Event: 21.432 loading class org/gradle/api/internal/artifacts/repositories/metadata/DefaultGradleModuleMetadataSource done
Event: 21.438 loading class org/gradle/api/internal/artifacts/repositories/metadata/GradleModuleMetadataCompatibilityConverter
Event: 21.438 loading class org/gradle/api/internal/artifacts/repositories/metadata/GradleModuleMetadataCompatibilityConverter done
Event: 21.470 loading class org/gradle/internal/component/model/ModuleDescriptorArtifactMetadata
Event: 21.470 loading class org/gradle/internal/component/model/ModuleDescriptorArtifactMetadata done


Dynamic libraries:
0x00007ff757ae0000 - 0x00007ff757aea000 	D:\androidstudio\jre\bin\java.exe
0x00007fff85e10000 - 0x00007fff86005000 	C:\WINDOWS\SYSTEM32\ntdll.dll
0x00007fff85c60000 - 0x00007fff85d1d000 	C:\WINDOWS\System32\KERNEL32.DLL
0x00007fff83900000 - 0x00007fff83bc9000 	C:\WINDOWS\System32\KERNELBASE.dll
0x00007fff83c50000 - 0x00007fff83d50000 	C:\WINDOWS\System32\ucrtbase.dll
0x00007fff49350000 - 0x00007fff49367000 	D:\androidstudio\jre\bin\VCRUNTIME140.dll
0x00007fff555d0000 - 0x00007fff555e9000 	D:\androidstudio\jre\bin\jli.dll
0x00007fff84750000 - 0x00007fff848f0000 	C:\WINDOWS\System32\USER32.dll
0x00007fff83c20000 - 0x00007fff83c42000 	C:\WINDOWS\System32\win32u.dll
0x00007fff85210000 - 0x00007fff8523a000 	C:\WINDOWS\System32\GDI32.dll
0x00007fff717a0000 - 0x00007fff71a3a000 	C:\WINDOWS\WinSxS\amd64_microsoft.windows.common-controls_6595b64144ccf1df_6.0.19041.1110_none_60b5254171f9507e\COMCTL32.dll
0x00007fff837f0000 - 0x00007fff838fb000 	C:\WINDOWS\System32\gdi32full.dll
0x00007fff84400000 - 0x00007fff8449e000 	C:\WINDOWS\System32\msvcrt.dll
0x00007fff83d50000 - 0x00007fff83ded000 	C:\WINDOWS\System32\msvcp_win.dll
0x00007fff84570000 - 0x00007fff845a0000 	C:\WINDOWS\System32\IMM32.DLL
0x00007fff41950000 - 0x00007fff419ed000 	D:\androidstudio\jre\bin\msvcp140.dll
0x00007fff2bbf0000 - 0x00007fff2c6bf000 	D:\androidstudio\jre\bin\server\jvm.dll
0x00007fff83f90000 - 0x00007fff8403c000 	C:\WINDOWS\System32\ADVAPI32.dll
0x00007fff85240000 - 0x00007fff852db000 	C:\WINDOWS\System32\sechost.dll
0x00007fff845c0000 - 0x00007fff846ea000 	C:\WINDOWS\System32\RPCRT4.dll
0x00007fff84040000 - 0x00007fff84048000 	C:\WINDOWS\System32\PSAPI.DLL
0x00007fff794c0000 - 0x00007fff794e7000 	C:\WINDOWS\SYSTEM32\WINMM.dll
0x00007fff75330000 - 0x00007fff75339000 	C:\WINDOWS\SYSTEM32\WSOCK32.dll
0x00007fff794f0000 - 0x00007fff794fa000 	C:\WINDOWS\SYSTEM32\VERSION.dll
0x00007fff85a20000 - 0x00007fff85a8b000 	C:\WINDOWS\System32\WS2_32.dll
0x00007fff81e10000 - 0x00007fff81e22000 	C:\WINDOWS\SYSTEM32\kernel.appcore.dll
0x00007fff5a370000 - 0x00007fff5a381000 	D:\androidstudio\jre\bin\verify.dll
0x00007fff80e00000 - 0x00007fff80fe4000 	C:\WINDOWS\SYSTEM32\DBGHELP.DLL
0x00007fff724d0000 - 0x00007fff724fc000 	C:\WINDOWS\SYSTEM32\dbgcore.DLL
0x00007fff83df0000 - 0x00007fff83e73000 	C:\WINDOWS\System32\bcryptPrimitives.dll
0x00007fff4e130000 - 0x00007fff4e159000 	D:\androidstudio\jre\bin\java.dll
0x00007fff74ba0000 - 0x00007fff74bab000 	D:\androidstudio\jre\bin\jimage.dll
0x00007fff53ab0000 - 0x00007fff53ac8000 	D:\androidstudio\jre\bin\zip.dll
0x00007fff852e0000 - 0x00007fff85a1f000 	C:\WINDOWS\System32\SHELL32.dll
0x00007fff81300000 - 0x00007fff81a91000 	C:\WINDOWS\SYSTEM32\windows.storage.dll
0x00007fff84eb0000 - 0x00007fff85205000 	C:\WINDOWS\System32\combase.dll
0x00007fff82f50000 - 0x00007fff82f7c000 	C:\WINDOWS\SYSTEM32\Wldp.dll
0x00007fff85d20000 - 0x00007fff85dce000 	C:\WINDOWS\System32\SHCORE.dll
0x00007fff84200000 - 0x00007fff84255000 	C:\WINDOWS\System32\shlwapi.dll
0x00007fff83490000 - 0x00007fff834af000 	C:\WINDOWS\SYSTEM32\profapi.dll
0x00007fff4e660000 - 0x00007fff4e67a000 	D:\androidstudio\jre\bin\net.dll
0x00007fff765d0000 - 0x00007fff766da000 	C:\WINDOWS\SYSTEM32\WINHTTP.dll
0x00007fff82c50000 - 0x00007fff82cba000 	C:\WINDOWS\system32\mswsock.dll
0x00007fff4e110000 - 0x00007fff4e124000 	D:\androidstudio\jre\bin\nio.dll
0x00007fff41920000 - 0x00007fff41947000 	C:\Users\WINDOWS 10\.gradle\native\8bec1ad78214c89d9ad589b4d07fe93259594b29d510b10fafb7a158f7737e5d\windows-amd64\native-platform.dll
0x00007fff2b750000 - 0x00007fff2b88d000 	C:\Users\WINDOWS 10\.gradle\native\53dbd7edfb1c66fb8903c78663c9afc45aea4f116125fa6feffd364cf09443e8\windows-amd64\native-platform-file-events.dll
0x00007fff73e10000 - 0x00007fff73e1a000 	D:\androidstudio\jre\bin\management.dll
0x00007fff73940000 - 0x00007fff7394c000 	D:\androidstudio\jre\bin\management_ext.dll
0x00007fff82e40000 - 0x00007fff82e58000 	C:\WINDOWS\SYSTEM32\CRYPTSP.dll
0x00007fff825f0000 - 0x00007fff82624000 	C:\WINDOWS\system32\rsaenh.dll
0x00007fff83710000 - 0x00007fff83737000 	C:\WINDOWS\System32\bcrypt.dll
0x00007fff83450000 - 0x00007fff8347e000 	C:\WINDOWS\SYSTEM32\USERENV.dll
0x00007fff82e30000 - 0x00007fff82e3c000 	C:\WINDOWS\SYSTEM32\CRYPTBASE.dll
0x00007fff82940000 - 0x00007fff8297b000 	C:\WINDOWS\SYSTEM32\IPHLPAPI.DLL
0x00007fff843f0000 - 0x00007fff843f8000 	C:\WINDOWS\System32\NSI.dll
0x00007fff75ce0000 - 0x00007fff75cf7000 	C:\WINDOWS\SYSTEM32\dhcpcsvc6.DLL
0x00007fff76770000 - 0x00007fff7678d000 	C:\WINDOWS\SYSTEM32\dhcpcsvc.DLL
0x00007fff82980000 - 0x00007fff82a4c000 	C:\WINDOWS\SYSTEM32\DNSAPI.dll

dbghelp: loaded successfully - version: 4.0.5 - missing functions: none
symbol engine: initialized successfully - sym options: 0x614 - pdb path: .;D:\androidstudio\jre\bin;C:\WINDOWS\SYSTEM32;C:\WINDOWS\WinSxS\amd64_microsoft.windows.common-controls_6595b64144ccf1df_6.0.19041.1110_none_60b5254171f9507e;D:\androidstudio\jre\bin\server;C:\Users\WINDOWS 10\.gradle\native\8bec1ad78214c89d9ad589b4d07fe93259594b29d510b10fafb7a158f7737e5d\windows-amd64;C:\Users\WINDOWS 10\.gradle\native\53dbd7edfb1c66fb8903c78663c9afc45aea4f116125fa6feffd364cf09443e8\windows-amd64

VM Arguments:
jvm_args: --add-opens=java.base/java.util=ALL-UNNAMED --add-opens=java.base/java.lang=ALL-UNNAMED --add-opens=java.base/java.lang.invoke=ALL-UNNAMED --add-opens=java.base/java.util=ALL-UNNAMED --add-opens=java.prefs/java.util.prefs=ALL-UNNAMED --add-opens=java.prefs/java.util.prefs=ALL-UNNAMED --add-opens=java.base/java.nio.charset=ALL-UNNAMED --add-opens=java.base/java.net=ALL-UNNAMED --add-opens=java.base/java.util.concurrent.atomic=ALL-UNNAMED -Xmx2048m -Dfile.encoding=UTF-8 -Duser.country=ID -Duser.language=in -Duser.variant 
java_command: org.gradle.launcher.daemon.bootstrap.GradleDaemon 7.0.2
java_class_path (initial): C:\Users\WINDOWS 10\.gradle\wrapper\dists\gradle-7.0.2-bin\857tjihv64xamwrf0h14cai3r\gradle-7.0.2\lib\gradle-launcher-7.0.2.jar
Launcher Type: SUN_STANDARD

[Global flags]
     intx CICompilerCount                          = 3                                         {product} {ergonomic}
     uint ConcGCThreads                            = 1                                         {product} {ergonomic}
     uint G1ConcRefinementThreads                  = 4                                         {product} {ergonomic}
   size_t G1HeapRegionSize                         = 1048576                                   {product} {ergonomic}
    uintx GCDrainStackTargetSize                   = 64                                        {product} {ergonomic}
   size_t InitialHeapSize                          = 65011712                                  {product} {ergonomic}
   size_t MarkStackSize                            = 4194304                                   {product} {ergonomic}
   size_t MaxHeapSize                              = 2147483648                                {product} {command line}
   size_t MaxNewSize                               = 1287651328                                {product} {ergonomic}
   size_t MinHeapDeltaBytes                        = 1048576                                   {product} {ergonomic}
    uintx NonNMethodCodeHeapSize                   = 5830732                                {pd product} {ergonomic}
    uintx NonProfiledCodeHeapSize                  = 122913754                              {pd product} {ergonomic}
    uintx ProfiledCodeHeapSize                     = 122913754                              {pd product} {ergonomic}
    uintx ReservedCodeCacheSize                    = 251658240                              {pd product} {ergonomic}
     bool SegmentedCodeCache                       = true                                      {product} {ergonomic}
     bool UseCompressedClassPointers               = true                                 {lp64_product} {ergonomic}
     bool UseCompressedOops                        = true                                 {lp64_product} {ergonomic}
     bool UseG1GC                                  = true                                      {product} {ergonomic}
     bool UseLargePagesIndividualAllocation        = false                                  {pd product} {ergonomic}

Logging:
Log output configuration:
 #0: stdout all=warning uptime,level,tags
 #1: stderr all=off uptime,level,tags

Environment Variables:
PATH=C:\Program Files (x86)\Borland\Delphi7\Bin;C:\Program Files (x86)\Borland\Delphi7\Projects\Bpl\;C:\Program Files (x86)\Common Files\Oracle\Java\javapath;C:\Program Files (x86)\Common Files\Intel\Shared Files\cpp\bin\Intel64;C:\WINDOWS\system32;C:\WINDOWS;C:\WINDOWS\System32\Wbem;C:\WINDOWS\System32\WindowsPowerShell\v1.0\;C:\WINDOWS\System32\OpenSSH\;C:\Program Files\Intel\WiFi\bin\;C:\Program Files\Common Files\Intel\WirelessCommon\;C:\Program Files (x86)\Java\jdk1.7.0_67\bin;C:\Program Files\MATLAB\MATLAB Production Server\R2015a\runtime\win64;C:\Program Files\MATLAB\MATLAB Production Server\R2015a\bin;C:\Program Files\MATLAB\MATLAB Production Server\R2015a\polyspace\bin;C:\xampp\php;C:\ProgramData\ComposerSetup\bin;C:\Program Files\Microsoft SQL Server\110\Tools\Binn\;C:\Program Files\nodejs\;C:\Program Files\Git\cmd;C:\Program Files (x86)\Windows Kits\8.1\Windows Performance Toolkit\;C:\Program Files\Microsoft SQL Server\Client SDK\ODBC\110\Tools\Binn\;C:\Program Files (x86)\Microsoft SQL Server\120\Tools\Binn\;C:\Program Files\Microsoft SQL Server\120\Tools\Binn\;C:\Program Files\Microsoft SQL Server\120\DTS\Binn\;C:\Program Files (x86)\Microsoft SQL Server\120\Tools\Binn\ManagementStudio\;C:\Program Files (x86)\Microsoft SQL Server\120\DTS\Binn\;C:\Users\WINDOWS 10\AppData\Local\Microsoft\WindowsApps;C:\Program Files (x86)\Java\jdk1.7.0_67\bin;C:\Users\WINDOWS 10\AppData\Roaming\Composer\vendor\bin;;C:\Users\WINDOWS 10\AppData\Local\Programs\Microsoft VS Code\bin;C:\Users\WINDOWS 10\AppData\Roaming\npm
USERNAME=WINDOWS 10
OS=Windows_NT
PROCESSOR_IDENTIFIER=AMD64 Family 21 Model 101 Stepping 1, AuthenticAMD



---------------  S Y S T E M  ---------------

OS: Windows 10 , 64 bit Build 19041 (10.0.19041.1023)
OS uptime: 2 days 22:52 hours

CPU:total 4 (initial active 4) (4 cores per cpu, 1 threads per core) family 21 model 101 stepping 1 microcode 0x0, cmov, cx8, fxsr, mmx, sse, sse2, sse3, ssse3, sse4.1, sse4.2, popcnt, avx, avx2, aes, clmul, mmxext, 3dnowpref, lzcnt, sse4a, tsc, tscinvbit, tscinv, bmi1, bmi2, fma

Memory: 4k page, system-wide physical 3967M (276M free)
TotalPageFile size 8580M (AvailPageFile size 6M)
current process WorkingSet (physical memory assigned to process): 210M, peak: 214M
current process commit charge ("private bytes"): 239M, peak: 244M

vm_info: OpenJDK 64-Bit Server VM (11.0.10+0-b96-7249189) for windows-amd64 JRE (11.0.10+0-b96-7249189), built on Mar 31 2021 21:44:00 by "builder" with MS VC++ 14.0 (VS2015)

END.
