#
# There is insufficient memory for the Java Runtime Environment to continue.
# Native memory allocation (malloc) failed to allocate 324176 bytes for Chunk::new
# Possible reasons:
#   The system is out of physical RAM or swap space
#   The process is running with CompressedOops enabled, and the Java Heap may be blocking the growth of the native heap
# Possible solutions:
#   Reduce memory load on the system
#   Increase physical memory or swap space
#   Check if swap backing store is full
#   Decrease Java heap size (-Xmx/-Xms)
#   Decrease number of Java threads
#   Decrease Java thread stack sizes (-Xss)
#   Set larger code cache with -XX:ReservedCodeCacheSize=
#   JVM is running with Unscaled Compressed Oops mode in which the Java heap is
#     placed in the first 4GB address space. The Java Heap base address is the
#     maximum limit for the native heap growth. Please use -XX:HeapBaseMinAddress
#     to set the Java Heap base and to place the Java Heap above 4GB virtual address.
# This output file may be truncated or incomplete.
#
#  Out of Memory Error (./src/hotspot/share/memory/arena.cpp:197), pid=16388, tid=16240
#
# JRE version: OpenJDK Runtime Environment (11.0.10) (build 11.0.10+0-b96-7249189)
# Java VM: OpenJDK 64-Bit Server VM (11.0.10+0-b96-7249189, mixed mode, tiered, compressed oops, g1 gc, windows-amd64)
# No core dump will be written. Minidumps are not enabled by default on client versions of Windows
#

---------------  S U M M A R Y ------------

Command Line: --add-opens=java.base/java.util=ALL-UNNAMED --add-opens=java.base/java.lang=ALL-UNNAMED --add-opens=java.base/java.lang.invoke=ALL-UNNAMED --add-opens=java.base/java.util=ALL-UNNAMED --add-opens=java.prefs/java.util.prefs=ALL-UNNAMED --add-opens=java.prefs/java.util.prefs=ALL-UNNAMED --add-opens=java.base/java.nio.charset=ALL-UNNAMED --add-opens=java.base/java.net=ALL-UNNAMED --add-opens=java.base/java.util.concurrent.atomic=ALL-UNNAMED -Xmx2048m -Dfile.encoding=UTF-8 -Duser.country=ID -Duser.language=in -Duser.variant org.gradle.launcher.daemon.bootstrap.GradleDaemon 7.0.2

Host: AMD A12-9720P RADEON R7, 12 COMPUTE CORES 4C+8G, 4 cores, 3G,  Windows 10 , 64 bit Build 19041 (10.0.19041.1023)
Time: Mon Oct  4 17:56:37 2021 SE Asia Standard Time elapsed time: 76.160694 seconds (0d 0h 1m 16s)

---------------  T H R E A D  ---------------

Current thread (0x00000242ff65b800):  JavaThread "C2 CompilerThread0" daemon [_thread_in_native, id=16240, stack(0x000000c513e00000,0x000000c513f00000)]


Current CompileTask:
C2:  76161 9480   !   4       java.util.zip.ZipFile::getInputStream (323 bytes)

Stack: [0x000000c513e00000,0x000000c513f00000]
Native frames: (J=compiled Java code, j=interpreted, Vv=VM code, C=native code)
V  [jvm.dll+0x5ecfaa]
V  [jvm.dll+0x722bd5]
V  [jvm.dll+0x72412d]
V  [jvm.dll+0x7247e3]
V  [jvm.dll+0x242928]
V  [jvm.dll+0xbc4fc]
V  [jvm.dll+0xbca0c]
V  [jvm.dll+0x352d7d]
V  [jvm.dll+0x19800c]
V  [jvm.dll+0x1fb70e]
V  [jvm.dll+0x1fa7f4]
V  [jvm.dll+0x18354c]
V  [jvm.dll+0x208ee7]
V  [jvm.dll+0x207731]
V  [jvm.dll+0x6eb1cf]
V  [jvm.dll+0x6e3d45]
V  [jvm.dll+0x5ebe96]
C  [ucrtbase.dll+0x21bb2]
C  [KERNEL32.DLL+0x17034]
C  [ntdll.dll+0x52651]


---------------  P R O C E S S  ---------------

Threads class SMR info:
_java_thread_list=0x0000024297da0fb0, length=47, elements={
0x00000242f6afc000, 0x00000242ff5fd800, 0x00000242ff5fe800, 0x00000242ff654000,
0x00000242ff656000, 0x00000242ff657000, 0x00000242ff65b800, 0x0000024293040800,
0x0000024293048800, 0x000002429314a800, 0x00000242944bc000, 0x000002429433b000,
0x000002429442b000, 0x0000024294887000, 0x0000024294532800, 0x000002429428b800,
0x0000024294bae800, 0x0000024295285000, 0x000002429502d800, 0x000002429502b000,
0x000002429502f000, 0x000002429502a800, 0x000002429502e800, 0x000002429502c000,
0x000002429502c800, 0x0000024295030000, 0x0000024295031000, 0x00000242955b0000,
0x00000242955ae000, 0x00000242955af000, 0x00000242955b0800, 0x00000242955b1800,
0x00000242955b3000, 0x00000242955ad800, 0x00000242955b8000, 0x00000242955b9000,
0x00000242955b9800, 0x00000242955b4000, 0x00000242955b5800, 0x00000242955ba800,
0x00000242955b7000, 0x00000242955b6800, 0x00000242955b4800, 0x00000242955bb000,
0x000002429b3e4800, 0x000002429b3e1000, 0x000002429b3e5000
}

Java Threads: ( => current thread )
  0x00000242f6afc000 JavaThread "main" [_thread_blocked, id=11084, stack(0x000000c513200000,0x000000c513300000)]
  0x00000242ff5fd800 JavaThread "Reference Handler" daemon [_thread_blocked, id=19332, stack(0x000000c513900000,0x000000c513a00000)]
  0x00000242ff5fe800 JavaThread "Finalizer" daemon [_thread_blocked, id=12244, stack(0x000000c513a00000,0x000000c513b00000)]
  0x00000242ff654000 JavaThread "Signal Dispatcher" daemon [_thread_blocked, id=19980, stack(0x000000c513b00000,0x000000c513c00000)]
  0x00000242ff656000 JavaThread "Attach Listener" daemon [_thread_blocked, id=21564, stack(0x000000c513c00000,0x000000c513d00000)]
  0x00000242ff657000 JavaThread "Service Thread" daemon [_thread_blocked, id=15912, stack(0x000000c513d00000,0x000000c513e00000)]
=>0x00000242ff65b800 JavaThread "C2 CompilerThread0" daemon [_thread_in_native, id=16240, stack(0x000000c513e00000,0x000000c513f00000)]
  0x0000024293040800 JavaThread "C1 CompilerThread0" daemon [_thread_blocked, id=21516, stack(0x000000c513f00000,0x000000c514000000)]
  0x0000024293048800 JavaThread "Sweeper thread" daemon [_thread_blocked, id=4616, stack(0x000000c514000000,0x000000c514100000)]
  0x000002429314a800 JavaThread "Common-Cleaner" daemon [_thread_blocked, id=11700, stack(0x000000c514100000,0x000000c514200000)]
  0x00000242944bc000 JavaThread "Daemon health stats" [_thread_blocked, id=12692, stack(0x000000c514400000,0x000000c514500000)]
  0x000002429433b000 JavaThread "Incoming local TCP Connector on port 16713" [_thread_in_native, id=12388, stack(0x000000c514500000,0x000000c514600000)]
  0x000002429442b000 JavaThread "Daemon periodic checks" [_thread_blocked, id=8944, stack(0x000000c514600000,0x000000c514700000)]
  0x0000024294887000 JavaThread "Daemon" [_thread_blocked, id=21124, stack(0x000000c514700000,0x000000c514800000)]
  0x0000024294532800 JavaThread "Handler for socket connection from /127.0.0.1:16713 to /127.0.0.1:16714" [_thread_in_native, id=19824, stack(0x000000c514800000,0x000000c514900000)]
  0x000002429428b800 JavaThread "Cancel handler" [_thread_blocked, id=11136, stack(0x000000c514900000,0x000000c514a00000)]
  0x0000024294bae800 JavaThread "Daemon worker" [_thread_blocked, id=19856, stack(0x000000c514a00000,0x000000c514b00000)]
  0x0000024295285000 JavaThread "Asynchronous log dispatcher for DefaultDaemonConnection: socket connection from /127.0.0.1:16713 to /127.0.0.1:16714" [_thread_blocked, id=12912, stack(0x000000c514b00000,0x000000c514c00000)]
  0x000002429502d800 JavaThread "Daemon client event forwarder" [_thread_blocked, id=12296, stack(0x000000c514d00000,0x000000c514e00000)]
  0x000002429502b000 JavaThread "Cache worker for file hash cache (C:\Users\WINDOWS 10\.gradle\caches\7.0.2\fileHashes)" [_thread_blocked, id=16756, stack(0x000000c515000000,0x000000c515100000)]
  0x000002429502f000 JavaThread "File lock request listener" [_thread_in_native, id=16720, stack(0x000000c515100000,0x000000c515200000)]
  0x000002429502a800 JavaThread "Cache worker for journal cache (C:\Users\WINDOWS 10\.gradle\caches\journal-1)" [_thread_blocked, id=6988, stack(0x000000c515200000,0x000000c515300000)]
  0x000002429502e800 JavaThread "Cache worker for file hash cache (D:\androidstudio_projects\.gradle\7.0.2\fileHashes)" [_thread_blocked, id=18164, stack(0x000000c515300000,0x000000c515400000)]
  0x000002429502c000 JavaThread "File watcher server" daemon [_thread_in_native, id=18532, stack(0x000000c515400000,0x000000c515500000)]
  0x000002429502c800 JavaThread "File watcher consumer" daemon [_thread_blocked, id=18696, stack(0x000000c515500000,0x000000c515600000)]
  0x0000024295030000 JavaThread "Cache worker for checksums cache (D:\androidstudio_projects\.gradle\checksums)" [_thread_blocked, id=12596, stack(0x000000c515600000,0x000000c515700000)]
  0x0000024295031000 JavaThread "Cache worker for cache directory md-supplier (C:\Users\WINDOWS 10\.gradle\caches\7.0.2\md-supplier)" [_thread_blocked, id=14940, stack(0x000000c515700000,0x000000c515800000)]
  0x00000242955b0000 JavaThread "Cache worker for cache directory md-rule (C:\Users\WINDOWS 10\.gradle\caches\7.0.2\md-rule)" [_thread_blocked, id=22444, stack(0x000000c515800000,0x000000c515900000)]
  0x00000242955ae000 JavaThread "Cache worker for execution history cache (C:\Users\WINDOWS 10\.gradle\caches\7.0.2\executionHistory)" [_thread_blocked, id=20496, stack(0x000000c515900000,0x000000c515a00000)]
  0x00000242955af000 JavaThread "jar transforms" [_thread_blocked, id=17316, stack(0x000000c515a00000,0x000000c515b00000)]
  0x00000242955b0800 JavaThread "jar transforms Thread 2" [_thread_blocked, id=13584, stack(0x000000c515b00000,0x000000c515c00000)]
  0x00000242955b1800 JavaThread "Cache worker for file content cache (C:\Users\WINDOWS 10\.gradle\caches\7.0.2\fileContent)" [_thread_blocked, id=20556, stack(0x000000c515c00000,0x000000c515d00000)]
  0x00000242955b3000 JavaThread "Cache worker for dependencies-accessors (D:\androidstudio_projects\.gradle\7.0.2\dependencies-accessors)" [_thread_blocked, id=8964, stack(0x000000c515d00000,0x000000c515e00000)]
  0x00000242955ad800 JavaThread "jar transforms Thread 3" [_thread_blocked, id=13536, stack(0x000000c515e00000,0x000000c515f00000)]
  0x00000242955b8000 JavaThread "Cache worker for Build Output Cleanup Cache (D:\androidstudio_projects\.gradle\buildOutputCleanup)" [_thread_blocked, id=15316, stack(0x000000c515f00000,0x000000c516000000)]
  0x00000242955b9000 JavaThread "Build operations" [_thread_in_native, id=17784, stack(0x000000c516000000,0x000000c516100000)]
  0x00000242955b9800 JavaThread "Build operations Thread 2" [_thread_blocked, id=5640, stack(0x000000c516100000,0x000000c516200000)]
  0x00000242955b4000 JavaThread "Build operations Thread 3" [_thread_in_Java, id=20724, stack(0x000000c516200000,0x000000c516300000)]
  0x00000242955b5800 JavaThread "Build operations Thread 4" [_thread_in_vm, id=14500, stack(0x000000c516300000,0x000000c516400000)]
  0x00000242955ba800 JavaThread "jar transforms Thread 4" [_thread_blocked, id=22092, stack(0x000000c516400000,0x000000c516500000)]
  0x00000242955b7000 JavaThread "Memory manager" [_thread_blocked, id=17576, stack(0x000000c516700000,0x000000c516800000)]
  0x00000242955b6800 JavaThread "build event listener" [_thread_blocked, id=18660, stack(0x000000c512f00000,0x000000c513000000)]
  0x00000242955b4800 JavaThread "Execution worker for ':'" [_thread_blocked, id=2064, stack(0x000000c513000000,0x000000c513100000)]
  0x00000242955bb000 JavaThread "Execution worker for ':' Thread 2" [_thread_blocked, id=21020, stack(0x000000c513100000,0x000000c513200000)]
  0x000002429b3e4800 JavaThread "Execution worker for ':' Thread 3" [_thread_blocked, id=6408, stack(0x000000c516800000,0x000000c516900000)]
  0x000002429b3e1000 JavaThread "Cache worker for execution history cache (D:\androidstudio_projects\.gradle\7.0.2\executionHistory)" [_thread_blocked, id=19084, stack(0x000000c516900000,0x000000c516a00000)]
  0x000002429b3e5000 JavaThread "WorkerExecutor Queue" [_thread_blocked, id=5328, stack(0x000000c516a00000,0x000000c516b00000)]

Other Threads:
  0x00000242ff5f7800 VMThread "VM Thread" [stack: 0x000000c513800000,0x000000c513900000] [id=14256]
  0x0000024293169800 WatcherThread [stack: 0x000000c514200000,0x000000c514300000] [id=16468]
  0x00000242f6b16000 GCTaskThread "GC Thread#0" [stack: 0x000000c513300000,0x000000c513400000] [id=16680]
  0x00000242934b8000 GCTaskThread "GC Thread#1" [stack: 0x000000c514300000,0x000000c514400000] [id=18072]
  0x0000024294023000 GCTaskThread "GC Thread#2" [stack: 0x000000c514e00000,0x000000c514f00000] [id=16604]
  0x000002429414c000 GCTaskThread "GC Thread#3" [stack: 0x000000c514f00000,0x000000c515000000] [id=16100]
  0x00000242f6b46000 ConcurrentGCThread "G1 Main Marker" [stack: 0x000000c513400000,0x000000c513500000] [id=11908]
  0x00000242f6b47800 ConcurrentGCThread "G1 Conc#0" [stack: 0x000000c513500000,0x000000c513600000] [id=12012]
  0x00000242f6ba5000 ConcurrentGCThread "G1 Refine#0" [stack: 0x000000c513600000,0x000000c513700000] [id=20020]
  0x00000242f6ba6000 ConcurrentGCThread "G1 Young RemSet Sampling" [stack: 0x000000c513700000,0x000000c513800000] [id=21764]

Threads with active compile tasks:
C2 CompilerThread0  76318 9480   !   4       java.util.zip.ZipFile::getInputStream (323 bytes)

VM state:not at safepoint (normal execution)

VM Mutex/Monitor currently owned by a thread: None

OutOfMemory and StackOverflow Exception counts:
OutOfMemoryError java_heap_errors=2
LinkageErrors=116

Heap address: 0x0000000080000000, size: 2048 MB, Compressed Oops mode: 32-bit
Narrow klass base: 0x0000000000000000, Narrow klass shift: 3
Compressed class space size: 1073741824 Address: 0x0000000100000000

Heap:
 garbage-first heap   total 133120K, used 102175K [0x0000000080000000, 0x0000000100000000)
  region size 1024K, 41 young (41984K), 5 survivors (5120K)
 Metaspace       used 85388K, capacity 87474K, committed 87680K, reserved 1124352K
  class space    used 11082K, capacity 11860K, committed 11904K, reserved 1048576K
Heap Regions: E=young(eden), S=young(survivor), O=old, HS=humongous(starts), HC=humongous(continues), CS=collection set, F=free, A=archive, TAMS=top-at-mark-start (previous, next)
|   0|0x0000000080000000, 0x0000000080100000, 0x0000000080100000|100%| O|  |TAMS 0x0000000080100000, 0x0000000080000000| Untracked 
|   1|0x0000000080100000, 0x0000000080200000, 0x0000000080200000|100%| O|  |TAMS 0x0000000080200000, 0x0000000080100000| Untracked 
|   2|0x0000000080200000, 0x0000000080300000, 0x0000000080300000|100%| O|  |TAMS 0x0000000080300000, 0x0000000080200000| Untracked 
|   3|0x0000000080300000, 0x0000000080400000, 0x0000000080400000|100%|HS|  |TAMS 0x0000000080400000, 0x0000000080300000| Complete 
|   4|0x0000000080400000, 0x0000000080500000, 0x0000000080500000|100%|HC|  |TAMS 0x0000000080500000, 0x0000000080400000| Complete 
|   5|0x0000000080500000, 0x0000000080600000, 0x0000000080600000|100%|HC|  |TAMS 0x0000000080600000, 0x0000000080500000| Complete 
|   6|0x0000000080600000, 0x0000000080700000, 0x0000000080700000|100%| O|  |TAMS 0x0000000080700000, 0x0000000080600000| Untracked 
|   7|0x0000000080700000, 0x0000000080800000, 0x0000000080800000|100%| O|  |TAMS 0x0000000080800000, 0x0000000080700000| Untracked 
|   8|0x0000000080800000, 0x0000000080900000, 0x0000000080900000|100%| O|  |TAMS 0x0000000080900000, 0x0000000080800000| Untracked 
|   9|0x0000000080900000, 0x0000000080a00000, 0x0000000080a00000|100%| O|  |TAMS 0x0000000080a00000, 0x0000000080900000| Untracked 
|  10|0x0000000080a00000, 0x0000000080b00000, 0x0000000080b00000|100%| O|  |TAMS 0x0000000080b00000, 0x0000000080a00000| Untracked 
|  11|0x0000000080b00000, 0x0000000080c00000, 0x0000000080c00000|100%| O|  |TAMS 0x0000000080c00000, 0x0000000080b00000| Untracked 
|  12|0x0000000080c00000, 0x0000000080d00000, 0x0000000080d00000|100%| O|  |TAMS 0x0000000080d00000, 0x0000000080c00000| Untracked 
|  13|0x0000000080d00000, 0x0000000080e00000, 0x0000000080e00000|100%| O|  |TAMS 0x0000000080e00000, 0x0000000080d00000| Untracked 
|  14|0x0000000080e00000, 0x0000000080f00000, 0x0000000080f00000|100%| O|  |TAMS 0x0000000080f00000, 0x0000000080e00000| Untracked 
|  15|0x0000000080f00000, 0x0000000081000000, 0x0000000081000000|100%| O|  |TAMS 0x0000000081000000, 0x0000000080f00000| Untracked 
|  16|0x0000000081000000, 0x0000000081100000, 0x0000000081100000|100%| O|  |TAMS 0x0000000081100000, 0x0000000081000000| Untracked 
|  17|0x0000000081100000, 0x0000000081200000, 0x0000000081200000|100%| O|  |TAMS 0x0000000081200000, 0x0000000081100000| Untracked 
|  18|0x0000000081200000, 0x0000000081300000, 0x0000000081300000|100%| O|  |TAMS 0x0000000081300000, 0x0000000081200000| Untracked 
|  19|0x0000000081300000, 0x0000000081400000, 0x0000000081400000|100%| O|  |TAMS 0x0000000081400000, 0x0000000081300000| Untracked 
|  20|0x0000000081400000, 0x0000000081500000, 0x0000000081500000|100%| O|  |TAMS 0x0000000081500000, 0x0000000081400000| Untracked 
|  21|0x0000000081500000, 0x0000000081600000, 0x0000000081600000|100%| O|  |TAMS 0x0000000081600000, 0x0000000081500000| Untracked 
|  22|0x0000000081600000, 0x0000000081700000, 0x0000000081700000|100%| O|  |TAMS 0x0000000081700000, 0x0000000081600000| Untracked 
|  23|0x0000000081700000, 0x0000000081800000, 0x0000000081800000|100%| O|  |TAMS 0x0000000081800000, 0x0000000081700000| Untracked 
|  24|0x0000000081800000, 0x0000000081900000, 0x0000000081900000|100%| O|  |TAMS 0x0000000081900000, 0x0000000081800000| Untracked 
|  25|0x0000000081900000, 0x0000000081a00000, 0x0000000081a00000|100%| O|  |TAMS 0x0000000081a00000, 0x0000000081900000| Untracked 
|  26|0x0000000081a00000, 0x0000000081b00000, 0x0000000081b00000|100%| O|  |TAMS 0x0000000081b00000, 0x0000000081a00000| Untracked 
|  27|0x0000000081b00000, 0x0000000081c00000, 0x0000000081c00000|100%| O|  |TAMS 0x0000000081c00000, 0x0000000081b00000| Untracked 
|  28|0x0000000081c00000, 0x0000000081d00000, 0x0000000081d00000|100%| O|  |TAMS 0x0000000081d00000, 0x0000000081c00000| Untracked 
|  29|0x0000000081d00000, 0x0000000081e00000, 0x0000000081e00000|100%| O|  |TAMS 0x0000000081e00000, 0x0000000081d00000| Untracked 
|  30|0x0000000081e00000, 0x0000000081f00000, 0x0000000081f00000|100%|HS|  |TAMS 0x0000000081f00000, 0x0000000081e00000| Complete 
|  31|0x0000000081f00000, 0x0000000082000000, 0x0000000082000000|100%|HS|  |TAMS 0x0000000082000000, 0x0000000081f00000| Complete 
|  32|0x0000000082000000, 0x0000000082100000, 0x0000000082100000|100%| O|  |TAMS 0x0000000082100000, 0x0000000082000000| Untracked 
|  33|0x0000000082100000, 0x0000000082200000, 0x0000000082200000|100%| O|  |TAMS 0x0000000082200000, 0x0000000082100000| Untracked 
|  34|0x0000000082200000, 0x0000000082300000, 0x0000000082300000|100%|HS|  |TAMS 0x0000000082300000, 0x0000000082200000| Complete 
|  35|0x0000000082300000, 0x0000000082400000, 0x0000000082400000|100%|HC|  |TAMS 0x0000000082400000, 0x0000000082300000| Complete 
|  36|0x0000000082400000, 0x0000000082500000, 0x0000000082500000|100%| O|  |TAMS 0x0000000082500000, 0x0000000082400000| Untracked 
|  37|0x0000000082500000, 0x0000000082600000, 0x0000000082600000|100%| O|  |TAMS 0x0000000082600000, 0x0000000082500000| Untracked 
|  38|0x0000000082600000, 0x0000000082700000, 0x0000000082700000|100%| O|  |TAMS 0x0000000082700000, 0x0000000082600000| Untracked 
|  39|0x0000000082700000, 0x0000000082800000, 0x0000000082800000|100%| O|  |TAMS 0x0000000082800000, 0x0000000082700000| Untracked 
|  40|0x0000000082800000, 0x0000000082900000, 0x0000000082900000|100%| O|  |TAMS 0x0000000082900000, 0x0000000082800000| Untracked 
|  41|0x0000000082900000, 0x0000000082a00000, 0x0000000082a00000|100%| O|  |TAMS 0x0000000082a00000, 0x0000000082900000| Untracked 
|  42|0x0000000082a00000, 0x0000000082b00000, 0x0000000082b00000|100%| O|  |TAMS 0x0000000082b00000, 0x0000000082a00000| Untracked 
|  43|0x0000000082b00000, 0x0000000082c00000, 0x0000000082c00000|100%| O|  |TAMS 0x0000000082c00000, 0x0000000082b00000| Untracked 
|  44|0x0000000082c00000, 0x0000000082d00000, 0x0000000082d00000|100%| O|  |TAMS 0x0000000082d00000, 0x0000000082c00000| Untracked 
|  45|0x0000000082d00000, 0x0000000082e00000, 0x0000000082e00000|100%| O|  |TAMS 0x0000000082e00000, 0x0000000082d00000| Untracked 
|  46|0x0000000082e00000, 0x0000000082f00000, 0x0000000082f00000|100%| O|  |TAMS 0x0000000082f00000, 0x0000000082e00000| Untracked 
|  47|0x0000000082f00000, 0x0000000083000000, 0x0000000083000000|100%| O|  |TAMS 0x0000000083000000, 0x0000000082f00000| Untracked 
|  48|0x0000000083000000, 0x0000000083100000, 0x0000000083100000|100%| O|  |TAMS 0x0000000083100000, 0x0000000083000000| Untracked 
|  49|0x0000000083100000, 0x0000000083200000, 0x0000000083200000|100%| O|  |TAMS 0x0000000083200000, 0x0000000083100000| Untracked 
|  50|0x0000000083200000, 0x0000000083300000, 0x0000000083300000|100%| O|  |TAMS 0x0000000083300000, 0x0000000083200000| Untracked 
|  51|0x0000000083300000, 0x0000000083400000, 0x0000000083400000|100%| O|  |TAMS 0x0000000083400000, 0x0000000083300000| Untracked 
|  52|0x0000000083400000, 0x0000000083500000, 0x0000000083500000|100%| O|  |TAMS 0x0000000083500000, 0x0000000083400000| Untracked 
|  53|0x0000000083500000, 0x0000000083600000, 0x0000000083600000|100%| O|  |TAMS 0x0000000083600000, 0x0000000083500000| Untracked 
|  54|0x0000000083600000, 0x0000000083700000, 0x0000000083700000|100%| O|  |TAMS 0x0000000083700000, 0x0000000083600000| Untracked 
|  55|0x0000000083700000, 0x0000000083800000, 0x0000000083800000|100%| O|  |TAMS 0x0000000083800000, 0x0000000083700000| Untracked 
|  56|0x0000000083800000, 0x0000000083900000, 0x0000000083900000|100%| O|  |TAMS 0x0000000083900000, 0x0000000083800000| Untracked 
|  57|0x0000000083900000, 0x0000000083a00000, 0x0000000083a00000|100%| O|  |TAMS 0x0000000083a00000, 0x0000000083900000| Untracked 
|  58|0x0000000083a00000, 0x0000000083b00000, 0x0000000083b00000|100%| O|  |TAMS 0x0000000083b00000, 0x0000000083a00000| Untracked 
|  59|0x0000000083b00000, 0x0000000083c00000, 0x0000000083c00000|100%| O|  |TAMS 0x0000000083c00000, 0x0000000083b00000| Untracked 
|  60|0x0000000083c00000, 0x0000000083cd5a00, 0x0000000083d00000| 83%| O|  |TAMS 0x0000000083cd5a00, 0x0000000083c00000| Untracked 
|  61|0x0000000083d00000, 0x0000000083d00000, 0x0000000083e00000|  0%| F|  |TAMS 0x0000000083d00000, 0x0000000083d00000| Untracked 
|  62|0x0000000083e00000, 0x0000000083e00000, 0x0000000083f00000|  0%| F|  |TAMS 0x0000000083e00000, 0x0000000083e00000| Untracked 
|  63|0x0000000083f00000, 0x0000000083f00000, 0x0000000084000000|  0%| F|  |TAMS 0x0000000083f00000, 0x0000000083f00000| Untracked 
|  64|0x0000000084000000, 0x0000000084000000, 0x0000000084100000|  0%| F|  |TAMS 0x0000000084000000, 0x0000000084000000| Untracked 
|  65|0x0000000084100000, 0x0000000084100000, 0x0000000084200000|  0%| F|  |TAMS 0x0000000084100000, 0x0000000084100000| Untracked 
|  66|0x0000000084200000, 0x0000000084200000, 0x0000000084300000|  0%| F|  |TAMS 0x0000000084200000, 0x0000000084200000| Untracked 
|  67|0x0000000084300000, 0x0000000084300000, 0x0000000084400000|  0%| F|  |TAMS 0x0000000084300000, 0x0000000084300000| Untracked 
|  68|0x0000000084400000, 0x0000000084400000, 0x0000000084500000|  0%| F|  |TAMS 0x0000000084400000, 0x0000000084400000| Untracked 
|  69|0x0000000084500000, 0x0000000084500000, 0x0000000084600000|  0%| F|  |TAMS 0x0000000084500000, 0x0000000084500000| Untracked 
|  70|0x0000000084600000, 0x0000000084600000, 0x0000000084700000|  0%| F|  |TAMS 0x0000000084600000, 0x0000000084600000| Untracked 
|  71|0x0000000084700000, 0x0000000084700000, 0x0000000084800000|  0%| F|  |TAMS 0x0000000084700000, 0x0000000084700000| Untracked 
|  72|0x0000000084800000, 0x0000000084800000, 0x0000000084900000|  0%| F|  |TAMS 0x0000000084800000, 0x0000000084800000| Untracked 
|  73|0x0000000084900000, 0x0000000084900000, 0x0000000084a00000|  0%| F|  |TAMS 0x0000000084900000, 0x0000000084900000| Untracked 
|  74|0x0000000084a00000, 0x0000000084a00000, 0x0000000084b00000|  0%| F|  |TAMS 0x0000000084a00000, 0x0000000084a00000| Untracked 
|  75|0x0000000084b00000, 0x0000000084b00000, 0x0000000084c00000|  0%| F|  |TAMS 0x0000000084b00000, 0x0000000084b00000| Untracked 
|  76|0x0000000084c00000, 0x0000000084c00000, 0x0000000084d00000|  0%| F|  |TAMS 0x0000000084c00000, 0x0000000084c00000| Untracked 
|  77|0x0000000084d00000, 0x0000000084d00000, 0x0000000084e00000|  0%| F|  |TAMS 0x0000000084d00000, 0x0000000084d00000| Untracked 
|  78|0x0000000084e00000, 0x0000000084e00000, 0x0000000084f00000|  0%| F|  |TAMS 0x0000000084e00000, 0x0000000084e00000| Untracked 
|  79|0x0000000084f00000, 0x0000000084f00000, 0x0000000085000000|  0%| F|  |TAMS 0x0000000084f00000, 0x0000000084f00000| Untracked 
|  80|0x0000000085000000, 0x0000000085000000, 0x0000000085100000|  0%| F|  |TAMS 0x0000000085000000, 0x0000000085000000| Untracked 
|  81|0x0000000085100000, 0x0000000085100000, 0x0000000085200000|  0%| F|  |TAMS 0x0000000085100000, 0x0000000085100000| Untracked 
|  82|0x0000000085200000, 0x0000000085200000, 0x0000000085300000|  0%| F|  |TAMS 0x0000000085200000, 0x0000000085200000| Untracked 
|  83|0x0000000085300000, 0x0000000085300000, 0x0000000085400000|  0%| F|  |TAMS 0x0000000085300000, 0x0000000085300000| Untracked 
|  84|0x0000000085400000, 0x0000000085400000, 0x0000000085500000|  0%| F|  |TAMS 0x0000000085400000, 0x0000000085400000| Untracked 
|  85|0x0000000085500000, 0x0000000085500000, 0x0000000085600000|  0%| F|  |TAMS 0x0000000085500000, 0x0000000085500000| Untracked 
|  86|0x0000000085600000, 0x00000000856f2310, 0x0000000085700000| 94%| S|CS|TAMS 0x0000000085600000, 0x0000000085600000| Complete 
|  87|0x0000000085700000, 0x0000000085800000, 0x0000000085800000|100%| S|CS|TAMS 0x0000000085700000, 0x0000000085700000| Complete 
|  88|0x0000000085800000, 0x0000000085900000, 0x0000000085900000|100%| S|CS|TAMS 0x0000000085800000, 0x0000000085800000| Complete 
|  89|0x0000000085900000, 0x0000000085a00000, 0x0000000085a00000|100%| S|CS|TAMS 0x0000000085900000, 0x0000000085900000| Complete 
|  90|0x0000000085a00000, 0x0000000085b00000, 0x0000000085b00000|100%| S|CS|TAMS 0x0000000085a00000, 0x0000000085a00000| Complete 
|  91|0x0000000085b00000, 0x0000000085b00000, 0x0000000085c00000|  0%| F|  |TAMS 0x0000000085b00000, 0x0000000085b00000| Untracked 
|  92|0x0000000085c00000, 0x0000000085c00000, 0x0000000085d00000|  0%| F|  |TAMS 0x0000000085c00000, 0x0000000085c00000| Untracked 
|  93|0x0000000085d00000, 0x0000000085d00000, 0x0000000085e00000|  0%| F|  |TAMS 0x0000000085d00000, 0x0000000085d00000| Untracked 
|  94|0x0000000085e00000, 0x0000000085e5dec8, 0x0000000085f00000| 36%| E|  |TAMS 0x0000000085e00000, 0x0000000085e00000| Complete 
|  95|0x0000000085f00000, 0x0000000086000000, 0x0000000086000000|100%| E|CS|TAMS 0x0000000085f00000, 0x0000000085f00000| Complete 
|  96|0x0000000086000000, 0x0000000086100000, 0x0000000086100000|100%| E|CS|TAMS 0x0000000086000000, 0x0000000086000000| Complete 
|  97|0x0000000086100000, 0x0000000086200000, 0x0000000086200000|100%| E|CS|TAMS 0x0000000086100000, 0x0000000086100000| Complete 
|  98|0x0000000086200000, 0x0000000086300000, 0x0000000086300000|100%| E|CS|TAMS 0x0000000086200000, 0x0000000086200000| Complete 
|  99|0x0000000086300000, 0x0000000086400000, 0x0000000086400000|100%| E|CS|TAMS 0x0000000086300000, 0x0000000086300000| Complete 
| 100|0x0000000086400000, 0x0000000086500000, 0x0000000086500000|100%| E|CS|TAMS 0x0000000086400000, 0x0000000086400000| Complete 
| 101|0x0000000086500000, 0x0000000086600000, 0x0000000086600000|100%| E|CS|TAMS 0x0000000086500000, 0x0000000086500000| Complete 
| 102|0x0000000086600000, 0x0000000086700000, 0x0000000086700000|100%| E|CS|TAMS 0x0000000086600000, 0x0000000086600000| Complete 
| 103|0x0000000086700000, 0x0000000086800000, 0x0000000086800000|100%| E|  |TAMS 0x0000000086700000, 0x0000000086700000| Complete 
| 104|0x0000000086800000, 0x0000000086900000, 0x0000000086900000|100%| E|CS|TAMS 0x0000000086800000, 0x0000000086800000| Complete 
| 105|0x0000000086900000, 0x0000000086a00000, 0x0000000086a00000|100%| E|CS|TAMS 0x0000000086900000, 0x0000000086900000| Complete 
| 106|0x0000000086a00000, 0x0000000086b00000, 0x0000000086b00000|100%| E|CS|TAMS 0x0000000086a00000, 0x0000000086a00000| Complete 
| 107|0x0000000086b00000, 0x0000000086c00000, 0x0000000086c00000|100%| E|CS|TAMS 0x0000000086b00000, 0x0000000086b00000| Complete 
| 108|0x0000000086c00000, 0x0000000086d00000, 0x0000000086d00000|100%| E|CS|TAMS 0x0000000086c00000, 0x0000000086c00000| Complete 
| 109|0x0000000086d00000, 0x0000000086e00000, 0x0000000086e00000|100%| E|CS|TAMS 0x0000000086d00000, 0x0000000086d00000| Complete 
| 110|0x0000000086e00000, 0x0000000086f00000, 0x0000000086f00000|100%| E|CS|TAMS 0x0000000086e00000, 0x0000000086e00000| Complete 
| 111|0x0000000086f00000, 0x0000000087000000, 0x0000000087000000|100%| E|CS|TAMS 0x0000000086f00000, 0x0000000086f00000| Complete 
| 112|0x0000000087000000, 0x0000000087100000, 0x0000000087100000|100%| E|CS|TAMS 0x0000000087000000, 0x0000000087000000| Complete 
| 113|0x0000000087100000, 0x0000000087200000, 0x0000000087200000|100%| E|CS|TAMS 0x0000000087100000, 0x0000000087100000| Complete 
| 114|0x0000000087200000, 0x0000000087300000, 0x0000000087300000|100%| E|CS|TAMS 0x0000000087200000, 0x0000000087200000| Complete 
| 115|0x0000000087300000, 0x0000000087400000, 0x0000000087400000|100%| E|CS|TAMS 0x0000000087300000, 0x0000000087300000| Complete 
| 116|0x0000000087400000, 0x0000000087500000, 0x0000000087500000|100%| E|CS|TAMS 0x0000000087400000, 0x0000000087400000| Complete 
| 117|0x0000000087500000, 0x0000000087600000, 0x0000000087600000|100%| E|CS|TAMS 0x0000000087500000, 0x0000000087500000| Complete 
| 118|0x0000000087600000, 0x0000000087700000, 0x0000000087700000|100%| E|CS|TAMS 0x0000000087600000, 0x0000000087600000| Complete 
| 119|0x0000000087700000, 0x0000000087800000, 0x0000000087800000|100%| E|CS|TAMS 0x0000000087700000, 0x0000000087700000| Complete 
| 120|0x0000000087800000, 0x0000000087900000, 0x0000000087900000|100%| E|CS|TAMS 0x0000000087800000, 0x0000000087800000| Complete 
| 121|0x0000000087900000, 0x0000000087a00000, 0x0000000087a00000|100%| E|CS|TAMS 0x0000000087900000, 0x0000000087900000| Complete 
| 122|0x0000000087a00000, 0x0000000087b00000, 0x0000000087b00000|100%| E|CS|TAMS 0x0000000087a00000, 0x0000000087a00000| Complete 
| 123|0x0000000087b00000, 0x0000000087c00000, 0x0000000087c00000|100%| E|CS|TAMS 0x0000000087b00000, 0x0000000087b00000| Complete 
| 124|0x0000000087c00000, 0x0000000087d00000, 0x0000000087d00000|100%| E|CS|TAMS 0x0000000087c00000, 0x0000000087c00000| Complete 
| 125|0x0000000087d00000, 0x0000000087e00000, 0x0000000087e00000|100%| E|CS|TAMS 0x0000000087d00000, 0x0000000087d00000| Complete 
| 126|0x0000000087e00000, 0x0000000087f00000, 0x0000000087f00000|100%| E|CS|TAMS 0x0000000087e00000, 0x0000000087e00000| Complete 
| 127|0x0000000087f00000, 0x0000000088000000, 0x0000000088000000|100%| E|CS|TAMS 0x0000000087f00000, 0x0000000087f00000| Complete 
| 128|0x0000000088000000, 0x0000000088100000, 0x0000000088100000|100%| E|CS|TAMS 0x0000000088000000, 0x0000000088000000| Complete 
| 129|0x0000000088100000, 0x0000000088200000, 0x0000000088200000|100%| E|CS|TAMS 0x0000000088100000, 0x0000000088100000| Complete 

Card table byte_map: [0x00000242fc840000,0x00000242fcc40000] _byte_map_base: 0x00000242fc440000

Marking Bits (Prev, Next): (CMBitMap*) 0x00000242f6b3d5f0, (CMBitMap*) 0x00000242f6b3d5b8
 Prev Bits: [0x000002428f000000, 0x0000024291000000)
 Next Bits: [0x00000242fd040000, 0x00000242ff040000)

Polling page: 0x00000242f6be0000

Metaspace:

Usage:
  Non-class:     73.84 MB capacity,    72.59 MB ( 98%) used,     1.02 MB (  1%) free+waste,   234.50 KB ( <1%) overhead. 
      Class:     11.58 MB capacity,    10.83 MB ( 93%) used,   666.29 KB (  6%) free+waste,   106.00 KB ( <1%) overhead. 
       Both:     85.42 MB capacity,    83.42 MB ( 98%) used,     1.68 MB (  2%) free+waste,   340.50 KB ( <1%) overhead. 

Virtual space:
  Non-class space:       74.00 MB reserved,      74.00 MB (100%) committed 
      Class space:        1.00 GB reserved,      11.63 MB (  1%) committed 
             Both:        1.07 GB reserved,      85.63 MB (  8%) committed 

Chunk freelists:
   Non-Class:  32.00 KB
       Class:  11.00 KB
        Both:  43.00 KB

MaxMetaspaceSize: 17179869184.00 GB
CompressedClassSpaceSize: 1.00 GB

CodeHeap 'non-profiled nmethods': size=120064Kb used=4799Kb max_used=4799Kb free=115264Kb
 bounds [0x0000024287ac0000, 0x0000024287f70000, 0x000002428f000000]
CodeHeap 'profiled nmethods': size=120000Kb used=20331Kb max_used=20331Kb free=99668Kb
 bounds [0x0000024280590000, 0x0000024281970000, 0x0000024287ac0000]
CodeHeap 'non-nmethods': size=5696Kb used=2281Kb max_used=2331Kb free=3414Kb
 bounds [0x0000024280000000, 0x0000024280270000, 0x0000024280590000]
 total_blobs=10286 nmethods=9402 adapters=796
 compilation: enabled
              stopped_count=0, restarted_count=0
 full_count=0

Compilation events (20 events):
Event: 76.014 Thread 0x00000242ff65b800 nmethod 9479 0x0000024287f6e610 code [0x0000024287f6e7c0, 0x0000024287f6eb18]
Event: 76.015 Thread 0x00000242ff65b800 9480   !   4       java.util.zip.ZipFile::getInputStream (323 bytes)
Event: 76.052 Thread 0x0000024293040800 9495 %     3       java.util.zip.ZipFile$Source::getEntryPos @ 33 (206 bytes)
Event: 76.054 Thread 0x0000024293040800 nmethod 9495% 0x0000024281947d10 code [0x0000024281947fa0, 0x0000024281948cf8]
Event: 76.058 Thread 0x0000024293040800 9496       3       com.android.builder.dexing.JarClassFileInput::createEntryFromEntry (20 bytes)
Event: 76.058 Thread 0x0000024293040800 nmethod 9496 0x0000024281949390 code [0x0000024281949580, 0x0000024281949a08]
Event: 76.058 Thread 0x0000024293040800 9497       3       com.android.builder.dexing.D8DexArchiveBuilder$$Lambda$946/0x0000000100ad4040::accept (16 bytes)
Event: 76.061 Thread 0x0000024293040800 nmethod 9497 0x0000024281949b90 code [0x0000024281949ec0, 0x000002428194b218]
Event: 76.061 Thread 0x0000024293040800 9498       3       com.google.common.io.ByteStreams::combineBuffers (56 bytes)
Event: 76.062 Thread 0x0000024293040800 nmethod 9498 0x000002428194bb10 code [0x000002428194bd00, 0x000002428194c258]
Event: 76.062 Thread 0x0000024293040800 9499       3       com.android.builder.dexing.D8DiagnosticsHandler::getOrigin (65 bytes)
Event: 76.064 Thread 0x0000024293040800 nmethod 9499 0x000002428194c490 code [0x000002428194c740, 0x000002428194d578]
Event: 76.064 Thread 0x0000024293040800 9500       3       com.android.tools.r8.utils.c$b::a (23 bytes)
Event: 76.065 Thread 0x0000024293040800 nmethod 9500 0x000002428194da90 code [0x000002428194dcc0, 0x000002428194e578]
Event: 76.065 Thread 0x0000024293040800 9501       3       com.android.builder.dexing.JarClassFileInput$$Lambda$941/0x0000000100aa9440::apply (12 bytes)
Event: 76.066 Thread 0x0000024293040800 nmethod 9501 0x000002428194e910 code [0x000002428194eb00, 0x000002428194f0e8]
Event: 76.066 Thread 0x0000024293040800 9502       3       com.android.tools.r8.ProgramResource$ByteResource::<init> (46 bytes)
Event: 76.066 Thread 0x0000024293040800 nmethod 9502 0x000002428194f310 code [0x000002428194f4e0, 0x000002428194f7b8]
Event: 76.105 Thread 0x0000024293040800 9503       3       com.android.tools.r8.BaseCommand$Builder$$Lambda$950/0x0000000100ad3040::<init> (20 bytes)
Event: 76.106 Thread 0x0000024293040800 nmethod 9503 0x000002428194f890 code [0x000002428194fa40, 0x000002428194fcb8]

GC Heap History (20 events):
Event: 60.967 GC heap before
{Heap before GC invocations=65 (full 0):
 garbage-first heap   total 92160K, used 68868K [0x0000000080000000, 0x0000000100000000)
  region size 1024K, 17 young (17408K), 2 survivors (2048K)
 Metaspace       used 69077K, capacity 70756K, committed 71040K, reserved 1110016K
  class space    used 8944K, capacity 9540K, committed 9600K, reserved 1048576K
}
Event: 60.982 GC heap after
{Heap after GC invocations=66 (full 0):
 garbage-first heap   total 92160K, used 54554K [0x0000000080000000, 0x0000000100000000)
  region size 1024K, 3 young (3072K), 3 survivors (3072K)
 Metaspace       used 69077K, capacity 70756K, committed 71040K, reserved 1110016K
  class space    used 8944K, capacity 9540K, committed 9600K, reserved 1048576K
}
Event: 62.104 GC heap before
{Heap before GC invocations=66 (full 0):
 garbage-first heap   total 92160K, used 69914K [0x0000000080000000, 0x0000000100000000)
  region size 1024K, 18 young (18432K), 3 survivors (3072K)
 Metaspace       used 70179K, capacity 71823K, committed 71936K, reserved 1112064K
  class space    used 9108K, capacity 9697K, committed 9728K, reserved 1048576K
}
Event: 62.112 GC heap after
{Heap after GC invocations=67 (full 0):
 garbage-first heap   total 92160K, used 55639K [0x0000000080000000, 0x0000000100000000)
  region size 1024K, 3 young (3072K), 3 survivors (3072K)
 Metaspace       used 70179K, capacity 71823K, committed 71936K, reserved 1112064K
  class space    used 9108K, capacity 9697K, committed 9728K, reserved 1048576K
}
Event: 63.086 GC heap before
{Heap before GC invocations=68 (full 0):
 garbage-first heap   total 92160K, used 70999K [0x0000000080000000, 0x0000000100000000)
  region size 1024K, 19 young (19456K), 3 survivors (3072K)
 Metaspace       used 72192K, capacity 73932K, committed 74112K, reserved 1114112K
  class space    used 9438K, capacity 10060K, committed 10112K, reserved 1048576K
}
Event: 63.097 GC heap after
{Heap after GC invocations=69 (full 0):
 garbage-first heap   total 92160K, used 56076K [0x0000000080000000, 0x0000000100000000)
  region size 1024K, 2 young (2048K), 2 survivors (2048K)
 Metaspace       used 72192K, capacity 73932K, committed 74112K, reserved 1114112K
  class space    used 9438K, capacity 10060K, committed 10112K, reserved 1048576K
}
Event: 64.137 GC heap before
{Heap before GC invocations=69 (full 0):
 garbage-first heap   total 92160K, used 72460K [0x0000000080000000, 0x0000000100000000)
  region size 1024K, 18 young (18432K), 2 survivors (2048K)
 Metaspace       used 74669K, capacity 76374K, committed 76544K, reserved 1116160K
  class space    used 9741K, capacity 10391K, committed 10496K, reserved 1048576K
}
Event: 64.150 GC heap after
{Heap after GC invocations=70 (full 0):
 garbage-first heap   total 110592K, used 57361K [0x0000000080000000, 0x0000000100000000)
  region size 1024K, 3 young (3072K), 3 survivors (3072K)
 Metaspace       used 74669K, capacity 76374K, committed 76544K, reserved 1116160K
  class space    used 9741K, capacity 10391K, committed 10496K, reserved 1048576K
}
Event: 65.721 GC heap before
{Heap before GC invocations=71 (full 0):
 garbage-first heap   total 110592K, used 81937K [0x0000000080000000, 0x0000000100000000)
  region size 1024K, 27 young (27648K), 3 survivors (3072K)
 Metaspace       used 76623K, capacity 78401K, committed 78592K, reserved 1118208K
  class space    used 9999K, capacity 10673K, committed 10752K, reserved 1048576K
}
Event: 65.737 GC heap after
{Heap after GC invocations=72 (full 0):
 garbage-first heap   total 110592K, used 59295K [0x0000000080000000, 0x0000000100000000)
  region size 1024K, 4 young (4096K), 4 survivors (4096K)
 Metaspace       used 76623K, capacity 78401K, committed 78592K, reserved 1118208K
  class space    used 9999K, capacity 10673K, committed 10752K, reserved 1048576K
}
Event: 67.860 GC heap before
{Heap before GC invocations=72 (full 0):
 garbage-first heap   total 110592K, used 83871K [0x0000000080000000, 0x0000000100000000)
  region size 1024K, 28 young (28672K), 4 survivors (4096K)
 Metaspace       used 78301K, capacity 80265K, committed 80384K, reserved 1118208K
  class space    used 10273K, capacity 11005K, committed 11008K, reserved 1048576K
}
Event: 67.878 GC heap after
{Heap after GC invocations=73 (full 0):
 garbage-first heap   total 110592K, used 61031K [0x0000000080000000, 0x0000000100000000)
  region size 1024K, 4 young (4096K), 4 survivors (4096K)
 Metaspace       used 78301K, capacity 80265K, committed 80384K, reserved 1118208K
  class space    used 10273K, capacity 11005K, committed 11008K, reserved 1048576K
}
Event: 69.820 GC heap before
{Heap before GC invocations=74 (full 0):
 garbage-first heap   total 110592K, used 84583K [0x0000000080000000, 0x0000000100000000)
  region size 1024K, 28 young (28672K), 4 survivors (4096K)
 Metaspace       used 78499K, capacity 80547K, committed 80768K, reserved 1118208K
  class space    used 10277K, capacity 11010K, committed 11136K, reserved 1048576K
}
Event: 69.836 GC heap after
{Heap after GC invocations=75 (full 0):
 garbage-first heap   total 110592K, used 62355K [0x0000000080000000, 0x0000000100000000)
  region size 1024K, 4 young (4096K), 4 survivors (4096K)
 Metaspace       used 78499K, capacity 80547K, committed 80768K, reserved 1118208K
  class space    used 10277K, capacity 11010K, committed 11136K, reserved 1048576K
}
Event: 71.665 GC heap before
{Heap before GC invocations=75 (full 0):
 garbage-first heap   total 110592K, used 85907K [0x0000000080000000, 0x0000000100000000)
  region size 1024K, 28 young (28672K), 4 survivors (4096K)
 Metaspace       used 79555K, capacity 81661K, committed 81792K, reserved 1120256K
  class space    used 10364K, capacity 11115K, committed 11136K, reserved 1048576K
}
Event: 71.688 GC heap after
{Heap after GC invocations=76 (full 0):
 garbage-first heap   total 133120K, used 63822K [0x0000000080000000, 0x0000000100000000)
  region size 1024K, 3 young (3072K), 3 survivors (3072K)
 Metaspace       used 79555K, capacity 81661K, committed 81792K, reserved 1120256K
  class space    used 10364K, capacity 11115K, committed 11136K, reserved 1048576K
}
Event: 72.886 GC heap before
{Heap before GC invocations=77 (full 0):
 garbage-first heap   total 133120K, used 97614K [0x0000000080000000, 0x0000000100000000)
  region size 1024K, 37 young (37888K), 3 survivors (3072K)
 Metaspace       used 82177K, capacity 84189K, committed 84480K, reserved 1122304K
  class space    used 10721K, capacity 11467K, committed 11520K, reserved 1048576K
}
Event: 72.897 GC heap after
{Heap after GC invocations=78 (full 0):
 garbage-first heap   total 133120K, used 64618K [0x0000000080000000, 0x0000000100000000)
  region size 1024K, 3 young (3072K), 3 survivors (3072K)
 Metaspace       used 82177K, capacity 84189K, committed 84480K, reserved 1122304K
  class space    used 10721K, capacity 11467K, committed 11520K, reserved 1048576K
}
Event: 75.248 GC heap before
{Heap before GC invocations=78 (full 0):
 garbage-first heap   total 133120K, used 100458K [0x0000000080000000, 0x0000000100000000)
  region size 1024K, 39 young (39936K), 3 survivors (3072K)
 Metaspace       used 83681K, capacity 85774K, committed 85888K, reserved 1124352K
  class space    used 10851K, capacity 11639K, committed 11648K, reserved 1048576K
}
Event: 75.265 GC heap after
{Heap after GC invocations=79 (full 0):
 garbage-first heap   total 133120K, used 67359K [0x0000000080000000, 0x0000000100000000)
  region size 1024K, 5 young (5120K), 5 survivors (5120K)
 Metaspace       used 83681K, capacity 85774K, committed 85888K, reserved 1124352K
  class space    used 10851K, capacity 11639K, committed 11648K, reserved 1048576K
}

Deoptimization events (20 events):
Event: 75.274 Thread 0x00000242955b9800 Uncommon trap: trap_request=0xffffff4d fr.pc=0x0000024287f327c8 relative=0x00000000000013e8
Event: 75.274 Thread 0x00000242955b9800 Uncommon trap: reason=unstable_if action=reinterpret pc=0x0000024287f327c8 method=java.util.concurrent.ConcurrentHashMap.addCount(JI)V @ 97 c2
Event: 75.274 Thread 0x00000242955b9800 DEOPT PACKING pc=0x0000024287f327c8 sp=0x000000c5161fe680
Event: 75.274 Thread 0x00000242955b9800 DEOPT UNPACKING pc=0x00000242800273af sp=0x000000c5161fe540 mode 2
Event: 75.549 Thread 0x0000024294bae800 DEOPT PACKING pc=0x000002428145fa68 sp=0x000000c514afb000
Event: 75.549 Thread 0x0000024294bae800 DEOPT UNPACKING pc=0x00000242800271ce sp=0x000000c514afa510 mode 0
Event: 75.612 Thread 0x0000024294bae800 DEOPT PACKING pc=0x000002428115a6f3 sp=0x000000c514af82e0
Event: 75.612 Thread 0x0000024294bae800 DEOPT UNPACKING pc=0x00000242800271ce sp=0x000000c514af7880 mode 0
Event: 75.649 Thread 0x00000242955b9800 Uncommon trap: trap_request=0xffffff4d fr.pc=0x0000024287ef2f38 relative=0x0000000000000718
Event: 75.649 Thread 0x00000242955b9800 Uncommon trap: reason=unstable_if action=reinterpret pc=0x0000024287ef2f38 method=org.gradle.internal.snapshot.VfsRelativePath.compareToFirstSegment(Ljava/lang/String;Lorg/gradle/internal/snapshot/CaseSensitivity;)I @ 134 c2
Event: 75.649 Thread 0x00000242955b9800 DEOPT PACKING pc=0x0000024287ef2f38 sp=0x000000c5161fa070
Event: 75.649 Thread 0x00000242955b9800 DEOPT UNPACKING pc=0x00000242800273af sp=0x000000c5161f9ff0 mode 2
Event: 75.810 Thread 0x00000242955b9800 Uncommon trap: trap_request=0xffffff4d fr.pc=0x0000024287aef4ac relative=0x00000000000007cc
Event: 75.810 Thread 0x00000242955b9800 Uncommon trap: reason=unstable_if action=reinterpret pc=0x0000024287aef4ac method=java.util.zip.ZipFile$Source.getEntryPos([BZ)I @ 105 c2
Event: 75.810 Thread 0x00000242955b9800 DEOPT PACKING pc=0x0000024287aef4ac sp=0x000000c5161f74f0
Event: 75.810 Thread 0x00000242955b9800 DEOPT UNPACKING pc=0x00000242800273af sp=0x000000c5161f7490 mode 2
Event: 76.064 Thread 0x00000242955b5800 Uncommon trap: trap_request=0xffffff4d fr.pc=0x0000024287eae390 relative=0x00000000000001b0
Event: 76.064 Thread 0x00000242955b5800 Uncommon trap: reason=unstable_if action=reinterpret pc=0x0000024287eae390 method=com.google.common.collect.MapMakerInternalMap$Segment.getEntry(Ljava/lang/Object;I)Lcom/google/common/collect/MapMakerInternalMap$InternalEntry; @ 63 c2
Event: 76.065 Thread 0x00000242955b5800 DEOPT PACKING pc=0x0000024287eae390 sp=0x000000c5163f2b10
Event: 76.065 Thread 0x00000242955b5800 DEOPT UNPACKING pc=0x00000242800273af sp=0x000000c5163f2ac8 mode 2

Classes redefined (0 events):
No events

Internal exceptions (20 events):
Event: 64.659 Thread 0x0000024294bae800 Exception <a 'java/lang/NoSuchMethodError'{0x000000008602e820}: 'java.lang.Object java.lang.invoke.Invokers$Holder.linkToTargetMethod(java.lang.Object, int, int, java.lang.Object)'> (0x000000008602e820) thrown at [./src/hotspot/share/interpreter/linkResolver.cpp, line 773]
Event: 65.658 Thread 0x000002429502d800 Exception <a 'java/lang/NoSuchMethodError'{0x00000000855fcad8}: <clinit>> (0x00000000855fcad8) thrown at [./src/hotspot/share/prims/jni.cpp, line 1362]
Event: 65.660 Thread 0x000002429502d800 Exception <a 'java/lang/NoSuchMethodError'{0x0000000085408798}: <clinit>> (0x0000000085408798) thrown at [./src/hotspot/share/prims/jni.cpp, line 1362]
Event: 65.694 Thread 0x000002429502d800 Exception <a 'java/lang/NoSuchMethodError'{0x00000000854aee90}: <clinit>> (0x00000000854aee90) thrown at [./src/hotspot/share/prims/jni.cpp, line 1362]
Event: 65.699 Thread 0x000002429502d800 Exception <a 'java/lang/NoSuchMethodError'{0x00000000854c3140}: <clinit>> (0x00000000854c3140) thrown at [./src/hotspot/share/prims/jni.cpp, line 1362]
Event: 65.699 Thread 0x000002429502d800 Exception <a 'java/lang/NoSuchMethodError'{0x00000000854c48b8}: <clinit>> (0x00000000854c48b8) thrown at [./src/hotspot/share/prims/jni.cpp, line 1362]
Event: 65.854 Thread 0x00000242955b6800 Exception <a 'java/lang/NoSuchMethodError'{0x0000000086974ac8}: <clinit>> (0x0000000086974ac8) thrown at [./src/hotspot/share/prims/jni.cpp, line 1362]
Event: 65.860 Thread 0x00000242955b6800 Exception <a 'java/lang/NoSuchMethodError'{0x0000000086989160}: <clinit>> (0x0000000086989160) thrown at [./src/hotspot/share/prims/jni.cpp, line 1362]
Event: 65.864 Thread 0x00000242955b6800 Exception <a 'java/lang/NoSuchMethodError'{0x00000000869a2868}: <clinit>> (0x00000000869a2868) thrown at [./src/hotspot/share/prims/jni.cpp, line 1362]
Event: 66.183 Thread 0x000002429502d800 Exception <a 'java/lang/NoSuchMethodError'{0x00000000867e7bd0}: <clinit>> (0x00000000867e7bd0) thrown at [./src/hotspot/share/prims/jni.cpp, line 1362]
Event: 66.435 Thread 0x00000242955b4800 Exception <a 'java/lang/NoSuchMethodError'{0x00000000866fda28}: 'java.lang.Object java.lang.invoke.Invokers$Holder.linkToTargetMethod(java.lang.Object, java.lang.Object, java.lang.Object, int, java.lang.Object, java.lang.Object)'> (0x00000000866fda28) thrown at [./src/hotspot/share/interpreter/linkResolver.cpp, line 773]
Event: 66.540 Thread 0x00000242955b4800 Exception <a 'java/lang/IncompatibleClassChangeError'{0x000000008655dbb0}: Found class java.lang.Object, but interface was expected> (0x000000008655dbb0) thrown at [./src/hotspot/share/interpreter/linkResolver.cpp, line 839]
Event: 66.626 Thread 0x00000242955b4800 Exception <a 'java/lang/NoSuchMethodError'{0x0000000086329fb0}: 'int java.lang.invoke.DirectMethodHandle$Holder.invokeStaticInit(java.lang.Object, java.lang.Object, java.lang.Object, java.lang.Object, java.lang.Object)'> (0x0000000086329fb0) thrown at [./src/hotspot/share/interpreter/linkResolver.cpp, line 773]
Event: 67.510 Thread 0x000002429b3e4800 Exception <a 'java/lang/NoSuchMethodError'{0x00000000859b3740}: 'java.lang.Object java.lang.invoke.DirectMethodHandle$Holder.invokeSpecialIFC(java.lang.Object, java.lang.Object, java.lang.Object)'> (0x00000000859b3740) thrown at [./src/hotspot/share/interpreter/linkResolver.cpp, line 773]
Event: 67.510 Thread 0x00000242955b9800 Exception <a 'java/lang/NoSuchMethodError'{0x00000000859add90}: 'java.lang.Object java.lang.invoke.DirectMethodHandle$Holder.invokeSpecialIFC(java.lang.Object, java.lang.Object, java.lang.Object)'> (0x00000000859add90) thrown at [./src/hotspot/share/interpreter/linkResolver.cpp, line 773]
Event: 69.258 Thread 0x000002429b3e4800 Exception <a 'java/lang/NoSuchMethodError'{0x0000000085db5150}: 'void java.lang.invoke.DirectMethodHandle$Holder.invokeVirtual(java.lang.Object, java.lang.Object)'> (0x0000000085db5150) thrown at [./src/hotspot/share/interpreter/linkResolver.cpp, line 773]
Event: 69.258 Thread 0x00000242955b9800 Exception <a 'java/lang/NoSuchMethodError'{0x0000000085b14c28}: 'void java.lang.invoke.DirectMethodHandle$Holder.invokeVirtual(java.lang.Object, java.lang.Object)'> (0x0000000085b14c28) thrown at [./src/hotspot/share/interpreter/linkResolver.cpp, line 773]
Event: 74.669 Thread 0x0000024294bae800 Exception <a 'java/lang/NoSuchMethodError'{0x000000008634b700}: 'int java.lang.invoke.DirectMethodHandle$Holder.invokeSpecial(java.lang.Object, java.lang.Object, java.lang.Object, java.lang.Object, java.lang.Object)'> (0x000000008634b700) thrown at [./src/hotspot/share/interpreter/linkResolver.cpp, line 773]
Event: 75.988 Thread 0x00000242955b5800 Exception <a 'sun/nio/fs/WindowsException'{0x0000000086e14108}> (0x0000000086e14108) thrown at [./src/hotspot/share/prims/jni.cpp, line 615]
Event: 76.124 Thread 0x00000242955b9800 Exception <a 'sun/nio/fs/WindowsException'{0x0000000086443f58}> (0x0000000086443f58) thrown at [./src/hotspot/share/prims/jni.cpp, line 615]

Events (20 events):
Event: 76.097 loading class com/android/tools/r8/internal/aG
Event: 76.097 loading class com/android/tools/r8/internal/aG done
Event: 76.100 loading class com/android/tools/r8/internal/e7
Event: 76.100 loading class com/android/tools/r8/internal/e7 done
Event: 76.115 loading class com/android/tools/r8/internal/W2
Event: 76.115 loading class com/android/tools/r8/internal/W2 done
Event: 76.116 loading class com/android/tools/r8/internal/bv
Event: 76.116 loading class com/android/tools/r8/internal/bv done
Event: 76.117 loading class com/android/tools/r8/internal/C1
Event: 76.117 loading class com/android/tools/r8/internal/C1 done
Event: 76.120 loading class com/android/tools/r8/internal/e8
Event: 76.120 loading class com/android/tools/r8/internal/e8 done
Event: 76.121 loading class com/android/tools/r8/internal/k8
Event: 76.121 loading class com/android/tools/r8/internal/k8 done
Event: 76.123 loading class com/android/tools/r8/internal/h8
Event: 76.123 loading class com/android/tools/r8/internal/h8 done
Event: 76.129 loading class com/android/tools/r8/internal/i8
Event: 76.129 loading class com/android/tools/r8/internal/i8 done
Event: 76.131 loading class com/android/tools/r8/graph/c
Event: 76.131 loading class com/android/tools/r8/graph/c done


Dynamic libraries:
0x00007ff63bc80000 - 0x00007ff63bc8a000 	D:\androidstudio\jre\bin\java.exe
0x00007fff85e10000 - 0x00007fff86005000 	C:\WINDOWS\SYSTEM32\ntdll.dll
0x00007fff85c60000 - 0x00007fff85d1d000 	C:\WINDOWS\System32\KERNEL32.DLL
0x00007fff83900000 - 0x00007fff83bc9000 	C:\WINDOWS\System32\KERNELBASE.dll
0x00007fff83c50000 - 0x00007fff83d50000 	C:\WINDOWS\System32\ucrtbase.dll
0x00007fff55630000 - 0x00007fff55647000 	D:\androidstudio\jre\bin\VCRUNTIME140.dll
0x00007fff555d0000 - 0x00007fff555e9000 	D:\androidstudio\jre\bin\jli.dll
0x00007fff84750000 - 0x00007fff848f0000 	C:\WINDOWS\System32\USER32.dll
0x00007fff83c20000 - 0x00007fff83c42000 	C:\WINDOWS\System32\win32u.dll
0x00007fff85210000 - 0x00007fff8523a000 	C:\WINDOWS\System32\GDI32.dll
0x00007fff837f0000 - 0x00007fff838fb000 	C:\WINDOWS\System32\gdi32full.dll
0x00007fff717a0000 - 0x00007fff71a3a000 	C:\WINDOWS\WinSxS\amd64_microsoft.windows.common-controls_6595b64144ccf1df_6.0.19041.1110_none_60b5254171f9507e\COMCTL32.dll
0x00007fff83d50000 - 0x00007fff83ded000 	C:\WINDOWS\System32\msvcp_win.dll
0x00007fff84400000 - 0x00007fff8449e000 	C:\WINDOWS\System32\msvcrt.dll
0x00007fff84570000 - 0x00007fff845a0000 	C:\WINDOWS\System32\IMM32.DLL
0x00007fff409b0000 - 0x00007fff40a4d000 	D:\androidstudio\jre\bin\msvcp140.dll
0x00007fff2bbf0000 - 0x00007fff2c6bf000 	D:\androidstudio\jre\bin\server\jvm.dll
0x00007fff83f90000 - 0x00007fff8403c000 	C:\WINDOWS\System32\ADVAPI32.dll
0x00007fff85240000 - 0x00007fff852db000 	C:\WINDOWS\System32\sechost.dll
0x00007fff845c0000 - 0x00007fff846ea000 	C:\WINDOWS\System32\RPCRT4.dll
0x00007fff84040000 - 0x00007fff84048000 	C:\WINDOWS\System32\PSAPI.DLL
0x00007fff794c0000 - 0x00007fff794e7000 	C:\WINDOWS\SYSTEM32\WINMM.dll
0x00007fff75330000 - 0x00007fff75339000 	C:\WINDOWS\SYSTEM32\WSOCK32.dll
0x00007fff85a20000 - 0x00007fff85a8b000 	C:\WINDOWS\System32\WS2_32.dll
0x00007fff794f0000 - 0x00007fff794fa000 	C:\WINDOWS\SYSTEM32\VERSION.dll
0x00007fff81e10000 - 0x00007fff81e22000 	C:\WINDOWS\SYSTEM32\kernel.appcore.dll
0x00007fff5a370000 - 0x00007fff5a381000 	D:\androidstudio\jre\bin\verify.dll
0x00007fff80e00000 - 0x00007fff80fe4000 	C:\WINDOWS\SYSTEM32\DBGHELP.DLL
0x00007fff724d0000 - 0x00007fff724fc000 	C:\WINDOWS\SYSTEM32\dbgcore.DLL
0x00007fff83df0000 - 0x00007fff83e73000 	C:\WINDOWS\System32\bcryptPrimitives.dll
0x00007fff4e130000 - 0x00007fff4e159000 	D:\androidstudio\jre\bin\java.dll
0x00007fff74ba0000 - 0x00007fff74bab000 	D:\androidstudio\jre\bin\jimage.dll
0x00007fff53ab0000 - 0x00007fff53ac8000 	D:\androidstudio\jre\bin\zip.dll
0x00007fff852e0000 - 0x00007fff85a1f000 	C:\WINDOWS\System32\SHELL32.dll
0x00007fff81300000 - 0x00007fff81a91000 	C:\WINDOWS\SYSTEM32\windows.storage.dll
0x00007fff84eb0000 - 0x00007fff85205000 	C:\WINDOWS\System32\combase.dll
0x00007fff82f50000 - 0x00007fff82f7c000 	C:\WINDOWS\SYSTEM32\Wldp.dll
0x00007fff85d20000 - 0x00007fff85dce000 	C:\WINDOWS\System32\SHCORE.dll
0x00007fff84200000 - 0x00007fff84255000 	C:\WINDOWS\System32\shlwapi.dll
0x00007fff83490000 - 0x00007fff834af000 	C:\WINDOWS\SYSTEM32\profapi.dll
0x00007fff4e660000 - 0x00007fff4e67a000 	D:\androidstudio\jre\bin\net.dll
0x00007fff765d0000 - 0x00007fff766da000 	C:\WINDOWS\SYSTEM32\WINHTTP.dll
0x00007fff82c50000 - 0x00007fff82cba000 	C:\WINDOWS\system32\mswsock.dll
0x00007fff4e110000 - 0x00007fff4e124000 	D:\androidstudio\jre\bin\nio.dll
0x00007fff41920000 - 0x00007fff41947000 	C:\Users\WINDOWS 10\.gradle\native\8bec1ad78214c89d9ad589b4d07fe93259594b29d510b10fafb7a158f7737e5d\windows-amd64\native-platform.dll
0x00007fff2b750000 - 0x00007fff2b88d000 	C:\Users\WINDOWS 10\.gradle\native\53dbd7edfb1c66fb8903c78663c9afc45aea4f116125fa6feffd364cf09443e8\windows-amd64\native-platform-file-events.dll
0x00007fff73e10000 - 0x00007fff73e1a000 	D:\androidstudio\jre\bin\management.dll
0x00007fff73940000 - 0x00007fff7394c000 	D:\androidstudio\jre\bin\management_ext.dll
0x00007fff82e40000 - 0x00007fff82e58000 	C:\WINDOWS\SYSTEM32\CRYPTSP.dll
0x00007fff825f0000 - 0x00007fff82624000 	C:\WINDOWS\system32\rsaenh.dll
0x00007fff83710000 - 0x00007fff83737000 	C:\WINDOWS\System32\bcrypt.dll
0x00007fff83450000 - 0x00007fff8347e000 	C:\WINDOWS\SYSTEM32\USERENV.dll
0x00007fff82e30000 - 0x00007fff82e3c000 	C:\WINDOWS\SYSTEM32\CRYPTBASE.dll
0x00007fff82940000 - 0x00007fff8297b000 	C:\WINDOWS\SYSTEM32\IPHLPAPI.DLL
0x00007fff843f0000 - 0x00007fff843f8000 	C:\WINDOWS\System32\NSI.dll
0x00007fff75ce0000 - 0x00007fff75cf7000 	C:\WINDOWS\SYSTEM32\dhcpcsvc6.DLL
0x00007fff76770000 - 0x00007fff7678d000 	C:\WINDOWS\SYSTEM32\dhcpcsvc.DLL
0x00007fff82980000 - 0x00007fff82a4c000 	C:\WINDOWS\SYSTEM32\DNSAPI.dll

dbghelp: loaded successfully - version: 4.0.5 - missing functions: none
symbol engine: initialized successfully - sym options: 0x614 - pdb path: .;D:\androidstudio\jre\bin;C:\WINDOWS\SYSTEM32;C:\WINDOWS\WinSxS\amd64_microsoft.windows.common-controls_6595b64144ccf1df_6.0.19041.1110_none_60b5254171f9507e;D:\androidstudio\jre\bin\server;C:\Users\WINDOWS 10\.gradle\native\8bec1ad78214c89d9ad589b4d07fe93259594b29d510b10fafb7a158f7737e5d\windows-amd64;C:\Users\WINDOWS 10\.gradle\native\53dbd7edfb1c66fb8903c78663c9afc45aea4f116125fa6feffd364cf09443e8\windows-amd64

VM Arguments:
jvm_args: --add-opens=java.base/java.util=ALL-UNNAMED --add-opens=java.base/java.lang=ALL-UNNAMED --add-opens=java.base/java.lang.invoke=ALL-UNNAMED --add-opens=java.base/java.util=ALL-UNNAMED --add-opens=java.prefs/java.util.prefs=ALL-UNNAMED --add-opens=java.prefs/java.util.prefs=ALL-UNNAMED --add-opens=java.base/java.nio.charset=ALL-UNNAMED --add-opens=java.base/java.net=ALL-UNNAMED --add-opens=java.base/java.util.concurrent.atomic=ALL-UNNAMED -Xmx2048m -Dfile.encoding=UTF-8 -Duser.country=ID -Duser.language=in -Duser.variant 
java_command: org.gradle.launcher.daemon.bootstrap.GradleDaemon 7.0.2
java_class_path (initial): C:\Users\WINDOWS 10\.gradle\wrapper\dists\gradle-7.0.2-bin\857tjihv64xamwrf0h14cai3r\gradle-7.0.2\lib\gradle-launcher-7.0.2.jar
Launcher Type: SUN_STANDARD

[Global flags]
     intx CICompilerCount                          = 3                                         {product} {ergonomic}
     uint ConcGCThreads                            = 1                                         {product} {ergonomic}
     uint G1ConcRefinementThreads                  = 4                                         {product} {ergonomic}
   size_t G1HeapRegionSize                         = 1048576                                   {product} {ergonomic}
    uintx GCDrainStackTargetSize                   = 64                                        {product} {ergonomic}
   size_t InitialHeapSize                          = 65011712                                  {product} {ergonomic}
   size_t MarkStackSize                            = 4194304                                   {product} {ergonomic}
   size_t MaxHeapSize                              = 2147483648                                {product} {command line}
   size_t MaxNewSize                               = 1287651328                                {product} {ergonomic}
   size_t MinHeapDeltaBytes                        = 1048576                                   {product} {ergonomic}
    uintx NonNMethodCodeHeapSize                   = 5830732                                {pd product} {ergonomic}
    uintx NonProfiledCodeHeapSize                  = 122913754                              {pd product} {ergonomic}
    uintx ProfiledCodeHeapSize                     = 122913754                              {pd product} {ergonomic}
    uintx ReservedCodeCacheSize                    = 251658240                              {pd product} {ergonomic}
     bool SegmentedCodeCache                       = true                                      {product} {ergonomic}
     bool UseCompressedClassPointers               = true                                 {lp64_product} {ergonomic}
     bool UseCompressedOops                        = true                                 {lp64_product} {ergonomic}
     bool UseG1GC                                  = true                                      {product} {ergonomic}
     bool UseLargePagesIndividualAllocation        = false                                  {pd product} {ergonomic}

Logging:
Log output configuration:
 #0: stdout all=warning uptime,level,tags
 #1: stderr all=off uptime,level,tags

Environment Variables:
PATH=C:\Program Files (x86)\Borland\Delphi7\Bin;C:\Program Files (x86)\Borland\Delphi7\Projects\Bpl\;C:\Program Files (x86)\Common Files\Oracle\Java\javapath;C:\Program Files (x86)\Common Files\Intel\Shared Files\cpp\bin\Intel64;C:\WINDOWS\system32;C:\WINDOWS;C:\WINDOWS\System32\Wbem;C:\WINDOWS\System32\WindowsPowerShell\v1.0\;C:\WINDOWS\System32\OpenSSH\;C:\Program Files\Intel\WiFi\bin\;C:\Program Files\Common Files\Intel\WirelessCommon\;C:\Program Files (x86)\Java\jdk1.7.0_67\bin;C:\Program Files\MATLAB\MATLAB Production Server\R2015a\runtime\win64;C:\Program Files\MATLAB\MATLAB Production Server\R2015a\bin;C:\Program Files\MATLAB\MATLAB Production Server\R2015a\polyspace\bin;C:\xampp\php;C:\ProgramData\ComposerSetup\bin;C:\Program Files\Microsoft SQL Server\110\Tools\Binn\;C:\Program Files\nodejs\;C:\Program Files\Git\cmd;C:\Program Files (x86)\Windows Kits\8.1\Windows Performance Toolkit\;C:\Program Files\Microsoft SQL Server\Client SDK\ODBC\110\Tools\Binn\;C:\Program Files (x86)\Microsoft SQL Server\120\Tools\Binn\;C:\Program Files\Microsoft SQL Server\120\Tools\Binn\;C:\Program Files\Microsoft SQL Server\120\DTS\Binn\;C:\Program Files (x86)\Microsoft SQL Server\120\Tools\Binn\ManagementStudio\;C:\Program Files (x86)\Microsoft SQL Server\120\DTS\Binn\;C:\Users\WINDOWS 10\AppData\Local\Microsoft\WindowsApps;C:\Program Files (x86)\Java\jdk1.7.0_67\bin;C:\Users\WINDOWS 10\AppData\Roaming\Composer\vendor\bin;;C:\Users\WINDOWS 10\AppData\Local\Programs\Microsoft VS Code\bin;C:\Users\WINDOWS 10\AppData\Roaming\npm
USERNAME=WINDOWS 10
OS=Windows_NT
PROCESSOR_IDENTIFIER=AMD64 Family 21 Model 101 Stepping 1, AuthenticAMD



---------------  S Y S T E M  ---------------

OS: Windows 10 , 64 bit Build 19041 (10.0.19041.1023)
OS uptime: 2 days 22:43 hours

CPU:total 4 (initial active 4) (4 cores per cpu, 1 threads per core) family 21 model 101 stepping 1 microcode 0x0, cmov, cx8, fxsr, mmx, sse, sse2, sse3, ssse3, sse4.1, sse4.2, popcnt, avx, avx2, aes, clmul, mmxext, 3dnowpref, lzcnt, sse4a, tsc, tscinvbit, tscinv, bmi1, bmi2, fma

Memory: 4k page, system-wide physical 3967M (268M free)
TotalPageFile size 8580M (AvailPageFile size 19M)
current process WorkingSet (physical memory assigned to process): 322M, peak: 329M
current process commit charge ("private bytes"): 396M, peak: 407M

vm_info: OpenJDK 64-Bit Server VM (11.0.10+0-b96-7249189) for windows-amd64 JRE (11.0.10+0-b96-7249189), built on Mar 31 2021 21:44:00 by "builder" with MS VC++ 14.0 (VS2015)

END.
